OpenJDK 64-Bit Server VM warning: Ignoring option MaxPermSize; support was removed in 8.0

FAILURE: Build failed with an exception.

* What went wrong:
A problem occurred configuring root project 'spring'.
> Could not resolve all artifacts for configuration ':classpath'.
   > Could not resolve org.apache.xmlgraphics:batik-dom:1.7.
     Required by:
         project : > io.spring.gradle:docbook-reference-plugin:0.3.1
      > Could not resolve org.apache.xmlgraphics:batik-dom:1.7.
         > Could not get resource 'https://repo.spring.io/plugins-release/org/apache/xmlgraphics/batik-dom/1.7/batik-dom-1.7.pom'.
            > Could not GET 'https://repo.spring.io/plugins-release/org/apache/xmlgraphics/batik-dom/1.7/batik-dom-1.7.pom'. Received status code 401 from server: 
   > Could not resolve org.apache.xerces:xercesImpl:2.9.1.
     Required by:
         project : > io.spring.gradle:docbook-reference-plugin:0.3.1
      > Could not resolve org.apache.xerces:xercesImpl:2.9.1.
         > Could not get resource 'https://repo.spring.io/plugins-release/org/apache/xerces/xercesImpl/2.9.1/xercesImpl-2.9.1.pom'.
            > Could not GET 'https://repo.spring.io/plugins-release/org/apache/xerces/xercesImpl/2.9.1/xercesImpl-2.9.1.pom'. Received status code 401 from server: 
   > Could not resolve saxon:saxon:6.5.3.
     Required by:
         project : > io.spring.gradle:docbook-reference-plugin:0.3.1
      > Could not resolve saxon:saxon:6.5.3.
         > Could not get resource 'https://repo.spring.io/plugins-release/saxon/saxon/6.5.3/saxon-6.5.3.pom'.
            > Could not GET 'https://repo.spring.io/plugins-release/saxon/saxon/6.5.3/saxon-6.5.3.pom'. Received status code 401 from server: 
   > Could not resolve org.apache.xmlgraphics:batik-bridge:1.7.
     Required by:
         project : > io.spring.gradle:docbook-reference-plugin:0.3.1
      > Could not resolve org.apache.xmlgraphics:batik-bridge:1.7.
         > Could not get resource 'https://repo.spring.io/plugins-release/org/apache/xmlgraphics/batik-bridge/1.7/batik-bridge-1.7.pom'.
            > Could not GET 'https://repo.spring.io/plugins-release/org/apache/xmlgraphics/batik-bridge/1.7/batik-bridge-1.7.pom'. Received status code 401 from server: 
   > Could not resolve org.apache.xmlgraphics:batik-css:1.7.
     Required by:
         project : > io.spring.gradle:docbook-reference-plugin:0.3.1
      > Could not resolve org.apache.xmlgraphics:batik-css:1.7.
         > Could not get resource 'https://repo.spring.io/plugins-release/org/apache/xmlgraphics/batik-css/1.7/batik-css-1.7.pom'.
            > Could not GET 'https://repo.spring.io/plugins-release/org/apache/xmlgraphics/batik-css/1.7/batik-css-1.7.pom'. Received status code 401 from server: 
   > Could not resolve org.apache.xmlgraphics:fop:0.95-1.
     Required by:
         project : > io.spring.gradle:docbook-reference-plugin:0.3.1
      > Could not resolve org.apache.xmlgraphics:fop:0.95-1.
         > Could not get resource 'https://repo.spring.io/plugins-release/org/apache/xmlgraphics/fop/0.95-1/fop-0.95-1.pom'.
            > Could not GET 'https://repo.spring.io/plugins-release/org/apache/xmlgraphics/fop/0.95-1/fop-0.95-1.pom'. Received status code 401 from server: 
   > Could not resolve org.apache.avalon.framework:avalon-framework-api:4.3.1.
     Required by:
         project : > io.spring.gradle:docbook-reference-plugin:0.3.1
      > Could not resolve org.apache.avalon.framework:avalon-framework-api:4.3.1.
         > Could not get resource 'https://repo.spring.io/plugins-release/org/apache/avalon/framework/avalon-framework-api/4.3.1/avalon-framework-api-4.3.1.pom'.
            > Could not GET 'https://repo.spring.io/plugins-release/org/apache/avalon/framework/avalon-framework-api/4.3.1/avalon-framework-api-4.3.1.pom'. Received status code 401 from server: 
   > Could not resolve org.apache.xmlgraphics:batik-util:1.7.
     Required by:
         project : > io.spring.gradle:docbook-reference-plugin:0.3.1
      > Could not resolve org.apache.xmlgraphics:batik-util:1.7.
         > Could not get resource 'https://repo.spring.io/plugins-release/org/apache/xmlgraphics/batik-util/1.7/batik-util-1.7.pom'.
            > Could not GET 'https://repo.spring.io/plugins-release/org/apache/xmlgraphics/batik-util/1.7/batik-util-1.7.pom'. Received status code 401 from server: 
   > Could not resolve org.apache.xmlgraphics:batik-svg-dom:1.7.
     Required by:
         project : > io.spring.gradle:docbook-reference-plugin:0.3.1
      > Could not resolve org.apache.xmlgraphics:batik-svg-dom:1.7.
         > Could not get resource 'https://repo.spring.io/plugins-release/org/apache/xmlgraphics/batik-svg-dom/1.7/batik-svg-dom-1.7.pom'.
            > Could not GET 'https://repo.spring.io/plugins-release/org/apache/xmlgraphics/batik-svg-dom/1.7/batik-svg-dom-1.7.pom'. Received status code 401 from server: 
   > Could not resolve net.sf.docbook:docbook-xsl:1.78.1.
     Required by:
         project : > io.spring.gradle:docbook-reference-plugin:0.3.1
      > Could not resolve net.sf.docbook:docbook-xsl:1.78.1.
         > Could not get resource 'https://repo.spring.io/plugins-release/net/sf/docbook/docbook-xsl/1.78.1/docbook-xsl-1.78.1.pom'.
            > Could not GET 'https://repo.spring.io/plugins-release/net/sf/docbook/docbook-xsl/1.78.1/docbook-xsl-1.78.1.pom'. Received status code 401 from server: 
   > Could not resolve net.sf.docbook:docbook-xml:5.0.
     Required by:
         project : > io.spring.gradle:docbook-reference-plugin:0.3.1
      > Could not resolve net.sf.docbook:docbook-xml:5.0.
         > Could not get resource 'https://repo.spring.io/plugins-release/net/sf/docbook/docbook-xml/5.0/docbook-xml-5.0.pom'.
            > Could not GET 'https://repo.spring.io/plugins-release/net/sf/docbook/docbook-xml/5.0/docbook-xml-5.0.pom'. Received status code 401 from server: 
   > Could not resolve net.sf.xslthl:xslthl:2.0.1.
     Required by:
         project : > io.spring.gradle:docbook-reference-plugin:0.3.1
      > Could not resolve net.sf.xslthl:xslthl:2.0.1.
         > Could not get resource 'https://repo.spring.io/plugins-release/net/sf/xslthl/xslthl/2.0.1/xslthl-2.0.1.pom'.
            > Could not GET 'https://repo.spring.io/plugins-release/net/sf/xslthl/xslthl/2.0.1/xslthl-2.0.1.pom'. Received status code 401 from server: 
   > Could not resolve org.apache.xmlgraphics:xmlgraphics-commons:1.3.
     Required by:
         project : > io.spring.gradle:docbook-reference-plugin:0.3.1
      > Could not resolve org.apache.xmlgraphics:xmlgraphics-commons:1.3.
         > Could not get resource 'https://repo.spring.io/plugins-release/org/apache/xmlgraphics/xmlgraphics-commons/1.3/xmlgraphics-commons-1.3.pom'.
            > Could not GET 'https://repo.spring.io/plugins-release/org/apache/xmlgraphics/xmlgraphics-commons/1.3/xmlgraphics-commons-1.3.pom'. Received status code 401 from server: 
   > Could not resolve org.apache.xerces:resolver:2.9.1.
     Required by:
         project : > io.spring.gradle:docbook-reference-plugin:0.3.1
      > Could not resolve org.apache.xerces:resolver:2.9.1.
         > Could not get resource 'https://repo.spring.io/plugins-release/org/apache/xerces/resolver/2.9.1/resolver-2.9.1.pom'.
            > Could not GET 'https://repo.spring.io/plugins-release/org/apache/xerces/resolver/2.9.1/resolver-2.9.1.pom'. Received status code 401 from server: 
   > Could not resolve net.sf.docbook:docbook-xsl-saxon:1.0.0.
     Required by:
         project : > io.spring.gradle:docbook-reference-plugin:0.3.1
      > Could not resolve net.sf.docbook:docbook-xsl-saxon:1.0.0.
         > Could not get resource 'https://repo.spring.io/plugins-release/net/sf/docbook/docbook-xsl-saxon/1.0.0/docbook-xsl-saxon-1.0.0.pom'.
            > Could not GET 'https://repo.spring.io/plugins-release/net/sf/docbook/docbook-xsl-saxon/1.0.0/docbook-xsl-saxon-1.0.0.pom'. Received status code 401 from server: 

* Try:
Run with --stacktrace option to get the stack trace. Run with --info or --debug option to get more log output. Run with --scan to get full insights.

* Get more help at https://help.gradle.org

BUILD FAILED in 44s
