
FAILURE: Build failed with an exception.

* What went wrong:
A problem occurred configuring project ':kotlin-tests'.
> Could not resolve all artifacts for configuration ':kotlin-tests:classpath'.
   > Could not resolve org.jetbrains.kotlin:kotlin-gradle-plugin:1.8.0.
     Required by:
         project :kotlin-tests > org.jetbrains.kotlin.jvm:org.jetbrains.kotlin.jvm.gradle.plugin:1.8.0
      > The consumer was configured to find a runtime of a component compatible with Java 11, packaged as a jar, and its dependencies declared externally. However we cannot choose between the following variants of org.jetbrains.kotlin:kotlin-gradle-plugin:1.8.0:
          - gradle70JavadocElements
          - gradle70RuntimeElements
          - gradle70SourcesElements
          - gradle71JavadocElements
          - gradle71RuntimeElements
          - gradle71SourcesElements
          - gradle75JavadocElements
          - gradle75RuntimeElements
          - gradle75SourcesElements
          - gradle76JavadocElements
          - gradle76RuntimeElements
          - gradle76SourcesElements
          - javadocElements
          - runtimeElementsWithFixedAttribute
          - sourcesElements
        All of them match the consumer attributes:
          - Variant 'gradle70JavadocElements' capability org.jetbrains.kotlin:kotlin-gradle-plugin:1.8.0 declares a runtime of a component, and its dependencies declared externally:
              - Unmatched attributes:
                  - Provides documentation but the consumer didn't ask for it
                  - Provides javadocs but the consumer didn't ask for it
                  - Doesn't say anything about its target Java version (required compatibility with Java 11)
                  - Doesn't say anything about its elements (required them packaged as a jar)
                  - Provides attribute 'org.gradle.plugin.api-version' with value '7.0' but the consumer didn't ask for it
                  - Provides release status but the consumer didn't ask for it
          - Variant 'gradle70RuntimeElements' capability org.jetbrains.kotlin:kotlin-gradle-plugin:1.8.0 declares a runtime of a component compatible with Java 8, packaged as a jar, and its dependencies declared externally:
              - Unmatched attributes:
                  - Provides a library but the consumer didn't ask for it
                  - Provides attribute 'org.gradle.jvm.environment' with value 'standard-jvm' but the consumer didn't ask for it
                  - Provides attribute 'org.gradle.plugin.api-version' with value '7.0' but the consumer didn't ask for it
                  - Provides release status but the consumer didn't ask for it
          - Variant 'gradle70SourcesElements' capability org.jetbrains.kotlin:kotlin-gradle-plugin:1.8.0 declares a runtime of a component, and its dependencies declared externally:
              - Unmatched attributes:
                  - Provides documentation but the consumer didn't ask for it
                  - Provides sources but the consumer didn't ask for it
                  - Doesn't say anything about its target Java version (required compatibility with Java 11)
                  - Doesn't say anything about its elements (required them packaged as a jar)
                  - Provides attribute 'org.gradle.plugin.api-version' with value '7.0' but the consumer didn't ask for it
                  - Provides release status but the consumer didn't ask for it
          - Variant 'gradle71JavadocElements' capability org.jetbrains.kotlin:kotlin-gradle-plugin:1.8.0 declares a runtime of a component, and its dependencies declared externally:
              - Unmatched attributes:
                  - Provides documentation but the consumer didn't ask for it
                  - Provides javadocs but the consumer didn't ask for it
                  - Doesn't say anything about its target Java version (required compatibility with Java 11)
                  - Doesn't say anything about its elements (required them packaged as a jar)
                  - Provides attribute 'org.gradle.plugin.api-version' with value '7.1' but the consumer didn't ask for it
                  - Provides release status but the consumer didn't ask for it
          - Variant 'gradle71RuntimeElements' capability org.jetbrains.kotlin:kotlin-gradle-plugin:1.8.0 declares a runtime of a component compatible with Java 8, packaged as a jar, and its dependencies declared externally:
              - Unmatched attributes:
                  - Provides a library but the consumer didn't ask for it
                  - Provides attribute 'org.gradle.jvm.environment' with value 'standard-jvm' but the consumer didn't ask for it
                  - Provides attribute 'org.gradle.plugin.api-version' with value '7.1' but the consumer didn't ask for it
                  - Provides release status but the consumer didn't ask for it
          - Variant 'gradle71SourcesElements' capability org.jetbrains.kotlin:kotlin-gradle-plugin:1.8.0 declares a runtime of a component, and its dependencies declared externally:
              - Unmatched attributes:
                  - Provides documentation but the consumer didn't ask for it
                  - Provides sources but the consumer didn't ask for it
                  - Doesn't say anything about its target Java version (required compatibility with Java 11)
                  - Doesn't say anything about its elements (required them packaged as a jar)
                  - Provides attribute 'org.gradle.plugin.api-version' with value '7.1' but the consumer didn't ask for it
                  - Provides release status but the consumer didn't ask for it
          - Variant 'gradle75JavadocElements' capability org.jetbrains.kotlin:kotlin-gradle-plugin:1.8.0 declares a runtime of a component, and its dependencies declared externally:
              - Unmatched attributes:
                  - Provides documentation but the consumer didn't ask for it
                  - Provides javadocs but the consumer didn't ask for it
                  - Doesn't say anything about its target Java version (required compatibility with Java 11)
                  - Doesn't say anything about its elements (required them packaged as a jar)
                  - Provides attribute 'org.gradle.plugin.api-version' with value '7.5' but the consumer didn't ask for it
                  - Provides release status but the consumer didn't ask for it
          - Variant 'gradle75RuntimeElements' capability org.jetbrains.kotlin:kotlin-gradle-plugin:1.8.0 declares a runtime of a component compatible with Java 8, packaged as a jar, and its dependencies declared externally:
              - Unmatched attributes:
                  - Provides a library but the consumer didn't ask for it
                  - Provides attribute 'org.gradle.jvm.environment' with value 'standard-jvm' but the consumer didn't ask for it
                  - Provides attribute 'org.gradle.plugin.api-version' with value '7.5' but the consumer didn't ask for it
                  - Provides release status but the consumer didn't ask for it
          - Variant 'gradle75SourcesElements' capability org.jetbrains.kotlin:kotlin-gradle-plugin:1.8.0 declares a runtime of a component, and its dependencies declared externally:
              - Unmatched attributes:
                  - Provides documentation but the consumer didn't ask for it
                  - Provides sources but the consumer didn't ask for it
                  - Doesn't say anything about its target Java version (required compatibility with Java 11)
                  - Doesn't say anything about its elements (required them packaged as a jar)
                  - Provides attribute 'org.gradle.plugin.api-version' with value '7.5' but the consumer didn't ask for it
                  - Provides release status but the consumer didn't ask for it
          - Variant 'gradle76JavadocElements' capability org.jetbrains.kotlin:kotlin-gradle-plugin:1.8.0 declares a runtime of a component, and its dependencies declared externally:
              - Unmatched attributes:
                  - Provides documentation but the consumer didn't ask for it
                  - Provides javadocs but the consumer didn't ask for it
                  - Doesn't say anything about its target Java version (required compatibility with Java 11)
                  - Doesn't say anything about its elements (required them packaged as a jar)
                  - Provides attribute 'org.gradle.plugin.api-version' with value '7.6' but the consumer didn't ask for it
                  - Provides release status but the consumer didn't ask for it
          - Variant 'gradle76RuntimeElements' capability org.jetbrains.kotlin:kotlin-gradle-plugin:1.8.0 declares a runtime of a component compatible with Java 8, packaged as a jar, and its dependencies declared externally:
              - Unmatched attributes:
                  - Provides a library but the consumer didn't ask for it
                  - Provides attribute 'org.gradle.jvm.environment' with value 'standard-jvm' but the consumer didn't ask for it
                  - Provides attribute 'org.gradle.plugin.api-version' with value '7.6' but the consumer didn't ask for it
                  - Provides release status but the consumer didn't ask for it
          - Variant 'gradle76SourcesElements' capability org.jetbrains.kotlin:kotlin-gradle-plugin:1.8.0 declares a runtime of a component, and its dependencies declared externally:
              - Unmatched attributes:
                  - Provides documentation but the consumer didn't ask for it
                  - Provides sources but the consumer didn't ask for it
                  - Doesn't say anything about its target Java version (required compatibility with Java 11)
                  - Doesn't say anything about its elements (required them packaged as a jar)
                  - Provides attribute 'org.gradle.plugin.api-version' with value '7.6' but the consumer didn't ask for it
                  - Provides release status but the consumer didn't ask for it
          - Variant 'javadocElements' capability org.jetbrains.kotlin:kotlin-gradle-plugin:1.8.0 declares a runtime of a component, and its dependencies declared externally:
              - Unmatched attributes:
                  - Provides documentation but the consumer didn't ask for it
                  - Provides javadocs but the consumer didn't ask for it
                  - Doesn't say anything about its target Java version (required compatibility with Java 11)
                  - Doesn't say anything about its elements (required them packaged as a jar)
                  - Provides release status but the consumer didn't ask for it
          - Variant 'runtimeElementsWithFixedAttribute' capability org.jetbrains.kotlin:kotlin-gradle-plugin:1.8.0 declares a runtime of a component compatible with Java 8, packaged as a jar, and its dependencies declared externally:
              - Unmatched attributes:
                  - Provides a library but the consumer didn't ask for it
                  - Provides attribute 'org.gradle.jvm.environment' with value 'standard-jvm' but the consumer didn't ask for it
                  - Provides release status but the consumer didn't ask for it
          - Variant 'sourcesElements' capability org.jetbrains.kotlin:kotlin-gradle-plugin:1.8.0 declares a runtime of a component, and its dependencies declared externally:
              - Unmatched attributes:
                  - Provides documentation but the consumer didn't ask for it
                  - Provides sources but the consumer didn't ask for it
                  - Doesn't say anything about its target Java version (required compatibility with Java 11)
                  - Doesn't say anything about its elements (required them packaged as a jar)
                  - Provides release status but the consumer didn't ask for it
        The following variants were also considered but didn't match the requested attributes:
          - Variant 'apiElementsWithFixedAttribute' capability org.jetbrains.kotlin:kotlin-gradle-plugin:1.8.0 declares a component compatible with Java 8, packaged as a jar, and its dependencies declared externally:
              - Incompatible because this component declares an API of a component and the consumer needed a runtime of a component
          - Variant 'gradle70ApiElements' capability org.jetbrains.kotlin:kotlin-gradle-plugin:1.8.0 declares a component compatible with Java 8, packaged as a jar, and its dependencies declared externally:
              - Incompatible because this component declares an API of a component and the consumer needed a runtime of a component
          - Variant 'gradle71ApiElements' capability org.jetbrains.kotlin:kotlin-gradle-plugin:1.8.0 declares a component compatible with Java 8, packaged as a jar, and its dependencies declared externally:
              - Incompatible because this component declares an API of a component and the consumer needed a runtime of a component
          - Variant 'gradle75ApiElements' capability org.jetbrains.kotlin:kotlin-gradle-plugin:1.8.0 declares a component compatible with Java 8, packaged as a jar, and its dependencies declared externally:
              - Incompatible because this component declares an API of a component and the consumer needed a runtime of a component
          - Variant 'gradle76ApiElements' capability org.jetbrains.kotlin:kotlin-gradle-plugin:1.8.0 declares a component compatible with Java 8, packaged as a jar, and its dependencies declared externally:
              - Incompatible because this component declares an API of a component and the consumer needed a runtime of a component

* Try:
Run with --stacktrace option to get the stack trace. Run with --info or --debug option to get more log output. Run with --scan to get full insights.

* Get more help at https://help.gradle.org

BUILD FAILED in 17s
