
FAILURE: Build completed with 2 failures.

1: Task failed with an exception.
-----------
* Where:
Build file '/mnt/batch/tasks/workitems/NONDEX_nondex_r131_1M31d16h48m2s/job-1/Task563/wd/NonDex-plugin-test/github.com/Suff99/VentureCraft/build.gradle' line: 11

* What went wrong:
A problem occurred evaluating root project 'VentureCraft'.
> Failed to apply plugin 'dev.architectury.loom'.
   > You are using an outdated version of Java (11). Java 17 or higher is required.

* Try:
> Run with --stacktrace option to get the stack trace.
> Run with --info or --debug option to get more log output.
> Run with --scan to get full insights.
==============================================================================

2: Task failed with an exception.
-----------
* What went wrong:
A problem occurred configuring root project 'VentureCraft'.
> Failed to notify project evaluation listener.
   > net/fabricmc/loom/util/service/SharedServiceManager has been compiled by a more recent version of the Java Runtime (class file version 61.0), this version of the Java Runtime only recognizes class file versions up to 55.0

* Try:
> Run with --stacktrace option to get the stack trace.
> Run with --info or --debug option to get more log output.
> Run with --scan to get full insights.
==============================================================================

* Get more help at https://help.gradle.org

BUILD FAILED in 51s
