[Fatal Error] gradle-compass-1.0.7.pom:7:3: The element type "hr" must be terminated by the matching end-tag "</hr>".
[Fatal Error] gradle-compass-1.0.7.pom:7:3: The element type "hr" must be terminated by the matching end-tag "</hr>".
[Fatal Error] gradle-compass-1.0.7.pom:7:3: The element type "hr" must be terminated by the matching end-tag "</hr>".
[Fatal Error] gradle-compass-1.0.7.pom:7:3: The element type "hr" must be terminated by the matching end-tag "</hr>".
[Fatal Error] gradle-compass-1.0.7.pom:7:3: The element type "hr" must be terminated by the matching end-tag "</hr>".
[Fatal Error] gradle-compass-1.0.7.pom:7:3: The element type "hr" must be terminated by the matching end-tag "</hr>".

FAILURE: Build failed with an exception.

* What went wrong:
A problem occurred configuring root project 'gradle-watch-demo'.
> Could not resolve all artifacts for configuration ':classpath'.
   > Could not resolve org.ratpack-framework:ratpack-gradle:0.9.0-SNAPSHOT.
     Required by:
         project :
      > Could not resolve org.ratpack-framework:ratpack-gradle:0.9.0-SNAPSHOT.
         > Unable to load Maven meta-data from http://oss.jfrog.org/repo/org/ratpack-framework/ratpack-gradle/0.9.0-SNAPSHOT/maven-metadata.xml.
            > org.xml.sax.SAXParseException; lineNumber: 6; columnNumber: 3; The element type "hr" must be terminated by the matching end-tag "</hr>".
      > Could not resolve org.ratpack-framework:ratpack-gradle:0.9.0-SNAPSHOT.
         > Unable to load Maven meta-data from http://dl.bintray.com/robfletcher/gradle-plugins/org/ratpack-framework/ratpack-gradle/0.9.0-SNAPSHOT/maven-metadata.xml.
            > org.xml.sax.SAXParseException; lineNumber: 6; columnNumber: 3; The element type "hr" must be terminated by the matching end-tag "</hr>".
   > Could not resolve org.gradle.plugins:gradle-compass:1.0.7.
     Required by:
         project :
      > Could not resolve org.gradle.plugins:gradle-compass:1.0.7.
         > Could not parse POM http://oss.jfrog.org/repo/org/gradle/plugins/gradle-compass/1.0.7/gradle-compass-1.0.7.pom
            > The element type "hr" must be terminated by the matching end-tag "</hr>".
      > Could not resolve org.gradle.plugins:gradle-compass:1.0.7.
         > Could not parse POM http://dl.bintray.com/robfletcher/gradle-plugins/org/gradle/plugins/gradle-compass/1.0.7/gradle-compass-1.0.7.pom
            > The element type "hr" must be terminated by the matching end-tag "</hr>".

* Try:
Run with --stacktrace option to get the stack trace. Run with --info or --debug option to get more log output. Run with --scan to get full insights.

* Get more help at https://help.gradle.org

BUILD FAILED in 14s
