[Fatal Error] spring-boot-gradle-plugin-1.1.8.RELEASE.pom:7:3: The element type "hr" must be terminated by the matching end-tag "</hr>".
[Fatal Error] spring-boot-gradle-plugin-1.1.8.RELEASE.pom:7:3: The element type "hr" must be terminated by the matching end-tag "</hr>".
[Fatal Error] spring-boot-gradle-plugin-1.1.8.RELEASE.pom:7:3: The element type "hr" must be terminated by the matching end-tag "</hr>".
[Fatal Error] spring-boot-tools-1.1.8.RELEASE.pom:7:3: The element type "hr" must be terminated by the matching end-tag "</hr>".
[Fatal Error] spring-boot-tools-1.1.8.RELEASE.pom:7:3: The element type "hr" must be terminated by the matching end-tag "</hr>".
[Fatal Error] spring-boot-tools-1.1.8.RELEASE.pom:7:3: The element type "hr" must be terminated by the matching end-tag "</hr>".
[Fatal Error] spring-boot-parent-1.1.8.RELEASE.pom:7:3: The element type "hr" must be terminated by the matching end-tag "</hr>".
[Fatal Error] spring-boot-parent-1.1.8.RELEASE.pom:7:3: The element type "hr" must be terminated by the matching end-tag "</hr>".
[Fatal Error] spring-boot-parent-1.1.8.RELEASE.pom:7:3: The element type "hr" must be terminated by the matching end-tag "</hr>".
[Fatal Error] spring-boot-dependencies-1.1.8.RELEASE.pom:7:3: The element type "hr" must be terminated by the matching end-tag "</hr>".
[Fatal Error] spring-boot-dependencies-1.1.8.RELEASE.pom:7:3: The element type "hr" must be terminated by the matching end-tag "</hr>".
[Fatal Error] spring-boot-dependencies-1.1.8.RELEASE.pom:7:3: The element type "hr" must be terminated by the matching end-tag "</hr>".
[Fatal Error] spring-framework-bom-4.0.7.RELEASE.pom:7:3: The element type "hr" must be terminated by the matching end-tag "</hr>".
[Fatal Error] spring-framework-bom-4.0.7.RELEASE.pom:7:3: The element type "hr" must be terminated by the matching end-tag "</hr>".
[Fatal Error] spring-framework-bom-4.0.7.RELEASE.pom:7:3: The element type "hr" must be terminated by the matching end-tag "</hr>".
[Fatal Error] spring-data-releasetrain-Dijkstra-SR4.pom:7:3: The element type "hr" must be terminated by the matching end-tag "</hr>".
[Fatal Error] spring-data-releasetrain-Dijkstra-SR4.pom:7:3: The element type "hr" must be terminated by the matching end-tag "</hr>".
[Fatal Error] spring-data-releasetrain-Dijkstra-SR4.pom:7:3: The element type "hr" must be terminated by the matching end-tag "</hr>".
[Fatal Error] spring-data-build-1.4.4.RELEASE.pom:7:3: The element type "hr" must be terminated by the matching end-tag "</hr>".
[Fatal Error] spring-data-build-1.4.4.RELEASE.pom:7:3: The element type "hr" must be terminated by the matching end-tag "</hr>".
[Fatal Error] spring-data-build-1.4.4.RELEASE.pom:7:3: The element type "hr" must be terminated by the matching end-tag "</hr>".
[Fatal Error] spring-data-build-1.4.4.RELEASE.pom:7:3: The element type "hr" must be terminated by the matching end-tag "</hr>".
[Fatal Error] spring-data-build-1.4.4.RELEASE.pom:7:3: The element type "hr" must be terminated by the matching end-tag "</hr>".
[Fatal Error] spring-data-build-1.4.4.RELEASE.pom:7:3: The element type "hr" must be terminated by the matching end-tag "</hr>".
[Fatal Error] spring-integration-bom-4.0.4.RELEASE.pom:7:3: The element type "hr" must be terminated by the matching end-tag "</hr>".
[Fatal Error] spring-integration-bom-4.0.4.RELEASE.pom:7:3: The element type "hr" must be terminated by the matching end-tag "</hr>".
[Fatal Error] spring-integration-bom-4.0.4.RELEASE.pom:7:3: The element type "hr" must be terminated by the matching end-tag "</hr>".
[Fatal Error] spring-security-bom-3.2.5.RELEASE.pom:7:3: The element type "hr" must be terminated by the matching end-tag "</hr>".
[Fatal Error] spring-security-bom-3.2.5.RELEASE.pom:7:3: The element type "hr" must be terminated by the matching end-tag "</hr>".
[Fatal Error] spring-security-bom-3.2.5.RELEASE.pom:7:3: The element type "hr" must be terminated by the matching end-tag "</hr>".
[Fatal Error] spring-framework-bom-4.0.7.RELEASE.pom:7:3: The element type "hr" must be terminated by the matching end-tag "</hr>".
[Fatal Error] spring-framework-bom-4.0.7.RELEASE.pom:7:3: The element type "hr" must be terminated by the matching end-tag "</hr>".
[Fatal Error] spring-framework-bom-4.0.7.RELEASE.pom:7:3: The element type "hr" must be terminated by the matching end-tag "</hr>".
[Fatal Error] spring-data-releasetrain-Dijkstra-SR4.pom:7:3: The element type "hr" must be terminated by the matching end-tag "</hr>".
[Fatal Error] spring-data-releasetrain-Dijkstra-SR4.pom:7:3: The element type "hr" must be terminated by the matching end-tag "</hr>".
[Fatal Error] spring-data-releasetrain-Dijkstra-SR4.pom:7:3: The element type "hr" must be terminated by the matching end-tag "</hr>".
[Fatal Error] spring-data-build-1.4.4.RELEASE.pom:7:3: The element type "hr" must be terminated by the matching end-tag "</hr>".
[Fatal Error] spring-data-build-1.4.4.RELEASE.pom:7:3: The element type "hr" must be terminated by the matching end-tag "</hr>".
[Fatal Error] spring-data-build-1.4.4.RELEASE.pom:7:3: The element type "hr" must be terminated by the matching end-tag "</hr>".
[Fatal Error] spring-integration-bom-4.0.4.RELEASE.pom:7:3: The element type "hr" must be terminated by the matching end-tag "</hr>".
[Fatal Error] spring-integration-bom-4.0.4.RELEASE.pom:7:3: The element type "hr" must be terminated by the matching end-tag "</hr>".
[Fatal Error] spring-integration-bom-4.0.4.RELEASE.pom:7:3: The element type "hr" must be terminated by the matching end-tag "</hr>".
[Fatal Error] spring-security-bom-3.2.5.RELEASE.pom:7:3: The element type "hr" must be terminated by the matching end-tag "</hr>".
[Fatal Error] spring-security-bom-3.2.5.RELEASE.pom:7:3: The element type "hr" must be terminated by the matching end-tag "</hr>".
[Fatal Error] spring-security-bom-3.2.5.RELEASE.pom:7:3: The element type "hr" must be terminated by the matching end-tag "</hr>".
[Fatal Error] spring-boot-dependencies-1.1.8.RELEASE.pom:7:3: The element type "hr" must be terminated by the matching end-tag "</hr>".
[Fatal Error] spring-boot-dependencies-1.1.8.RELEASE.pom:7:3: The element type "hr" must be terminated by the matching end-tag "</hr>".
[Fatal Error] spring-boot-dependencies-1.1.8.RELEASE.pom:7:3: The element type "hr" must be terminated by the matching end-tag "</hr>".
[Fatal Error] spring-framework-bom-4.0.7.RELEASE.pom:7:3: The element type "hr" must be terminated by the matching end-tag "</hr>".
[Fatal Error] spring-framework-bom-4.0.7.RELEASE.pom:7:3: The element type "hr" must be terminated by the matching end-tag "</hr>".
[Fatal Error] spring-framework-bom-4.0.7.RELEASE.pom:7:3: The element type "hr" must be terminated by the matching end-tag "</hr>".
[Fatal Error] spring-data-releasetrain-Dijkstra-SR4.pom:7:3: The element type "hr" must be terminated by the matching end-tag "</hr>".
[Fatal Error] spring-data-releasetrain-Dijkstra-SR4.pom:7:3: The element type "hr" must be terminated by the matching end-tag "</hr>".
[Fatal Error] spring-data-releasetrain-Dijkstra-SR4.pom:7:3: The element type "hr" must be terminated by the matching end-tag "</hr>".
[Fatal Error] spring-data-build-1.4.4.RELEASE.pom:7:3: The element type "hr" must be terminated by the matching end-tag "</hr>".
[Fatal Error] spring-data-build-1.4.4.RELEASE.pom:7:3: The element type "hr" must be terminated by the matching end-tag "</hr>".
[Fatal Error] spring-data-build-1.4.4.RELEASE.pom:7:3: The element type "hr" must be terminated by the matching end-tag "</hr>".
[Fatal Error] spring-integration-bom-4.0.4.RELEASE.pom:7:3: The element type "hr" must be terminated by the matching end-tag "</hr>".
[Fatal Error] spring-integration-bom-4.0.4.RELEASE.pom:7:3: The element type "hr" must be terminated by the matching end-tag "</hr>".
[Fatal Error] spring-integration-bom-4.0.4.RELEASE.pom:7:3: The element type "hr" must be terminated by the matching end-tag "</hr>".
[Fatal Error] spring-security-bom-3.2.5.RELEASE.pom:7:3: The element type "hr" must be terminated by the matching end-tag "</hr>".
[Fatal Error] spring-security-bom-3.2.5.RELEASE.pom:7:3: The element type "hr" must be terminated by the matching end-tag "</hr>".
[Fatal Error] spring-security-bom-3.2.5.RELEASE.pom:7:3: The element type "hr" must be terminated by the matching end-tag "</hr>".
[Fatal Error] spring-boot-parent-1.1.8.RELEASE.pom:7:3: The element type "hr" must be terminated by the matching end-tag "</hr>".
[Fatal Error] spring-boot-parent-1.1.8.RELEASE.pom:7:3: The element type "hr" must be terminated by the matching end-tag "</hr>".
[Fatal Error] spring-boot-parent-1.1.8.RELEASE.pom:7:3: The element type "hr" must be terminated by the matching end-tag "</hr>".
[Fatal Error] spring-boot-dependencies-1.1.8.RELEASE.pom:7:3: The element type "hr" must be terminated by the matching end-tag "</hr>".
[Fatal Error] spring-boot-dependencies-1.1.8.RELEASE.pom:7:3: The element type "hr" must be terminated by the matching end-tag "</hr>".
[Fatal Error] spring-boot-dependencies-1.1.8.RELEASE.pom:7:3: The element type "hr" must be terminated by the matching end-tag "</hr>".
[Fatal Error] spring-framework-bom-4.0.7.RELEASE.pom:7:3: The element type "hr" must be terminated by the matching end-tag "</hr>".
[Fatal Error] spring-framework-bom-4.0.7.RELEASE.pom:7:3: The element type "hr" must be terminated by the matching end-tag "</hr>".
[Fatal Error] spring-framework-bom-4.0.7.RELEASE.pom:7:3: The element type "hr" must be terminated by the matching end-tag "</hr>".
[Fatal Error] spring-data-releasetrain-Dijkstra-SR4.pom:7:3: The element type "hr" must be terminated by the matching end-tag "</hr>".
[Fatal Error] spring-data-releasetrain-Dijkstra-SR4.pom:7:3: The element type "hr" must be terminated by the matching end-tag "</hr>".
[Fatal Error] spring-data-releasetrain-Dijkstra-SR4.pom:7:3: The element type "hr" must be terminated by the matching end-tag "</hr>".
[Fatal Error] spring-data-build-1.4.4.RELEASE.pom:7:3: The element type "hr" must be terminated by the matching end-tag "</hr>".
[Fatal Error] spring-data-build-1.4.4.RELEASE.pom:7:3: The element type "hr" must be terminated by the matching end-tag "</hr>".
[Fatal Error] spring-data-build-1.4.4.RELEASE.pom:7:3: The element type "hr" must be terminated by the matching end-tag "</hr>".
[Fatal Error] spring-integration-bom-4.0.4.RELEASE.pom:7:3: The element type "hr" must be terminated by the matching end-tag "</hr>".
[Fatal Error] spring-integration-bom-4.0.4.RELEASE.pom:7:3: The element type "hr" must be terminated by the matching end-tag "</hr>".
[Fatal Error] spring-integration-bom-4.0.4.RELEASE.pom:7:3: The element type "hr" must be terminated by the matching end-tag "</hr>".
[Fatal Error] spring-security-bom-3.2.5.RELEASE.pom:7:3: The element type "hr" must be terminated by the matching end-tag "</hr>".
[Fatal Error] spring-security-bom-3.2.5.RELEASE.pom:7:3: The element type "hr" must be terminated by the matching end-tag "</hr>".
[Fatal Error] spring-security-bom-3.2.5.RELEASE.pom:7:3: The element type "hr" must be terminated by the matching end-tag "</hr>".
[Fatal Error] spring-boot-loader-tools-1.1.8.RELEASE.pom:7:3: The element type "hr" must be terminated by the matching end-tag "</hr>".
[Fatal Error] spring-boot-dependency-tools-1.1.8.RELEASE.pom:7:3: The element type "hr" must be terminated by the matching end-tag "</hr>".
[Fatal Error] spring-boot-loader-tools-1.1.8.RELEASE.pom:7:3: The element type "hr" must be terminated by the matching end-tag "</hr>".
[Fatal Error] spring-boot-dependency-tools-1.1.8.RELEASE.pom:7:3: The element type "hr" must be terminated by the matching end-tag "</hr>".
[Fatal Error] spring-boot-loader-tools-1.1.8.RELEASE.pom:7:3: The element type "hr" must be terminated by the matching end-tag "</hr>".
[Fatal Error] spring-boot-tools-1.1.8.RELEASE.pom:7:3: The element type "hr" must be terminated by the matching end-tag "</hr>".
[Fatal Error] spring-boot-dependency-tools-1.1.8.RELEASE.pom:7:3: The element type "hr" must be terminated by the matching end-tag "</hr>".
[Fatal Error] spring-boot-tools-1.1.8.RELEASE.pom:7:3: The element type "hr" must be terminated by the matching end-tag "</hr>".
[Fatal Error] spring-boot-tools-1.1.8.RELEASE.pom:7:3: The element type "hr" must be terminated by the matching end-tag "</hr>".
[Fatal Error] spring-boot-tools-1.1.8.RELEASE.pom:7:3: The element type "hr" must be terminated by the matching end-tag "</hr>".
[Fatal Error] spring-boot-tools-1.1.8.RELEASE.pom:7:3: The element type "hr" must be terminated by the matching end-tag "</hr>".
[Fatal Error] spring-boot-parent-1.1.8.RELEASE.pom:7:3: The element type "hr" must be terminated by the matching end-tag "</hr>".
[Fatal Error] spring-boot-tools-1.1.8.RELEASE.pom:7:3: The element type "hr" must be terminated by the matching end-tag "</hr>".
[Fatal Error] spring-boot-parent-1.1.8.RELEASE.pom:7:3: The element type "hr" must be terminated by the matching end-tag "</hr>".
[Fatal Error] spring-boot-parent-1.1.8.RELEASE.pom:7:3: The element type "hr" must be terminated by the matching end-tag "</hr>".
[Fatal Error] spring-boot-parent-1.1.8.RELEASE.pom:7:3: The element type "hr" must be terminated by the matching end-tag "</hr>".
[Fatal Error] spring-boot-parent-1.1.8.RELEASE.pom:7:3: The element type "hr" must be terminated by the matching end-tag "</hr>".
[Fatal Error] spring-boot-dependencies-1.1.8.RELEASE.pom:7:3: The element type "hr" must be terminated by the matching end-tag "</hr>".
[Fatal Error] spring-boot-parent-1.1.8.RELEASE.pom:7:3: The element type "hr" must be terminated by the matching end-tag "</hr>".
[Fatal Error] spring-boot-dependencies-1.1.8.RELEASE.pom:7:3: The element type "hr" must be terminated by the matching end-tag "</hr>".
[Fatal Error] spring-boot-dependencies-1.1.8.RELEASE.pom:7:3: The element type "hr" must be terminated by the matching end-tag "</hr>".
[Fatal Error] spring-boot-dependencies-1.1.8.RELEASE.pom:7:3: The element type "hr" must be terminated by the matching end-tag "</hr>".
[Fatal Error] spring-boot-dependencies-1.1.8.RELEASE.pom:7:3: The element type "hr" must be terminated by the matching end-tag "</hr>".
[Fatal Error] spring-framework-bom-4.0.7.RELEASE.pom:7:3: The element type "hr" must be terminated by the matching end-tag "</hr>".
[Fatal Error] spring-boot-dependencies-1.1.8.RELEASE.pom:7:3: The element type "hr" must be terminated by the matching end-tag "</hr>".
[Fatal Error] spring-framework-bom-4.0.7.RELEASE.pom:7:3: The element type "hr" must be terminated by the matching end-tag "</hr>".
[Fatal Error] spring-framework-bom-4.0.7.RELEASE.pom:7:3: The element type "hr" must be terminated by the matching end-tag "</hr>".
[Fatal Error] spring-framework-bom-4.0.7.RELEASE.pom:7:3: The element type "hr" must be terminated by the matching end-tag "</hr>".
[Fatal Error] spring-framework-bom-4.0.7.RELEASE.pom:7:3: The element type "hr" must be terminated by the matching end-tag "</hr>".
[Fatal Error] spring-data-releasetrain-Dijkstra-SR4.pom:7:3: The element type "hr" must be terminated by the matching end-tag "</hr>".
[Fatal Error] spring-framework-bom-4.0.7.RELEASE.pom:7:3: The element type "hr" must be terminated by the matching end-tag "</hr>".
[Fatal Error] spring-data-releasetrain-Dijkstra-SR4.pom:7:3: The element type "hr" must be terminated by the matching end-tag "</hr>".
[Fatal Error] spring-data-releasetrain-Dijkstra-SR4.pom:7:3: The element type "hr" must be terminated by the matching end-tag "</hr>".
[Fatal Error] spring-data-releasetrain-Dijkstra-SR4.pom:7:3: The element type "hr" must be terminated by the matching end-tag "</hr>".
[Fatal Error] spring-data-releasetrain-Dijkstra-SR4.pom:7:3: The element type "hr" must be terminated by the matching end-tag "</hr>".
[Fatal Error] spring-data-build-1.4.4.RELEASE.pom:7:3: The element type "hr" must be terminated by the matching end-tag "</hr>".
[Fatal Error] spring-data-releasetrain-Dijkstra-SR4.pom:7:3: The element type "hr" must be terminated by the matching end-tag "</hr>".
[Fatal Error] spring-data-build-1.4.4.RELEASE.pom:7:3: The element type "hr" must be terminated by the matching end-tag "</hr>".
[Fatal Error] spring-data-build-1.4.4.RELEASE.pom:7:3: The element type "hr" must be terminated by the matching end-tag "</hr>".
[Fatal Error] spring-data-build-1.4.4.RELEASE.pom:7:3: The element type "hr" must be terminated by the matching end-tag "</hr>".
[Fatal Error] spring-data-build-1.4.4.RELEASE.pom:7:3: The element type "hr" must be terminated by the matching end-tag "</hr>".
[Fatal Error] spring-integration-bom-4.0.4.RELEASE.pom:7:3: The element type "hr" must be terminated by the matching end-tag "</hr>".
[Fatal Error] spring-data-build-1.4.4.RELEASE.pom:7:3: The element type "hr" must be terminated by the matching end-tag "</hr>".
[Fatal Error] spring-integration-bom-4.0.4.RELEASE.pom:7:3: The element type "hr" must be terminated by the matching end-tag "</hr>".
[Fatal Error] spring-integration-bom-4.0.4.RELEASE.pom:7:3: The element type "hr" must be terminated by the matching end-tag "</hr>".
[Fatal Error] spring-integration-bom-4.0.4.RELEASE.pom:7:3: The element type "hr" must be terminated by the matching end-tag "</hr>".
[Fatal Error] spring-integration-bom-4.0.4.RELEASE.pom:7:3: The element type "hr" must be terminated by the matching end-tag "</hr>".
[Fatal Error] spring-security-bom-3.2.5.RELEASE.pom:7:3: The element type "hr" must be terminated by the matching end-tag "</hr>".
[Fatal Error] spring-integration-bom-4.0.4.RELEASE.pom:7:3: The element type "hr" must be terminated by the matching end-tag "</hr>".
[Fatal Error] spring-security-bom-3.2.5.RELEASE.pom:7:3: The element type "hr" must be terminated by the matching end-tag "</hr>".
[Fatal Error] spring-security-bom-3.2.5.RELEASE.pom:7:3: The element type "hr" must be terminated by the matching end-tag "</hr>".
[Fatal Error] spring-security-bom-3.2.5.RELEASE.pom:7:3: The element type "hr" must be terminated by the matching end-tag "</hr>".
[Fatal Error] spring-security-bom-3.2.5.RELEASE.pom:7:3: The element type "hr" must be terminated by the matching end-tag "</hr>".
[Fatal Error] spring-security-bom-3.2.5.RELEASE.pom:7:3: The element type "hr" must be terminated by the matching end-tag "</hr>".
[Fatal Error] spring-core-4.0.7.RELEASE.pom:7:3: The element type "hr" must be terminated by the matching end-tag "</hr>".
[Fatal Error] spring-core-4.0.7.RELEASE.pom:7:3: The element type "hr" must be terminated by the matching end-tag "</hr>".
[Fatal Error] spring-core-4.0.7.RELEASE.pom:7:3: The element type "hr" must be terminated by the matching end-tag "</hr>".
[Fatal Error] commons-logging-1.1.3.pom:7:3: The element type "hr" must be terminated by the matching end-tag "</hr>".
[Fatal Error] commons-logging-1.1.3.pom:7:3: The element type "hr" must be terminated by the matching end-tag "</hr>".
[Fatal Error] commons-logging-1.1.3.pom:7:3: The element type "hr" must be terminated by the matching end-tag "</hr>".
[Fatal Error] commons-parent-28.pom:7:3: The element type "hr" must be terminated by the matching end-tag "</hr>".
[Fatal Error] commons-parent-28.pom:7:3: The element type "hr" must be terminated by the matching end-tag "</hr>".
[Fatal Error] commons-parent-28.pom:7:3: The element type "hr" must be terminated by the matching end-tag "</hr>".
[Fatal Error] apache-13.pom:7:3: The element type "hr" must be terminated by the matching end-tag "</hr>".
[Fatal Error] apache-13.pom:7:3: The element type "hr" must be terminated by the matching end-tag "</hr>".
[Fatal Error] apache-13.pom:7:3: The element type "hr" must be terminated by the matching end-tag "</hr>".
[Fatal Error] apache-13.pom:7:3: The element type "hr" must be terminated by the matching end-tag "</hr>".
[Fatal Error] apache-13.pom:7:3: The element type "hr" must be terminated by the matching end-tag "</hr>".
[Fatal Error] apache-13.pom:7:3: The element type "hr" must be terminated by the matching end-tag "</hr>".

FAILURE: Build failed with an exception.

* Where:
Build file '/mnt/batch/tasks/workitems/NONDEX_nondex_r131_1M31d16h48m2s/job-1/Task990/wd/NonDex-plugin-test/github.com/prashanth-g/spring_mvc_gradle_highcharts/build.gradle' line: 54

* What went wrong:
A problem occurred evaluating root project 'GradleSpringHighCharts'.
> Cannot add task 'wrapper' as a task with that name already exists.

* Try:
Run with --stacktrace option to get the stack trace. Run with --info or --debug option to get more log output. Run with --scan to get full insights.

* Get more help at https://help.gradle.org

BUILD FAILED in 2m 17s
