startup failed:
/mnt/batch/tasks/workitems/NONDEX_nondex_r131_1M31d16h48m2s/job-1/Task434/wd/NonDex-plugin-test/github.com/saadfarooq/android-featuresets/buildSrc/src/main/groovy/com/github/saadfarooq/FeatureSetsPlugin.groovy: 4: unable to resolve class com.android.build.gradle.api.ApplicationVariant
 @ line 4, column 1.
   import com.android.build.gradle.api.ApplicationVariant
   ^

/mnt/batch/tasks/workitems/NONDEX_nondex_r131_1M31d16h48m2s/job-1/Task434/wd/NonDex-plugin-test/github.com/saadfarooq/android-featuresets/buildSrc/src/main/groovy/com/github/saadfarooq/MergeFeatureManifestsTask.groovy: 4: unable to resolve class com.android.manifmerger.MergingReport
 @ line 4, column 1.
   import com.android.manifmerger.MergingReport
   ^

/mnt/batch/tasks/workitems/NONDEX_nondex_r131_1M31d16h48m2s/job-1/Task434/wd/NonDex-plugin-test/github.com/saadfarooq/android-featuresets/buildSrc/src/main/groovy/com/github/saadfarooq/MergeFeatureManifestsTask.groovy: 3: unable to resolve class com.android.manifmerger.ManifestMerger2
 @ line 3, column 1.
   import com.android.manifmerger.ManifestMerger2
   ^

/mnt/batch/tasks/workitems/NONDEX_nondex_r131_1M31d16h48m2s/job-1/Task434/wd/NonDex-plugin-test/github.com/saadfarooq/android-featuresets/buildSrc/src/main/groovy/com/github/saadfarooq/MergeFeatureManifestsTask.groovy: 5: unable to resolve class com.android.utils.ILogger
 @ line 5, column 1.
   import com.android.utils.ILogger
   ^

4 errors


FAILURE: Build failed with an exception.

* What went wrong:
Execution failed for task ':buildSrc:compileGroovy'.
> Compilation failed; see the compiler error output for details.

* Try:
Run with --stacktrace option to get the stack trace. Run with --info or --debug option to get more log output. Run with --scan to get full insights.

* Get more help at https://help.gradle.org

BUILD FAILED in 16s
