
FAILURE: Build failed with an exception.

* What went wrong:
Execution failed for task ':commons-query:compileJava'.
> Could not resolve all files for configuration ':commons-query:compileClasspath'.
   > Could not resolve org.hibernate:hibernate-java8:5.0.12.Final.
     Required by:
         project :commons-query
      > Could not resolve org.hibernate:hibernate-java8:5.0.12.Final.
         > Could not get resource 'http://maven.aliyun.com/nexus/content/groups/public/org/hibernate/hibernate-java8/5.0.12.Final/hibernate-java8-5.0.12.Final.pom'.
            > Could not GET 'https://archiva-maven-storage-prod.oss-cn-beijing.aliyuncs.com/repository/central/org/hibernate/hibernate-java8/5.0.12.Final/hibernate-java8-5.0.12.Final.pom?Expires=1675213110&OSSAccessKeyId=LTAIfU51SusnnfCC&Signature=rKcF8dpAh29%2B8PzEUDXT%2FCCZIso%3D'.
               > Connect to archiva-maven-storage-prod.oss-cn-beijing.aliyuncs.com:443 [archiva-maven-storage-prod.oss-cn-beijing.aliyuncs.com/59.110.185.96] failed: Read timed out
   > Could not resolve com.google.guava:guava:18.0.
     Required by:
         project :commons-query > io.springfox:springfox-core:2.7.0
         project :commons-query > com.mysema.querydsl:querydsl-core:3.6.4
      > Skipped due to earlier error
   > Could not resolve org.springframework.boot:spring-boot-starter:1.5.4.RELEASE.
     Required by:
         project :commons-query > org.springframework.boot:spring-boot-starter-data-jpa:1.5.4.RELEASE
         project :commons-query > org.springframework.boot:spring-boot-starter-data-rest:1.5.4.RELEASE
      > Skipped due to earlier error
   > Could not resolve org.springframework.boot:spring-boot-starter-aop:1.5.4.RELEASE.
     Required by:
         project :commons-query > org.springframework.boot:spring-boot-starter-data-jpa:1.5.4.RELEASE
      > Skipped due to earlier error
   > Could not resolve org.springframework.boot:spring-boot-starter-jdbc:1.5.4.RELEASE.
     Required by:
         project :commons-query > org.springframework.boot:spring-boot-starter-data-jpa:1.5.4.RELEASE
      > Skipped due to earlier error
   > Could not resolve org.hibernate:hibernate-core:5.0.12.Final.
     Required by:
         project :commons-query > org.springframework.boot:spring-boot-starter-data-jpa:1.5.4.RELEASE
      > Skipped due to earlier error
   > Could not resolve org.hibernate:hibernate-entitymanager:5.0.12.Final.
     Required by:
         project :commons-query > org.springframework.boot:spring-boot-starter-data-jpa:1.5.4.RELEASE
      > Skipped due to earlier error
   > Could not resolve javax.transaction:javax.transaction-api:1.2.
     Required by:
         project :commons-query > org.springframework.boot:spring-boot-starter-data-jpa:1.5.4.RELEASE
      > Skipped due to earlier error
   > Could not resolve org.springframework.data:spring-data-jpa:1.11.4.RELEASE.
     Required by:
         project :commons-query > org.springframework.boot:spring-boot-starter-data-jpa:1.5.4.RELEASE
      > Skipped due to earlier error
   > Could not resolve org.springframework:spring-aspects:4.3.9.RELEASE.
     Required by:
         project :commons-query > org.springframework.boot:spring-boot-starter-data-jpa:1.5.4.RELEASE
      > Skipped due to earlier error
   > Could not resolve org.springframework.boot:spring-boot-starter-web:1.5.4.RELEASE.
     Required by:
         project :commons-query > org.springframework.boot:spring-boot-starter-data-rest:1.5.4.RELEASE
      > Skipped due to earlier error
   > Could not resolve com.fasterxml.jackson.core:jackson-annotations:2.8.0.
     Required by:
         project :commons-query > org.springframework.boot:spring-boot-starter-data-rest:1.5.4.RELEASE
      > Skipped due to earlier error
   > Could not resolve com.fasterxml.jackson.core:jackson-databind:2.8.8.
     Required by:
         project :commons-query > org.springframework.boot:spring-boot-starter-data-rest:1.5.4.RELEASE
      > Skipped due to earlier error
   > Could not resolve org.springframework.data:spring-data-rest-webmvc:2.6.4.RELEASE.
     Required by:
         project :commons-query > org.springframework.boot:spring-boot-starter-data-rest:1.5.4.RELEASE
      > Skipped due to earlier error
   > Could not resolve com.google.code.findbugs:jsr305:1.3.9.
     Required by:
         project :commons-query > com.mysema.querydsl:querydsl-core:3.6.4
      > Skipped due to earlier error
   > Could not resolve com.mysema.commons:mysema-commons-lang:0.2.4.
     Required by:
         project :commons-query > com.mysema.querydsl:querydsl-core:3.6.4
      > Skipped due to earlier error
   > Could not resolve com.infradna.tool:bridge-method-annotation:1.13.
     Required by:
         project :commons-query > com.mysema.querydsl:querydsl-core:3.6.4
      > Skipped due to earlier error
   > Could not resolve com.mysema.querydsl:querydsl-codegen:3.6.4.
     Required by:
         project :commons-query > com.mysema.querydsl:querydsl-collections:3.6.4
      > Skipped due to earlier error
   > Could not resolve com.mysema.querydsl:querydsl-apt:3.6.4.
     Required by:
         project :commons-query > com.mysema.querydsl:querydsl-collections:3.6.4
      > Skipped due to earlier error
   > Could not resolve org.springframework.boot:spring-boot-starter:1.5.4.RELEASE.
     Required by:
         project :commons-query > org.axonframework:axon-spring-boot-starter:3.0.6 > org.axonframework:axon-spring-boot-autoconfigure:3.0.6
      > Skipped due to earlier error

* Try:
Run with --stacktrace option to get the stack trace. Run with --info or --debug option to get more log output. Run with --scan to get full insights.

* Get more help at https://help.gradle.org

BUILD FAILED in 1m 43s
