
FAILURE: Build failed with an exception.

* What went wrong:
Execution failed for task ':yzp-business:compileJava'.
> Could not resolve all files for configuration ':yzp-business:compileClasspath'.
   > Could not download autoload-cache-spring-boot-starter-7.1.3.jar (com.github.qiujiayu:autoload-cache-spring-boot-starter:7.1.3): Skipped due to earlier error
   > Could not download lombok-1.18.20.jar (org.projectlombok:lombok:1.18.20): Skipped due to earlier error
   > Could not download redisson-spring-boot-starter-3.15.1.jar (org.redisson:redisson-spring-boot-starter:3.15.1): Skipped due to earlier error
   > Could not download spring-boot-starter-web-2.3.10.RELEASE.jar (org.springframework.boot:spring-boot-starter-web:2.3.10.RELEASE): Skipped due to earlier error
   > Could not download spring-cloud-starter-openfeign-2.2.5.RELEASE.jar (org.springframework.cloud:spring-cloud-starter-openfeign:2.2.5.RELEASE): Skipped due to earlier error
   > Could not download spring-cloud-starter-alibaba-nacos-discovery-2.2.1.RELEASE.jar (com.alibaba.cloud:spring-cloud-starter-alibaba-nacos-discovery:2.2.1.RELEASE): Skipped due to earlier error
   > Could not download spring-cloud-starter-alibaba-nacos-config-2.2.1.RELEASE.jar (com.alibaba.cloud:spring-cloud-starter-alibaba-nacos-config:2.2.1.RELEASE): Skipped due to earlier error
   > Could not download hutool-all-5.8.5.jar (cn.hutool:hutool-all:5.8.5): Skipped due to earlier error
   > Could not download easyexcel-3.1.1.jar (com.alibaba:easyexcel:3.1.1): Skipped due to earlier error
   > Could not download mybatis-plus-generator-3.4.1.jar (com.baomidou:mybatis-plus-generator:3.4.1): Skipped due to earlier error
   > Could not download mybatis-plus-boot-starter-3.4.3.jar (com.baomidou:mybatis-plus-boot-starter:3.4.3): Skipped due to earlier error
   > Could not download mybatis-plus-extension-3.4.3.jar (com.baomidou:mybatis-plus-extension:3.4.3): Skipped due to earlier error
   > Could not download velocity-engine-core-2.1.jar (org.apache.velocity:velocity-engine-core:2.1): Skipped due to earlier error
   > Could not download mysql-connector-java-8.0.23.jar (mysql:mysql-connector-java:8.0.23): Skipped due to earlier error
   > Could not download spring-boot-starter-data-redis-2.3.5.RELEASE.jar (org.springframework.boot:spring-boot-starter-data-redis:2.3.5.RELEASE): Skipped due to earlier error
   > Could not download spring-boot-starter-webflux-2.3.10.RELEASE.jar (org.springframework.boot:spring-boot-starter-webflux:2.3.10.RELEASE): Skipped due to earlier error
   > Could not download weixin-java-open-4.4.0.jar (com.github.binarywang:weixin-java-open:4.4.0): Skipped due to earlier error
   > Could not download weixin-java-miniapp-4.4.0.jar (com.github.binarywang:weixin-java-miniapp:4.4.0): Skipped due to earlier error
   > Could not download weixin-java-pay-4.4.0.jar (com.github.binarywang:weixin-java-pay:4.4.0): Skipped due to earlier error
   > Could not download weixin-java-mp-4.4.0.jar (com.github.binarywang:weixin-java-mp:4.4.0): Skipped due to earlier error
   > Could not download weixin-java-cp-4.4.0.jar (com.github.binarywang:weixin-java-cp:4.4.0): Skipped due to earlier error
   > Could not download transmittable-thread-local-2.14.0.jar (com.alibaba:transmittable-thread-local:2.14.0): Skipped due to earlier error
   > Could not download gobrs-async-starter-1.2.1-RELEASE.jar (io.github.memorydoc:gobrs-async-starter:1.2.1-RELEASE): Skipped due to earlier error
   > Could not download MetaModel-full-5.3.3.jar (org.apache.metamodel:MetaModel-full:5.3.3): Skipped due to earlier error
   > Could not download javase-3.2.1.jar (com.google.zxing:javase:3.2.1): Skipped due to earlier error
   > Could not download core-3.3.3.jar (com.google.zxing:core:3.3.3): Skipped due to earlier error

* Try:
Run with --stacktrace option to get the stack trace. Run with --info or --debug option to get more log output. Run with --scan to get full insights.

* Get more help at https://help.gradle.org

BUILD FAILED in 1m 56s
