startup failed:
/mnt/batch/tasks/workitems/NONDEX_nondex_r131_1M31d16h48m2s/job-1/Task1307/wd/NonDex-plugin-test/github.com/lhotari/build-size-gradle-plugin/src/main/groovy/io/github/lhotari/buildsize/BuildSizePlugin.groovy: 32: unable to resolve class org.gradle.api.artifacts.cache.ArtifactResolutionControl
 @ line 32, column 1.
   import org.gradle.api.artifacts.cache.ArtifactResolutionControl
   ^

/mnt/batch/tasks/workitems/NONDEX_nondex_r131_1M31d16h48m2s/job-1/Task1307/wd/NonDex-plugin-test/github.com/lhotari/build-size-gradle-plugin/src/main/groovy/io/github/lhotari/buildsize/BuildSizePlugin.groovy: 33: unable to resolve class org.gradle.api.artifacts.cache.DependencyResolutionControl
 @ line 33, column 1.
   import org.gradle.api.artifacts.cache.DependencyResolutionControl
   ^

/mnt/batch/tasks/workitems/NONDEX_nondex_r131_1M31d16h48m2s/job-1/Task1307/wd/NonDex-plugin-test/github.com/lhotari/build-size-gradle-plugin/src/main/groovy/io/github/lhotari/buildsize/BuildSizePlugin.groovy: 34: unable to resolve class org.gradle.api.artifacts.cache.ModuleResolutionControl
 @ line 34, column 1.
   import org.gradle.api.artifacts.cache.ModuleResolutionControl
   ^

/mnt/batch/tasks/workitems/NONDEX_nondex_r131_1M31d16h48m2s/job-1/Task1307/wd/NonDex-plugin-test/github.com/lhotari/build-size-gradle-plugin/src/main/groovy/io/github/lhotari/buildsize/BuildSizePlugin.groovy: 48: unable to resolve class org.gradle.api.internal.tasks.options.Option
 @ line 48, column 1.
   import org.gradle.api.internal.tasks.options.Option
   ^

4 errors


FAILURE: Build failed with an exception.

* What went wrong:
Execution failed for task ':compileGroovy'.
> Compilation failed; see the compiler error output for details.

* Try:
Run with --stacktrace option to get the stack trace. Run with --info or --debug option to get more log output. Run with --scan to get full insights.

* Get more help at https://help.gradle.org

BUILD FAILED in 18s
