/mnt/batch/tasks/workitems/NONDEX_nondex_r131_1M31d16h48m2s/job-1/Task859/wd/NonDex-plugin-test/github.com/shubhamvrkr/learn-jmh-serialziation/src/main/java/com/serialization/benchmark/GlobalModels.java:27: error: cannot find symbol
            documentReference.setDocId("PO1011");
                             ^
  symbol:   method setDocId(String)
  location: variable documentReference of type DocumentReference
/mnt/batch/tasks/workitems/NONDEX_nondex_r131_1M31d16h48m2s/job-1/Task859/wd/NonDex-plugin-test/github.com/shubhamvrkr/learn-jmh-serialziation/src/main/java/com/serialization/benchmark/GlobalModels.java:28: error: cannot find symbol
            documentReference.setDocName("Purchase Order");
                             ^
  symbol:   method setDocName(String)
  location: variable documentReference of type DocumentReference
/mnt/batch/tasks/workitems/NONDEX_nondex_r131_1M31d16h48m2s/job-1/Task859/wd/NonDex-plugin-test/github.com/shubhamvrkr/learn-jmh-serialziation/src/main/java/com/serialization/benchmark/GlobalModels.java:29: error: cannot find symbol
            documentReference.setDocType("png");
                             ^
  symbol:   method setDocType(String)
  location: variable documentReference of type DocumentReference
/mnt/batch/tasks/workitems/NONDEX_nondex_r131_1M31d16h48m2s/job-1/Task859/wd/NonDex-plugin-test/github.com/shubhamvrkr/learn-jmh-serialziation/src/main/java/com/serialization/benchmark/GlobalModels.java:30: error: cannot find symbol
            documentReference.setVersion(1.0);
                             ^
  symbol:   method setVersion(double)
  location: variable documentReference of type DocumentReference
/mnt/batch/tasks/workitems/NONDEX_nondex_r131_1M31d16h48m2s/job-1/Task859/wd/NonDex-plugin-test/github.com/shubhamvrkr/learn-jmh-serialziation/src/main/java/com/serialization/benchmark/GlobalModels.java:31: error: cannot find symbol
            documentReference.setDocHash("112e476505aab51b05aeb2246c02a11df03e1187e886f7c55d4e9935c290ade");
                             ^
  symbol:   method setDocHash(String)
  location: variable documentReference of type DocumentReference
/mnt/batch/tasks/workitems/NONDEX_nondex_r131_1M31d16h48m2s/job-1/Task859/wd/NonDex-plugin-test/github.com/shubhamvrkr/learn-jmh-serialziation/src/main/java/com/serialization/benchmark/GlobalModels.java:34: error: constructor LineItem in class LineItem cannot be applied to given types;
            LineItem l1 = new LineItem("P10001", "styleCD", "subStyleCD", "1289630237", "ABCDEFGHIJKLMNOPQRSTUVWXYZ", 10,
                          ^
  required: no arguments
  found: String,String,String,String,String,int,String,double,double,String,double,String,long,String
  reason: actual and formal argument lists differ in length
/mnt/batch/tasks/workitems/NONDEX_nondex_r131_1M31d16h48m2s/job-1/Task859/wd/NonDex-plugin-test/github.com/shubhamvrkr/learn-jmh-serialziation/src/main/java/com/serialization/benchmark/GlobalModels.java:37: error: constructor LineItem in class LineItem cannot be applied to given types;
            LineItem l2 = new LineItem("P10001", "styleCD", "subStyleCD", "1289630237", "ABCDEFGHIJKLMNOPQRSTUVWXYZ", 10,
                          ^
  required: no arguments
  found: String,String,String,String,String,int,String,double,double,String,double,String,long,String
  reason: actual and formal argument lists differ in length
/mnt/batch/tasks/workitems/NONDEX_nondex_r131_1M31d16h48m2s/job-1/Task859/wd/NonDex-plugin-test/github.com/shubhamvrkr/learn-jmh-serialziation/src/main/java/com/serialization/benchmark/GlobalModels.java:40: error: constructor LineItem in class LineItem cannot be applied to given types;
            LineItem l3 = new LineItem("P10001", "styleCD", "subStyleCD", "1289630237", "ABCDEFGHIJKLMNOPQRSTUVWXYZ", 10,
                          ^
  required: no arguments
  found: String,String,String,String,String,int,String,double,double,String,double,String,long,String
  reason: actual and formal argument lists differ in length
/mnt/batch/tasks/workitems/NONDEX_nondex_r131_1M31d16h48m2s/job-1/Task859/wd/NonDex-plugin-test/github.com/shubhamvrkr/learn-jmh-serialziation/src/main/java/com/serialization/benchmark/GlobalModels.java:43: error: constructor LineItem in class LineItem cannot be applied to given types;
            LineItem l4 = new LineItem("P10001", "styleCD", "subStyleCD", "1289630237", "ABCDEFGHIJKLMNOPQRSTUVWXYZ", 10,
                          ^
  required: no arguments
  found: String,String,String,String,String,int,String,double,double,String,double,String,long,String
  reason: actual and formal argument lists differ in length
/mnt/batch/tasks/workitems/NONDEX_nondex_r131_1M31d16h48m2s/job-1/Task859/wd/NonDex-plugin-test/github.com/shubhamvrkr/learn-jmh-serialziation/src/main/java/com/serialization/benchmark/GlobalModels.java:46: error: constructor LineItem in class LineItem cannot be applied to given types;
            LineItem l5 = new LineItem("P10001", "styleCD", "subStyleCD", "1289630237", "ABCDEFGHIJKLMNOPQRSTUVWXYZ", 10,
                          ^
  required: no arguments
  found: String,String,String,String,String,int,String,double,double,String,double,String,long,String
  reason: actual and formal argument lists differ in length
/mnt/batch/tasks/workitems/NONDEX_nondex_r131_1M31d16h48m2s/job-1/Task859/wd/NonDex-plugin-test/github.com/shubhamvrkr/learn-jmh-serialziation/src/main/java/com/serialization/benchmark/GlobalModels.java:49: error: constructor LineItem in class LineItem cannot be applied to given types;
            LineItem l6 = new LineItem("P10001", "styleCD", "subStyleCD", "1289630237", "ABCDEFGHIJKLMNOPQRSTUVWXYZ", 10,
                          ^
  required: no arguments
  found: String,String,String,String,String,int,String,double,double,String,double,String,long,String
  reason: actual and formal argument lists differ in length
/mnt/batch/tasks/workitems/NONDEX_nondex_r131_1M31d16h48m2s/job-1/Task859/wd/NonDex-plugin-test/github.com/shubhamvrkr/learn-jmh-serialziation/src/main/java/com/serialization/benchmark/GlobalModels.java:60: error: cannot find symbol
            purchaseOrder.setId("PO11101");
                         ^
  symbol:   method setId(String)
  location: variable purchaseOrder of type PurchaseOrder
/mnt/batch/tasks/workitems/NONDEX_nondex_r131_1M31d16h48m2s/job-1/Task859/wd/NonDex-plugin-test/github.com/shubhamvrkr/learn-jmh-serialziation/src/main/java/com/serialization/benchmark/GlobalModels.java:61: error: cannot find symbol
            purchaseOrder.setPoDate(Instant.now().getEpochSecond());
                         ^
  symbol:   method setPoDate(long)
  location: variable purchaseOrder of type PurchaseOrder
/mnt/batch/tasks/workitems/NONDEX_nondex_r131_1M31d16h48m2s/job-1/Task859/wd/NonDex-plugin-test/github.com/shubhamvrkr/learn-jmh-serialziation/src/main/java/com/serialization/benchmark/GlobalModels.java:62: error: cannot find symbol
            purchaseOrder.setPoRequistionedBy("Sample Company Private Limited");
                         ^
  symbol:   method setPoRequistionedBy(String)
  location: variable purchaseOrder of type PurchaseOrder
/mnt/batch/tasks/workitems/NONDEX_nondex_r131_1M31d16h48m2s/job-1/Task859/wd/NonDex-plugin-test/github.com/shubhamvrkr/learn-jmh-serialziation/src/main/java/com/serialization/benchmark/GlobalModels.java:63: error: cannot find symbol
            purchaseOrder.setPoRecieveDate(Instant.now().plus(1, ChronoUnit.DAYS).getEpochSecond());
                         ^
  symbol:   method setPoRecieveDate(long)
  location: variable purchaseOrder of type PurchaseOrder
/mnt/batch/tasks/workitems/NONDEX_nondex_r131_1M31d16h48m2s/job-1/Task859/wd/NonDex-plugin-test/github.com/shubhamvrkr/learn-jmh-serialziation/src/main/java/com/serialization/benchmark/GlobalModels.java:64: error: cannot find symbol
            purchaseOrder.setUpdatedOn(Instant.now().plus(1, ChronoUnit.DAYS).getEpochSecond());
                         ^
  symbol:   method setUpdatedOn(long)
  location: variable purchaseOrder of type PurchaseOrder
/mnt/batch/tasks/workitems/NONDEX_nondex_r131_1M31d16h48m2s/job-1/Task859/wd/NonDex-plugin-test/github.com/shubhamvrkr/learn-jmh-serialziation/src/main/java/com/serialization/benchmark/GlobalModels.java:65: error: cannot find symbol
            purchaseOrder.setUpdatedBy("ABC Company Private Limited");
                         ^
  symbol:   method setUpdatedBy(String)
  location: variable purchaseOrder of type PurchaseOrder
/mnt/batch/tasks/workitems/NONDEX_nondex_r131_1M31d16h48m2s/job-1/Task859/wd/NonDex-plugin-test/github.com/shubhamvrkr/learn-jmh-serialziation/src/main/java/com/serialization/benchmark/GlobalModels.java:66: error: cannot find symbol
            purchaseOrder.setStatus("APPROVED");
                         ^
  symbol:   method setStatus(String)
  location: variable purchaseOrder of type PurchaseOrder
/mnt/batch/tasks/workitems/NONDEX_nondex_r131_1M31d16h48m2s/job-1/Task859/wd/NonDex-plugin-test/github.com/shubhamvrkr/learn-jmh-serialziation/src/main/java/com/serialization/benchmark/GlobalModels.java:67: error: cannot find symbol
            purchaseOrder.setSellerDLTId("CN=Dave, OU=JavaSoft, O=Sun Microsystems, C=US");
                         ^
  symbol:   method setSellerDLTId(String)
  location: variable purchaseOrder of type PurchaseOrder
/mnt/batch/tasks/workitems/NONDEX_nondex_r131_1M31d16h48m2s/job-1/Task859/wd/NonDex-plugin-test/github.com/shubhamvrkr/learn-jmh-serialziation/src/main/java/com/serialization/benchmark/GlobalModels.java:68: error: cannot find symbol
            purchaseOrder.setSellerNumber("023297402384");
                         ^
  symbol:   method setSellerNumber(String)
  location: variable purchaseOrder of type PurchaseOrder
/mnt/batch/tasks/workitems/NONDEX_nondex_r131_1M31d16h48m2s/job-1/Task859/wd/NonDex-plugin-test/github.com/shubhamvrkr/learn-jmh-serialziation/src/main/java/com/serialization/benchmark/GlobalModels.java:69: error: cannot find symbol
            purchaseOrder.setSellerName("ABC Company Private Limited");
                         ^
  symbol:   method setSellerName(String)
  location: variable purchaseOrder of type PurchaseOrder
/mnt/batch/tasks/workitems/NONDEX_nondex_r131_1M31d16h48m2s/job-1/Task859/wd/NonDex-plugin-test/github.com/shubhamvrkr/learn-jmh-serialziation/src/main/java/com/serialization/benchmark/GlobalModels.java:70: error: cannot find symbol
            purchaseOrder.setSellerAddress("204 Colins Street, Melbourne 3000, Australia");
                         ^
  symbol:   method setSellerAddress(String)
  location: variable purchaseOrder of type PurchaseOrder
/mnt/batch/tasks/workitems/NONDEX_nondex_r131_1M31d16h48m2s/job-1/Task859/wd/NonDex-plugin-test/github.com/shubhamvrkr/learn-jmh-serialziation/src/main/java/com/serialization/benchmark/GlobalModels.java:71: error: cannot find symbol
            purchaseOrder.setSellerTaxId("XXX-XXX-XXXXXX");
                         ^
  symbol:   method setSellerTaxId(String)
  location: variable purchaseOrder of type PurchaseOrder
/mnt/batch/tasks/workitems/NONDEX_nondex_r131_1M31d16h48m2s/job-1/Task859/wd/NonDex-plugin-test/github.com/shubhamvrkr/learn-jmh-serialziation/src/main/java/com/serialization/benchmark/GlobalModels.java:72: error: cannot find symbol
            purchaseOrder.setBuyerDLTId("CN=Dave, OU=JavaSoft, O=Sun Microsystems, C=US");
                         ^
  symbol:   method setBuyerDLTId(String)
  location: variable purchaseOrder of type PurchaseOrder
/mnt/batch/tasks/workitems/NONDEX_nondex_r131_1M31d16h48m2s/job-1/Task859/wd/NonDex-plugin-test/github.com/shubhamvrkr/learn-jmh-serialziation/src/main/java/com/serialization/benchmark/GlobalModels.java:73: error: cannot find symbol
            purchaseOrder.setBuyerName("Sample Company Private Limited");
                         ^
  symbol:   method setBuyerName(String)
  location: variable purchaseOrder of type PurchaseOrder
/mnt/batch/tasks/workitems/NONDEX_nondex_r131_1M31d16h48m2s/job-1/Task859/wd/NonDex-plugin-test/github.com/shubhamvrkr/learn-jmh-serialziation/src/main/java/com/serialization/benchmark/GlobalModels.java:74: error: cannot find symbol
            purchaseOrder.setBuyerTaxId("XXX-XXX-XXXXXX");
                         ^
  symbol:   method setBuyerTaxId(String)
  location: variable purchaseOrder of type PurchaseOrder
/mnt/batch/tasks/workitems/NONDEX_nondex_r131_1M31d16h48m2s/job-1/Task859/wd/NonDex-plugin-test/github.com/shubhamvrkr/learn-jmh-serialziation/src/main/java/com/serialization/benchmark/GlobalModels.java:75: error: cannot find symbol
            purchaseOrder.setBillingAddress("1234 High Street, Glen Wavereley, Victoria 3456");
                         ^
  symbol:   method setBillingAddress(String)
  location: variable purchaseOrder of type PurchaseOrder
/mnt/batch/tasks/workitems/NONDEX_nondex_r131_1M31d16h48m2s/job-1/Task859/wd/NonDex-plugin-test/github.com/shubhamvrkr/learn-jmh-serialziation/src/main/java/com/serialization/benchmark/GlobalModels.java:76: error: cannot find symbol
            purchaseOrder.setShipToAddress("1234 High Street, Glen Wavereley, Victoria 3456");
                         ^
  symbol:   method setShipToAddress(String)
  location: variable purchaseOrder of type PurchaseOrder
/mnt/batch/tasks/workitems/NONDEX_nondex_r131_1M31d16h48m2s/job-1/Task859/wd/NonDex-plugin-test/github.com/shubhamvrkr/learn-jmh-serialziation/src/main/java/com/serialization/benchmark/GlobalModels.java:77: error: cannot find symbol
            purchaseOrder.setPoAmount(100023908);
                         ^
  symbol:   method setPoAmount(int)
  location: variable purchaseOrder of type PurchaseOrder
/mnt/batch/tasks/workitems/NONDEX_nondex_r131_1M31d16h48m2s/job-1/Task859/wd/NonDex-plugin-test/github.com/shubhamvrkr/learn-jmh-serialziation/src/main/java/com/serialization/benchmark/GlobalModels.java:78: error: cannot find symbol
            purchaseOrder.setPoExpDate(Instant.now().plus(20, ChronoUnit.DAYS).getEpochSecond());
                         ^
  symbol:   method setPoExpDate(long)
  location: variable purchaseOrder of type PurchaseOrder
/mnt/batch/tasks/workitems/NONDEX_nondex_r131_1M31d16h48m2s/job-1/Task859/wd/NonDex-plugin-test/github.com/shubhamvrkr/learn-jmh-serialziation/src/main/java/com/serialization/benchmark/GlobalModels.java:79: error: cannot find symbol
            purchaseOrder.setDocumentMetadata(documentReference);
                         ^
  symbol:   method setDocumentMetadata(DocumentReference)
  location: variable purchaseOrder of type PurchaseOrder
/mnt/batch/tasks/workitems/NONDEX_nondex_r131_1M31d16h48m2s/job-1/Task859/wd/NonDex-plugin-test/github.com/shubhamvrkr/learn-jmh-serialziation/src/main/java/com/serialization/benchmark/GlobalModels.java:80: error: cannot find symbol
            purchaseOrder.setPoLineItems(lineItems);
                         ^
  symbol:   method setPoLineItems(List<LineItem>)
  location: variable purchaseOrder of type PurchaseOrder
Note: Some input files use or override a deprecated API.
Note: Recompile with -Xlint:deprecation for details.
Note: Some input files use unchecked or unsafe operations.
Note: Recompile with -Xlint:unchecked for details.
32 errors

FAILURE: Build failed with an exception.

* What went wrong:
Execution failed for task ':compileJava'.
> Compilation failed; see the compiler error output for details.

* Try:
Run with --stacktrace option to get the stack trace. Run with --info or --debug option to get more log output. Run with --scan to get full insights.

* Get more help at https://help.gradle.org

BUILD FAILED in 9s
