/mnt/batch/tasks/workitems/NONDEX_nondex_r131_1M31d16h48m2s/job-1/Task1052/wd/NonDex-plugin-test/github.com/sopra-fs22-group-27/Pictionary-Server/src/main/java/ch/uzh/ifi/hase/soprafs22/rest/mapper/DTOMapper.java:29: warning: Unmapped target properties: "id, token, status, isInLobby, isInGame, lastActiveTime".
    User convertUserPostDTOtoEntity(UserPostDTO userPostDTO);
         ^
/mnt/batch/tasks/workitems/NONDEX_nondex_r131_1M31d16h48m2s/job-1/Task1052/wd/NonDex-plugin-test/github.com/sopra-fs22-group-27/Pictionary-Server/src/main/java/ch/uzh/ifi/hase/soprafs22/rest/mapper/DTOMapper.java:54: warning: Unmapped target properties: "gameRoundList, currentGameRound, userToIntegerMap, scoreBoardMap, gameScoreBoard".
    Game convertGamePostDTOtoEntity(GamePostDTO gamePostDTO);
         ^
/mnt/batch/tasks/workitems/NONDEX_nondex_r131_1M31d16h48m2s/job-1/Task1052/wd/NonDex-plugin-test/github.com/sopra-fs22-group-27/Pictionary-Server/src/main/java/ch/uzh/ifi/hase/soprafs22/rest/mapper/DTOMapper.java:74: warning: Unmapped target property: "winner".
    GameRoundGetDTO convertEntityToGameRoundGetDTO(GameRound gameRound);
                    ^
3 warnings
Process 'Gradle Test Executor 4' finished with non-zero exit value 1
org.gradle.process.internal.ExecException: Process 'Gradle Test Executor 4' finished with non-zero exit value 1
	at org.gradle.process.internal.DefaultExecHandle$ExecResultImpl.assertNormalExitValue(DefaultExecHandle.java:414)
	at org.gradle.process.internal.worker.DefaultWorkerProcess.onProcessStop(DefaultWorkerProcess.java:141)
	at org.gradle.process.internal.worker.DefaultWorkerProcess.access$000(DefaultWorkerProcess.java:42)
	at org.gradle.process.internal.worker.DefaultWorkerProcess$1.executionFinished(DefaultWorkerProcess.java:94)
	at java.base/jdk.internal.reflect.NativeMethodAccessorImpl.invoke0(Native Method)
	at java.base/jdk.internal.reflect.NativeMethodAccessorImpl.invoke(NativeMethodAccessorImpl.java:62)
	at java.base/jdk.internal.reflect.DelegatingMethodAccessorImpl.invoke(DelegatingMethodAccessorImpl.java:43)
	at java.base/java.lang.reflect.Method.invoke(Method.java:566)
	at org.gradle.internal.dispatch.ReflectionDispatch.dispatch(ReflectionDispatch.java:36)
	at org.gradle.internal.dispatch.ReflectionDispatch.dispatch(ReflectionDispatch.java:24)
	at org.gradle.internal.event.AbstractBroadcastDispatch.dispatch(AbstractBroadcastDispatch.java:43)
	at org.gradle.internal.event.BroadcastDispatch$SingletonDispatch.dispatch(BroadcastDispatch.java:245)
	at org.gradle.internal.event.BroadcastDispatch$SingletonDispatch.dispatch(BroadcastDispatch.java:157)
	at org.gradle.internal.event.ListenerBroadcast.dispatch(ListenerBroadcast.java:141)
	at org.gradle.internal.event.ListenerBroadcast.dispatch(ListenerBroadcast.java:37)
	at org.gradle.internal.dispatch.ProxyDispatchAdapter$DispatchingInvocationHandler.invoke(ProxyDispatchAdapter.java:94)
	at com.sun.proxy.$Proxy80.executionFinished(Unknown Source)
	at org.gradle.process.internal.DefaultExecHandle.setEndStateInfo(DefaultExecHandle.java:221)
	at org.gradle.process.internal.DefaultExecHandle.finished(DefaultExecHandle.java:354)
	at org.gradle.process.internal.ExecHandleRunner.completed(ExecHandleRunner.java:110)
	at org.gradle.process.internal.ExecHandleRunner.run(ExecHandleRunner.java:84)
	at org.gradle.internal.operations.CurrentBuildOperationPreservingRunnable.run(CurrentBuildOperationPreservingRunnable.java:42)
	at org.gradle.internal.concurrent.ExecutorPolicy$CatchAndRecordFailures.onExecute(ExecutorPolicy.java:64)
	at org.gradle.internal.concurrent.ManagedExecutorImpl$1.run(ManagedExecutorImpl.java:48)
	at java.base/java.util.concurrent.ThreadPoolExecutor.runWorker(ThreadPoolExecutor.java:1128)
	at java.base/java.util.concurrent.ThreadPoolExecutor$Worker.run(ThreadPoolExecutor.java:628)
	at org.gradle.internal.concurrent.ThreadFactoryImpl$ManagedThreadRunnable.run(ThreadFactoryImpl.java:56)
	at java.base/java.lang.Thread.run(Thread.java:829)
Process 'Gradle Test Executor 5' finished with non-zero exit value 1
org.gradle.process.internal.ExecException: Process 'Gradle Test Executor 5' finished with non-zero exit value 1
	at org.gradle.process.internal.DefaultExecHandle$ExecResultImpl.assertNormalExitValue(DefaultExecHandle.java:414)
	at org.gradle.process.internal.worker.DefaultWorkerProcess.onProcessStop(DefaultWorkerProcess.java:141)
	at org.gradle.process.internal.worker.DefaultWorkerProcess.access$000(DefaultWorkerProcess.java:42)
	at org.gradle.process.internal.worker.DefaultWorkerProcess$1.executionFinished(DefaultWorkerProcess.java:94)
	at java.base/jdk.internal.reflect.NativeMethodAccessorImpl.invoke0(Native Method)
	at java.base/jdk.internal.reflect.NativeMethodAccessorImpl.invoke(NativeMethodAccessorImpl.java:62)
	at java.base/jdk.internal.reflect.DelegatingMethodAccessorImpl.invoke(DelegatingMethodAccessorImpl.java:43)
	at java.base/java.lang.reflect.Method.invoke(Method.java:566)
	at org.gradle.internal.dispatch.ReflectionDispatch.dispatch(ReflectionDispatch.java:36)
	at org.gradle.internal.dispatch.ReflectionDispatch.dispatch(ReflectionDispatch.java:24)
	at org.gradle.internal.event.AbstractBroadcastDispatch.dispatch(AbstractBroadcastDispatch.java:43)
	at org.gradle.internal.event.BroadcastDispatch$SingletonDispatch.dispatch(BroadcastDispatch.java:245)
	at org.gradle.internal.event.BroadcastDispatch$SingletonDispatch.dispatch(BroadcastDispatch.java:157)
	at org.gradle.internal.event.ListenerBroadcast.dispatch(ListenerBroadcast.java:141)
	at org.gradle.internal.event.ListenerBroadcast.dispatch(ListenerBroadcast.java:37)
	at org.gradle.internal.dispatch.ProxyDispatchAdapter$DispatchingInvocationHandler.invoke(ProxyDispatchAdapter.java:94)
	at com.sun.proxy.$Proxy80.executionFinished(Unknown Source)
	at org.gradle.process.internal.DefaultExecHandle.setEndStateInfo(DefaultExecHandle.java:221)
	at org.gradle.process.internal.DefaultExecHandle.finished(DefaultExecHandle.java:354)
	at org.gradle.process.internal.ExecHandleRunner.completed(ExecHandleRunner.java:110)
	at org.gradle.process.internal.ExecHandleRunner.run(ExecHandleRunner.java:84)
	at org.gradle.internal.operations.CurrentBuildOperationPreservingRunnable.run(CurrentBuildOperationPreservingRunnable.java:42)
	at org.gradle.internal.concurrent.ExecutorPolicy$CatchAndRecordFailures.onExecute(ExecutorPolicy.java:64)
	at org.gradle.internal.concurrent.ManagedExecutorImpl$1.run(ManagedExecutorImpl.java:48)
	at java.base/java.util.concurrent.ThreadPoolExecutor.runWorker(ThreadPoolExecutor.java:1128)
	at java.base/java.util.concurrent.ThreadPoolExecutor$Worker.run(ThreadPoolExecutor.java:628)
	at org.gradle.internal.concurrent.ThreadFactoryImpl$ManagedThreadRunnable.run(ThreadFactoryImpl.java:56)
	at java.base/java.lang.Thread.run(Thread.java:829)
Process 'Gradle Test Executor 6' finished with non-zero exit value 1
org.gradle.process.internal.ExecException: Process 'Gradle Test Executor 6' finished with non-zero exit value 1
	at org.gradle.process.internal.DefaultExecHandle$ExecResultImpl.assertNormalExitValue(DefaultExecHandle.java:414)
	at org.gradle.process.internal.worker.DefaultWorkerProcess.onProcessStop(DefaultWorkerProcess.java:141)
	at org.gradle.process.internal.worker.DefaultWorkerProcess.access$000(DefaultWorkerProcess.java:42)
	at org.gradle.process.internal.worker.DefaultWorkerProcess$1.executionFinished(DefaultWorkerProcess.java:94)
	at java.base/jdk.internal.reflect.NativeMethodAccessorImpl.invoke0(Native Method)
	at java.base/jdk.internal.reflect.NativeMethodAccessorImpl.invoke(NativeMethodAccessorImpl.java:62)
	at java.base/jdk.internal.reflect.DelegatingMethodAccessorImpl.invoke(DelegatingMethodAccessorImpl.java:43)
	at java.base/java.lang.reflect.Method.invoke(Method.java:566)
	at org.gradle.internal.dispatch.ReflectionDispatch.dispatch(ReflectionDispatch.java:36)
	at org.gradle.internal.dispatch.ReflectionDispatch.dispatch(ReflectionDispatch.java:24)
	at org.gradle.internal.event.AbstractBroadcastDispatch.dispatch(AbstractBroadcastDispatch.java:43)
	at org.gradle.internal.event.BroadcastDispatch$SingletonDispatch.dispatch(BroadcastDispatch.java:245)
	at org.gradle.internal.event.BroadcastDispatch$SingletonDispatch.dispatch(BroadcastDispatch.java:157)
	at org.gradle.internal.event.ListenerBroadcast.dispatch(ListenerBroadcast.java:141)
	at org.gradle.internal.event.ListenerBroadcast.dispatch(ListenerBroadcast.java:37)
	at org.gradle.internal.dispatch.ProxyDispatchAdapter$DispatchingInvocationHandler.invoke(ProxyDispatchAdapter.java:94)
	at com.sun.proxy.$Proxy80.executionFinished(Unknown Source)
	at org.gradle.process.internal.DefaultExecHandle.setEndStateInfo(DefaultExecHandle.java:221)
	at org.gradle.process.internal.DefaultExecHandle.finished(DefaultExecHandle.java:354)
	at org.gradle.process.internal.ExecHandleRunner.completed(ExecHandleRunner.java:110)
	at org.gradle.process.internal.ExecHandleRunner.run(ExecHandleRunner.java:84)
	at org.gradle.internal.operations.CurrentBuildOperationPreservingRunnable.run(CurrentBuildOperationPreservingRunnable.java:42)
	at org.gradle.internal.concurrent.ExecutorPolicy$CatchAndRecordFailures.onExecute(ExecutorPolicy.java:64)
	at org.gradle.internal.concurrent.ManagedExecutorImpl$1.run(ManagedExecutorImpl.java:48)
	at java.base/java.util.concurrent.ThreadPoolExecutor.runWorker(ThreadPoolExecutor.java:1128)
	at java.base/java.util.concurrent.ThreadPoolExecutor$Worker.run(ThreadPoolExecutor.java:628)
	at org.gradle.internal.concurrent.ThreadFactoryImpl$ManagedThreadRunnable.run(ThreadFactoryImpl.java:56)
	at java.base/java.lang.Thread.run(Thread.java:829)
Process 'Gradle Test Executor 7' finished with non-zero exit value 1
org.gradle.process.internal.ExecException: Process 'Gradle Test Executor 7' finished with non-zero exit value 1
	at org.gradle.process.internal.DefaultExecHandle$ExecResultImpl.assertNormalExitValue(DefaultExecHandle.java:414)
	at org.gradle.process.internal.worker.DefaultWorkerProcess.onProcessStop(DefaultWorkerProcess.java:141)
	at org.gradle.process.internal.worker.DefaultWorkerProcess.access$000(DefaultWorkerProcess.java:42)
	at org.gradle.process.internal.worker.DefaultWorkerProcess$1.executionFinished(DefaultWorkerProcess.java:94)
	at java.base/jdk.internal.reflect.NativeMethodAccessorImpl.invoke0(Native Method)
	at java.base/jdk.internal.reflect.NativeMethodAccessorImpl.invoke(NativeMethodAccessorImpl.java:62)
	at java.base/jdk.internal.reflect.DelegatingMethodAccessorImpl.invoke(DelegatingMethodAccessorImpl.java:43)
	at java.base/java.lang.reflect.Method.invoke(Method.java:566)
	at org.gradle.internal.dispatch.ReflectionDispatch.dispatch(ReflectionDispatch.java:36)
	at org.gradle.internal.dispatch.ReflectionDispatch.dispatch(ReflectionDispatch.java:24)
	at org.gradle.internal.event.AbstractBroadcastDispatch.dispatch(AbstractBroadcastDispatch.java:43)
	at org.gradle.internal.event.BroadcastDispatch$SingletonDispatch.dispatch(BroadcastDispatch.java:245)
	at org.gradle.internal.event.BroadcastDispatch$SingletonDispatch.dispatch(BroadcastDispatch.java:157)
	at org.gradle.internal.event.ListenerBroadcast.dispatch(ListenerBroadcast.java:141)
	at org.gradle.internal.event.ListenerBroadcast.dispatch(ListenerBroadcast.java:37)
	at org.gradle.internal.dispatch.ProxyDispatchAdapter$DispatchingInvocationHandler.invoke(ProxyDispatchAdapter.java:94)
	at com.sun.proxy.$Proxy80.executionFinished(Unknown Source)
	at org.gradle.process.internal.DefaultExecHandle.setEndStateInfo(DefaultExecHandle.java:221)
	at org.gradle.process.internal.DefaultExecHandle.finished(DefaultExecHandle.java:354)
	at org.gradle.process.internal.ExecHandleRunner.completed(ExecHandleRunner.java:110)
	at org.gradle.process.internal.ExecHandleRunner.run(ExecHandleRunner.java:84)
	at org.gradle.internal.operations.CurrentBuildOperationPreservingRunnable.run(CurrentBuildOperationPreservingRunnable.java:42)
	at org.gradle.internal.concurrent.ExecutorPolicy$CatchAndRecordFailures.onExecute(ExecutorPolicy.java:64)
	at org.gradle.internal.concurrent.ManagedExecutorImpl$1.run(ManagedExecutorImpl.java:48)
	at java.base/java.util.concurrent.ThreadPoolExecutor.runWorker(ThreadPoolExecutor.java:1128)
	at java.base/java.util.concurrent.ThreadPoolExecutor$Worker.run(ThreadPoolExecutor.java:628)
	at org.gradle.internal.concurrent.ThreadFactoryImpl$ManagedThreadRunnable.run(ThreadFactoryImpl.java:56)
	at java.base/java.lang.Thread.run(Thread.java:829)
Process 'Gradle Test Executor 8' finished with non-zero exit value 1
org.gradle.process.internal.ExecException: Process 'Gradle Test Executor 8' finished with non-zero exit value 1
	at org.gradle.process.internal.DefaultExecHandle$ExecResultImpl.assertNormalExitValue(DefaultExecHandle.java:414)
	at org.gradle.process.internal.worker.DefaultWorkerProcess.onProcessStop(DefaultWorkerProcess.java:141)
	at org.gradle.process.internal.worker.DefaultWorkerProcess.access$000(DefaultWorkerProcess.java:42)
	at org.gradle.process.internal.worker.DefaultWorkerProcess$1.executionFinished(DefaultWorkerProcess.java:94)
	at java.base/jdk.internal.reflect.NativeMethodAccessorImpl.invoke0(Native Method)
	at java.base/jdk.internal.reflect.NativeMethodAccessorImpl.invoke(NativeMethodAccessorImpl.java:62)
	at java.base/jdk.internal.reflect.DelegatingMethodAccessorImpl.invoke(DelegatingMethodAccessorImpl.java:43)
	at java.base/java.lang.reflect.Method.invoke(Method.java:566)
	at org.gradle.internal.dispatch.ReflectionDispatch.dispatch(ReflectionDispatch.java:36)
	at org.gradle.internal.dispatch.ReflectionDispatch.dispatch(ReflectionDispatch.java:24)
	at org.gradle.internal.event.AbstractBroadcastDispatch.dispatch(AbstractBroadcastDispatch.java:43)
	at org.gradle.internal.event.BroadcastDispatch$SingletonDispatch.dispatch(BroadcastDispatch.java:245)
	at org.gradle.internal.event.BroadcastDispatch$SingletonDispatch.dispatch(BroadcastDispatch.java:157)
	at org.gradle.internal.event.ListenerBroadcast.dispatch(ListenerBroadcast.java:141)
	at org.gradle.internal.event.ListenerBroadcast.dispatch(ListenerBroadcast.java:37)
	at org.gradle.internal.dispatch.ProxyDispatchAdapter$DispatchingInvocationHandler.invoke(ProxyDispatchAdapter.java:94)
	at com.sun.proxy.$Proxy80.executionFinished(Unknown Source)
	at org.gradle.process.internal.DefaultExecHandle.setEndStateInfo(DefaultExecHandle.java:221)
	at org.gradle.process.internal.DefaultExecHandle.finished(DefaultExecHandle.java:354)
	at org.gradle.process.internal.ExecHandleRunner.completed(ExecHandleRunner.java:110)
	at org.gradle.process.internal.ExecHandleRunner.run(ExecHandleRunner.java:84)
	at org.gradle.internal.operations.CurrentBuildOperationPreservingRunnable.run(CurrentBuildOperationPreservingRunnable.java:42)
	at org.gradle.internal.concurrent.ExecutorPolicy$CatchAndRecordFailures.onExecute(ExecutorPolicy.java:64)
	at org.gradle.internal.concurrent.ManagedExecutorImpl$1.run(ManagedExecutorImpl.java:48)
	at java.base/java.util.concurrent.ThreadPoolExecutor.runWorker(ThreadPoolExecutor.java:1128)
	at java.base/java.util.concurrent.ThreadPoolExecutor$Worker.run(ThreadPoolExecutor.java:628)
	at org.gradle.internal.concurrent.ThreadFactoryImpl$ManagedThreadRunnable.run(ThreadFactoryImpl.java:56)
	at java.base/java.lang.Thread.run(Thread.java:829)
Process 'Gradle Test Executor 9' finished with non-zero exit value 1
org.gradle.process.internal.ExecException: Process 'Gradle Test Executor 9' finished with non-zero exit value 1
	at org.gradle.process.internal.DefaultExecHandle$ExecResultImpl.assertNormalExitValue(DefaultExecHandle.java:414)
	at org.gradle.process.internal.worker.DefaultWorkerProcess.onProcessStop(DefaultWorkerProcess.java:141)
	at org.gradle.process.internal.worker.DefaultWorkerProcess.access$000(DefaultWorkerProcess.java:42)
	at org.gradle.process.internal.worker.DefaultWorkerProcess$1.executionFinished(DefaultWorkerProcess.java:94)
	at java.base/jdk.internal.reflect.NativeMethodAccessorImpl.invoke0(Native Method)
	at java.base/jdk.internal.reflect.NativeMethodAccessorImpl.invoke(NativeMethodAccessorImpl.java:62)
	at java.base/jdk.internal.reflect.DelegatingMethodAccessorImpl.invoke(DelegatingMethodAccessorImpl.java:43)
	at java.base/java.lang.reflect.Method.invoke(Method.java:566)
	at org.gradle.internal.dispatch.ReflectionDispatch.dispatch(ReflectionDispatch.java:36)
	at org.gradle.internal.dispatch.ReflectionDispatch.dispatch(ReflectionDispatch.java:24)
	at org.gradle.internal.event.AbstractBroadcastDispatch.dispatch(AbstractBroadcastDispatch.java:43)
	at org.gradle.internal.event.BroadcastDispatch$SingletonDispatch.dispatch(BroadcastDispatch.java:245)
	at org.gradle.internal.event.BroadcastDispatch$SingletonDispatch.dispatch(BroadcastDispatch.java:157)
	at org.gradle.internal.event.ListenerBroadcast.dispatch(ListenerBroadcast.java:141)
	at org.gradle.internal.event.ListenerBroadcast.dispatch(ListenerBroadcast.java:37)
	at org.gradle.internal.dispatch.ProxyDispatchAdapter$DispatchingInvocationHandler.invoke(ProxyDispatchAdapter.java:94)
	at com.sun.proxy.$Proxy80.executionFinished(Unknown Source)
	at org.gradle.process.internal.DefaultExecHandle.setEndStateInfo(DefaultExecHandle.java:221)
	at org.gradle.process.internal.DefaultExecHandle.finished(DefaultExecHandle.java:354)
	at org.gradle.process.internal.ExecHandleRunner.completed(ExecHandleRunner.java:110)
	at org.gradle.process.internal.ExecHandleRunner.run(ExecHandleRunner.java:84)
	at org.gradle.internal.operations.CurrentBuildOperationPreservingRunnable.run(CurrentBuildOperationPreservingRunnable.java:42)
	at org.gradle.internal.concurrent.ExecutorPolicy$CatchAndRecordFailures.onExecute(ExecutorPolicy.java:64)
	at org.gradle.internal.concurrent.ManagedExecutorImpl$1.run(ManagedExecutorImpl.java:48)
	at java.base/java.util.concurrent.ThreadPoolExecutor.runWorker(ThreadPoolExecutor.java:1128)
	at java.base/java.util.concurrent.ThreadPoolExecutor$Worker.run(ThreadPoolExecutor.java:628)
	at org.gradle.internal.concurrent.ThreadFactoryImpl$ManagedThreadRunnable.run(ThreadFactoryImpl.java:56)
	at java.base/java.lang.Thread.run(Thread.java:829)
Process 'Gradle Test Executor 10' finished with non-zero exit value 1
org.gradle.process.internal.ExecException: Process 'Gradle Test Executor 10' finished with non-zero exit value 1
	at org.gradle.process.internal.DefaultExecHandle$ExecResultImpl.assertNormalExitValue(DefaultExecHandle.java:414)
	at org.gradle.process.internal.worker.DefaultWorkerProcess.onProcessStop(DefaultWorkerProcess.java:141)
	at org.gradle.process.internal.worker.DefaultWorkerProcess.access$000(DefaultWorkerProcess.java:42)
	at org.gradle.process.internal.worker.DefaultWorkerProcess$1.executionFinished(DefaultWorkerProcess.java:94)
	at java.base/jdk.internal.reflect.NativeMethodAccessorImpl.invoke0(Native Method)
	at java.base/jdk.internal.reflect.NativeMethodAccessorImpl.invoke(NativeMethodAccessorImpl.java:62)
	at java.base/jdk.internal.reflect.DelegatingMethodAccessorImpl.invoke(DelegatingMethodAccessorImpl.java:43)
	at java.base/java.lang.reflect.Method.invoke(Method.java:566)
	at org.gradle.internal.dispatch.ReflectionDispatch.dispatch(ReflectionDispatch.java:36)
	at org.gradle.internal.dispatch.ReflectionDispatch.dispatch(ReflectionDispatch.java:24)
	at org.gradle.internal.event.AbstractBroadcastDispatch.dispatch(AbstractBroadcastDispatch.java:43)
	at org.gradle.internal.event.BroadcastDispatch$SingletonDispatch.dispatch(BroadcastDispatch.java:245)
	at org.gradle.internal.event.BroadcastDispatch$SingletonDispatch.dispatch(BroadcastDispatch.java:157)
	at org.gradle.internal.event.ListenerBroadcast.dispatch(ListenerBroadcast.java:141)
	at org.gradle.internal.event.ListenerBroadcast.dispatch(ListenerBroadcast.java:37)
	at org.gradle.internal.dispatch.ProxyDispatchAdapter$DispatchingInvocationHandler.invoke(ProxyDispatchAdapter.java:94)
	at com.sun.proxy.$Proxy80.executionFinished(Unknown Source)
	at org.gradle.process.internal.DefaultExecHandle.setEndStateInfo(DefaultExecHandle.java:221)
	at org.gradle.process.internal.DefaultExecHandle.finished(DefaultExecHandle.java:354)
	at org.gradle.process.internal.ExecHandleRunner.completed(ExecHandleRunner.java:110)
	at org.gradle.process.internal.ExecHandleRunner.run(ExecHandleRunner.java:84)
	at org.gradle.internal.operations.CurrentBuildOperationPreservingRunnable.run(CurrentBuildOperationPreservingRunnable.java:42)
	at org.gradle.internal.concurrent.ExecutorPolicy$CatchAndRecordFailures.onExecute(ExecutorPolicy.java:64)
	at org.gradle.internal.concurrent.ManagedExecutorImpl$1.run(ManagedExecutorImpl.java:48)
	at java.base/java.util.concurrent.ThreadPoolExecutor.runWorker(ThreadPoolExecutor.java:1128)
	at java.base/java.util.concurrent.ThreadPoolExecutor$Worker.run(ThreadPoolExecutor.java:628)
	at org.gradle.internal.concurrent.ThreadFactoryImpl$ManagedThreadRunnable.run(ThreadFactoryImpl.java:56)
	at java.base/java.lang.Thread.run(Thread.java:829)
Process 'Gradle Test Executor 11' finished with non-zero exit value 1
org.gradle.process.internal.ExecException: Process 'Gradle Test Executor 11' finished with non-zero exit value 1
	at org.gradle.process.internal.DefaultExecHandle$ExecResultImpl.assertNormalExitValue(DefaultExecHandle.java:414)
	at org.gradle.process.internal.worker.DefaultWorkerProcess.onProcessStop(DefaultWorkerProcess.java:141)
	at org.gradle.process.internal.worker.DefaultWorkerProcess.access$000(DefaultWorkerProcess.java:42)
	at org.gradle.process.internal.worker.DefaultWorkerProcess$1.executionFinished(DefaultWorkerProcess.java:94)
	at java.base/jdk.internal.reflect.NativeMethodAccessorImpl.invoke0(Native Method)
	at java.base/jdk.internal.reflect.NativeMethodAccessorImpl.invoke(NativeMethodAccessorImpl.java:62)
	at java.base/jdk.internal.reflect.DelegatingMethodAccessorImpl.invoke(DelegatingMethodAccessorImpl.java:43)
	at java.base/java.lang.reflect.Method.invoke(Method.java:566)
	at org.gradle.internal.dispatch.ReflectionDispatch.dispatch(ReflectionDispatch.java:36)
	at org.gradle.internal.dispatch.ReflectionDispatch.dispatch(ReflectionDispatch.java:24)
	at org.gradle.internal.event.AbstractBroadcastDispatch.dispatch(AbstractBroadcastDispatch.java:43)
	at org.gradle.internal.event.BroadcastDispatch$SingletonDispatch.dispatch(BroadcastDispatch.java:245)
	at org.gradle.internal.event.BroadcastDispatch$SingletonDispatch.dispatch(BroadcastDispatch.java:157)
	at org.gradle.internal.event.ListenerBroadcast.dispatch(ListenerBroadcast.java:141)
	at org.gradle.internal.event.ListenerBroadcast.dispatch(ListenerBroadcast.java:37)
	at org.gradle.internal.dispatch.ProxyDispatchAdapter$DispatchingInvocationHandler.invoke(ProxyDispatchAdapter.java:94)
	at com.sun.proxy.$Proxy80.executionFinished(Unknown Source)
	at org.gradle.process.internal.DefaultExecHandle.setEndStateInfo(DefaultExecHandle.java:221)
	at org.gradle.process.internal.DefaultExecHandle.finished(DefaultExecHandle.java:354)
	at org.gradle.process.internal.ExecHandleRunner.completed(ExecHandleRunner.java:110)
	at org.gradle.process.internal.ExecHandleRunner.run(ExecHandleRunner.java:84)
	at org.gradle.internal.operations.CurrentBuildOperationPreservingRunnable.run(CurrentBuildOperationPreservingRunnable.java:42)
	at org.gradle.internal.concurrent.ExecutorPolicy$CatchAndRecordFailures.onExecute(ExecutorPolicy.java:64)
	at org.gradle.internal.concurrent.ManagedExecutorImpl$1.run(ManagedExecutorImpl.java:48)
	at java.base/java.util.concurrent.ThreadPoolExecutor.runWorker(ThreadPoolExecutor.java:1128)
	at java.base/java.util.concurrent.ThreadPoolExecutor$Worker.run(ThreadPoolExecutor.java:628)
	at org.gradle.internal.concurrent.ThreadFactoryImpl$ManagedThreadRunnable.run(ThreadFactoryImpl.java:56)
	at java.base/java.lang.Thread.run(Thread.java:829)

FAILURE: Build failed with an exception.

* What went wrong:
Execution failed for task ':nondexTest'.
> Process 'Gradle Test Executor 3' finished with non-zero exit value 1

* Try:
Run with --stacktrace option to get the stack trace. Run with --info or --debug option to get more log output. Run with --scan to get full insights.

* Get more help at https://help.gradle.org

BUILD FAILED in 1m 34s
