warning: [options] bootstrap class path not set in conjunction with -source 6
warning: [options] source value 6 is obsolete and will be removed in a future release
warning: [options] target value 1.6 is obsolete and will be removed in a future release
warning: [options] To suppress warnings about obsolete options, use -Xlint:-options.
4 warnings
startup failed:
/mnt/batch/tasks/workitems/NONDEX_nondex_r131_1M31d16h48m2s/job-1/Task98/wd/NonDex-plugin-test/github.com/IlyaAI/wro4j-gradle-plugin/src/main/groovy/ro/isdc/wro4j/gradle/WebCompileTask.groovy: 29: unable to resolve class javax.servlet.http.HttpServletRequest
 @ line 29, column 1.
   import javax.servlet.http.HttpServletRequest
   ^

/mnt/batch/tasks/workitems/NONDEX_nondex_r131_1M31d16h48m2s/job-1/Task98/wd/NonDex-plugin-test/github.com/IlyaAI/wro4j-gradle-plugin/src/main/groovy/ro/isdc/wro4j/gradle/WebCompileTask.groovy: 28: unable to resolve class javax.servlet.ServletContext
 @ line 28, column 1.
   import javax.servlet.ServletContext
   ^

/mnt/batch/tasks/workitems/NONDEX_nondex_r131_1M31d16h48m2s/job-1/Task98/wd/NonDex-plugin-test/github.com/IlyaAI/wro4j-gradle-plugin/src/main/groovy/ro/isdc/wro4j/gradle/WebCompileTask.groovy: 27: unable to resolve class javax.servlet.FilterConfig
 @ line 27, column 1.
   import javax.servlet.FilterConfig
   ^

/mnt/batch/tasks/workitems/NONDEX_nondex_r131_1M31d16h48m2s/job-1/Task98/wd/NonDex-plugin-test/github.com/IlyaAI/wro4j-gradle-plugin/src/main/groovy/ro/isdc/wro4j/gradle/WebCompileTask.groovy: 30: unable to resolve class javax.servlet.http.HttpServletResponse
 @ line 30, column 1.
   import javax.servlet.http.HttpServletResponse
   ^

4 errors


FAILURE: Build failed with an exception.

* What went wrong:
Execution failed for task ':compileGroovy'.
> Compilation failed; see the compiler error output for details.

* Try:
Run with --stacktrace option to get the stack trace. Run with --info or --debug option to get more log output. Run with --scan to get full insights.

* Get more help at https://help.gradle.org

BUILD FAILED in 35s
