npm WARN deprecated babel-preset-es2015@6.24.1: 🙌  Thanks for using Babel: we recommend using babel-preset-env now: please read https://babeljs.io/env to update!
npm WARN notice [SECURITY] bootstrap has the following vulnerability: 1 moderate. Go here for more details: https://github.com/advisories?query=bootstrap - Run `npm i npm@latest -g` to upgrade your npm version, and then `npm audit` to get more info.
npm WARN notice [SECURITY] jquery has the following vulnerabilities: 3 moderate. Go here for more details: https://github.com/advisories?query=jquery - Run `npm i npm@latest -g` to upgrade your npm version, and then `npm audit` to get more info.
npm WARN deprecated html-webpack-plugin@2.14.0: out of support
npm WARN notice [SECURITY] postcss has the following vulnerability: 1 moderate. Go here for more details: https://github.com/advisories?query=postcss - Run `npm i npm@latest -g` to upgrade your npm version, and then `npm audit` to get more info.
npm WARN deprecated request@2.88.2: request has been deprecated, see https://github.com/request/request/issues/3142
npm WARN notice [SECURITY] mime has the following vulnerability: 1 moderate. Go here for more details: https://github.com/advisories?query=mime - Run `npm i npm@latest -g` to upgrade your npm version, and then `npm audit` to get more info.
npm WARN notice [SECURITY] lodash has the following vulnerabilities: 1 critical, 3 high, 2 moderate, 1 low. Go here for more details: https://github.com/advisories?query=lodash - Run `npm i npm@latest -g` to upgrade your npm version, and then `npm audit` to get more info.
npm WARN notice [SECURITY] minimatch has the following vulnerability: 1 high. Go here for more details: https://github.com/advisories?query=minimatch - Run `npm i npm@latest -g` to upgrade your npm version, and then `npm audit` to get more info.
npm WARN deprecated minimatch@2.0.10: Please update to minimatch 3.0.2 or higher to avoid a RegExp DoS issue
npm WARN deprecated core-js@2.6.12: core-js@<3.23.3 is no longer maintained and not recommended for usage due to the number of issues. Because of the V8 engine whims, feature detection in old core-js versions could cause a slowdown up to 100x even if nothing is polyfilled. Some versions have web compatibility issues. Please, upgrade your dependencies to the actual version of core-js.
npm WARN deprecated natives@1.1.6: This module relies on Node.js's internals and will break at some point. Do not use it, and update to graceful-fs@4.x.
npm WARN deprecated har-validator@5.1.5: this library is no longer supported
npm WARN deprecated uuid@3.4.0: Please upgrade  to version 7 or higher.  Older versions may use Math.random() in certain circumstances, which is known to be problematic.  See https://v8.dev/blog/math-random for details.
npm WARN deprecated core-js@1.2.7: core-js@<3.23.3 is no longer maintained and not recommended for usage due to the number of issues. Because of the V8 engine whims, feature detection in old core-js versions could cause a slowdown up to 100x even if nothing is polyfilled. Some versions have web compatibility issues. Please, upgrade your dependencies to the actual version of core-js.
npm WARN notice [SECURITY] clean-css has the following vulnerability: 1 low. Go here for more details: https://github.com/advisories?query=clean-css - Run `npm i npm@latest -g` to upgrade your npm version, and then `npm audit` to get more info.
npm WARN deprecated browserslist@1.7.7: Browserslist 2 could fail on reading Browserslist >3.0 config used in other tools.
npm WARN notice [SECURITY] is-svg has the following vulnerabilities: 2 high. Go here for more details: https://github.com/advisories?query=is-svg - Run `npm i npm@latest -g` to upgrade your npm version, and then `npm audit` to get more info.
npm WARN deprecated svgo@0.7.2: This SVGO version is no longer supported. Upgrade to v2.x.x.
npm WARN notice [SECURITY] minimist has the following vulnerabilities: 1 critical, 1 moderate. Go here for more details: https://github.com/advisories?query=minimist - Run `npm i npm@latest -g` to upgrade your npm version, and then `npm audit` to get more info.
npm WARN deprecated chokidar@1.7.0: Chokidar 2 will break on node v14+. Upgrade to chokidar 3 with 15x less dependencies.
npm WARN deprecated flatten@1.0.3: flatten is deprecated in favor of utility frameworks such as lodash.
npm WARN notice [SECURITY] js-yaml has the following vulnerabilities: 1 high, 1 moderate. Go here for more details: https://github.com/advisories?query=js-yaml - Run `npm i npm@latest -g` to upgrade your npm version, and then `npm audit` to get more info.
npm WARN deprecated querystring@0.2.0: The querystring API is considered Legacy. new code should use the URLSearchParams API instead.
npm WARN notice [SECURITY] glob-parent has the following vulnerability: 1 high. Go here for more details: https://github.com/advisories?query=glob-parent - Run `npm i npm@latest -g` to upgrade your npm version, and then `npm audit` to get more info.
npm WARN deprecated fsevents@1.2.13: fsevents 1 will break on node v14+ and could be using insecure binaries. Upgrade to fsevents 2.
npm WARN notice [SECURITY] color-string has the following vulnerability: 1 moderate. Go here for more details: https://github.com/advisories?query=color-string - Run `npm i npm@latest -g` to upgrade your npm version, and then `npm audit` to get more info.
npm WARN notice [SECURITY] braces has the following vulnerabilities: 2 low. Go here for more details: https://github.com/advisories?query=braces - Run `npm i npm@latest -g` to upgrade your npm version, and then `npm audit` to get more info.
npm WARN deprecated source-map-resolve@0.5.3: See https://github.com/lydell/source-map-resolve#deprecated
npm WARN deprecated resolve-url@0.2.1: https://github.com/lydell/resolve-url#deprecated
npm WARN deprecated source-map-url@0.4.1: See https://github.com/lydell/source-map-url#deprecated
npm WARN deprecated urix@0.1.0: Please see https://github.com/lydell/urix#deprecated
gyp ERR! configure error 
gyp ERR! stack Error: Can't find Python executable "python", you can set the PYTHON env variable.
gyp ERR! stack     at Object.failNoPython (/mnt/batch/tasks/workitems/NONDEX_nondex_r131_1M31d16h48m2s/job-1/Task592/wd/NonDex-plugin-test/github.com/daggerok/spring-streaming/web/.gradle/npm/npm-v5.0.3/lib/node_modules/npm/node_modules/node-gyp/lib/configure.js:483:19)
gyp ERR! stack     at Object.<anonymous> (/mnt/batch/tasks/workitems/NONDEX_nondex_r131_1M31d16h48m2s/job-1/Task592/wd/NonDex-plugin-test/github.com/daggerok/spring-streaming/web/.gradle/npm/npm-v5.0.3/lib/node_modules/npm/node_modules/node-gyp/lib/configure.js:397:16)
gyp ERR! stack     at F (/mnt/batch/tasks/workitems/NONDEX_nondex_r131_1M31d16h48m2s/job-1/Task592/wd/NonDex-plugin-test/github.com/daggerok/spring-streaming/web/.gradle/npm/npm-v5.0.3/lib/node_modules/npm/node_modules/which/which.js:68:16)
gyp ERR! stack     at E (/mnt/batch/tasks/workitems/NONDEX_nondex_r131_1M31d16h48m2s/job-1/Task592/wd/NonDex-plugin-test/github.com/daggerok/spring-streaming/web/.gradle/npm/npm-v5.0.3/lib/node_modules/npm/node_modules/which/which.js:80:29)
gyp ERR! stack     at /mnt/batch/tasks/workitems/NONDEX_nondex_r131_1M31d16h48m2s/job-1/Task592/wd/NonDex-plugin-test/github.com/daggerok/spring-streaming/web/.gradle/npm/npm-v5.0.3/lib/node_modules/npm/node_modules/which/which.js:89:16
gyp ERR! stack     at /mnt/batch/tasks/workitems/NONDEX_nondex_r131_1M31d16h48m2s/job-1/Task592/wd/NonDex-plugin-test/github.com/daggerok/spring-streaming/web/.gradle/npm/npm-v5.0.3/lib/node_modules/npm/node_modules/which/node_modules/isexe/index.js:42:5
gyp ERR! stack     at /mnt/batch/tasks/workitems/NONDEX_nondex_r131_1M31d16h48m2s/job-1/Task592/wd/NonDex-plugin-test/github.com/daggerok/spring-streaming/web/.gradle/npm/npm-v5.0.3/lib/node_modules/npm/node_modules/which/node_modules/isexe/mode.js:8:5
gyp ERR! stack     at FSReqWrap.oncomplete (fs.js:123:15)
gyp ERR! System Linux 5.15.0-1031-azure
gyp ERR! command "/mnt/batch/tasks/workitems/NONDEX_nondex_r131_1M31d16h48m2s/job-1/Task592/wd/NonDex-plugin-test/github.com/daggerok/spring-streaming/web/.gradle/nodejs/node-v6.9.1-linux-x64/bin/node" "/mnt/batch/tasks/workitems/NONDEX_nondex_r131_1M31d16h48m2s/job-1/Task592/wd/NonDex-plugin-test/github.com/daggerok/spring-streaming/web/.gradle/npm/npm-v5.0.3/lib/node_modules/npm/node_modules/node-gyp/bin/node-gyp.js" "rebuild"
gyp ERR! cwd /mnt/batch/tasks/workitems/NONDEX_nondex_r131_1M31d16h48m2s/job-1/Task592/wd/NonDex-plugin-test/github.com/daggerok/spring-streaming/web/node_modules/utf-8-validate
gyp ERR! node -v v6.9.1
gyp ERR! node-gyp -v v3.6.2
gyp ERR! not ok 
gyp ERR! configure error 
gyp ERR! stack Error: Can't find Python executable "python", you can set the PYTHON env variable.
gyp ERR! stack     at Object.failNoPython (/mnt/batch/tasks/workitems/NONDEX_nondex_r131_1M31d16h48m2s/job-1/Task592/wd/NonDex-plugin-test/github.com/daggerok/spring-streaming/web/.gradle/npm/npm-v5.0.3/lib/node_modules/npm/node_modules/node-gyp/lib/configure.js:483:19)
gyp ERR! stack     at Object.<anonymous> (/mnt/batch/tasks/workitems/NONDEX_nondex_r131_1M31d16h48m2s/job-1/Task592/wd/NonDex-plugin-test/github.com/daggerok/spring-streaming/web/.gradle/npm/npm-v5.0.3/lib/node_modules/npm/node_modules/node-gyp/lib/configure.js:397:16)
gyp ERR! stack     at F (/mnt/batch/tasks/workitems/NONDEX_nondex_r131_1M31d16h48m2s/job-1/Task592/wd/NonDex-plugin-test/github.com/daggerok/spring-streaming/web/.gradle/npm/npm-v5.0.3/lib/node_modules/npm/node_modules/which/which.js:68:16)
gyp ERR! stack     at E (/mnt/batch/tasks/workitems/NONDEX_nondex_r131_1M31d16h48m2s/job-1/Task592/wd/NonDex-plugin-test/github.com/daggerok/spring-streaming/web/.gradle/npm/npm-v5.0.3/lib/node_modules/npm/node_modules/which/which.js:80:29)
gyp ERR! stack     at /mnt/batch/tasks/workitems/NONDEX_nondex_r131_1M31d16h48m2s/job-1/Task592/wd/NonDex-plugin-test/github.com/daggerok/spring-streaming/web/.gradle/npm/npm-v5.0.3/lib/node_modules/npm/node_modules/which/which.js:89:16
gyp ERR! stack     at /mnt/batch/tasks/workitems/NONDEX_nondex_r131_1M31d16h48m2s/job-1/Task592/wd/NonDex-plugin-test/github.com/daggerok/spring-streaming/web/.gradle/npm/npm-v5.0.3/lib/node_modules/npm/node_modules/which/node_modules/isexe/index.js:42:5
gyp ERR! stack     at /mnt/batch/tasks/workitems/NONDEX_nondex_r131_1M31d16h48m2s/job-1/Task592/wd/NonDex-plugin-test/github.com/daggerok/spring-streaming/web/.gradle/npm/npm-v5.0.3/lib/node_modules/npm/node_modules/which/node_modules/isexe/mode.js:8:5
gyp ERR! stack     at FSReqWrap.oncomplete (fs.js:123:15)
gyp ERR! System Linux 5.15.0-1031-azure
gyp ERR! command "/mnt/batch/tasks/workitems/NONDEX_nondex_r131_1M31d16h48m2s/job-1/Task592/wd/NonDex-plugin-test/github.com/daggerok/spring-streaming/web/.gradle/nodejs/node-v6.9.1-linux-x64/bin/node" "/mnt/batch/tasks/workitems/NONDEX_nondex_r131_1M31d16h48m2s/job-1/Task592/wd/NonDex-plugin-test/github.com/daggerok/spring-streaming/web/.gradle/npm/npm-v5.0.3/lib/node_modules/npm/node_modules/node-gyp/bin/node-gyp.js" "rebuild"
gyp ERR! cwd /mnt/batch/tasks/workitems/NONDEX_nondex_r131_1M31d16h48m2s/job-1/Task592/wd/NonDex-plugin-test/github.com/daggerok/spring-streaming/web/node_modules/bufferutil
gyp ERR! node -v v6.9.1
gyp ERR! node-gyp -v v3.6.2
gyp ERR! not ok 
(node:17384) Warning: Possible EventEmitter memory leak detected. 11 SIGINT listeners added. Use emitter.setMaxListeners() to increase limit
npm notice created a lockfile as package-lock.json. You should commit this file.
npm WARN optional SKIPPING OPTIONAL DEPENDENCY: fsevents@^1.0.0 (node_modules/chokidar/node_modules/fsevents):
npm WARN notsup SKIPPING OPTIONAL DEPENDENCY: Unsupported platform for fsevents@1.2.13: wanted {"os":"darwin","arch":"any"} (current: {"os":"linux","arch":"x64"})
npm WARN optional SKIPPING OPTIONAL DEPENDENCY: utf-8-validate@5.0.10 (node_modules/utf-8-validate):
npm WARN optional SKIPPING OPTIONAL DEPENDENCY: utf-8-validate@5.0.10 install: `node-gyp-build`
npm WARN optional SKIPPING OPTIONAL DEPENDENCY: Exit status 1
npm WARN optional SKIPPING OPTIONAL DEPENDENCY: bufferutil@4.0.7 (node_modules/bufferutil):
npm WARN optional SKIPPING OPTIONAL DEPENDENCY: bufferutil@4.0.7 install: `node-gyp-build`
npm WARN optional SKIPPING OPTIONAL DEPENDENCY: Exit status 1


FAILURE: Build failed with an exception.

* What went wrong:
Execution failed for task ':web:npmInstall'.
> Could not list contents of '/mnt/batch/tasks/workitems/NONDEX_nondex_r131_1M31d16h48m2s/job-1/Task592/wd/NonDex-plugin-test/github.com/daggerok/spring-streaming/web/node_modules/.bin/node-gyp-build-test'. Couldn't follow symbolic link.

* Try:
Run with --stacktrace option to get the stack trace. Run with --info or --debug option to get more log output. Run with --scan to get full insights.

* Get more help at https://help.gradle.org

BUILD FAILED in 1m 19s
