
FAILURE: Build failed with an exception.

* What went wrong:
Execution failed for task ':starts-core:compileJava'.
> Could not resolve all files for configuration ':starts-core:compileClasspath'.
   > Could not resolve org.apache.maven.plugins:maven-surefire-plugin:2.19.1.
     Required by:
         project :starts-core
      > Could not resolve org.apache.maven.plugins:maven-surefire-plugin:2.19.1.
         > Could not get resource 'http://repo.maven.apache.org/maven2/org/apache/maven/plugins/maven-surefire-plugin/2.19.1/maven-surefire-plugin-2.19.1.pom'.
            > Could not GET 'http://repo.maven.apache.org/maven2/org/apache/maven/plugins/maven-surefire-plugin/2.19.1/maven-surefire-plugin-2.19.1.pom'. Received status code 501 from server: HTTPS Required
   > Could not resolve org.apache.maven.plugin-testing:maven-plugin-testing-tools:1.3.
     Required by:
         project :starts-core
      > Could not resolve org.apache.maven.plugin-testing:maven-plugin-testing-tools:1.3.
         > Could not get resource 'http://repo.maven.apache.org/maven2/org/apache/maven/plugin-testing/maven-plugin-testing-tools/1.3/maven-plugin-testing-tools-1.3.pom'.
            > Could not GET 'http://repo.maven.apache.org/maven2/org/apache/maven/plugin-testing/maven-plugin-testing-tools/1.3/maven-plugin-testing-tools-1.3.pom'. Received status code 501 from server: HTTPS Required
   > Could not resolve org.jgrapht:jgrapht-ext:0.9.2.
     Required by:
         project :starts-core
      > Skipped due to earlier error
   > Could not resolve edu.illinois:yasgl:1.2.
     Required by:
         project :starts-core
      > Skipped due to earlier error
   > Could not resolve org.ekstazi:org.ekstazi.core:4.6.2.
     Required by:
         project :starts-core
      > Skipped due to earlier error

* Try:
Run with --stacktrace option to get the stack trace. Run with --info or --debug option to get more log output. Run with --scan to get full insights.

* Get more help at https://help.gradle.org

BUILD FAILED in 3s
