/mnt/batch/tasks/workitems/NONDEX_nondex_r131_1M31d16h48m2s/job-1/Task107/wd/NonDex-plugin-test/github.com/muratturk84/url-shortener-example/src/main/java/com/neueda/urlshortenerexample/infrastructure/Configuration.java:12: error: constructor ShortenUrlImpl in class ShortenUrlImpl cannot be applied to given types;
        return new ShortenUrlImpl(shortUrlService);
               ^
  required: no arguments
  found: ShortUrlServiceImpl
  reason: actual and formal argument lists differ in length
/mnt/batch/tasks/workitems/NONDEX_nondex_r131_1M31d16h48m2s/job-1/Task107/wd/NonDex-plugin-test/github.com/muratturk84/url-shortener-example/src/main/java/com/neueda/urlshortenerexample/infrastructure/Configuration.java:17: error: constructor ShortUrlServiceImpl in class ShortUrlServiceImpl cannot be applied to given types;
        return new ShortUrlServiceImpl(shortUrlRepository);
               ^
  required: no arguments
  found: ShortUrlRepository
  reason: actual and formal argument lists differ in length
/mnt/batch/tasks/workitems/NONDEX_nondex_r131_1M31d16h48m2s/job-1/Task107/wd/NonDex-plugin-test/github.com/muratturk84/url-shortener-example/src/main/java/com/neueda/urlshortenerexample/domain/ShortUrlServiceImpl.java:37: error: cannot find symbol
            log.info("Shorten: " + originalURI + " found in repository: " + shortUrl.getShortenedUrl());
                                                                                    ^
  symbol:   method getShortenedUrl()
  location: variable shortUrl of type ShortUrl
/mnt/batch/tasks/workitems/NONDEX_nondex_r131_1M31d16h48m2s/job-1/Task107/wd/NonDex-plugin-test/github.com/muratturk84/url-shortener-example/src/main/java/com/neueda/urlshortenerexample/domain/ShortUrlServiceImpl.java:63: error: cannot find symbol
            log.info("URL " + shortUrl + " found in repository: " + shortUrl.getOriginalUrl());
                                                                            ^
  symbol:   method getOriginalUrl()
  location: variable shortUrl of type ShortUrl
/mnt/batch/tasks/workitems/NONDEX_nondex_r131_1M31d16h48m2s/job-1/Task107/wd/NonDex-plugin-test/github.com/muratturk84/url-shortener-example/src/main/java/com/neueda/urlshortenerexample/domain/ShortUrlServiceImpl.java:71: error: constructor ShortUrlNotFoundException in class ShortUrlNotFoundException cannot be applied to given types;
            throw new ShortUrlNotFoundException(shortenedUrl);
                  ^
  required: no arguments
  found: String
  reason: actual and formal argument lists differ in length
/mnt/batch/tasks/workitems/NONDEX_nondex_r131_1M31d16h48m2s/job-1/Task107/wd/NonDex-plugin-test/github.com/muratturk84/url-shortener-example/src/main/java/com/neueda/urlshortenerexample/domain/ShortUrlServiceImpl.java:110: error: constructor ShortUrl in class ShortUrl cannot be applied to given types;
        ShortUrl shortUrl = new ShortUrl(shortenedUrl, originalUri.toString(), date, 1L, 0L);
                            ^
  required: no arguments
  found: String,String,Date,long,long
  reason: actual and formal argument lists differ in length
/mnt/batch/tasks/workitems/NONDEX_nondex_r131_1M31d16h48m2s/job-1/Task107/wd/NonDex-plugin-test/github.com/muratturk84/url-shortener-example/src/main/java/com/neueda/urlshortenerexample/domain/ShortUrlServiceImpl.java:112: error: cannot find symbol
        log.info("Created short originalUri " + shortUrl.getShortenedUrl() + " for " + shortUrl.getOriginalUrl());
                                                        ^
  symbol:   method getShortenedUrl()
  location: variable shortUrl of type ShortUrl
/mnt/batch/tasks/workitems/NONDEX_nondex_r131_1M31d16h48m2s/job-1/Task107/wd/NonDex-plugin-test/github.com/muratturk84/url-shortener-example/src/main/java/com/neueda/urlshortenerexample/domain/ShortUrlServiceImpl.java:112: error: cannot find symbol
        log.info("Created short originalUri " + shortUrl.getShortenedUrl() + " for " + shortUrl.getOriginalUrl());
                                                                                               ^
  symbol:   method getOriginalUrl()
  location: variable shortUrl of type ShortUrl
/mnt/batch/tasks/workitems/NONDEX_nondex_r131_1M31d16h48m2s/job-1/Task107/wd/NonDex-plugin-test/github.com/muratturk84/url-shortener-example/src/main/java/com/neueda/urlshortenerexample/domain/ShortUrlServiceImpl.java:135: error: cannot find symbol
        shortUrl.setShortenCount(shortUrl.getShortenCount() + 1);
                                         ^
  symbol:   method getShortenCount()
  location: variable shortUrl of type ShortUrl
/mnt/batch/tasks/workitems/NONDEX_nondex_r131_1M31d16h48m2s/job-1/Task107/wd/NonDex-plugin-test/github.com/muratturk84/url-shortener-example/src/main/java/com/neueda/urlshortenerexample/domain/ShortUrlServiceImpl.java:144: error: cannot find symbol
        shortUrl.setRedirectionCount(shortUrl.getRedirectionCount() + 1);
                                             ^
  symbol:   method getRedirectionCount()
  location: variable shortUrl of type ShortUrl
/mnt/batch/tasks/workitems/NONDEX_nondex_r131_1M31d16h48m2s/job-1/Task107/wd/NonDex-plugin-test/github.com/muratturk84/url-shortener-example/src/main/java/com/neueda/urlshortenerexample/domain/ShortUrlServiceImpl.java:158: error: cannot find symbol
            highestShortenCount = shortUrlRecord.getShortenCount();
                                                ^
  symbol:   method getShortenCount()
  location: variable shortUrlRecord of type ShortUrl
/mnt/batch/tasks/workitems/NONDEX_nondex_r131_1M31d16h48m2s/job-1/Task107/wd/NonDex-plugin-test/github.com/muratturk84/url-shortener-example/src/main/java/com/neueda/urlshortenerexample/domain/ShortUrlServiceImpl.java:164: error: cannot find symbol
                strings.add(shortUrl.getShortenedUrl());
                                    ^
  symbol:   method getShortenedUrl()
  location: variable shortUrl of type ShortUrl
/mnt/batch/tasks/workitems/NONDEX_nondex_r131_1M31d16h48m2s/job-1/Task107/wd/NonDex-plugin-test/github.com/muratturk84/url-shortener-example/src/main/java/com/neueda/urlshortenerexample/domain/ShortUrlServiceImpl.java:182: error: cannot find symbol
            highestRedirectionCount = shortUrlRecord.getRedirectionCount();
                                                    ^
  symbol:   method getRedirectionCount()
  location: variable shortUrlRecord of type ShortUrl
/mnt/batch/tasks/workitems/NONDEX_nondex_r131_1M31d16h48m2s/job-1/Task107/wd/NonDex-plugin-test/github.com/muratturk84/url-shortener-example/src/main/java/com/neueda/urlshortenerexample/domain/ShortUrlServiceImpl.java:187: error: cannot find symbol
                strings.add(shortUrl.getOriginalUrl());
                                    ^
  symbol:   method getOriginalUrl()
  location: variable shortUrl of type ShortUrl
/mnt/batch/tasks/workitems/NONDEX_nondex_r131_1M31d16h48m2s/job-1/Task107/wd/NonDex-plugin-test/github.com/muratturk84/url-shortener-example/src/main/java/com/neueda/urlshortenerexample/application/ShortenUrlImpl.java:34: error: cannot find symbol
        return ShortUrlResponse.builder()
                               ^
  symbol:   method builder()
  location: class ShortUrlResponse
/mnt/batch/tasks/workitems/NONDEX_nondex_r131_1M31d16h48m2s/job-1/Task107/wd/NonDex-plugin-test/github.com/muratturk84/url-shortener-example/src/main/java/com/neueda/urlshortenerexample/application/ShortenUrlImpl.java:35: error: cannot find symbol
                .originalUrl(shortUrl.getOriginalUrl())
                                     ^
  symbol:   method getOriginalUrl()
  location: variable shortUrl of type ShortUrl
/mnt/batch/tasks/workitems/NONDEX_nondex_r131_1M31d16h48m2s/job-1/Task107/wd/NonDex-plugin-test/github.com/muratturk84/url-shortener-example/src/main/java/com/neueda/urlshortenerexample/application/ShortenUrlImpl.java:36: error: cannot find symbol
                .shortenedUrl(shortUrl.getShortenedUrl())
                                      ^
  symbol:   method getShortenedUrl()
  location: variable shortUrl of type ShortUrl
/mnt/batch/tasks/workitems/NONDEX_nondex_r131_1M31d16h48m2s/job-1/Task107/wd/NonDex-plugin-test/github.com/muratturk84/url-shortener-example/src/main/java/com/neueda/urlshortenerexample/application/ShortenUrlImpl.java:50: error: cannot find symbol
        return shortUrl.getOriginalUrl();
                       ^
  symbol:   method getOriginalUrl()
  location: variable shortUrl of type ShortUrl
/mnt/batch/tasks/workitems/NONDEX_nondex_r131_1M31d16h48m2s/job-1/Task107/wd/NonDex-plugin-test/github.com/muratturk84/url-shortener-example/src/main/java/com/neueda/urlshortenerexample/application/ShortenUrlImpl.java:63: error: constructor StatisticsResponse in class StatisticsResponse cannot be applied to given types;
        return new StatisticsResponse(totalShortUrlCount, mostShortenedUrls, mostRedirectedUrls);
               ^
  required: no arguments
  found: Long,List<String>,List<String>
  reason: actual and formal argument lists differ in length
/mnt/batch/tasks/workitems/NONDEX_nondex_r131_1M31d16h48m2s/job-1/Task107/wd/NonDex-plugin-test/github.com/muratturk84/url-shortener-example/src/main/java/com/neueda/urlshortenerexample/presentation/GlobalExceptionHandler.java:21: error: constructor ErrorResponse in class ErrorResponse cannot be applied to given types;
        ErrorResponse errorResponse = new ErrorResponse(HttpStatus.BAD_REQUEST,
                                      ^
  required: no arguments
  found: HttpStatus,String,String,String
  reason: actual and formal argument lists differ in length
/mnt/batch/tasks/workitems/NONDEX_nondex_r131_1M31d16h48m2s/job-1/Task107/wd/NonDex-plugin-test/github.com/muratturk84/url-shortener-example/src/main/java/com/neueda/urlshortenerexample/presentation/GlobalExceptionHandler.java:35: error: constructor ErrorResponse in class ErrorResponse cannot be applied to given types;
        ErrorResponse errorResponse = new ErrorResponse(HttpStatus.NOT_FOUND,
                                      ^
  required: no arguments
  found: HttpStatus,String,String,String
  reason: actual and formal argument lists differ in length
/mnt/batch/tasks/workitems/NONDEX_nondex_r131_1M31d16h48m2s/job-1/Task107/wd/NonDex-plugin-test/github.com/muratturk84/url-shortener-example/src/main/java/com/neueda/urlshortenerexample/presentation/GlobalExceptionHandler.java:49: error: constructor ErrorResponse in class ErrorResponse cannot be applied to given types;
        ErrorResponse errorResponse = new ErrorResponse(HttpStatus.BAD_REQUEST,
                                      ^
  required: no arguments
  found: HttpStatus,String,String,String
  reason: actual and formal argument lists differ in length
/mnt/batch/tasks/workitems/NONDEX_nondex_r131_1M31d16h48m2s/job-1/Task107/wd/NonDex-plugin-test/github.com/muratturk84/url-shortener-example/src/main/java/com/neueda/urlshortenerexample/presentation/UriValidatorImpl.java:13: error: cannot find symbol
        String url = shortUrlRequest.getUrl();
                                    ^
  symbol:   method getUrl()
  location: variable shortUrlRequest of type ShortUrlRequest
23 errors

FAILURE: Build failed with an exception.

* What went wrong:
Execution failed for task ':compileJava'.
> Compilation failed; see the compiler error output for details.

* Try:
Run with --stacktrace option to get the stack trace. Run with --info or --debug option to get more log output. Run with --scan to get full insights.

* Get more help at https://help.gradle.org

BUILD FAILED in 9s
