startup failed:
/mnt/batch/tasks/workitems/NONDEX_nondex_r131_1M31d16h48m2s/job-1/Task1386/wd/NonDex-plugin-test/github.com/plugind/builder-elasticsearch-gradle-plugin/src/main/groovy/com/carrotsearch/gradle/junit4/RandomizedTestingTask.groovy: 15: unable to resolve class org.gradle.api.internal.tasks.options.Option
 @ line 15, column 1.
   import org.gradle.api.internal.tasks.options.Option
   ^

/mnt/batch/tasks/workitems/NONDEX_nondex_r131_1M31d16h48m2s/job-1/Task1386/wd/NonDex-plugin-test/github.com/plugind/builder-elasticsearch-gradle-plugin/src/main/groovy/com/carrotsearch/gradle/junit4/RandomizedTestingTask.groovy: 166: unable to resolve class org.gradle.api.internal.tasks.options.Option ,  unable to find class for annotation
 @ line 166, column 5.
       @Option(
       ^

/mnt/batch/tasks/workitems/NONDEX_nondex_r131_1M31d16h48m2s/job-1/Task1386/wd/NonDex-plugin-test/github.com/plugind/builder-elasticsearch-gradle-plugin/src/main/groovy/org/elasticsearch/gradle/test/RestIntegTestTask.groovy: 26: unable to resolve class org.gradle.api.internal.tasks.options.Option
 @ line 26, column 1.
   import org.gradle.api.internal.tasks.options.Option
   ^

/mnt/batch/tasks/workitems/NONDEX_nondex_r131_1M31d16h48m2s/job-1/Task1386/wd/NonDex-plugin-test/github.com/plugind/builder-elasticsearch-gradle-plugin/src/main/groovy/org/elasticsearch/gradle/test/RestIntegTestTask.groovy: 112: unable to resolve class org.gradle.api.internal.tasks.options.Option ,  unable to find class for annotation
 @ line 112, column 5.
       @Option(
       ^

/mnt/batch/tasks/workitems/NONDEX_nondex_r131_1M31d16h48m2s/job-1/Task1386/wd/NonDex-plugin-test/github.com/plugind/builder-elasticsearch-gradle-plugin/src/main/groovy/org/elasticsearch/gradle/test/RunTask.groovy: 5: unable to resolve class org.gradle.api.internal.tasks.options.Option
 @ line 5, column 1.
   import org.gradle.api.internal.tasks.options.Option
   ^

/mnt/batch/tasks/workitems/NONDEX_nondex_r131_1M31d16h48m2s/job-1/Task1386/wd/NonDex-plugin-test/github.com/plugind/builder-elasticsearch-gradle-plugin/src/main/groovy/org/elasticsearch/gradle/test/RunTask.groovy: 25: unable to resolve class org.gradle.api.internal.tasks.options.Option ,  unable to find class for annotation
 @ line 25, column 5.
       @Option(
       ^

6 errors


FAILURE: Build failed with an exception.

* What went wrong:
Execution failed for task ':compileGroovy'.
> Compilation failed; see the compiler error output for details.

* Try:
Run with --stacktrace option to get the stack trace. Run with --info or --debug option to get more log output. Run with --scan to get full insights.

* Get more help at https://help.gradle.org

BUILD FAILED in 44s
