
FAILURE: Build failed with an exception.

* What went wrong:
Execution failed for task ':adminserver:compileJava'.
> Could not resolve all files for configuration ':adminserver:compileClasspath'.
   > Could not resolve org.springframework.boot:spring-boot-starter-jetty:1.5.4.RELEASE.
     Required by:
         project :adminserver
      > Skipped due to earlier error
   > Could not resolve de.codecentric:spring-boot-admin-server:1.5.4.
     Required by:
         project :adminserver
      > Skipped due to earlier error
   > Could not resolve de.codecentric:spring-boot-admin-server-ui:1.5.4.
     Required by:
         project :adminserver
      > Skipped due to earlier error
   > Could not resolve org.springframework.cloud:spring-cloud-starter-eureka:1.3.5.RELEASE.
     Required by:
         project :adminserver
      > Skipped due to earlier error
   > Could not resolve org.springframework.cloud:spring-cloud-starter-config:1.3.3.RELEASE.
     Required by:
         project :adminserver
      > Skipped due to earlier error
   > Could not resolve org.projectlombok:lombok:1.16.18.
     Required by:
         project :adminserver
      > Skipped due to earlier error

* Try:
Run with --stacktrace option to get the stack trace. Run with --info or --debug option to get more log output. Run with --scan to get full insights.

* Get more help at https://help.gradle.org

BUILD FAILED in 2m 17s
