ERROR: sun/reflect/ConstructorAccessor
java.lang.NoClassDefFoundError: sun/reflect/ConstructorAccessor
	at org.jetbrains.kotlin.com.intellij.util.ReflectionUtil.getConstructorAccessor(ReflectionUtil.java:435)
	at org.jetbrains.kotlin.com.intellij.psi.impl.source.tree.JavaElementType$JavaCompositeElementType.<init>(JavaElementType.java:54)
	at org.jetbrains.kotlin.com.intellij.psi.impl.source.tree.JavaElementType$JavaCompositeElementType.<init>(JavaElementType.java:48)
	at org.jetbrains.kotlin.com.intellij.psi.impl.source.tree.JavaElementType$JavaCompositeElementType.<init>(JavaElementType.java:44)
	at org.jetbrains.kotlin.com.intellij.psi.impl.source.tree.JavaElementType.<clinit>(JavaElementType.java:88)
	at org.jetbrains.kotlin.com.intellij.psi.impl.compiled.ClsFileImpl.<init>(ClsFileImpl.java:113)
	at org.jetbrains.kotlin.com.intellij.psi.impl.compiled.ClsFileImpl.<init>(ClsFileImpl.java:106)
	at org.jetbrains.kotlin.com.intellij.psi.ClassFileViewProvider.createFile(ClassFileViewProvider.java:64)
	at org.jetbrains.kotlin.com.intellij.psi.SingleRootFileViewProvider.createFile(SingleRootFileViewProvider.java:322)
	at org.jetbrains.kotlin.com.intellij.psi.SingleRootFileViewProvider.getPsiInner(SingleRootFileViewProvider.java:167)
	at org.jetbrains.kotlin.com.intellij.psi.SingleRootFileViewProvider.getPsi(SingleRootFileViewProvider.java:151)
	at org.jetbrains.kotlin.com.intellij.psi.impl.file.impl.FileManagerImpl.findFile(FileManagerImpl.java:401)
	at org.jetbrains.kotlin.com.intellij.psi.impl.PsiManagerImpl.findFile(PsiManagerImpl.java:184)
	at org.jetbrains.kotlin.cli.jvm.compiler.KotlinCliJavaFileManagerImpl.findClassGivenPackage(KotlinCliJavaFileManagerImpl.kt:119)
	at org.jetbrains.kotlin.cli.jvm.compiler.KotlinCliJavaFileManagerImpl.access$findClassGivenPackage(KotlinCliJavaFileManagerImpl.kt:36)
	at org.jetbrains.kotlin.cli.jvm.compiler.KotlinCliJavaFileManagerImpl$findClass$1$1.invoke(KotlinCliJavaFileManagerImpl.kt:50)
	at org.jetbrains.kotlin.cli.jvm.compiler.KotlinCliJavaFileManagerImpl$findClass$1$1.invoke(KotlinCliJavaFileManagerImpl.kt:36)
	at org.jetbrains.kotlin.cli.jvm.compiler.JvmDependenciesIndex$findClass$1.invoke(JvmDependenciesIndex.kt:85)
	at org.jetbrains.kotlin.cli.jvm.compiler.JvmDependenciesIndex$findClass$1.invoke(JvmDependenciesIndex.kt:40)
	at org.jetbrains.kotlin.cli.jvm.compiler.JvmDependenciesIndex$doSearch$3.invoke(JvmDependenciesIndex.kt:178)
	at org.jetbrains.kotlin.cli.jvm.compiler.JvmDependenciesIndex.doSearch(JvmDependenciesIndex.kt:205)
	at org.jetbrains.kotlin.cli.jvm.compiler.JvmDependenciesIndex.access$doSearch(JvmDependenciesIndex.kt:40)
	at org.jetbrains.kotlin.cli.jvm.compiler.JvmDependenciesIndex$search$1.invoke(JvmDependenciesIndex.kt:126)
	at org.jetbrains.kotlin.cli.jvm.compiler.JvmDependenciesIndex.search(JvmDependenciesIndex.kt:154)
	at org.jetbrains.kotlin.cli.jvm.compiler.JvmDependenciesIndex.findClass(JvmDependenciesIndex.kt:84)
	at org.jetbrains.kotlin.cli.jvm.compiler.JvmDependenciesIndex.findClass$default(JvmDependenciesIndex.kt:81)
	at org.jetbrains.kotlin.cli.jvm.compiler.KotlinCliJavaFileManagerImpl$findClass$1.invoke(KotlinCliJavaFileManagerImpl.kt:49)
	at org.jetbrains.kotlin.cli.jvm.compiler.KotlinCliJavaFileManagerImpl$findClass$1.invoke(KotlinCliJavaFileManagerImpl.kt:36)
	at org.jetbrains.kotlin.util.PerformanceCounter.time(PerformanceCounter.kt:92)
	at org.jetbrains.kotlin.cli.jvm.compiler.KotlinCliJavaFileManagerImpl.findClass(KotlinCliJavaFileManagerImpl.kt:47)
	at org.jetbrains.kotlin.resolve.jvm.KotlinJavaPsiFacade$KotlinPsiElementFinderImpl.findClass(KotlinJavaPsiFacade.java:340)
	at org.jetbrains.kotlin.resolve.jvm.KotlinJavaPsiFacade.findClass(KotlinJavaPsiFacade.java:106)
	at org.jetbrains.kotlin.load.java.JavaClassFinderImpl.findClass(JavaClassFinderImpl.java:91)
	at org.jetbrains.kotlin.load.java.lazy.descriptors.LazyJavaPackageScope$classes$1.invoke(LazyJavaPackageScope.kt:66)
	at org.jetbrains.kotlin.load.java.lazy.descriptors.LazyJavaPackageScope$classes$1.invoke(LazyJavaPackageScope.kt:38)
	at org.jetbrains.kotlin.storage.LockBasedStorageManager$MapBasedMemoizedFunction.invoke(LockBasedStorageManager.java:394)
	at org.jetbrains.kotlin.load.java.lazy.descriptors.LazyJavaPackageScope.findClassifier(LazyJavaPackageScope.kt:128)
	at org.jetbrains.kotlin.load.java.lazy.descriptors.LazyJavaPackageScope.getContributedClassifier(LazyJavaPackageScope.kt:118)
	at org.jetbrains.kotlin.load.java.lazy.descriptors.JvmPackageScope.getContributedClassifier(JvmPackageScope.kt:52)
	at org.jetbrains.kotlin.resolve.scopes.ChainedMemberScope.getContributedClassifier(ChainedMemberScope.kt:33)
	at org.jetbrains.kotlin.resolve.scopes.AbstractScopeAdapter.getContributedClassifier(AbstractScopeAdapter.kt:41)
	at org.jetbrains.kotlin.resolve.QualifiedExpressionResolver.collectCandidateDescriptors(QualifiedExpressionResolver.kt:201)
	at org.jetbrains.kotlin.resolve.QualifiedExpressionResolver.processSingleImport(QualifiedExpressionResolver.kt:178)
	at org.jetbrains.kotlin.resolve.QualifiedExpressionResolver.processImportReference(QualifiedExpressionResolver.kt:154)
	at org.jetbrains.kotlin.resolve.lazy.LazyImportResolver$importedScopesProvider$1.invoke(LazyImportScope.kt:84)
	at org.jetbrains.kotlin.resolve.lazy.LazyImportResolver$importedScopesProvider$1.invoke(LazyImportScope.kt:73)
	at org.jetbrains.kotlin.storage.LockBasedStorageManager$MapBasedMemoizedFunction.invoke(LockBasedStorageManager.java:394)
	at org.jetbrains.kotlin.resolve.lazy.LazyImportResolver.getImportScope(LazyImportScope.kt:161)
	at org.jetbrains.kotlin.resolve.lazy.LazyImportResolver$selectSingleFromImports$1.invoke(LazyImportScope.kt:136)
	at org.jetbrains.kotlin.resolve.lazy.LazyImportResolver$selectSingleFromImports$2.invoke(LazyImportScope.kt:142)
	at org.jetbrains.kotlin.resolve.lazy.LazyImportResolver$selectSingleFromImports$2.invoke(LazyImportScope.kt:73)
	at org.jetbrains.kotlin.storage.LockBasedStorageManager.compute(LockBasedStorageManager.java:211)
	at org.jetbrains.kotlin.resolve.lazy.LazyImportResolver.selectSingleFromImports(LazyImportScope.kt:142)
	at org.jetbrains.kotlin.resolve.lazy.LazyImportScope.getContributedClassifier(LazyImportScope.kt:187)
	at org.jetbrains.kotlin.resolve.scopes.utils.ScopeUtilsKt.findClassifier(ScopeUtils.kt:74)
	at org.jetbrains.kotlin.resolve.QualifiedExpressionResolver.resolveDescriptorForType(QualifiedExpressionResolver.kt:71)
	at org.jetbrains.kotlin.resolve.TypeResolver.resolveDescriptorForType(TypeResolver.kt:577)
	at org.jetbrains.kotlin.resolve.TypeResolver$resolveTypeElement$1.visitUserType(TypeResolver.kt:159)
	at org.jetbrains.kotlin.psi.KtVisitorVoid.visitUserType(KtVisitorVoid.java:905)
	at org.jetbrains.kotlin.psi.KtVisitorVoid.visitUserType(KtVisitorVoid.java:21)
	at org.jetbrains.kotlin.psi.KtUserType.accept(KtUserType.java:42)
	at org.jetbrains.kotlin.psi.KtElementImplStub.accept(KtElementImplStub.java:58)
	at org.jetbrains.kotlin.resolve.TypeResolver.resolveTypeElement(TypeResolver.kt:157)
	at org.jetbrains.kotlin.resolve.TypeResolver.doResolvePossiblyBareType(TypeResolver.kt:114)
	at org.jetbrains.kotlin.resolve.TypeResolver.resolvePossiblyBareType(TypeResolver.kt:102)
	at org.jetbrains.kotlin.resolve.TypeResolver.resolveType(TypeResolver.kt:72)
	at org.jetbrains.kotlin.resolve.TypeResolver.resolveType(TypeResolver.kt:67)
	at org.jetbrains.kotlin.resolve.FunctionDescriptorResolver.resolveValueParameters(FunctionDescriptorResolver.kt:320)
	at org.jetbrains.kotlin.resolve.FunctionDescriptorResolver.createConstructorDescriptor(FunctionDescriptorResolver.kt:291)
	at org.jetbrains.kotlin.resolve.FunctionDescriptorResolver.resolvePrimaryConstructorDescriptor(FunctionDescriptorResolver.kt:240)
	at org.jetbrains.kotlin.resolve.lazy.descriptors.LazyClassMemberScope.resolvePrimaryConstructor(LazyClassMemberScope.kt:290)
	at org.jetbrains.kotlin.resolve.lazy.descriptors.LazyClassMemberScope$primaryConstructor$1.invoke(LazyClassMemberScope.kt:94)
	at org.jetbrains.kotlin.resolve.lazy.descriptors.LazyClassMemberScope$primaryConstructor$1.invoke(LazyClassMemberScope.kt:48)
	at org.jetbrains.kotlin.storage.LockBasedStorageManager$LockBasedLazyValue.invoke(LockBasedStorageManager.java:321)
	at org.jetbrains.kotlin.resolve.lazy.descriptors.LazyClassMemberScope.getPrimaryConstructor(LazyClassMemberScope.kt:280)
	at org.jetbrains.kotlin.resolve.lazy.descriptors.LazyClassMemberScope.createPropertiesFromPrimaryConstructorParameters(LazyClassMemberScope.kt:216)
	at org.jetbrains.kotlin.resolve.lazy.descriptors.LazyClassMemberScope.getNonDeclaredProperties(LazyClassMemberScope.kt:201)
	at org.jetbrains.kotlin.resolve.lazy.descriptors.AbstractLazyMemberScope.doGetProperties(AbstractLazyMemberScope.kt:116)
	at org.jetbrains.kotlin.resolve.lazy.descriptors.AbstractLazyMemberScope$propertyDescriptors$1.invoke(AbstractLazyMemberScope.kt:52)
	at org.jetbrains.kotlin.resolve.lazy.descriptors.AbstractLazyMemberScope$propertyDescriptors$1.invoke(AbstractLazyMemberScope.kt:41)
	at org.jetbrains.kotlin.storage.LockBasedStorageManager$MapBasedMemoizedFunction.invoke(LockBasedStorageManager.java:394)
	at org.jetbrains.kotlin.storage.LockBasedStorageManager$MapBasedMemoizedFunctionToNotNull.invoke(LockBasedStorageManager.java:458)
	at org.jetbrains.kotlin.resolve.lazy.descriptors.AbstractLazyMemberScope.getContributedVariables(AbstractLazyMemberScope.kt:98)
	at org.jetbrains.kotlin.resolve.lazy.descriptors.LazyClassMemberScope.getContributedVariables(LazyClassMemberScope.kt:186)
	at org.jetbrains.kotlin.resolve.lazy.LazyDeclarationResolver$1.visitParameter(LazyDeclarationResolver.java:179)
	at org.jetbrains.kotlin.resolve.lazy.LazyDeclarationResolver$1.visitParameter(LazyDeclarationResolver.java:118)
	at org.jetbrains.kotlin.psi.KtParameter.accept(KtParameter.java:49)
	at org.jetbrains.kotlin.resolve.lazy.LazyDeclarationResolver.resolveToDescriptor(LazyDeclarationResolver.java:118)
	at org.jetbrains.kotlin.resolve.lazy.LazyDeclarationResolver.resolveToDescriptor(LazyDeclarationResolver.java:113)
	at org.jetbrains.kotlin.resolve.LazyTopDownAnalyzer$analyzeDeclarations$1.registerPrimaryConstructorParameters(LazyTopDownAnalyzer.kt:140)
	at org.jetbrains.kotlin.resolve.LazyTopDownAnalyzer$analyzeDeclarations$1.visitClass(LazyTopDownAnalyzer.kt:134)
	at org.jetbrains.kotlin.psi.KtVisitorVoid.visitClass(KtVisitorVoid.java:447)
	at org.jetbrains.kotlin.psi.KtVisitorVoid.visitClass(KtVisitorVoid.java:21)
	at org.jetbrains.kotlin.psi.KtClass.accept(KtClass.kt:34)
	at org.jetbrains.kotlin.psi.KtElementImplStub.accept(KtElementImplStub.java:58)
	at org.jetbrains.kotlin.resolve.ExceptionWrappingKtVisitorVoid.visitDeclaration(ExceptionWrappingKtVisitorVoid.kt:31)
	at org.jetbrains.kotlin.psi.KtVisitorVoid.visitDeclaration(KtVisitorVoid.java:441)
	at org.jetbrains.kotlin.psi.KtVisitorVoid.visitDeclaration(KtVisitorVoid.java:21)
	at org.jetbrains.kotlin.psi.KtVisitor.visitNamedDeclaration(KtVisitor.java:386)
	at org.jetbrains.kotlin.psi.KtVisitorVoid.visitNamedDeclaration(KtVisitorVoid.java:369)
	at org.jetbrains.kotlin.psi.KtVisitorVoid.visitNamedDeclaration(KtVisitorVoid.java:941)
	at org.jetbrains.kotlin.psi.KtVisitorVoid.visitNamedDeclaration(KtVisitorVoid.java:21)
	at org.jetbrains.kotlin.psi.KtVisitor.visitClassOrObject(KtVisitor.java:41)
	at org.jetbrains.kotlin.psi.KtVisitorVoid.visitClassOrObject(KtVisitorVoid.java:37)
	at org.jetbrains.kotlin.psi.KtVisitorVoid.visitClassOrObject(KtVisitorVoid.java:453)
	at org.jetbrains.kotlin.psi.KtVisitorVoid.visitClassOrObject(KtVisitorVoid.java:21)
	at org.jetbrains.kotlin.psi.KtVisitor.visitClass(KtVisitor.java:33)
	at org.jetbrains.kotlin.psi.KtVisitorVoid.visitClass(KtVisitorVoid.java:33)
	at org.jetbrains.kotlin.psi.KtVisitorVoid.visitClass(KtVisitorVoid.java:447)
	at org.jetbrains.kotlin.psi.KtVisitorVoid.visitClass(KtVisitorVoid.java:21)
	at org.jetbrains.kotlin.psi.KtClass.accept(KtClass.kt:34)
	at org.jetbrains.kotlin.psi.KtElementImplStub.accept(KtElementImplStub.java:58)
	at org.jetbrains.kotlin.resolve.LazyTopDownAnalyzer$analyzeDeclarations$1.registerDeclarations(LazyTopDownAnalyzer.kt:65)
	at org.jetbrains.kotlin.resolve.LazyTopDownAnalyzer$analyzeDeclarations$1.visitKtFile(LazyTopDownAnalyzer.kt:83)
	at org.jetbrains.kotlin.psi.KtVisitorVoid.visitKtFile(KtVisitorVoid.java:495)
	at org.jetbrains.kotlin.psi.KtVisitorVoid.visitKtFile(KtVisitorVoid.java:21)
	at org.jetbrains.kotlin.psi.KtFile.accept(KtFile.java:224)
	at org.jetbrains.kotlin.psi.KtFile.accept(KtFile.java:204)
	at org.jetbrains.kotlin.resolve.ExceptionWrappingKtVisitorVoid.visitElement(ExceptionWrappingKtVisitorVoid.kt:26)
	at org.jetbrains.kotlin.com.intellij.psi.PsiElementVisitor.visitFile(PsiElementVisitor.java:34)
	at org.jetbrains.kotlin.psi.KtVisitor.visitKtFile(KtVisitor.java:69)
	at org.jetbrains.kotlin.psi.KtVisitorVoid.visitKtFile(KtVisitorVoid.java:65)
	at org.jetbrains.kotlin.psi.KtVisitorVoid.visitKtFile(KtVisitorVoid.java:495)
	at org.jetbrains.kotlin.psi.KtVisitorVoid.visitKtFile(KtVisitorVoid.java:21)
	at org.jetbrains.kotlin.psi.KtFile.accept(KtFile.java:224)
	at org.jetbrains.kotlin.psi.KtFile.accept(KtFile.java:204)
	at org.jetbrains.kotlin.resolve.LazyTopDownAnalyzer.analyzeDeclarations(LazyTopDownAnalyzer.kt:175)
	at org.jetbrains.kotlin.resolve.LazyTopDownAnalyzerForTopLevel.analyzeDeclarations(LazyTopDownAnalyzerForTopLevel.java:74)
	at org.jetbrains.kotlin.resolve.LazyTopDownAnalyzerForTopLevel.analyzeFiles(LazyTopDownAnalyzerForTopLevel.java:66)
	at org.jetbrains.kotlin.resolve.jvm.TopDownAnalyzerFacadeForJVM.analyzeFilesWithJavaIntegration(TopDownAnalyzerFacadeForJVM.java:151)
	at org.jetbrains.kotlin.resolve.jvm.TopDownAnalyzerFacadeForJVM.analyzeFilesWithJavaIntegrationWithCustomContext(TopDownAnalyzerFacadeForJVM.java:79)
	at org.jetbrains.kotlin.cli.jvm.compiler.KotlinToJVMBytecodeCompiler$analyze$1.analyze(KotlinToJVMBytecodeCompiler.kt:362)
	at org.jetbrains.kotlin.cli.common.messages.AnalyzerWithCompilerReport.analyzeAndReport(AnalyzerWithCompilerReport.kt:126)
	at org.jetbrains.kotlin.cli.jvm.compiler.KotlinToJVMBytecodeCompiler.analyze(KotlinToJVMBytecodeCompiler.kt:355)
	at org.jetbrains.kotlin.cli.jvm.compiler.KotlinToJVMBytecodeCompiler.compileModules(KotlinToJVMBytecodeCompiler.kt:130)
	at org.jetbrains.kotlin.cli.jvm.K2JVMCompiler.doExecute(K2JVMCompiler.kt:183)
	at org.jetbrains.kotlin.cli.jvm.K2JVMCompiler.doExecute(K2JVMCompiler.kt:52)
	at org.jetbrains.kotlin.cli.common.CLICompiler.exec(CLICompiler.java:199)
	at org.jetbrains.kotlin.gradle.tasks.KotlinCompile.compileNotIncremental(Tasks.kt:594)
	at org.jetbrains.kotlin.gradle.tasks.KotlinCompile.callCompiler(Tasks.kt:419)
	at org.jetbrains.kotlin.gradle.tasks.KotlinCompile.callCompiler(Tasks.kt:151)
	at org.jetbrains.kotlin.gradle.tasks.AbstractKotlinCompile.execute(Tasks.kt:117)
	at java.base/jdk.internal.reflect.NativeMethodAccessorImpl.invoke0(Native Method)
	at java.base/jdk.internal.reflect.NativeMethodAccessorImpl.invoke(NativeMethodAccessorImpl.java:62)
	at java.base/jdk.internal.reflect.DelegatingMethodAccessorImpl.invoke(DelegatingMethodAccessorImpl.java:43)
	at java.base/java.lang.reflect.Method.invoke(Method.java:566)
	at org.gradle.internal.reflect.JavaMethod.invoke(JavaMethod.java:73)
	at org.gradle.api.internal.project.taskfactory.IncrementalTaskAction.doExecute(IncrementalTaskAction.java:46)
	at org.gradle.api.internal.project.taskfactory.StandardTaskAction.execute(StandardTaskAction.java:41)
	at org.gradle.api.internal.project.taskfactory.StandardTaskAction.execute(StandardTaskAction.java:28)
	at org.gradle.api.internal.tasks.execution.ExecuteActionsTaskExecuter$1.run(ExecuteActionsTaskExecuter.java:117)
	at org.gradle.internal.operations.DefaultBuildOperationExecutor$RunnableBuildOperationWorker.execute(DefaultBuildOperationExecutor.java:301)
	at org.gradle.internal.operations.DefaultBuildOperationExecutor$RunnableBuildOperationWorker.execute(DefaultBuildOperationExecutor.java:293)
	at org.gradle.internal.operations.DefaultBuildOperationExecutor.execute(DefaultBuildOperationExecutor.java:175)
	at org.gradle.internal.operations.DefaultBuildOperationExecutor.run(DefaultBuildOperationExecutor.java:91)
	at org.gradle.internal.operations.DelegatingBuildOperationExecutor.run(DelegatingBuildOperationExecutor.java:31)
	at org.gradle.api.internal.tasks.execution.ExecuteActionsTaskExecuter.executeAction(ExecuteActionsTaskExecuter.java:106)
	at org.gradle.api.internal.tasks.execution.ExecuteActionsTaskExecuter.executeActions(ExecuteActionsTaskExecuter.java:85)
	at org.gradle.api.internal.tasks.execution.ExecuteActionsTaskExecuter.execute(ExecuteActionsTaskExecuter.java:65)
	at org.gradle.api.internal.tasks.execution.ActionEventFiringTaskExecuter.execute(ActionEventFiringTaskExecuter.java:44)
	at org.gradle.api.internal.tasks.execution.TimeoutTaskExecuter.execute(TimeoutTaskExecuter.java:53)
	at org.gradle.api.internal.tasks.execution.SnapshotAfterExecutionTaskExecuter.execute(SnapshotAfterExecutionTaskExecuter.java:38)
	at org.gradle.api.internal.tasks.execution.OutputDirectoryCreatingTaskExecuter.execute(OutputDirectoryCreatingTaskExecuter.java:51)
	at org.gradle.api.internal.tasks.execution.SkipUpToDateTaskExecuter.execute(SkipUpToDateTaskExecuter.java:59)
	at org.gradle.api.internal.tasks.execution.ResolveTaskOutputCachingStateExecuter.execute(ResolveTaskOutputCachingStateExecuter.java:49)
	at org.gradle.api.internal.tasks.execution.ValidatingTaskExecuter.execute(ValidatingTaskExecuter.java:61)
	at org.gradle.api.internal.tasks.execution.SkipEmptySourceFilesTaskExecuter.execute(SkipEmptySourceFilesTaskExecuter.java:101)
	at org.gradle.api.internal.tasks.execution.CleanupStaleOutputsExecuter.execute(CleanupStaleOutputsExecuter.java:91)
	at org.gradle.api.internal.tasks.execution.FinalizePropertiesTaskExecuter.execute(FinalizePropertiesTaskExecuter.java:44)
	at org.gradle.api.internal.tasks.execution.ResolveTaskArtifactStateTaskExecuter.execute(ResolveTaskArtifactStateTaskExecuter.java:62)
	at org.gradle.api.internal.tasks.execution.SkipTaskWithNoActionsExecuter.execute(SkipTaskWithNoActionsExecuter.java:55)
	at org.gradle.api.internal.tasks.execution.SkipOnlyIfTaskExecuter.execute(SkipOnlyIfTaskExecuter.java:54)
	at org.gradle.api.internal.tasks.execution.CatchExceptionTaskExecuter.execute(CatchExceptionTaskExecuter.java:35)
	at org.gradle.api.internal.tasks.execution.EventFiringTaskExecuter$1.run(EventFiringTaskExecuter.java:49)
	at org.gradle.internal.operations.DefaultBuildOperationExecutor$RunnableBuildOperationWorker.execute(DefaultBuildOperationExecutor.java:301)
	at org.gradle.internal.operations.DefaultBuildOperationExecutor$RunnableBuildOperationWorker.execute(DefaultBuildOperationExecutor.java:293)
	at org.gradle.internal.operations.DefaultBuildOperationExecutor.execute(DefaultBuildOperationExecutor.java:175)
	at org.gradle.internal.operations.DefaultBuildOperationExecutor.run(DefaultBuildOperationExecutor.java:91)
	at org.gradle.internal.operations.DelegatingBuildOperationExecutor.run(DelegatingBuildOperationExecutor.java:31)
	at org.gradle.api.internal.tasks.execution.EventFiringTaskExecuter.execute(EventFiringTaskExecuter.java:44)
	at org.gradle.execution.plan.LocalTaskNodeExecutor.execute(LocalTaskNodeExecutor.java:43)
	at org.gradle.execution.taskgraph.DefaultTaskExecutionGraph$InvokeNodeExecutorsAction.execute(DefaultTaskExecutionGraph.java:337)
	at org.gradle.execution.taskgraph.DefaultTaskExecutionGraph$InvokeNodeExecutorsAction.execute(DefaultTaskExecutionGraph.java:325)
	at org.gradle.execution.taskgraph.DefaultTaskExecutionGraph$BuildOperationAwareExecutionAction.execute(DefaultTaskExecutionGraph.java:318)
	at org.gradle.execution.taskgraph.DefaultTaskExecutionGraph$BuildOperationAwareExecutionAction.execute(DefaultTaskExecutionGraph.java:304)
	at org.gradle.execution.plan.DefaultPlanExecutor$ExecutorWorker$1.execute(DefaultPlanExecutor.java:134)
	at org.gradle.execution.plan.DefaultPlanExecutor$ExecutorWorker$1.execute(DefaultPlanExecutor.java:129)
	at org.gradle.execution.plan.DefaultPlanExecutor$ExecutorWorker.execute(DefaultPlanExecutor.java:202)
	at org.gradle.execution.plan.DefaultPlanExecutor$ExecutorWorker.executeNextNode(DefaultPlanExecutor.java:193)
	at org.gradle.execution.plan.DefaultPlanExecutor$ExecutorWorker.run(DefaultPlanExecutor.java:129)
	at org.gradle.execution.plan.DefaultPlanExecutor.process(DefaultPlanExecutor.java:74)
	at org.gradle.execution.taskgraph.DefaultTaskExecutionGraph.executeWithServices(DefaultTaskExecutionGraph.java:167)
	at org.gradle.execution.taskgraph.DefaultTaskExecutionGraph.execute(DefaultTaskExecutionGraph.java:150)
	at org.gradle.execution.SelectedTaskExecutionAction.execute(SelectedTaskExecutionAction.java:41)
	at org.gradle.execution.DefaultBuildExecuter.execute(DefaultBuildExecuter.java:40)
	at org.gradle.execution.DefaultBuildExecuter.access$000(DefaultBuildExecuter.java:24)
	at org.gradle.execution.DefaultBuildExecuter$1.proceed(DefaultBuildExecuter.java:46)
	at org.gradle.execution.DryRunBuildExecutionAction.execute(DryRunBuildExecutionAction.java:49)
	at org.gradle.execution.DefaultBuildExecuter.execute(DefaultBuildExecuter.java:40)
	at org.gradle.execution.DefaultBuildExecuter.execute(DefaultBuildExecuter.java:33)
	at org.gradle.initialization.DefaultGradleLauncher$ExecuteTasks.run(DefaultGradleLauncher.java:367)
	at org.gradle.internal.operations.DefaultBuildOperationExecutor$RunnableBuildOperationWorker.execute(DefaultBuildOperationExecutor.java:301)
	at org.gradle.internal.operations.DefaultBuildOperationExecutor$RunnableBuildOperationWorker.execute(DefaultBuildOperationExecutor.java:293)
	at org.gradle.internal.operations.DefaultBuildOperationExecutor.execute(DefaultBuildOperationExecutor.java:175)
	at org.gradle.internal.operations.DefaultBuildOperationExecutor.run(DefaultBuildOperationExecutor.java:91)
	at org.gradle.internal.operations.DelegatingBuildOperationExecutor.run(DelegatingBuildOperationExecutor.java:31)
	at org.gradle.initialization.DefaultGradleLauncher.runTasks(DefaultGradleLauncher.java:231)
	at org.gradle.initialization.DefaultGradleLauncher.doBuildStages(DefaultGradleLauncher.java:158)
	at org.gradle.initialization.DefaultGradleLauncher.executeTasks(DefaultGradleLauncher.java:133)
	at org.gradle.internal.invocation.GradleBuildController$1.execute(GradleBuildController.java:79)
	at org.gradle.internal.invocation.GradleBuildController$1.execute(GradleBuildController.java:76)
	at org.gradle.internal.invocation.GradleBuildController$3.create(GradleBuildController.java:103)
	at org.gradle.internal.invocation.GradleBuildController$3.create(GradleBuildController.java:96)
	at org.gradle.internal.work.DefaultWorkerLeaseService.withLocks(DefaultWorkerLeaseService.java:183)
	at org.gradle.internal.work.StopShieldingWorkerLeaseService.withLocks(StopShieldingWorkerLeaseService.java:40)
	at org.gradle.internal.invocation.GradleBuildController.doBuild(GradleBuildController.java:96)
	at org.gradle.internal.invocation.GradleBuildController.run(GradleBuildController.java:76)
	at org.gradle.tooling.internal.provider.ExecuteBuildActionRunner.run(ExecuteBuildActionRunner.java:28)
	at org.gradle.launcher.exec.ChainingBuildActionRunner.run(ChainingBuildActionRunner.java:35)
	at org.gradle.tooling.internal.provider.ValidatingBuildActionRunner.run(ValidatingBuildActionRunner.java:32)
	at org.gradle.launcher.exec.RunAsBuildOperationBuildActionRunner$3.run(RunAsBuildOperationBuildActionRunner.java:49)
	at org.gradle.internal.operations.DefaultBuildOperationExecutor$RunnableBuildOperationWorker.execute(DefaultBuildOperationExecutor.java:301)
	at org.gradle.internal.operations.DefaultBuildOperationExecutor$RunnableBuildOperationWorker.execute(DefaultBuildOperationExecutor.java:293)
	at org.gradle.internal.operations.DefaultBuildOperationExecutor.execute(DefaultBuildOperationExecutor.java:175)
	at org.gradle.internal.operations.DefaultBuildOperationExecutor.run(DefaultBuildOperationExecutor.java:91)
	at org.gradle.internal.operations.DelegatingBuildOperationExecutor.run(DelegatingBuildOperationExecutor.java:31)
	at org.gradle.launcher.exec.RunAsBuildOperationBuildActionRunner.run(RunAsBuildOperationBuildActionRunner.java:44)
	at org.gradle.tooling.internal.provider.SubscribableBuildActionRunner.run(SubscribableBuildActionRunner.java:51)
	at org.gradle.launcher.exec.InProcessBuildActionExecuter$1.transform(InProcessBuildActionExecuter.java:47)
	at org.gradle.launcher.exec.InProcessBuildActionExecuter$1.transform(InProcessBuildActionExecuter.java:44)
	at org.gradle.composite.internal.DefaultRootBuildState.run(DefaultRootBuildState.java:79)
	at org.gradle.launcher.exec.InProcessBuildActionExecuter.execute(InProcessBuildActionExecuter.java:44)
	at org.gradle.launcher.exec.InProcessBuildActionExecuter.execute(InProcessBuildActionExecuter.java:30)
	at org.gradle.launcher.exec.BuildTreeScopeBuildActionExecuter.execute(BuildTreeScopeBuildActionExecuter.java:39)
	at org.gradle.launcher.exec.BuildTreeScopeBuildActionExecuter.execute(BuildTreeScopeBuildActionExecuter.java:25)
	at org.gradle.tooling.internal.provider.ContinuousBuildActionExecuter.execute(ContinuousBuildActionExecuter.java:78)
	at org.gradle.tooling.internal.provider.ContinuousBuildActionExecuter.execute(ContinuousBuildActionExecuter.java:52)
	at org.gradle.tooling.internal.provider.ServicesSetupBuildActionExecuter.execute(ServicesSetupBuildActionExecuter.java:62)
	at org.gradle.tooling.internal.provider.ServicesSetupBuildActionExecuter.execute(ServicesSetupBuildActionExecuter.java:34)
	at org.gradle.tooling.internal.provider.GradleThreadBuildActionExecuter.execute(GradleThreadBuildActionExecuter.java:36)
	at org.gradle.tooling.internal.provider.GradleThreadBuildActionExecuter.execute(GradleThreadBuildActionExecuter.java:25)
	at org.gradle.tooling.internal.provider.ParallelismConfigurationBuildActionExecuter.execute(ParallelismConfigurationBuildActionExecuter.java:43)
	at org.gradle.tooling.internal.provider.ParallelismConfigurationBuildActionExecuter.execute(ParallelismConfigurationBuildActionExecuter.java:29)
	at org.gradle.tooling.internal.provider.StartParamsValidatingActionExecuter.execute(StartParamsValidatingActionExecuter.java:59)
	at org.gradle.tooling.internal.provider.StartParamsValidatingActionExecuter.execute(StartParamsValidatingActionExecuter.java:31)
	at org.gradle.tooling.internal.provider.SessionFailureReportingActionExecuter.execute(SessionFailureReportingActionExecuter.java:59)
	at org.gradle.tooling.internal.provider.SessionFailureReportingActionExecuter.execute(SessionFailureReportingActionExecuter.java:44)
	at org.gradle.tooling.internal.provider.SetupLoggingActionExecuter.execute(SetupLoggingActionExecuter.java:46)
	at org.gradle.tooling.internal.provider.SetupLoggingActionExecuter.execute(SetupLoggingActionExecuter.java:30)
	at org.gradle.launcher.daemon.server.exec.ExecuteBuild.doBuild(ExecuteBuild.java:67)
	at org.gradle.launcher.daemon.server.exec.BuildCommandOnly.execute(BuildCommandOnly.java:36)
	at org.gradle.launcher.daemon.server.api.DaemonCommandExecution.proceed(DaemonCommandExecution.java:122)
	at org.gradle.launcher.daemon.server.exec.WatchForDisconnection.execute(WatchForDisconnection.java:37)
	at org.gradle.launcher.daemon.server.api.DaemonCommandExecution.proceed(DaemonCommandExecution.java:122)
	at org.gradle.launcher.daemon.server.exec.ResetDeprecationLogger.execute(ResetDeprecationLogger.java:26)
	at org.gradle.launcher.daemon.server.api.DaemonCommandExecution.proceed(DaemonCommandExecution.java:122)
	at org.gradle.launcher.daemon.server.exec.RequestStopIfSingleUsedDaemon.execute(RequestStopIfSingleUsedDaemon.java:34)
	at org.gradle.launcher.daemon.server.api.DaemonCommandExecution.proceed(DaemonCommandExecution.java:122)
	at org.gradle.launcher.daemon.server.exec.ForwardClientInput$2.call(ForwardClientInput.java:74)
	at org.gradle.launcher.daemon.server.exec.ForwardClientInput$2.call(ForwardClientInput.java:72)
	at org.gradle.util.Swapper.swap(Swapper.java:38)
	at org.gradle.launcher.daemon.server.exec.ForwardClientInput.execute(ForwardClientInput.java:72)
	at org.gradle.launcher.daemon.server.api.DaemonCommandExecution.proceed(DaemonCommandExecution.java:122)
	at org.gradle.launcher.daemon.server.exec.LogAndCheckHealth.execute(LogAndCheckHealth.java:55)
	at org.gradle.launcher.daemon.server.api.DaemonCommandExecution.proceed(DaemonCommandExecution.java:122)
	at org.gradle.launcher.daemon.server.exec.LogToClient.doBuild(LogToClient.java:62)
	at org.gradle.launcher.daemon.server.exec.BuildCommandOnly.execute(BuildCommandOnly.java:36)
	at org.gradle.launcher.daemon.server.api.DaemonCommandExecution.proceed(DaemonCommandExecution.java:122)
	at org.gradle.launcher.daemon.server.exec.EstablishBuildEnvironment.doBuild(EstablishBuildEnvironment.java:81)
	at org.gradle.launcher.daemon.server.exec.BuildCommandOnly.execute(BuildCommandOnly.java:36)
	at org.gradle.launcher.daemon.server.api.DaemonCommandExecution.proceed(DaemonCommandExecution.java:122)
	at org.gradle.launcher.daemon.server.exec.StartBuildOrRespondWithBusy$1.run(StartBuildOrRespondWithBusy.java:50)
	at org.gradle.launcher.daemon.server.DaemonStateCoordinator$1.run(DaemonStateCoordinator.java:295)
	at org.gradle.internal.concurrent.ExecutorPolicy$CatchAndRecordFailures.onExecute(ExecutorPolicy.java:63)
	at org.gradle.internal.concurrent.ManagedExecutorImpl$1.run(ManagedExecutorImpl.java:46)
	at java.base/java.util.concurrent.ThreadPoolExecutor.runWorker(ThreadPoolExecutor.java:1128)
	at java.base/java.util.concurrent.ThreadPoolExecutor$Worker.run(ThreadPoolExecutor.java:628)
	at org.gradle.internal.concurrent.ThreadFactoryImpl$ManagedThreadRunnable.run(ThreadFactoryImpl.java:55)
	at java.base/java.lang.Thread.run(Thread.java:829)
Caused by: java.lang.ClassNotFoundException: sun.reflect.ConstructorAccessor
	at java.base/java.net.URLClassLoader.findClass(URLClassLoader.java:476)
	at java.base/java.lang.ClassLoader.loadClass(ClassLoader.java:589)
	at java.base/java.lang.ClassLoader.loadClass(ClassLoader.java:522)
	... 279 more
e: org.jetbrains.kotlin.util.KotlinFrontEndException: Front-end Internal error: Failed to analyze declaration LocalProperties
Cause: sun/reflect/ConstructorAccessor
File being compiled and position: (28,1) in /mnt/batch/tasks/workitems/NONDEX_nondex_r131_1M31d16h48m2s/job-1/Task312/wd/NonDex-plugin-test/github.com/madisp/localprops/localprops/src/main/kotlin/pink/madis/gradle/localprops/plugin.kt
PsiElement: class LocalProperties(
    internal val props: Map<String, String>,
    internal val project: Project) : Map<String, String> by props {

  @Suppress("unused")
  fun file(key: String) = props[key]?.let { project.file(it) }
}
The root cause was thrown at: DefaultLogger.java:68
	at org.jetbrains.kotlin.resolve.ExceptionWrappingKtVisitorVoid.visitDeclaration(ExceptionWrappingKtVisitorVoid.kt:35)
	at org.jetbrains.kotlin.psi.KtVisitorVoid.visitDeclaration(KtVisitorVoid.java:441)
	at org.jetbrains.kotlin.psi.KtVisitorVoid.visitDeclaration(KtVisitorVoid.java:21)
	at org.jetbrains.kotlin.psi.KtVisitor.visitNamedDeclaration(KtVisitor.java:386)
	at org.jetbrains.kotlin.psi.KtVisitorVoid.visitNamedDeclaration(KtVisitorVoid.java:369)
	at org.jetbrains.kotlin.psi.KtVisitorVoid.visitNamedDeclaration(KtVisitorVoid.java:941)
	at org.jetbrains.kotlin.psi.KtVisitorVoid.visitNamedDeclaration(KtVisitorVoid.java:21)
	at org.jetbrains.kotlin.psi.KtVisitor.visitClassOrObject(KtVisitor.java:41)
	at org.jetbrains.kotlin.psi.KtVisitorVoid.visitClassOrObject(KtVisitorVoid.java:37)
	at org.jetbrains.kotlin.psi.KtVisitorVoid.visitClassOrObject(KtVisitorVoid.java:453)
	at org.jetbrains.kotlin.psi.KtVisitorVoid.visitClassOrObject(KtVisitorVoid.java:21)
	at org.jetbrains.kotlin.psi.KtVisitor.visitClass(KtVisitor.java:33)
	at org.jetbrains.kotlin.psi.KtVisitorVoid.visitClass(KtVisitorVoid.java:33)
	at org.jetbrains.kotlin.psi.KtVisitorVoid.visitClass(KtVisitorVoid.java:447)
	at org.jetbrains.kotlin.psi.KtVisitorVoid.visitClass(KtVisitorVoid.java:21)
	at org.jetbrains.kotlin.psi.KtClass.accept(KtClass.kt:34)
	at org.jetbrains.kotlin.psi.KtElementImplStub.accept(KtElementImplStub.java:58)
	at org.jetbrains.kotlin.resolve.LazyTopDownAnalyzer$analyzeDeclarations$1.registerDeclarations(LazyTopDownAnalyzer.kt:65)
	at org.jetbrains.kotlin.resolve.LazyTopDownAnalyzer$analyzeDeclarations$1.visitKtFile(LazyTopDownAnalyzer.kt:83)
	at org.jetbrains.kotlin.psi.KtVisitorVoid.visitKtFile(KtVisitorVoid.java:495)
	at org.jetbrains.kotlin.psi.KtVisitorVoid.visitKtFile(KtVisitorVoid.java:21)
	at org.jetbrains.kotlin.psi.KtFile.accept(KtFile.java:224)
	at org.jetbrains.kotlin.psi.KtFile.accept(KtFile.java:204)
	at org.jetbrains.kotlin.resolve.ExceptionWrappingKtVisitorVoid.visitElement(ExceptionWrappingKtVisitorVoid.kt:26)
	at org.jetbrains.kotlin.com.intellij.psi.PsiElementVisitor.visitFile(PsiElementVisitor.java:34)
	at org.jetbrains.kotlin.psi.KtVisitor.visitKtFile(KtVisitor.java:69)
	at org.jetbrains.kotlin.psi.KtVisitorVoid.visitKtFile(KtVisitorVoid.java:65)
	at org.jetbrains.kotlin.psi.KtVisitorVoid.visitKtFile(KtVisitorVoid.java:495)
	at org.jetbrains.kotlin.psi.KtVisitorVoid.visitKtFile(KtVisitorVoid.java:21)
	at org.jetbrains.kotlin.psi.KtFile.accept(KtFile.java:224)
	at org.jetbrains.kotlin.psi.KtFile.accept(KtFile.java:204)
	at org.jetbrains.kotlin.resolve.LazyTopDownAnalyzer.analyzeDeclarations(LazyTopDownAnalyzer.kt:175)
	at org.jetbrains.kotlin.resolve.LazyTopDownAnalyzerForTopLevel.analyzeDeclarations(LazyTopDownAnalyzerForTopLevel.java:74)
	at org.jetbrains.kotlin.resolve.LazyTopDownAnalyzerForTopLevel.analyzeFiles(LazyTopDownAnalyzerForTopLevel.java:66)
	at org.jetbrains.kotlin.resolve.jvm.TopDownAnalyzerFacadeForJVM.analyzeFilesWithJavaIntegration(TopDownAnalyzerFacadeForJVM.java:151)
	at org.jetbrains.kotlin.resolve.jvm.TopDownAnalyzerFacadeForJVM.analyzeFilesWithJavaIntegrationWithCustomContext(TopDownAnalyzerFacadeForJVM.java:79)
	at org.jetbrains.kotlin.cli.jvm.compiler.KotlinToJVMBytecodeCompiler$analyze$1.analyze(KotlinToJVMBytecodeCompiler.kt:362)
	at org.jetbrains.kotlin.cli.common.messages.AnalyzerWithCompilerReport.analyzeAndReport(AnalyzerWithCompilerReport.kt:126)
	at org.jetbrains.kotlin.cli.jvm.compiler.KotlinToJVMBytecodeCompiler.analyze(KotlinToJVMBytecodeCompiler.kt:355)
	at org.jetbrains.kotlin.cli.jvm.compiler.KotlinToJVMBytecodeCompiler.compileModules(KotlinToJVMBytecodeCompiler.kt:130)
	at org.jetbrains.kotlin.cli.jvm.K2JVMCompiler.doExecute(K2JVMCompiler.kt:183)
	at org.jetbrains.kotlin.cli.jvm.K2JVMCompiler.doExecute(K2JVMCompiler.kt:52)
	at org.jetbrains.kotlin.cli.common.CLICompiler.exec(CLICompiler.java:199)
	at org.jetbrains.kotlin.gradle.tasks.KotlinCompile.compileNotIncremental(Tasks.kt:594)
	at org.jetbrains.kotlin.gradle.tasks.KotlinCompile.callCompiler(Tasks.kt:419)
	at org.jetbrains.kotlin.gradle.tasks.KotlinCompile.callCompiler(Tasks.kt:151)
	at org.jetbrains.kotlin.gradle.tasks.AbstractKotlinCompile.execute(Tasks.kt:117)
	at java.base/jdk.internal.reflect.NativeMethodAccessorImpl.invoke0(Native Method)
	at java.base/jdk.internal.reflect.NativeMethodAccessorImpl.invoke(NativeMethodAccessorImpl.java:62)
	at java.base/jdk.internal.reflect.DelegatingMethodAccessorImpl.invoke(DelegatingMethodAccessorImpl.java:43)
	at java.base/java.lang.reflect.Method.invoke(Method.java:566)
	at org.gradle.internal.reflect.JavaMethod.invoke(JavaMethod.java:73)
	at org.gradle.api.internal.project.taskfactory.IncrementalTaskAction.doExecute(IncrementalTaskAction.java:46)
	at org.gradle.api.internal.project.taskfactory.StandardTaskAction.execute(StandardTaskAction.java:41)
	at org.gradle.api.internal.project.taskfactory.StandardTaskAction.execute(StandardTaskAction.java:28)
	at org.gradle.api.internal.tasks.execution.ExecuteActionsTaskExecuter$1.run(ExecuteActionsTaskExecuter.java:117)
	at org.gradle.internal.operations.DefaultBuildOperationExecutor$RunnableBuildOperationWorker.execute(DefaultBuildOperationExecutor.java:301)
	at org.gradle.internal.operations.DefaultBuildOperationExecutor$RunnableBuildOperationWorker.execute(DefaultBuildOperationExecutor.java:293)
	at org.gradle.internal.operations.DefaultBuildOperationExecutor.execute(DefaultBuildOperationExecutor.java:175)
	at org.gradle.internal.operations.DefaultBuildOperationExecutor.run(DefaultBuildOperationExecutor.java:91)
	at org.gradle.internal.operations.DelegatingBuildOperationExecutor.run(DelegatingBuildOperationExecutor.java:31)
	at org.gradle.api.internal.tasks.execution.ExecuteActionsTaskExecuter.executeAction(ExecuteActionsTaskExecuter.java:106)
	at org.gradle.api.internal.tasks.execution.ExecuteActionsTaskExecuter.executeActions(ExecuteActionsTaskExecuter.java:85)
	at org.gradle.api.internal.tasks.execution.ExecuteActionsTaskExecuter.execute(ExecuteActionsTaskExecuter.java:65)
	at org.gradle.api.internal.tasks.execution.ActionEventFiringTaskExecuter.execute(ActionEventFiringTaskExecuter.java:44)
	at org.gradle.api.internal.tasks.execution.TimeoutTaskExecuter.execute(TimeoutTaskExecuter.java:53)
	at org.gradle.api.internal.tasks.execution.SnapshotAfterExecutionTaskExecuter.execute(SnapshotAfterExecutionTaskExecuter.java:38)
	at org.gradle.api.internal.tasks.execution.OutputDirectoryCreatingTaskExecuter.execute(OutputDirectoryCreatingTaskExecuter.java:51)
	at org.gradle.api.internal.tasks.execution.SkipUpToDateTaskExecuter.execute(SkipUpToDateTaskExecuter.java:59)
	at org.gradle.api.internal.tasks.execution.ResolveTaskOutputCachingStateExecuter.execute(ResolveTaskOutputCachingStateExecuter.java:49)
	at org.gradle.api.internal.tasks.execution.ValidatingTaskExecuter.execute(ValidatingTaskExecuter.java:61)
	at org.gradle.api.internal.tasks.execution.SkipEmptySourceFilesTaskExecuter.execute(SkipEmptySourceFilesTaskExecuter.java:101)
	at org.gradle.api.internal.tasks.execution.CleanupStaleOutputsExecuter.execute(CleanupStaleOutputsExecuter.java:91)
	at org.gradle.api.internal.tasks.execution.FinalizePropertiesTaskExecuter.execute(FinalizePropertiesTaskExecuter.java:44)
	at org.gradle.api.internal.tasks.execution.ResolveTaskArtifactStateTaskExecuter.execute(ResolveTaskArtifactStateTaskExecuter.java:62)
	at org.gradle.api.internal.tasks.execution.SkipTaskWithNoActionsExecuter.execute(SkipTaskWithNoActionsExecuter.java:55)
	at org.gradle.api.internal.tasks.execution.SkipOnlyIfTaskExecuter.execute(SkipOnlyIfTaskExecuter.java:54)
	at org.gradle.api.internal.tasks.execution.CatchExceptionTaskExecuter.execute(CatchExceptionTaskExecuter.java:35)
	at org.gradle.api.internal.tasks.execution.EventFiringTaskExecuter$1.run(EventFiringTaskExecuter.java:49)
	at org.gradle.internal.operations.DefaultBuildOperationExecutor$RunnableBuildOperationWorker.execute(DefaultBuildOperationExecutor.java:301)
	at org.gradle.internal.operations.DefaultBuildOperationExecutor$RunnableBuildOperationWorker.execute(DefaultBuildOperationExecutor.java:293)
	at org.gradle.internal.operations.DefaultBuildOperationExecutor.execute(DefaultBuildOperationExecutor.java:175)
	at org.gradle.internal.operations.DefaultBuildOperationExecutor.run(DefaultBuildOperationExecutor.java:91)
	at org.gradle.internal.operations.DelegatingBuildOperationExecutor.run(DelegatingBuildOperationExecutor.java:31)
	at org.gradle.api.internal.tasks.execution.EventFiringTaskExecuter.execute(EventFiringTaskExecuter.java:44)
	at org.gradle.execution.plan.LocalTaskNodeExecutor.execute(LocalTaskNodeExecutor.java:43)
	at org.gradle.execution.taskgraph.DefaultTaskExecutionGraph$InvokeNodeExecutorsAction.execute(DefaultTaskExecutionGraph.java:337)
	at org.gradle.execution.taskgraph.DefaultTaskExecutionGraph$InvokeNodeExecutorsAction.execute(DefaultTaskExecutionGraph.java:325)
	at org.gradle.execution.taskgraph.DefaultTaskExecutionGraph$BuildOperationAwareExecutionAction.execute(DefaultTaskExecutionGraph.java:318)
	at org.gradle.execution.taskgraph.DefaultTaskExecutionGraph$BuildOperationAwareExecutionAction.execute(DefaultTaskExecutionGraph.java:304)
	at org.gradle.execution.plan.DefaultPlanExecutor$ExecutorWorker$1.execute(DefaultPlanExecutor.java:134)
	at org.gradle.execution.plan.DefaultPlanExecutor$ExecutorWorker$1.execute(DefaultPlanExecutor.java:129)
	at org.gradle.execution.plan.DefaultPlanExecutor$ExecutorWorker.execute(DefaultPlanExecutor.java:202)
	at org.gradle.execution.plan.DefaultPlanExecutor$ExecutorWorker.executeNextNode(DefaultPlanExecutor.java:193)
	at org.gradle.execution.plan.DefaultPlanExecutor$ExecutorWorker.run(DefaultPlanExecutor.java:129)
	at org.gradle.execution.plan.DefaultPlanExecutor.process(DefaultPlanExecutor.java:74)
	at org.gradle.execution.taskgraph.DefaultTaskExecutionGraph.executeWithServices(DefaultTaskExecutionGraph.java:167)
	at org.gradle.execution.taskgraph.DefaultTaskExecutionGraph.execute(DefaultTaskExecutionGraph.java:150)
	at org.gradle.execution.SelectedTaskExecutionAction.execute(SelectedTaskExecutionAction.java:41)
	at org.gradle.execution.DefaultBuildExecuter.execute(DefaultBuildExecuter.java:40)
	at org.gradle.execution.DefaultBuildExecuter.access$000(DefaultBuildExecuter.java:24)
	at org.gradle.execution.DefaultBuildExecuter$1.proceed(DefaultBuildExecuter.java:46)
	at org.gradle.execution.DryRunBuildExecutionAction.execute(DryRunBuildExecutionAction.java:49)
	at org.gradle.execution.DefaultBuildExecuter.execute(DefaultBuildExecuter.java:40)
	at org.gradle.execution.DefaultBuildExecuter.execute(DefaultBuildExecuter.java:33)
	at org.gradle.initialization.DefaultGradleLauncher$ExecuteTasks.run(DefaultGradleLauncher.java:367)
	at org.gradle.internal.operations.DefaultBuildOperationExecutor$RunnableBuildOperationWorker.execute(DefaultBuildOperationExecutor.java:301)
	at org.gradle.internal.operations.DefaultBuildOperationExecutor$RunnableBuildOperationWorker.execute(DefaultBuildOperationExecutor.java:293)
	at org.gradle.internal.operations.DefaultBuildOperationExecutor.execute(DefaultBuildOperationExecutor.java:175)
	at org.gradle.internal.operations.DefaultBuildOperationExecutor.run(DefaultBuildOperationExecutor.java:91)
	at org.gradle.internal.operations.DelegatingBuildOperationExecutor.run(DelegatingBuildOperationExecutor.java:31)
	at org.gradle.initialization.DefaultGradleLauncher.runTasks(DefaultGradleLauncher.java:231)
	at org.gradle.initialization.DefaultGradleLauncher.doBuildStages(DefaultGradleLauncher.java:158)
	at org.gradle.initialization.DefaultGradleLauncher.executeTasks(DefaultGradleLauncher.java:133)
	at org.gradle.internal.invocation.GradleBuildController$1.execute(GradleBuildController.java:79)
	at org.gradle.internal.invocation.GradleBuildController$1.execute(GradleBuildController.java:76)
	at org.gradle.internal.invocation.GradleBuildController$3.create(GradleBuildController.java:103)
	at org.gradle.internal.invocation.GradleBuildController$3.create(GradleBuildController.java:96)
	at org.gradle.internal.work.DefaultWorkerLeaseService.withLocks(DefaultWorkerLeaseService.java:183)
	at org.gradle.internal.work.StopShieldingWorkerLeaseService.withLocks(StopShieldingWorkerLeaseService.java:40)
	at org.gradle.internal.invocation.GradleBuildController.doBuild(GradleBuildController.java:96)
	at org.gradle.internal.invocation.GradleBuildController.run(GradleBuildController.java:76)
	at org.gradle.tooling.internal.provider.ExecuteBuildActionRunner.run(ExecuteBuildActionRunner.java:28)
	at org.gradle.launcher.exec.ChainingBuildActionRunner.run(ChainingBuildActionRunner.java:35)
	at org.gradle.tooling.internal.provider.ValidatingBuildActionRunner.run(ValidatingBuildActionRunner.java:32)
	at org.gradle.launcher.exec.RunAsBuildOperationBuildActionRunner$3.run(RunAsBuildOperationBuildActionRunner.java:49)
	at org.gradle.internal.operations.DefaultBuildOperationExecutor$RunnableBuildOperationWorker.execute(DefaultBuildOperationExecutor.java:301)
	at org.gradle.internal.operations.DefaultBuildOperationExecutor$RunnableBuildOperationWorker.execute(DefaultBuildOperationExecutor.java:293)
	at org.gradle.internal.operations.DefaultBuildOperationExecutor.execute(DefaultBuildOperationExecutor.java:175)
	at org.gradle.internal.operations.DefaultBuildOperationExecutor.run(DefaultBuildOperationExecutor.java:91)
	at org.gradle.internal.operations.DelegatingBuildOperationExecutor.run(DelegatingBuildOperationExecutor.java:31)
	at org.gradle.launcher.exec.RunAsBuildOperationBuildActionRunner.run(RunAsBuildOperationBuildActionRunner.java:44)
	at org.gradle.tooling.internal.provider.SubscribableBuildActionRunner.run(SubscribableBuildActionRunner.java:51)
	at org.gradle.launcher.exec.InProcessBuildActionExecuter$1.transform(InProcessBuildActionExecuter.java:47)
	at org.gradle.launcher.exec.InProcessBuildActionExecuter$1.transform(InProcessBuildActionExecuter.java:44)
	at org.gradle.composite.internal.DefaultRootBuildState.run(DefaultRootBuildState.java:79)
	at org.gradle.launcher.exec.InProcessBuildActionExecuter.execute(InProcessBuildActionExecuter.java:44)
	at org.gradle.launcher.exec.InProcessBuildActionExecuter.execute(InProcessBuildActionExecuter.java:30)
	at org.gradle.launcher.exec.BuildTreeScopeBuildActionExecuter.execute(BuildTreeScopeBuildActionExecuter.java:39)
	at org.gradle.launcher.exec.BuildTreeScopeBuildActionExecuter.execute(BuildTreeScopeBuildActionExecuter.java:25)
	at org.gradle.tooling.internal.provider.ContinuousBuildActionExecuter.execute(ContinuousBuildActionExecuter.java:78)
	at org.gradle.tooling.internal.provider.ContinuousBuildActionExecuter.execute(ContinuousBuildActionExecuter.java:52)
	at org.gradle.tooling.internal.provider.ServicesSetupBuildActionExecuter.execute(ServicesSetupBuildActionExecuter.java:62)
	at org.gradle.tooling.internal.provider.ServicesSetupBuildActionExecuter.execute(ServicesSetupBuildActionExecuter.java:34)
	at org.gradle.tooling.internal.provider.GradleThreadBuildActionExecuter.execute(GradleThreadBuildActionExecuter.java:36)
	at org.gradle.tooling.internal.provider.GradleThreadBuildActionExecuter.execute(GradleThreadBuildActionExecuter.java:25)
	at org.gradle.tooling.internal.provider.ParallelismConfigurationBuildActionExecuter.execute(ParallelismConfigurationBuildActionExecuter.java:43)
	at org.gradle.tooling.internal.provider.ParallelismConfigurationBuildActionExecuter.execute(ParallelismConfigurationBuildActionExecuter.java:29)
	at org.gradle.tooling.internal.provider.StartParamsValidatingActionExecuter.execute(StartParamsValidatingActionExecuter.java:59)
	at org.gradle.tooling.internal.provider.StartParamsValidatingActionExecuter.execute(StartParamsValidatingActionExecuter.java:31)
	at org.gradle.tooling.internal.provider.SessionFailureReportingActionExecuter.execute(SessionFailureReportingActionExecuter.java:59)
	at org.gradle.tooling.internal.provider.SessionFailureReportingActionExecuter.execute(SessionFailureReportingActionExecuter.java:44)
	at org.gradle.tooling.internal.provider.SetupLoggingActionExecuter.execute(SetupLoggingActionExecuter.java:46)
	at org.gradle.tooling.internal.provider.SetupLoggingActionExecuter.execute(SetupLoggingActionExecuter.java:30)
	at org.gradle.launcher.daemon.server.exec.ExecuteBuild.doBuild(ExecuteBuild.java:67)
	at org.gradle.launcher.daemon.server.exec.BuildCommandOnly.execute(BuildCommandOnly.java:36)
	at org.gradle.launcher.daemon.server.api.DaemonCommandExecution.proceed(DaemonCommandExecution.java:122)
	at org.gradle.launcher.daemon.server.exec.WatchForDisconnection.execute(WatchForDisconnection.java:37)
	at org.gradle.launcher.daemon.server.api.DaemonCommandExecution.proceed(DaemonCommandExecution.java:122)
	at org.gradle.launcher.daemon.server.exec.ResetDeprecationLogger.execute(ResetDeprecationLogger.java:26)
	at org.gradle.launcher.daemon.server.api.DaemonCommandExecution.proceed(DaemonCommandExecution.java:122)
	at org.gradle.launcher.daemon.server.exec.RequestStopIfSingleUsedDaemon.execute(RequestStopIfSingleUsedDaemon.java:34)
	at org.gradle.launcher.daemon.server.api.DaemonCommandExecution.proceed(DaemonCommandExecution.java:122)
	at org.gradle.launcher.daemon.server.exec.ForwardClientInput$2.call(ForwardClientInput.java:74)
	at org.gradle.launcher.daemon.server.exec.ForwardClientInput$2.call(ForwardClientInput.java:72)
	at org.gradle.util.Swapper.swap(Swapper.java:38)
	at org.gradle.launcher.daemon.server.exec.ForwardClientInput.execute(ForwardClientInput.java:72)
	at org.gradle.launcher.daemon.server.api.DaemonCommandExecution.proceed(DaemonCommandExecution.java:122)
	at org.gradle.launcher.daemon.server.exec.LogAndCheckHealth.execute(LogAndCheckHealth.java:55)
	at org.gradle.launcher.daemon.server.api.DaemonCommandExecution.proceed(DaemonCommandExecution.java:122)
	at org.gradle.launcher.daemon.server.exec.LogToClient.doBuild(LogToClient.java:62)
	at org.gradle.launcher.daemon.server.exec.BuildCommandOnly.execute(BuildCommandOnly.java:36)
	at org.gradle.launcher.daemon.server.api.DaemonCommandExecution.proceed(DaemonCommandExecution.java:122)
	at org.gradle.launcher.daemon.server.exec.EstablishBuildEnvironment.doBuild(EstablishBuildEnvironment.java:81)
	at org.gradle.launcher.daemon.server.exec.BuildCommandOnly.execute(BuildCommandOnly.java:36)
	at org.gradle.launcher.daemon.server.api.DaemonCommandExecution.proceed(DaemonCommandExecution.java:122)
	at org.gradle.launcher.daemon.server.exec.StartBuildOrRespondWithBusy$1.run(StartBuildOrRespondWithBusy.java:50)
	at org.gradle.launcher.daemon.server.DaemonStateCoordinator$1.run(DaemonStateCoordinator.java:295)
	at org.gradle.internal.concurrent.ExecutorPolicy$CatchAndRecordFailures.onExecute(ExecutorPolicy.java:63)
	at org.gradle.internal.concurrent.ManagedExecutorImpl$1.run(ManagedExecutorImpl.java:46)
	at java.base/java.util.concurrent.ThreadPoolExecutor.runWorker(ThreadPoolExecutor.java:1128)
	at java.base/java.util.concurrent.ThreadPoolExecutor$Worker.run(ThreadPoolExecutor.java:628)
	at org.gradle.internal.concurrent.ThreadFactoryImpl$ManagedThreadRunnable.run(ThreadFactoryImpl.java:55)
	at java.base/java.lang.Thread.run(Thread.java:829)
Caused by: java.lang.AssertionError: sun/reflect/ConstructorAccessor
	at org.jetbrains.kotlin.com.intellij.openapi.diagnostic.DefaultLogger.error(DefaultLogger.java:68)
	at org.jetbrains.kotlin.com.intellij.openapi.diagnostic.Logger.error(Logger.java:146)
	at org.jetbrains.kotlin.com.intellij.psi.SingleRootFileViewProvider.createFile(SingleRootFileViewProvider.java:328)
	at org.jetbrains.kotlin.com.intellij.psi.SingleRootFileViewProvider.getPsiInner(SingleRootFileViewProvider.java:167)
	at org.jetbrains.kotlin.com.intellij.psi.SingleRootFileViewProvider.getPsi(SingleRootFileViewProvider.java:151)
	at org.jetbrains.kotlin.com.intellij.psi.impl.file.impl.FileManagerImpl.findFile(FileManagerImpl.java:401)
	at org.jetbrains.kotlin.com.intellij.psi.impl.PsiManagerImpl.findFile(PsiManagerImpl.java:184)
	at org.jetbrains.kotlin.cli.jvm.compiler.KotlinCliJavaFileManagerImpl.findClassGivenPackage(KotlinCliJavaFileManagerImpl.kt:119)
	at org.jetbrains.kotlin.cli.jvm.compiler.KotlinCliJavaFileManagerImpl.access$findClassGivenPackage(KotlinCliJavaFileManagerImpl.kt:36)
	at org.jetbrains.kotlin.cli.jvm.compiler.KotlinCliJavaFileManagerImpl$findClass$1$1.invoke(KotlinCliJavaFileManagerImpl.kt:50)
	at org.jetbrains.kotlin.cli.jvm.compiler.KotlinCliJavaFileManagerImpl$findClass$1$1.invoke(KotlinCliJavaFileManagerImpl.kt:36)
	at org.jetbrains.kotlin.cli.jvm.compiler.JvmDependenciesIndex$findClass$1.invoke(JvmDependenciesIndex.kt:85)
	at org.jetbrains.kotlin.cli.jvm.compiler.JvmDependenciesIndex$findClass$1.invoke(JvmDependenciesIndex.kt:40)
	at org.jetbrains.kotlin.cli.jvm.compiler.JvmDependenciesIndex$doSearch$3.invoke(JvmDependenciesIndex.kt:178)
	at org.jetbrains.kotlin.cli.jvm.compiler.JvmDependenciesIndex.doSearch(JvmDependenciesIndex.kt:205)
	at org.jetbrains.kotlin.cli.jvm.compiler.JvmDependenciesIndex.access$doSearch(JvmDependenciesIndex.kt:40)
	at org.jetbrains.kotlin.cli.jvm.compiler.JvmDependenciesIndex$search$1.invoke(JvmDependenciesIndex.kt:126)
	at org.jetbrains.kotlin.cli.jvm.compiler.JvmDependenciesIndex.search(JvmDependenciesIndex.kt:154)
	at org.jetbrains.kotlin.cli.jvm.compiler.JvmDependenciesIndex.findClass(JvmDependenciesIndex.kt:84)
	at org.jetbrains.kotlin.cli.jvm.compiler.JvmDependenciesIndex.findClass$default(JvmDependenciesIndex.kt:81)
	at org.jetbrains.kotlin.cli.jvm.compiler.KotlinCliJavaFileManagerImpl$findClass$1.invoke(KotlinCliJavaFileManagerImpl.kt:49)
	at org.jetbrains.kotlin.cli.jvm.compiler.KotlinCliJavaFileManagerImpl$findClass$1.invoke(KotlinCliJavaFileManagerImpl.kt:36)
	at org.jetbrains.kotlin.util.PerformanceCounter.time(PerformanceCounter.kt:92)
	at org.jetbrains.kotlin.cli.jvm.compiler.KotlinCliJavaFileManagerImpl.findClass(KotlinCliJavaFileManagerImpl.kt:47)
	at org.jetbrains.kotlin.resolve.jvm.KotlinJavaPsiFacade$KotlinPsiElementFinderImpl.findClass(KotlinJavaPsiFacade.java:340)
	at org.jetbrains.kotlin.resolve.jvm.KotlinJavaPsiFacade.findClass(KotlinJavaPsiFacade.java:106)
	at org.jetbrains.kotlin.load.java.JavaClassFinderImpl.findClass(JavaClassFinderImpl.java:91)
	at org.jetbrains.kotlin.load.java.lazy.descriptors.LazyJavaPackageScope$classes$1.invoke(LazyJavaPackageScope.kt:66)
	at org.jetbrains.kotlin.load.java.lazy.descriptors.LazyJavaPackageScope$classes$1.invoke(LazyJavaPackageScope.kt:38)
	at org.jetbrains.kotlin.storage.LockBasedStorageManager$MapBasedMemoizedFunction.invoke(LockBasedStorageManager.java:394)
	at org.jetbrains.kotlin.load.java.lazy.descriptors.LazyJavaPackageScope.findClassifier(LazyJavaPackageScope.kt:128)
	at org.jetbrains.kotlin.load.java.lazy.descriptors.LazyJavaPackageScope.getContributedClassifier(LazyJavaPackageScope.kt:118)
	at org.jetbrains.kotlin.load.java.lazy.descriptors.JvmPackageScope.getContributedClassifier(JvmPackageScope.kt:52)
	at org.jetbrains.kotlin.resolve.scopes.ChainedMemberScope.getContributedClassifier(ChainedMemberScope.kt:33)
	at org.jetbrains.kotlin.resolve.scopes.AbstractScopeAdapter.getContributedClassifier(AbstractScopeAdapter.kt:41)
	at org.jetbrains.kotlin.resolve.QualifiedExpressionResolver.collectCandidateDescriptors(QualifiedExpressionResolver.kt:201)
	at org.jetbrains.kotlin.resolve.QualifiedExpressionResolver.processSingleImport(QualifiedExpressionResolver.kt:178)
	at org.jetbrains.kotlin.resolve.QualifiedExpressionResolver.processImportReference(QualifiedExpressionResolver.kt:154)
	at org.jetbrains.kotlin.resolve.lazy.LazyImportResolver$importedScopesProvider$1.invoke(LazyImportScope.kt:84)
	at org.jetbrains.kotlin.resolve.lazy.LazyImportResolver$importedScopesProvider$1.invoke(LazyImportScope.kt:73)
	at org.jetbrains.kotlin.storage.LockBasedStorageManager$MapBasedMemoizedFunction.invoke(LockBasedStorageManager.java:394)
	at org.jetbrains.kotlin.resolve.lazy.LazyImportResolver.getImportScope(LazyImportScope.kt:161)
	at org.jetbrains.kotlin.resolve.lazy.LazyImportResolver$selectSingleFromImports$1.invoke(LazyImportScope.kt:136)
	at org.jetbrains.kotlin.resolve.lazy.LazyImportResolver$selectSingleFromImports$2.invoke(LazyImportScope.kt:142)
	at org.jetbrains.kotlin.resolve.lazy.LazyImportResolver$selectSingleFromImports$2.invoke(LazyImportScope.kt:73)
	at org.jetbrains.kotlin.storage.LockBasedStorageManager.compute(LockBasedStorageManager.java:211)
	at org.jetbrains.kotlin.resolve.lazy.LazyImportResolver.selectSingleFromImports(LazyImportScope.kt:142)
	at org.jetbrains.kotlin.resolve.lazy.LazyImportScope.getContributedClassifier(LazyImportScope.kt:187)
	at org.jetbrains.kotlin.resolve.scopes.utils.ScopeUtilsKt.findClassifier(ScopeUtils.kt:74)
	at org.jetbrains.kotlin.resolve.QualifiedExpressionResolver.resolveDescriptorForType(QualifiedExpressionResolver.kt:71)
	at org.jetbrains.kotlin.resolve.TypeResolver.resolveDescriptorForType(TypeResolver.kt:577)
	at org.jetbrains.kotlin.resolve.TypeResolver$resolveTypeElement$1.visitUserType(TypeResolver.kt:159)
	at org.jetbrains.kotlin.psi.KtVisitorVoid.visitUserType(KtVisitorVoid.java:905)
	at org.jetbrains.kotlin.psi.KtVisitorVoid.visitUserType(KtVisitorVoid.java:21)
	at org.jetbrains.kotlin.psi.KtUserType.accept(KtUserType.java:42)
	at org.jetbrains.kotlin.psi.KtElementImplStub.accept(KtElementImplStub.java:58)
	at org.jetbrains.kotlin.resolve.TypeResolver.resolveTypeElement(TypeResolver.kt:157)
	at org.jetbrains.kotlin.resolve.TypeResolver.doResolvePossiblyBareType(TypeResolver.kt:114)
	at org.jetbrains.kotlin.resolve.TypeResolver.resolvePossiblyBareType(TypeResolver.kt:102)
	at org.jetbrains.kotlin.resolve.TypeResolver.resolveType(TypeResolver.kt:72)
	at org.jetbrains.kotlin.resolve.TypeResolver.resolveType(TypeResolver.kt:67)
	at org.jetbrains.kotlin.resolve.FunctionDescriptorResolver.resolveValueParameters(FunctionDescriptorResolver.kt:320)
	at org.jetbrains.kotlin.resolve.FunctionDescriptorResolver.createConstructorDescriptor(FunctionDescriptorResolver.kt:291)
	at org.jetbrains.kotlin.resolve.FunctionDescriptorResolver.resolvePrimaryConstructorDescriptor(FunctionDescriptorResolver.kt:240)
	at org.jetbrains.kotlin.resolve.lazy.descriptors.LazyClassMemberScope.resolvePrimaryConstructor(LazyClassMemberScope.kt:290)
	at org.jetbrains.kotlin.resolve.lazy.descriptors.LazyClassMemberScope$primaryConstructor$1.invoke(LazyClassMemberScope.kt:94)
	at org.jetbrains.kotlin.resolve.lazy.descriptors.LazyClassMemberScope$primaryConstructor$1.invoke(LazyClassMemberScope.kt:48)
	at org.jetbrains.kotlin.storage.LockBasedStorageManager$LockBasedLazyValue.invoke(LockBasedStorageManager.java:321)
	at org.jetbrains.kotlin.resolve.lazy.descriptors.LazyClassMemberScope.getPrimaryConstructor(LazyClassMemberScope.kt:280)
	at org.jetbrains.kotlin.resolve.lazy.descriptors.LazyClassMemberScope.createPropertiesFromPrimaryConstructorParameters(LazyClassMemberScope.kt:216)
	at org.jetbrains.kotlin.resolve.lazy.descriptors.LazyClassMemberScope.getNonDeclaredProperties(LazyClassMemberScope.kt:201)
	at org.jetbrains.kotlin.resolve.lazy.descriptors.AbstractLazyMemberScope.doGetProperties(AbstractLazyMemberScope.kt:116)
	at org.jetbrains.kotlin.resolve.lazy.descriptors.AbstractLazyMemberScope$propertyDescriptors$1.invoke(AbstractLazyMemberScope.kt:52)
	at org.jetbrains.kotlin.resolve.lazy.descriptors.AbstractLazyMemberScope$propertyDescriptors$1.invoke(AbstractLazyMemberScope.kt:41)
	at org.jetbrains.kotlin.storage.LockBasedStorageManager$MapBasedMemoizedFunction.invoke(LockBasedStorageManager.java:394)
	at org.jetbrains.kotlin.storage.LockBasedStorageManager$MapBasedMemoizedFunctionToNotNull.invoke(LockBasedStorageManager.java:458)
	at org.jetbrains.kotlin.resolve.lazy.descriptors.AbstractLazyMemberScope.getContributedVariables(AbstractLazyMemberScope.kt:98)
	at org.jetbrains.kotlin.resolve.lazy.descriptors.LazyClassMemberScope.getContributedVariables(LazyClassMemberScope.kt:186)
	at org.jetbrains.kotlin.resolve.lazy.LazyDeclarationResolver$1.visitParameter(LazyDeclarationResolver.java:179)
	at org.jetbrains.kotlin.resolve.lazy.LazyDeclarationResolver$1.visitParameter(LazyDeclarationResolver.java:118)
	at org.jetbrains.kotlin.psi.KtParameter.accept(KtParameter.java:49)
	at org.jetbrains.kotlin.resolve.lazy.LazyDeclarationResolver.resolveToDescriptor(LazyDeclarationResolver.java:118)
	at org.jetbrains.kotlin.resolve.lazy.LazyDeclarationResolver.resolveToDescriptor(LazyDeclarationResolver.java:113)
	at org.jetbrains.kotlin.resolve.LazyTopDownAnalyzer$analyzeDeclarations$1.registerPrimaryConstructorParameters(LazyTopDownAnalyzer.kt:140)
	at org.jetbrains.kotlin.resolve.LazyTopDownAnalyzer$analyzeDeclarations$1.visitClass(LazyTopDownAnalyzer.kt:134)
	at org.jetbrains.kotlin.psi.KtVisitorVoid.visitClass(KtVisitorVoid.java:447)
	at org.jetbrains.kotlin.psi.KtVisitorVoid.visitClass(KtVisitorVoid.java:21)
	at org.jetbrains.kotlin.psi.KtClass.accept(KtClass.kt:34)
	at org.jetbrains.kotlin.psi.KtElementImplStub.accept(KtElementImplStub.java:58)
	at org.jetbrains.kotlin.resolve.ExceptionWrappingKtVisitorVoid.visitDeclaration(ExceptionWrappingKtVisitorVoid.kt:31)
	... 183 more
Caused by: java.lang.NoClassDefFoundError: sun/reflect/ConstructorAccessor
	at org.jetbrains.kotlin.com.intellij.util.ReflectionUtil.getConstructorAccessor(ReflectionUtil.java:435)
	at org.jetbrains.kotlin.com.intellij.psi.impl.source.tree.JavaElementType$JavaCompositeElementType.<init>(JavaElementType.java:54)
	at org.jetbrains.kotlin.com.intellij.psi.impl.source.tree.JavaElementType$JavaCompositeElementType.<init>(JavaElementType.java:48)
	at org.jetbrains.kotlin.com.intellij.psi.impl.source.tree.JavaElementType$JavaCompositeElementType.<init>(JavaElementType.java:44)
	at org.jetbrains.kotlin.com.intellij.psi.impl.source.tree.JavaElementType.<clinit>(JavaElementType.java:88)
	at org.jetbrains.kotlin.com.intellij.psi.impl.compiled.ClsFileImpl.<init>(ClsFileImpl.java:113)
	at org.jetbrains.kotlin.com.intellij.psi.impl.compiled.ClsFileImpl.<init>(ClsFileImpl.java:106)
	at org.jetbrains.kotlin.com.intellij.psi.ClassFileViewProvider.createFile(ClassFileViewProvider.java:64)
	at org.jetbrains.kotlin.com.intellij.psi.SingleRootFileViewProvider.createFile(SingleRootFileViewProvider.java:322)
	... 270 more
Caused by: java.lang.ClassNotFoundException: sun.reflect.ConstructorAccessor
	at java.base/java.net.URLClassLoader.findClass(URLClassLoader.java:476)
	at java.base/java.lang.ClassLoader.loadClass(ClassLoader.java:589)
	at java.base/java.lang.ClassLoader.loadClass(ClassLoader.java:522)
	... 279 more


FAILURE: Build failed with an exception.

* What went wrong:
Execution failed for task ':localprops:compileKotlin'.
> Internal compiler error. See log for more details

* Try:
Run with --stacktrace option to get the stack trace. Run with --info or --debug option to get more log output. Run with --scan to get full insights.

* Get more help at https://help.gradle.org

BUILD FAILED in 4s
