error: error while loading package, Missing dependency 'object java.lang.Object in compiler mirror', required by /root/.gradle/caches/modules-2/files-2.1/org.scala-lang/scala-library/2.10.4/9aae4cb1802537d604e03688cab744ff47b31a7d/scala-library-2.10.4.jar(scala/package.class)
error: error while loading package, Missing dependency 'object java.lang.Object in compiler mirror', required by /root/.gradle/caches/modules-2/files-2.1/org.scala-lang/scala-library/2.10.4/9aae4cb1802537d604e03688cab744ff47b31a7d/scala-library-2.10.4.jar(scala/runtime/package.class)
error: scala.reflect.internal.MissingRequirementError: object java.lang.Object in compiler mirror not found.
	at scala.reflect.internal.MissingRequirementError$.signal(MissingRequirementError.scala:16)
	at scala.reflect.internal.MissingRequirementError$.notFound(MissingRequirementError.scala:17)
	at scala.reflect.internal.Mirrors$RootsBase.getModuleOrClass(Mirrors.scala:48)
	at scala.reflect.internal.Mirrors$RootsBase.getModuleOrClass(Mirrors.scala:40)
	at scala.reflect.internal.Mirrors$RootsBase.getModuleOrClass(Mirrors.scala:40)
	at scala.reflect.internal.Mirrors$RootsBase.getModuleOrClass(Mirrors.scala:61)
	at scala.reflect.internal.Mirrors$RootsBase.getClassByName(Mirrors.scala:99)
	at scala.reflect.internal.Mirrors$RootsBase.getRequiredClass(Mirrors.scala:102)
	at scala.reflect.internal.Definitions$DefinitionsClass.ObjectClass$lzycompute(Definitions.scala:264)
	at scala.reflect.internal.Definitions$DefinitionsClass.ObjectClass(Definitions.scala:264)
	at scala.reflect.internal.Definitions$DefinitionsClass.AnyRefClass$lzycompute(Definitions.scala:263)
	at scala.reflect.internal.Definitions$DefinitionsClass.AnyRefClass(Definitions.scala:263)
	at scala.reflect.internal.Definitions$DefinitionsClass.specialPolyClass(Definitions.scala:1120)
	at scala.reflect.internal.Definitions$DefinitionsClass.RepeatedParamClass$lzycompute(Definitions.scala:407)
	at scala.reflect.internal.Definitions$DefinitionsClass.RepeatedParamClass(Definitions.scala:407)
	at scala.reflect.internal.Definitions$DefinitionsClass.syntheticCoreClasses$lzycompute(Definitions.scala:1154)
	at scala.reflect.internal.Definitions$DefinitionsClass.syntheticCoreClasses(Definitions.scala:1152)
	at scala.reflect.internal.Definitions$DefinitionsClass.symbolsNotPresentInBytecode$lzycompute(Definitions.scala:1196)
	at scala.reflect.internal.Definitions$DefinitionsClass.symbolsNotPresentInBytecode(Definitions.scala:1196)
	at scala.reflect.internal.Definitions$DefinitionsClass.init(Definitions.scala:1261)
	at scala.tools.nsc.Global$Run.<init>(Global.scala:1290)
	at scala.tools.nsc.Driver.doCompile(Driver.scala:32)
	at scala.tools.nsc.Main$.doCompile(Main.scala:79)
	at scala.tools.nsc.Driver.process(Driver.scala:54)
	at scala.tools.nsc.Main.process(Main.scala)
	at java.base/jdk.internal.reflect.NativeMethodAccessorImpl.invoke0(Native Method)
	at java.base/jdk.internal.reflect.NativeMethodAccessorImpl.invoke(NativeMethodAccessorImpl.java:62)
	at java.base/jdk.internal.reflect.DelegatingMethodAccessorImpl.invoke(DelegatingMethodAccessorImpl.java:43)
	at java.base/java.lang.reflect.Method.invoke(Method.java:566)
	at sbt.compiler.RawCompiler.apply(RawCompiler.scala:33)
	at sbt.compiler.AnalyzingCompiler$$anonfun$compileSources$1$$anonfun$apply$2.apply(AnalyzingCompiler.scala:159)
	at sbt.compiler.AnalyzingCompiler$$anonfun$compileSources$1$$anonfun$apply$2.apply(AnalyzingCompiler.scala:155)
	at sbt.IO$.withTemporaryDirectory(IO.scala:358)
	at sbt.compiler.AnalyzingCompiler$$anonfun$compileSources$1.apply(AnalyzingCompiler.scala:155)
	at sbt.compiler.AnalyzingCompiler$$anonfun$compileSources$1.apply(AnalyzingCompiler.scala:152)
	at sbt.IO$.withTemporaryDirectory(IO.scala:358)
	at sbt.compiler.AnalyzingCompiler$.compileSources(AnalyzingCompiler.scala:152)
	at sbt.compiler.IC$.compileInterfaceJar(IncrementalCompiler.scala:58)
	at sbt.compiler.IC.compileInterfaceJar(IncrementalCompiler.scala)
	at org.gradle.api.internal.tasks.scala.ZincScalaCompilerFactory.getCompilerInterface(ZincScalaCompilerFactory.java:120)
	at org.gradle.api.internal.tasks.scala.ZincScalaCompilerFactory.access$200(ZincScalaCompilerFactory.java:49)
	at org.gradle.api.internal.tasks.scala.ZincScalaCompilerFactory$2.apply(ZincScalaCompilerFactory.java:91)
	at org.gradle.api.internal.tasks.scala.ZincScalaCompilerFactory$2.apply(ZincScalaCompilerFactory.java:88)
	at com.typesafe.zinc.Cache.get(Cache.scala:41)
	at org.gradle.api.internal.tasks.scala.ZincScalaCompilerFactory.createCompiler(ZincScalaCompilerFactory.java:88)
	at org.gradle.api.internal.tasks.scala.ZincScalaCompilerFactory.access$100(ZincScalaCompilerFactory.java:49)
	at org.gradle.api.internal.tasks.scala.ZincScalaCompilerFactory$1.create(ZincScalaCompilerFactory.java:77)
	at org.gradle.api.internal.tasks.scala.ZincScalaCompilerFactory$1.create(ZincScalaCompilerFactory.java:73)
	at org.gradle.internal.SystemProperties.withSystemProperty(SystemProperties.java:133)
	at org.gradle.api.internal.tasks.scala.ZincScalaCompilerFactory.createParallelSafeCompiler(ZincScalaCompilerFactory.java:73)
	at org.gradle.api.internal.tasks.scala.ZincScalaCompiler$Compiler.execute(ZincScalaCompiler.java:64)
	at org.gradle.api.internal.tasks.scala.ZincScalaCompiler.execute(ZincScalaCompiler.java:52)
	at org.gradle.api.internal.tasks.scala.ZincScalaCompiler.execute(ZincScalaCompiler.java:38)
	at org.gradle.api.internal.tasks.compile.daemon.AbstractDaemonCompiler$CompilerCallable.call(AbstractDaemonCompiler.java:86)
	at org.gradle.api.internal.tasks.compile.daemon.AbstractDaemonCompiler$CompilerCallable.call(AbstractDaemonCompiler.java:74)
	at org.gradle.workers.internal.DefaultWorkerServer.execute(DefaultWorkerServer.java:42)
	at org.gradle.workers.internal.WorkerDaemonServer.execute(WorkerDaemonServer.java:36)
	at java.base/jdk.internal.reflect.NativeMethodAccessorImpl.invoke0(Native Method)
	at java.base/jdk.internal.reflect.NativeMethodAccessorImpl.invoke(NativeMethodAccessorImpl.java:62)
	at java.base/jdk.internal.reflect.DelegatingMethodAccessorImpl.invoke(DelegatingMethodAccessorImpl.java:43)
	at java.base/java.lang.reflect.Method.invoke(Method.java:566)
	at org.gradle.process.internal.worker.request.WorkerAction.run(WorkerAction.java:102)
	at java.base/jdk.internal.reflect.NativeMethodAccessorImpl.invoke0(Native Method)
	at java.base/jdk.internal.reflect.NativeMethodAccessorImpl.invoke(NativeMethodAccessorImpl.java:62)
	at java.base/jdk.internal.reflect.DelegatingMethodAccessorImpl.invoke(DelegatingMethodAccessorImpl.java:43)
	at java.base/java.lang.reflect.Method.invoke(Method.java:566)
	at org.gradle.internal.dispatch.ReflectionDispatch.dispatch(ReflectionDispatch.java:35)
	at org.gradle.internal.dispatch.ReflectionDispatch.dispatch(ReflectionDispatch.java:24)
	at org.gradle.internal.remote.internal.hub.MessageHubBackedObjectConnection$DispatchWrapper.dispatch(MessageHubBackedObjectConnection.java:175)
	at org.gradle.internal.remote.internal.hub.MessageHubBackedObjectConnection$DispatchWrapper.dispatch(MessageHubBackedObjectConnection.java:157)
	at org.gradle.internal.remote.internal.hub.MessageHub$Handler.run(MessageHub.java:404)
	at org.gradle.internal.concurrent.ExecutorPolicy$CatchAndRecordFailures.onExecute(ExecutorPolicy.java:63)
	at org.gradle.internal.concurrent.ManagedExecutorImpl$1.run(ManagedExecutorImpl.java:46)
	at java.base/java.util.concurrent.ThreadPoolExecutor.runWorker(ThreadPoolExecutor.java:1128)
	at java.base/java.util.concurrent.ThreadPoolExecutor$Worker.run(ThreadPoolExecutor.java:628)
	at org.gradle.internal.concurrent.ThreadFactoryImpl$ManagedThreadRunnable.run(ThreadFactoryImpl.java:55)
	at java.base/java.lang.Thread.run(Thread.java:829)


FAILURE: Build failed with an exception.

* What went wrong:
Execution failed for task ':compileScala'.
> org.gradle.internal.serialize.PlaceholderException (no error message)

* Try:
Run with --stacktrace option to get the stack trace. Run with --info or --debug option to get more log output. Run with --scan to get full insights.

* Get more help at https://help.gradle.org

BUILD FAILED in 7s
