startup failed:
/mnt/batch/tasks/workitems/NONDEX_nondex_r131_1M31d16h48m2s/job-1/Task445/wd/NonDex-plugin-test/github.com/dodocat/pgyer/src/test/groovy/com/deploygate/gradle/plugins/ApkTest.groovy: 4: unable to resolve class org.junit.Test
 @ line 4, column 1.
   import org.junit.Test
   ^

/mnt/batch/tasks/workitems/NONDEX_nondex_r131_1M31d16h48m2s/job-1/Task445/wd/NonDex-plugin-test/github.com/dodocat/pgyer/src/test/groovy/com/deploygate/gradle/plugins/ApkTest.groovy: 7: unable to resolve class org.junit.Assert
 @ line 7, column 1.
   import static org.junit.Assert.assertTrue
   ^

/mnt/batch/tasks/workitems/NONDEX_nondex_r131_1M31d16h48m2s/job-1/Task445/wd/NonDex-plugin-test/github.com/dodocat/pgyer/src/test/groovy/com/deploygate/gradle/plugins/ApplyPluginTest.groovy: 5: unable to resolve class org.junit.Test
 @ line 5, column 1.
   import org.junit.Test
   ^

/mnt/batch/tasks/workitems/NONDEX_nondex_r131_1M31d16h48m2s/job-1/Task445/wd/NonDex-plugin-test/github.com/dodocat/pgyer/src/test/groovy/com/deploygate/gradle/plugins/ApplyPluginTest.groovy: 8: unable to resolve class org.junit.Assert
 @ line 8, column 1.
   import static org.junit.Assert.assertTrue
   ^

4 errors


FAILURE: Build failed with an exception.

* What went wrong:
Execution failed for task ':compileTestGroovy'.
> Compilation failed; see the compiler error output for details.

* Try:
Run with --stacktrace option to get the stack trace. Run with --info or --debug option to get more log output. Run with --scan to get full insights.

* Get more help at https://help.gradle.org

BUILD FAILED in 19s
