[Fatal Error] spring-boot-gradle-plugin-2.0.0.M3.pom:7:3: The element type "hr" must be terminated by the matching end-tag "</hr>".
[Fatal Error] com.github.kt3k.coveralls.gradle.plugin-2.8.1.pom:7:3: The element type "hr" must be terminated by the matching end-tag "</hr>".
[Fatal Error] spring-boot-gradle-plugin-2.0.0.M3.pom:7:3: The element type "hr" must be terminated by the matching end-tag "</hr>".
[Fatal Error] com.github.kt3k.coveralls.gradle.plugin-2.8.1.pom:7:3: The element type "hr" must be terminated by the matching end-tag "</hr>".
[Fatal Error] spring-boot-gradle-plugin-2.0.0.M3.pom:7:3: The element type "hr" must be terminated by the matching end-tag "</hr>".
[Fatal Error] com.github.kt3k.coveralls.gradle.plugin-2.8.1.pom:7:3: The element type "hr" must be terminated by the matching end-tag "</hr>".
[Fatal Error] spring-boot-gradle-plugin-2.0.0.M3.pom:7:3: The element type "hr" must be terminated by the matching end-tag "</hr>".
[Fatal Error] com.github.kt3k.coveralls.gradle.plugin-2.8.1.pom:7:3: The element type "hr" must be terminated by the matching end-tag "</hr>".
[Fatal Error] spring-boot-gradle-plugin-2.0.0.M3.pom:7:3: The element type "hr" must be terminated by the matching end-tag "</hr>".
[Fatal Error] com.github.kt3k.coveralls.gradle.plugin-2.8.1.pom:7:3: The element type "hr" must be terminated by the matching end-tag "</hr>".
[Fatal Error] spring-boot-gradle-plugin-2.0.0.M3.pom:7:3: The element type "hr" must be terminated by the matching end-tag "</hr>".
[Fatal Error] com.github.kt3k.coveralls.gradle.plugin-2.8.1.pom:7:3: The element type "hr" must be terminated by the matching end-tag "</hr>".

FAILURE: Build failed with an exception.

* What went wrong:
A problem occurred configuring root project 'spring-boot-elasticsearch'.
> Could not resolve all artifacts for configuration ':classpath'.
   > Could not resolve org.springframework.boot:spring-boot-gradle-plugin:2.0.0.M3.
     Required by:
         project :
      > Could not resolve org.springframework.boot:spring-boot-gradle-plugin:2.0.0.M3.
         > Could not parse POM http://repo.spring.io/snapshot/org/springframework/boot/spring-boot-gradle-plugin/2.0.0.M3/spring-boot-gradle-plugin-2.0.0.M3.pom
            > The element type "hr" must be terminated by the matching end-tag "</hr>".
      > Could not resolve org.springframework.boot:spring-boot-gradle-plugin:2.0.0.M3.
         > Could not parse POM http://repo.spring.io/milestone/org/springframework/boot/spring-boot-gradle-plugin/2.0.0.M3/spring-boot-gradle-plugin-2.0.0.M3.pom
            > The element type "hr" must be terminated by the matching end-tag "</hr>".

* Try:
Run with --stacktrace option to get the stack trace. Run with --info or --debug option to get more log output. Run with --scan to get full insights.

* Get more help at https://help.gradle.org

BUILD FAILED in 8s
