WARNING: An illegal reflective access operation has occurred
WARNING: Illegal reflective access by org.codehaus.groovy.reflection.CachedClass (file:/root/.gradle/wrapper/dists/gradle-6.8-bin/1jblhjyydfkclfzx1agp92nyl/gradle-6.8/lib/groovy-all-1.3-2.5.12.jar) to method java.util.AbstractCollection.hugeCapacity(int)
WARNING: Please consider reporting this to the maintainers of org.codehaus.groovy.reflection.CachedClass
WARNING: Use --illegal-access=warn to enable warnings of further illegal reflective access operations
WARNING: All illegal access operations will be denied in a future release
WARNING: An illegal reflective access operation has occurred
WARNING: Illegal reflective access by org.codehaus.groovy.reflection.CachedClass (file:/root/.gradle/wrapper/dists/gradle-6.8-bin/1jblhjyydfkclfzx1agp92nyl/gradle-6.8/lib/groovy-all-1.3-2.5.12.jar) to method java.lang.Object.finalize()
WARNING: Please consider reporting this to the maintainers of org.codehaus.groovy.reflection.CachedClass
WARNING: Use --illegal-access=warn to enable warnings of further illegal reflective access operations
WARNING: All illegal access operations will be denied in a future release

FAILURE: Build failed with an exception.

* Where:
Build file '/mnt/batch/tasks/workitems/NONDEX_nondex_r131_1M31d16h48m2s/job-1/Task1238/wd/NonDex-plugin-test/github.com/pongasoft/gradle-plugins/org.pongasoft.gradle-plugins/build.gradle' line: 23

* What went wrong:
A problem occurred evaluating project ':org.pongasoft.gradle-plugins'.
> Failed to apply plugin class 'org.pongasoft.gradle.plugins.SigningPlugin'.
   > Cannot locate property signing.keyId: either use userConfig or spec plugin to define it or -Psigning.keyId=xxx on the command line or define SIGNING_KEYID as an environment variable

* Try:
Run with --stacktrace option to get the stack trace. Run with --info or --debug option to get more log output. Run with --scan to get full insights.

* Get more help at https://help.gradle.org

BUILD FAILED in 1m 4s
