
FAILURE: Build failed with an exception.

* What went wrong:
A problem occurred configuring root project 'toastersample'.
> Could not resolve all artifacts for configuration ':classpath'.
   > Could not find com.att.opnfv.yang:GradleYangPlugin:1.0.0-SNAPSHOT.
     Searched in the following locations:
       - https://jcenter.bintray.com/com/att/opnfv/yang/GradleYangPlugin/1.0.0-SNAPSHOT/maven-metadata.xml
       - https://jcenter.bintray.com/com/att/opnfv/yang/GradleYangPlugin/1.0.0-SNAPSHOT/GradleYangPlugin-1.0.0-SNAPSHOT.pom
       - https://jcenter.bintray.com/com/att/opnfv/yang/GradleYangPlugin/1.0.0-SNAPSHOT/GradleYangPlugin-1.0.0-SNAPSHOT.jar
       - https://repo.maven.apache.org/maven2/com/att/opnfv/yang/GradleYangPlugin/1.0.0-SNAPSHOT/maven-metadata.xml
       - https://repo.maven.apache.org/maven2/com/att/opnfv/yang/GradleYangPlugin/1.0.0-SNAPSHOT/GradleYangPlugin-1.0.0-SNAPSHOT.pom
       - https://repo.maven.apache.org/maven2/com/att/opnfv/yang/GradleYangPlugin/1.0.0-SNAPSHOT/GradleYangPlugin-1.0.0-SNAPSHOT.jar
       - file:/root/.m2/repository/com/att/opnfv/yang/GradleYangPlugin/1.0.0-SNAPSHOT/maven-metadata.xml
       - file:/root/.m2/repository/com/att/opnfv/yang/GradleYangPlugin/1.0.0-SNAPSHOT/GradleYangPlugin-1.0.0-SNAPSHOT.pom
       - file:/root/.m2/repository/com/att/opnfv/yang/GradleYangPlugin/1.0.0-SNAPSHOT/GradleYangPlugin-1.0.0-SNAPSHOT.jar
     Required by:
         project :

* Try:
Run with --stacktrace option to get the stack trace. Run with --info or --debug option to get more log output. Run with --scan to get full insights.

* Get more help at https://help.gradle.org

BUILD FAILED in 8s
