[Fatal Error] gradle-bintray-plugin-1.2.pom:7:3: The element type "hr" must be terminated by the matching end-tag "</hr>".
[Fatal Error] nebula-project-plugin-2.2.1.pom:7:3: The element type "hr" must be terminated by the matching end-tag "</hr>".
[Fatal Error] nebula-project-plugin-2.2.1.pom:7:3: The element type "hr" must be terminated by the matching end-tag "</hr>".
[Fatal Error] gradle-bintray-plugin-1.2.pom:7:3: The element type "hr" must be terminated by the matching end-tag "</hr>".
[Fatal Error] gradle-bintray-plugin-1.2.pom:7:3: The element type "hr" must be terminated by the matching end-tag "</hr>".
[Fatal Error] nebula-project-plugin-2.2.1.pom:7:3: The element type "hr" must be terminated by the matching end-tag "</hr>".
[Fatal Error] nebula-core-2.2.0.pom:7:3: The element type "hr" must be terminated by the matching end-tag "</hr>".
[Fatal Error] nebula-publishing-plugin-2.2.1.pom:7:3: The element type "hr" must be terminated by the matching end-tag "</hr>".
[Fatal Error] nebula-core-2.2.0.pom:7:3: The element type "hr" must be terminated by the matching end-tag "</hr>".
[Fatal Error] nebula-publishing-plugin-2.2.1.pom:7:3: The element type "hr" must be terminated by the matching end-tag "</hr>".
[Fatal Error] nebula-core-2.2.0.pom:7:3: The element type "hr" must be terminated by the matching end-tag "</hr>".
[Fatal Error] nebula-publishing-plugin-2.2.1.pom:7:3: The element type "hr" must be terminated by the matching end-tag "</hr>".
[Fatal Error] gradle-dependency-lock-plugin-2.2.3.pom:7:3: The element type "hr" must be terminated by the matching end-tag "</hr>".
[Fatal Error] gradle-info-plugin-2.2.0.pom:7:3: The element type "hr" must be terminated by the matching end-tag "</hr>".
[Fatal Error] gradle-dependency-lock-plugin-2.2.3.pom:7:3: The element type "hr" must be terminated by the matching end-tag "</hr>".
[Fatal Error] gradle-info-plugin-2.2.0.pom:7:3: The element type "hr" must be terminated by the matching end-tag "</hr>".
[Fatal Error] gradle-dependency-lock-plugin-2.2.3.pom:7:3: The element type "hr" must be terminated by the matching end-tag "</hr>".
[Fatal Error] gradle-info-plugin-2.2.0.pom:7:3: The element type "hr" must be terminated by the matching end-tag "</hr>".
[Fatal Error] gradle-contacts-plugin-2.2.0.pom:7:3: The element type "hr" must be terminated by the matching end-tag "</hr>".
[Fatal Error] gradle-contacts-plugin-2.2.0.pom:7:3: The element type "hr" must be terminated by the matching end-tag "</hr>".
[Fatal Error] gradle-contacts-plugin-2.2.0.pom:7:3: The element type "hr" must be terminated by the matching end-tag "</hr>".
[Fatal Error] http-builder-0.7.2.pom:7:3: The element type "hr" must be terminated by the matching end-tag "</hr>".
[Fatal Error] http-builder-0.7.2.pom:7:3: The element type "hr" must be terminated by the matching end-tag "</hr>".
[Fatal Error] http-builder-0.7.2.pom:7:3: The element type "hr" must be terminated by the matching end-tag "</hr>".
[Fatal Error] commons-lang3-3.2.1.pom:7:3: The element type "hr" must be terminated by the matching end-tag "</hr>".
[Fatal Error] commons-lang3-3.2.1.pom:7:3: The element type "hr" must be terminated by the matching end-tag "</hr>".
[Fatal Error] commons-lang3-3.2.1.pom:7:3: The element type "hr" must be terminated by the matching end-tag "</hr>".
[Fatal Error] commons-parent-32.pom:7:3: The element type "hr" must be terminated by the matching end-tag "</hr>".
[Fatal Error] commons-parent-32.pom:7:3: The element type "hr" must be terminated by the matching end-tag "</hr>".
[Fatal Error] commons-parent-32.pom:7:3: The element type "hr" must be terminated by the matching end-tag "</hr>".
[Fatal Error] apache-13.pom:7:3: The element type "hr" must be terminated by the matching end-tag "</hr>".
[Fatal Error] apache-13.pom:7:3: The element type "hr" must be terminated by the matching end-tag "</hr>".
[Fatal Error] apache-13.pom:7:3: The element type "hr" must be terminated by the matching end-tag "</hr>".
[Fatal Error] apache-13.pom:7:3: The element type "hr" must be terminated by the matching end-tag "</hr>".
[Fatal Error] apache-13.pom:7:3: The element type "hr" must be terminated by the matching end-tag "</hr>".
[Fatal Error] apache-13.pom:7:3: The element type "hr" must be terminated by the matching end-tag "</hr>".
[Fatal Error] gradle-scm-plugin-2.2.0.pom:7:3: The element type "hr" must be terminated by the matching end-tag "</hr>".
[Fatal Error] gradle-scm-plugin-2.2.0.pom:7:3: The element type "hr" must be terminated by the matching end-tag "</hr>".
[Fatal Error] gradle-scm-plugin-2.2.0.pom:7:3: The element type "hr" must be terminated by the matching end-tag "</hr>".
[Fatal Error] svnkit-1.8.5.pom:7:3: The element type "hr" must be terminated by the matching end-tag "</hr>".
[Fatal Error] p4java-jfrog-2011.1.297684.pom:7:3: The element type "hr" must be terminated by the matching end-tag "</hr>".
[Fatal Error] svnkit-1.8.5.pom:7:3: The element type "hr" must be terminated by the matching end-tag "</hr>".
[Fatal Error] p4java-jfrog-2011.1.297684.pom:7:3: The element type "hr" must be terminated by the matching end-tag "</hr>".
[Fatal Error] svnkit-1.8.5.pom:7:3: The element type "hr" must be terminated by the matching end-tag "</hr>".
[Fatal Error] p4java-jfrog-2011.1.297684.pom:7:3: The element type "hr" must be terminated by the matching end-tag "</hr>".
[Fatal Error] org.eclipse.jgit-3.2.0.201312181205-r.pom:7:3: The element type "hr" must be terminated by the matching end-tag "</hr>".
[Fatal Error] org.eclipse.jgit-3.2.0.201312181205-r.pom:7:3: The element type "hr" must be terminated by the matching end-tag "</hr>".
[Fatal Error] org.eclipse.jgit-3.2.0.201312181205-r.pom:7:3: The element type "hr" must be terminated by the matching end-tag "</hr>".
[Fatal Error] org.eclipse.jgit-parent-3.2.0.201312181205-r.pom:7:3: The element type "hr" must be terminated by the matching end-tag "</hr>".
[Fatal Error] org.eclipse.jgit-parent-3.2.0.201312181205-r.pom:7:3: The element type "hr" must be terminated by the matching end-tag "</hr>".
[Fatal Error] org.eclipse.jgit-parent-3.2.0.201312181205-r.pom:7:3: The element type "hr" must be terminated by the matching end-tag "</hr>".
[Fatal Error] httpclient-4.2.1.pom:7:3: The element type "hr" must be terminated by the matching end-tag "</hr>".
[Fatal Error] nekohtml-1.9.16.pom:7:3: The element type "hr" must be terminated by the matching end-tag "</hr>".
[Fatal Error] httpclient-4.2.1.pom:7:3: The element type "hr" must be terminated by the matching end-tag "</hr>".
[Fatal Error] nekohtml-1.9.16.pom:7:3: The element type "hr" must be terminated by the matching end-tag "</hr>".
[Fatal Error] httpclient-4.2.1.pom:7:3: The element type "hr" must be terminated by the matching end-tag "</hr>".
[Fatal Error] nekohtml-1.9.16.pom:7:3: The element type "hr" must be terminated by the matching end-tag "</hr>".
[Fatal Error] httpcomponents-client-4.2.1.pom:7:3: The element type "hr" must be terminated by the matching end-tag "</hr>".
[Fatal Error] xml-resolver-1.2.pom:7:3: The element type "hr" must be terminated by the matching end-tag "</hr>".
[Fatal Error] httpcomponents-client-4.2.1.pom:7:3: The element type "hr" must be terminated by the matching end-tag "</hr>".
[Fatal Error] xml-resolver-1.2.pom:7:3: The element type "hr" must be terminated by the matching end-tag "</hr>".
[Fatal Error] httpcomponents-client-4.2.1.pom:7:3: The element type "hr" must be terminated by the matching end-tag "</hr>".
[Fatal Error] xml-resolver-1.2.pom:7:3: The element type "hr" must be terminated by the matching end-tag "</hr>".
[Fatal Error] apache-3.pom:7:3: The element type "hr" must be terminated by the matching end-tag "</hr>".
[Fatal Error] project-6.pom:7:3: The element type "hr" must be terminated by the matching end-tag "</hr>".
[Fatal Error] apache-3.pom:7:3: The element type "hr" must be terminated by the matching end-tag "</hr>".
[Fatal Error] project-6.pom:7:3: The element type "hr" must be terminated by the matching end-tag "</hr>".
[Fatal Error] apache-3.pom:7:3: The element type "hr" must be terminated by the matching end-tag "</hr>".
[Fatal Error] project-6.pom:7:3: The element type "hr" must be terminated by the matching end-tag "</hr>".
[Fatal Error] project-6.pom:7:3: The element type "hr" must be terminated by the matching end-tag "</hr>".
[Fatal Error] json-lib-2.3.pom:7:3: The element type "hr" must be terminated by the matching end-tag "</hr>".
[Fatal Error] project-6.pom:7:3: The element type "hr" must be terminated by the matching end-tag "</hr>".
[Fatal Error] json-lib-2.3.pom:7:3: The element type "hr" must be terminated by the matching end-tag "</hr>".
[Fatal Error] project-6.pom:7:3: The element type "hr" must be terminated by the matching end-tag "</hr>".
[Fatal Error] json-lib-2.3.pom:7:3: The element type "hr" must be terminated by the matching end-tag "</hr>".
[Fatal Error] jzlib-1.0.7.pom:7:3: The element type "hr" must be terminated by the matching end-tag "</hr>".
[Fatal Error] jzlib-1.0.7.pom:7:3: The element type "hr" must be terminated by the matching end-tag "</hr>".
[Fatal Error] jzlib-1.0.7.pom:7:3: The element type "hr" must be terminated by the matching end-tag "</hr>".
[Fatal Error] JavaEWAH-0.5.6.pom:7:3: The element type "hr" must be terminated by the matching end-tag "</hr>".
[Fatal Error] jsch-0.1.46.pom:7:3: The element type "hr" must be terminated by the matching end-tag "</hr>".
[Fatal Error] JavaEWAH-0.5.6.pom:7:3: The element type "hr" must be terminated by the matching end-tag "</hr>".
[Fatal Error] jsch-0.1.46.pom:7:3: The element type "hr" must be terminated by the matching end-tag "</hr>".
[Fatal Error] JavaEWAH-0.5.6.pom:7:3: The element type "hr" must be terminated by the matching end-tag "</hr>".
[Fatal Error] jsch-0.1.46.pom:7:3: The element type "hr" must be terminated by the matching end-tag "</hr>".
[Fatal Error] oss-parent-5.pom:7:3: The element type "hr" must be terminated by the matching end-tag "</hr>".
[Fatal Error] oss-parent-6.pom:7:3: The element type "hr" must be terminated by the matching end-tag "</hr>".
[Fatal Error] oss-parent-5.pom:7:3: The element type "hr" must be terminated by the matching end-tag "</hr>".
[Fatal Error] oss-parent-6.pom:7:3: The element type "hr" must be terminated by the matching end-tag "</hr>".
[Fatal Error] oss-parent-5.pom:7:3: The element type "hr" must be terminated by the matching end-tag "</hr>".
[Fatal Error] oss-parent-6.pom:7:3: The element type "hr" must be terminated by the matching end-tag "</hr>".
[Fatal Error] jsch.agentproxy.svnkit-trilead-ssh2-0.0.7.pom:7:3: The element type "hr" must be terminated by the matching end-tag "</hr>".
[Fatal Error] jna-3.5.2.pom:7:3: The element type "hr" must be terminated by the matching end-tag "</hr>".
[Fatal Error] jsch.agentproxy.svnkit-trilead-ssh2-0.0.7.pom:7:3: The element type "hr" must be terminated by the matching end-tag "</hr>".
[Fatal Error] jna-3.5.2.pom:7:3: The element type "hr" must be terminated by the matching end-tag "</hr>".
[Fatal Error] jsch.agentproxy.svnkit-trilead-ssh2-0.0.7.pom:7:3: The element type "hr" must be terminated by the matching end-tag "</hr>".
[Fatal Error] jna-3.5.2.pom:7:3: The element type "hr" must be terminated by the matching end-tag "</hr>".
[Fatal Error] platform-3.5.2.pom:7:3: The element type "hr" must be terminated by the matching end-tag "</hr>".
[Fatal Error] jsch.agentproxy-0.0.7.pom:7:3: The element type "hr" must be terminated by the matching end-tag "</hr>".
[Fatal Error] platform-3.5.2.pom:7:3: The element type "hr" must be terminated by the matching end-tag "</hr>".
[Fatal Error] jsch.agentproxy-0.0.7.pom:7:3: The element type "hr" must be terminated by the matching end-tag "</hr>".
[Fatal Error] platform-3.5.2.pom:7:3: The element type "hr" must be terminated by the matching end-tag "</hr>".
[Fatal Error] jsch.agentproxy-0.0.7.pom:7:3: The element type "hr" must be terminated by the matching end-tag "</hr>".
[Fatal Error] oss-parent-6.pom:7:3: The element type "hr" must be terminated by the matching end-tag "</hr>".
[Fatal Error] jsch.agentproxy.connector-factory-0.0.7.pom:7:3: The element type "hr" must be terminated by the matching end-tag "</hr>".
[Fatal Error] oss-parent-6.pom:7:3: The element type "hr" must be terminated by the matching end-tag "</hr>".
[Fatal Error] jsch.agentproxy.connector-factory-0.0.7.pom:7:3: The element type "hr" must be terminated by the matching end-tag "</hr>".
[Fatal Error] oss-parent-6.pom:7:3: The element type "hr" must be terminated by the matching end-tag "</hr>".
[Fatal Error] oss-parent-6.pom:7:3: The element type "hr" must be terminated by the matching end-tag "</hr>".
[Fatal Error] jsch.agentproxy.connector-factory-0.0.7.pom:7:3: The element type "hr" must be terminated by the matching end-tag "</hr>".
[Fatal Error] jsch.agentproxy-0.0.7.pom:7:3: The element type "hr" must be terminated by the matching end-tag "</hr>".
[Fatal Error] oss-parent-6.pom:7:3: The element type "hr" must be terminated by the matching end-tag "</hr>".
[Fatal Error] jsch.agentproxy-0.0.7.pom:7:3: The element type "hr" must be terminated by the matching end-tag "</hr>".
[Fatal Error] oss-parent-6.pom:7:3: The element type "hr" must be terminated by the matching end-tag "</hr>".
[Fatal Error] sequence-library-1.0.2.pom:7:3: The element type "hr" must be terminated by the matching end-tag "</hr>".
[Fatal Error] jsch.agentproxy-0.0.7.pom:7:3: The element type "hr" must be terminated by the matching end-tag "</hr>".
[Fatal Error] oss-parent-6.pom:7:3: The element type "hr" must be terminated by the matching end-tag "</hr>".
[Fatal Error] sequence-library-1.0.2.pom:7:3: The element type "hr" must be terminated by the matching end-tag "</hr>".
[Fatal Error] oss-parent-6.pom:7:3: The element type "hr" must be terminated by the matching end-tag "</hr>".
[Fatal Error] sequence-library-1.0.2.pom:7:3: The element type "hr" must be terminated by the matching end-tag "</hr>".
[Fatal Error] trilead-ssh2-1.0.0-build217.pom:7:3: The element type "hr" must be terminated by the matching end-tag "</hr>".
[Fatal Error] oss-parent-6.pom:7:3: The element type "hr" must be terminated by the matching end-tag "</hr>".
[Fatal Error] sqljet-1.1.10.pom:7:3: The element type "hr" must be terminated by the matching end-tag "</hr>".
[Fatal Error] trilead-ssh2-1.0.0-build217.pom:7:3: The element type "hr" must be terminated by the matching end-tag "</hr>".
[Fatal Error] sqljet-1.1.10.pom:7:3: The element type "hr" must be terminated by the matching end-tag "</hr>".
[Fatal Error] trilead-ssh2-1.0.0-build217.pom:7:3: The element type "hr" must be terminated by the matching end-tag "</hr>".
[Fatal Error] sqljet-1.1.10.pom:7:3: The element type "hr" must be terminated by the matching end-tag "</hr>".
[Fatal Error] commons-logging-1.1.1.pom:7:3: The element type "hr" must be terminated by the matching end-tag "</hr>".
[Fatal Error] httpcore-4.2.1.pom:7:3: The element type "hr" must be terminated by the matching end-tag "</hr>".
[Fatal Error] commons-logging-1.1.1.pom:7:3: The element type "hr" must be terminated by the matching end-tag "</hr>".
[Fatal Error] httpcore-4.2.1.pom:7:3: The element type "hr" must be terminated by the matching end-tag "</hr>".
[Fatal Error] commons-logging-1.1.1.pom:7:3: The element type "hr" must be terminated by the matching end-tag "</hr>".
[Fatal Error] httpcore-4.2.1.pom:7:3: The element type "hr" must be terminated by the matching end-tag "</hr>".
[Fatal Error] httpcomponents-core-4.2.1.pom:7:3: The element type "hr" must be terminated by the matching end-tag "</hr>".
[Fatal Error] commons-parent-5.pom:7:3: The element type "hr" must be terminated by the matching end-tag "</hr>".
[Fatal Error] httpcomponents-core-4.2.1.pom:7:3: The element type "hr" must be terminated by the matching end-tag "</hr>".
[Fatal Error] commons-parent-5.pom:7:3: The element type "hr" must be terminated by the matching end-tag "</hr>".
[Fatal Error] httpcomponents-core-4.2.1.pom:7:3: The element type "hr" must be terminated by the matching end-tag "</hr>".
[Fatal Error] commons-parent-5.pom:7:3: The element type "hr" must be terminated by the matching end-tag "</hr>".
[Fatal Error] project-6.pom:7:3: The element type "hr" must be terminated by the matching end-tag "</hr>".
[Fatal Error] apache-4.pom:7:3: The element type "hr" must be terminated by the matching end-tag "</hr>".
[Fatal Error] project-6.pom:7:3: The element type "hr" must be terminated by the matching end-tag "</hr>".
[Fatal Error] apache-4.pom:7:3: The element type "hr" must be terminated by the matching end-tag "</hr>".
[Fatal Error] project-6.pom:7:3: The element type "hr" must be terminated by the matching end-tag "</hr>".
[Fatal Error] project-6.pom:7:3: The element type "hr" must be terminated by the matching end-tag "</hr>".
[Fatal Error] apache-4.pom:7:3: The element type "hr" must be terminated by the matching end-tag "</hr>".
[Fatal Error] apache-4.pom:7:3: The element type "hr" must be terminated by the matching end-tag "</hr>".
[Fatal Error] project-6.pom:7:3: The element type "hr" must be terminated by the matching end-tag "</hr>".
[Fatal Error] apache-4.pom:7:3: The element type "hr" must be terminated by the matching end-tag "</hr>".
[Fatal Error] project-6.pom:7:3: The element type "hr" must be terminated by the matching end-tag "</hr>".
[Fatal Error] commons-codec-1.6.pom:7:3: The element type "hr" must be terminated by the matching end-tag "</hr>".
[Fatal Error] apache-4.pom:7:3: The element type "hr" must be terminated by the matching end-tag "</hr>".
[Fatal Error] commons-codec-1.6.pom:7:3: The element type "hr" must be terminated by the matching end-tag "</hr>".
[Fatal Error] commons-codec-1.6.pom:7:3: The element type "hr" must be terminated by the matching end-tag "</hr>".
[Fatal Error] commons-parent-22.pom:7:3: The element type "hr" must be terminated by the matching end-tag "</hr>".
[Fatal Error] commons-parent-22.pom:7:3: The element type "hr" must be terminated by the matching end-tag "</hr>".
[Fatal Error] commons-parent-22.pom:7:3: The element type "hr" must be terminated by the matching end-tag "</hr>".
[Fatal Error] apache-9.pom:7:3: The element type "hr" must be terminated by the matching end-tag "</hr>".
[Fatal Error] apache-9.pom:7:3: The element type "hr" must be terminated by the matching end-tag "</hr>".
[Fatal Error] apache-9.pom:7:3: The element type "hr" must be terminated by the matching end-tag "</hr>".
[Fatal Error] apache-9.pom:7:3: The element type "hr" must be terminated by the matching end-tag "</hr>".
[Fatal Error] apache-9.pom:7:3: The element type "hr" must be terminated by the matching end-tag "</hr>".
[Fatal Error] apache-9.pom:7:3: The element type "hr" must be terminated by the matching end-tag "</hr>".
[Fatal Error] commons-beanutils-1.8.0.pom:7:3: The element type "hr" must be terminated by the matching end-tag "</hr>".
[Fatal Error] commons-collections-3.2.1.pom:7:3: The element type "hr" must be terminated by the matching end-tag "</hr>".
[Fatal Error] commons-beanutils-1.8.0.pom:7:3: The element type "hr" must be terminated by the matching end-tag "</hr>".
[Fatal Error] commons-collections-3.2.1.pom:7:3: The element type "hr" must be terminated by the matching end-tag "</hr>".
[Fatal Error] commons-beanutils-1.8.0.pom:7:3: The element type "hr" must be terminated by the matching end-tag "</hr>".
[Fatal Error] commons-collections-3.2.1.pom:7:3: The element type "hr" must be terminated by the matching end-tag "</hr>".
[Fatal Error] commons-parent-11.pom:7:3: The element type "hr" must be terminated by the matching end-tag "</hr>".
[Fatal Error] commons-parent-9.pom:7:3: The element type "hr" must be terminated by the matching end-tag "</hr>".
[Fatal Error] commons-parent-11.pom:7:3: The element type "hr" must be terminated by the matching end-tag "</hr>".
[Fatal Error] commons-parent-9.pom:7:3: The element type "hr" must be terminated by the matching end-tag "</hr>".
[Fatal Error] commons-parent-11.pom:7:3: The element type "hr" must be terminated by the matching end-tag "</hr>".
[Fatal Error] commons-parent-9.pom:7:3: The element type "hr" must be terminated by the matching end-tag "</hr>".
[Fatal Error] apache-4.pom:7:3: The element type "hr" must be terminated by the matching end-tag "</hr>".
[Fatal Error] apache-4.pom:7:3: The element type "hr" must be terminated by the matching end-tag "</hr>".
[Fatal Error] apache-4.pom:7:3: The element type "hr" must be terminated by the matching end-tag "</hr>".
[Fatal Error] apache-4.pom:7:3: The element type "hr" must be terminated by the matching end-tag "</hr>".
[Fatal Error] apache-4.pom:7:3: The element type "hr" must be terminated by the matching end-tag "</hr>".
[Fatal Error] apache-4.pom:7:3: The element type "hr" must be terminated by the matching end-tag "</hr>".
[Fatal Error] apache-4.pom:7:3: The element type "hr" must be terminated by the matching end-tag "</hr>".
[Fatal Error] apache-4.pom:7:3: The element type "hr" must be terminated by the matching end-tag "</hr>".
[Fatal Error] apache-4.pom:7:3: The element type "hr" must be terminated by the matching end-tag "</hr>".
[Fatal Error] apache-4.pom:7:3: The element type "hr" must be terminated by the matching end-tag "</hr>".
[Fatal Error] apache-4.pom:7:3: The element type "hr" must be terminated by the matching end-tag "</hr>".
[Fatal Error] apache-4.pom:7:3: The element type "hr" must be terminated by the matching end-tag "</hr>".
[Fatal Error] ezmorph-1.0.6.pom:7:3: The element type "hr" must be terminated by the matching end-tag "</hr>".
[Fatal Error] commons-lang-2.4.pom:7:3: The element type "hr" must be terminated by the matching end-tag "</hr>".
[Fatal Error] ezmorph-1.0.6.pom:7:3: The element type "hr" must be terminated by the matching end-tag "</hr>".
[Fatal Error] commons-lang-2.4.pom:7:3: The element type "hr" must be terminated by the matching end-tag "</hr>".
[Fatal Error] ezmorph-1.0.6.pom:7:3: The element type "hr" must be terminated by the matching end-tag "</hr>".
[Fatal Error] commons-lang-2.4.pom:7:3: The element type "hr" must be terminated by the matching end-tag "</hr>".
[Fatal Error] commons-parent-9.pom:7:3: The element type "hr" must be terminated by the matching end-tag "</hr>".
[Fatal Error] commons-parent-9.pom:7:3: The element type "hr" must be terminated by the matching end-tag "</hr>".
[Fatal Error] commons-parent-9.pom:7:3: The element type "hr" must be terminated by the matching end-tag "</hr>".
[Fatal Error] apache-4.pom:7:3: The element type "hr" must be terminated by the matching end-tag "</hr>".
[Fatal Error] apache-4.pom:7:3: The element type "hr" must be terminated by the matching end-tag "</hr>".
[Fatal Error] apache-4.pom:7:3: The element type "hr" must be terminated by the matching end-tag "</hr>".
[Fatal Error] xercesImpl-2.9.1.pom:7:3: The element type "hr" must be terminated by the matching end-tag "</hr>".
[Fatal Error] xercesImpl-2.9.1.pom:7:3: The element type "hr" must be terminated by the matching end-tag "</hr>".
[Fatal Error] xercesImpl-2.9.1.pom:7:3: The element type "hr" must be terminated by the matching end-tag "</hr>".
[Fatal Error] jsch.agentproxy.core-0.0.7.pom:7:3: The element type "hr" must be terminated by the matching end-tag "</hr>".
[Fatal Error] jsch.agentproxy.core-0.0.7.pom:7:3: The element type "hr" must be terminated by the matching end-tag "</hr>".
[Fatal Error] jsch.agentproxy.core-0.0.7.pom:7:3: The element type "hr" must be terminated by the matching end-tag "</hr>".
[Fatal Error] jsch.agentproxy-0.0.7.pom:7:3: The element type "hr" must be terminated by the matching end-tag "</hr>".
[Fatal Error] jsch.agentproxy-0.0.7.pom:7:3: The element type "hr" must be terminated by the matching end-tag "</hr>".
[Fatal Error] jsch.agentproxy-0.0.7.pom:7:3: The element type "hr" must be terminated by the matching end-tag "</hr>".
[Fatal Error] oss-parent-6.pom:7:3: The element type "hr" must be terminated by the matching end-tag "</hr>".
[Fatal Error] oss-parent-6.pom:7:3: The element type "hr" must be terminated by the matching end-tag "</hr>".
[Fatal Error] oss-parent-6.pom:7:3: The element type "hr" must be terminated by the matching end-tag "</hr>".
[Fatal Error] antlr-runtime-3.4.pom:7:3: The element type "hr" must be terminated by the matching end-tag "</hr>".
[Fatal Error] antlr-runtime-3.4.pom:7:3: The element type "hr" must be terminated by the matching end-tag "</hr>".
[Fatal Error] antlr-runtime-3.4.pom:7:3: The element type "hr" must be terminated by the matching end-tag "</hr>".
[Fatal Error] antlr-master-3.4.pom:7:3: The element type "hr" must be terminated by the matching end-tag "</hr>".
[Fatal Error] antlr-master-3.4.pom:7:3: The element type "hr" must be terminated by the matching end-tag "</hr>".
[Fatal Error] antlr-master-3.4.pom:7:3: The element type "hr" must be terminated by the matching end-tag "</hr>".
[Fatal Error] oss-parent-7.pom:7:3: The element type "hr" must be terminated by the matching end-tag "</hr>".
[Fatal Error] oss-parent-7.pom:7:3: The element type "hr" must be terminated by the matching end-tag "</hr>".
[Fatal Error] oss-parent-7.pom:7:3: The element type "hr" must be terminated by the matching end-tag "</hr>".
[Fatal Error] oss-parent-7.pom:7:3: The element type "hr" must be terminated by the matching end-tag "</hr>".
[Fatal Error] oss-parent-7.pom:7:3: The element type "hr" must be terminated by the matching end-tag "</hr>".
[Fatal Error] oss-parent-7.pom:7:3: The element type "hr" must be terminated by the matching end-tag "</hr>".
[Fatal Error] jsch.agentproxy.usocket-nc-0.0.7.pom:7:3: The element type "hr" must be terminated by the matching end-tag "</hr>".
[Fatal Error] jsch.agentproxy.usocket-jna-0.0.7.pom:7:3: The element type "hr" must be terminated by the matching end-tag "</hr>".
[Fatal Error] jsch.agentproxy.usocket-nc-0.0.7.pom:7:3: The element type "hr" must be terminated by the matching end-tag "</hr>".
[Fatal Error] jsch.agentproxy.usocket-jna-0.0.7.pom:7:3: The element type "hr" must be terminated by the matching end-tag "</hr>".
[Fatal Error] jsch.agentproxy.usocket-nc-0.0.7.pom:7:3: The element type "hr" must be terminated by the matching end-tag "</hr>".
[Fatal Error] jsch.agentproxy.usocket-jna-0.0.7.pom:7:3: The element type "hr" must be terminated by the matching end-tag "</hr>".
[Fatal Error] jsch.agentproxy-0.0.7.pom:7:3: The element type "hr" must be terminated by the matching end-tag "</hr>".
[Fatal Error] jsch.agentproxy-0.0.7.pom:7:3: The element type "hr" must be terminated by the matching end-tag "</hr>".
[Fatal Error] jsch.agentproxy-0.0.7.pom:7:3: The element type "hr" must be terminated by the matching end-tag "</hr>".
[Fatal Error] jsch.agentproxy-0.0.7.pom:7:3: The element type "hr" must be terminated by the matching end-tag "</hr>".
[Fatal Error] jsch.agentproxy-0.0.7.pom:7:3: The element type "hr" must be terminated by the matching end-tag "</hr>".
[Fatal Error] oss-parent-6.pom:7:3: The element type "hr" must be terminated by the matching end-tag "</hr>".
[Fatal Error] jsch.agentproxy-0.0.7.pom:7:3: The element type "hr" must be terminated by the matching end-tag "</hr>".
[Fatal Error] oss-parent-6.pom:7:3: The element type "hr" must be terminated by the matching end-tag "</hr>".
[Fatal Error] oss-parent-6.pom:7:3: The element type "hr" must be terminated by the matching end-tag "</hr>".
[Fatal Error] oss-parent-6.pom:7:3: The element type "hr" must be terminated by the matching end-tag "</hr>".
[Fatal Error] oss-parent-6.pom:7:3: The element type "hr" must be terminated by the matching end-tag "</hr>".
[Fatal Error] oss-parent-6.pom:7:3: The element type "hr" must be terminated by the matching end-tag "</hr>".
[Fatal Error] jsch.agentproxy.pageant-0.0.7.pom:7:3: The element type "hr" must be terminated by the matching end-tag "</hr>".
[Fatal Error] jsch.agentproxy.sshagent-0.0.7.pom:7:3: The element type "hr" must be terminated by the matching end-tag "</hr>".
[Fatal Error] jsch.agentproxy.pageant-0.0.7.pom:7:3: The element type "hr" must be terminated by the matching end-tag "</hr>".
[Fatal Error] jsch.agentproxy.sshagent-0.0.7.pom:7:3: The element type "hr" must be terminated by the matching end-tag "</hr>".
[Fatal Error] jsch.agentproxy.pageant-0.0.7.pom:7:3: The element type "hr" must be terminated by the matching end-tag "</hr>".
[Fatal Error] jsch.agentproxy.sshagent-0.0.7.pom:7:3: The element type "hr" must be terminated by the matching end-tag "</hr>".
[Fatal Error] jsch.agentproxy-0.0.7.pom:7:3: The element type "hr" must be terminated by the matching end-tag "</hr>".
[Fatal Error] jsch.agentproxy-0.0.7.pom:7:3: The element type "hr" must be terminated by the matching end-tag "</hr>".
[Fatal Error] jsch.agentproxy-0.0.7.pom:7:3: The element type "hr" must be terminated by the matching end-tag "</hr>".
[Fatal Error] jsch.agentproxy-0.0.7.pom:7:3: The element type "hr" must be terminated by the matching end-tag "</hr>".
[Fatal Error] jsch.agentproxy-0.0.7.pom:7:3: The element type "hr" must be terminated by the matching end-tag "</hr>".
[Fatal Error] jsch.agentproxy-0.0.7.pom:7:3: The element type "hr" must be terminated by the matching end-tag "</hr>".
[Fatal Error] oss-parent-6.pom:7:3: The element type "hr" must be terminated by the matching end-tag "</hr>".
[Fatal Error] oss-parent-6.pom:7:3: The element type "hr" must be terminated by the matching end-tag "</hr>".
[Fatal Error] oss-parent-6.pom:7:3: The element type "hr" must be terminated by the matching end-tag "</hr>".
[Fatal Error] oss-parent-6.pom:7:3: The element type "hr" must be terminated by the matching end-tag "</hr>".
[Fatal Error] oss-parent-6.pom:7:3: The element type "hr" must be terminated by the matching end-tag "</hr>".
[Fatal Error] oss-parent-6.pom:7:3: The element type "hr" must be terminated by the matching end-tag "</hr>".

FAILURE: Build failed with an exception.

* Where:
Build file '/mnt/batch/tasks/workitems/NONDEX_nondex_r131_1M31d16h48m2s/job-1/Task111/wd/NonDex-plugin-test/github.com/palantir/gradle-bowerdeps-plugin/build.gradle' line: 35

* What went wrong:
A problem occurred evaluating root project 'gradle-bowerdeps-plugin'.
> org/gradle/api/internal/project/AbstractProject

* Try:
Run with --stacktrace option to get the stack trace. Run with --info or --debug option to get more log output. Run with --scan to get full insights.

* Get more help at https://help.gradle.org

BUILD FAILED in 3m 0s
