Exception in thread "main" java.net.UnknownHostException: snapshots.dist.codehaus.org
	at java.base/java.net.AbstractPlainSocketImpl.connect(AbstractPlainSocketImpl.java:229)
	at java.base/java.net.Socket.connect(Socket.java:609)
	at java.base/java.net.Socket.connect(Socket.java:558)
	at java.base/sun.net.NetworkClient.doConnect(NetworkClient.java:182)
	at java.base/sun.net.www.http.HttpClient.openServer(HttpClient.java:507)
	at java.base/sun.net.www.http.HttpClient.openServer(HttpClient.java:602)
	at java.base/sun.net.www.http.HttpClient.<init>(HttpClient.java:275)
	at java.base/sun.net.www.http.HttpClient.New(HttpClient.java:374)
	at java.base/sun.net.www.http.HttpClient.New(HttpClient.java:395)
	at java.base/sun.net.www.protocol.http.HttpURLConnection.getNewHttpClient(HttpURLConnection.java:1253)
	at java.base/sun.net.www.protocol.http.HttpURLConnection.plainConnect0(HttpURLConnection.java:1187)
	at java.base/sun.net.www.protocol.http.HttpURLConnection.plainConnect(HttpURLConnection.java:1081)
	at java.base/sun.net.www.protocol.http.HttpURLConnection.connect(HttpURLConnection.java:1015)
	at java.base/sun.net.www.protocol.http.HttpURLConnection.getInputStream0(HttpURLConnection.java:1592)
	at java.base/sun.net.www.protocol.http.HttpURLConnection.getInputStream(HttpURLConnection.java:1520)
	at org.gradle.wrapper.Download.downloadInternal(Download.java:48)
	at org.gradle.wrapper.Download.download(Download.java:36)
	at org.gradle.wrapper.Install.createDist(Install.java:59)
	at org.gradle.wrapper.Wrapper.execute(Wrapper.java:45)
	at org.gradle.wrapper.GradleWrapperMain.main(GradleWrapperMain.java:39)
