[Fatal Error] propdeps-plugin-0.0.7.pom:7:3: The element type "hr" must be terminated by the matching end-tag "</hr>".
[Fatal Error] propdeps-plugin-0.0.7.pom:7:3: The element type "hr" must be terminated by the matching end-tag "</hr>".
[Fatal Error] propdeps-plugin-0.0.7.pom:7:3: The element type "hr" must be terminated by the matching end-tag "</hr>".

FAILURE: Build failed with an exception.

* What went wrong:
A problem occurred configuring root project 'multi-web-demo'.
> Could not resolve all artifacts for configuration ':classpath'.
   > Could not resolve org.springframework.build.gradle:propdeps-plugin:0.0.7.
     Required by:
         project :
      > Could not resolve org.springframework.build.gradle:propdeps-plugin:0.0.7.
         > Could not get resource 'http://repo.springsource.org/plugins-release/org/springframework/build/gradle/propdeps-plugin/0.0.7/propdeps-plugin-0.0.7.pom'.
            > Could not GET 'http://repo.springsource.org/plugins-release/org/springframework/build/gradle/propdeps-plugin/0.0.7/propdeps-plugin-0.0.7.pom'. Received status code 403 from server: Forbidden
      > Could not resolve org.springframework.build.gradle:propdeps-plugin:0.0.7.
         > Could not parse POM http://repo.spring.io/milestone/org/springframework/build/gradle/propdeps-plugin/0.0.7/propdeps-plugin-0.0.7.pom
            > The element type "hr" must be terminated by the matching end-tag "</hr>".

* Try:
Run with --stacktrace option to get the stack trace. Run with --info or --debug option to get more log output. Run with --scan to get full insights.

* Get more help at https://help.gradle.org

BUILD FAILED in 10s
