[Fatal Error] cf-gradle-plugin-1.1.3.pom:7:3: The element type "hr" must be terminated by the matching end-tag "</hr>".
[Fatal Error] spring-boot-gradle-plugin-1.5.7.RELEASE.pom:7:3: The element type "hr" must be terminated by the matching end-tag "</hr>".
[Fatal Error] spring-boot-gradle-plugin-1.5.7.RELEASE.pom:7:3: The element type "hr" must be terminated by the matching end-tag "</hr>".
[Fatal Error] cf-gradle-plugin-1.1.3.pom:7:3: The element type "hr" must be terminated by the matching end-tag "</hr>".
[Fatal Error] spring-boot-gradle-plugin-1.5.7.RELEASE.pom:7:3: The element type "hr" must be terminated by the matching end-tag "</hr>".
[Fatal Error] cf-gradle-plugin-1.1.3.pom:7:3: The element type "hr" must be terminated by the matching end-tag "</hr>".
[Fatal Error] oss-parent-7.pom:7:3: The element type "hr" must be terminated by the matching end-tag "</hr>".
[Fatal Error] spring-boot-tools-1.5.7.RELEASE.pom:7:3: The element type "hr" must be terminated by the matching end-tag "</hr>".
[Fatal Error] oss-parent-7.pom:7:3: The element type "hr" must be terminated by the matching end-tag "</hr>".
[Fatal Error] spring-boot-tools-1.5.7.RELEASE.pom:7:3: The element type "hr" must be terminated by the matching end-tag "</hr>".
[Fatal Error] oss-parent-7.pom:7:3: The element type "hr" must be terminated by the matching end-tag "</hr>".
[Fatal Error] spring-boot-tools-1.5.7.RELEASE.pom:7:3: The element type "hr" must be terminated by the matching end-tag "</hr>".
[Fatal Error] com.github.ben-manes.versions.gradle.plugin-0.14.0.pom:7:3: The element type "hr" must be terminated by the matching end-tag "</hr>".
[Fatal Error] spring-boot-parent-1.5.7.RELEASE.pom:7:3: The element type "hr" must be terminated by the matching end-tag "</hr>".
[Fatal Error] com.github.ben-manes.versions.gradle.plugin-0.14.0.pom:7:3: The element type "hr" must be terminated by the matching end-tag "</hr>".
[Fatal Error] spring-boot-parent-1.5.7.RELEASE.pom:7:3: The element type "hr" must be terminated by the matching end-tag "</hr>".
[Fatal Error] com.github.ben-manes.versions.gradle.plugin-0.14.0.pom:7:3: The element type "hr" must be terminated by the matching end-tag "</hr>".
[Fatal Error] spring-boot-parent-1.5.7.RELEASE.pom:7:3: The element type "hr" must be terminated by the matching end-tag "</hr>".
[Fatal Error] spring-boot-dependencies-1.5.7.RELEASE.pom:7:3: The element type "hr" must be terminated by the matching end-tag "</hr>".
[Fatal Error] spring-boot-dependencies-1.5.7.RELEASE.pom:7:3: The element type "hr" must be terminated by the matching end-tag "</hr>".
[Fatal Error] spring-boot-dependencies-1.5.7.RELEASE.pom:7:3: The element type "hr" must be terminated by the matching end-tag "</hr>".
[Fatal Error] jackson-bom-2.8.10.pom:7:3: The element type "hr" must be terminated by the matching end-tag "</hr>".
[Fatal Error] jackson-bom-2.8.10.pom:7:3: The element type "hr" must be terminated by the matching end-tag "</hr>".
[Fatal Error] jackson-bom-2.8.10.pom:7:3: The element type "hr" must be terminated by the matching end-tag "</hr>".
[Fatal Error] jackson-parent-2.8.pom:7:3: The element type "hr" must be terminated by the matching end-tag "</hr>".
[Fatal Error] jackson-parent-2.8.pom:7:3: The element type "hr" must be terminated by the matching end-tag "</hr>".
[Fatal Error] jackson-parent-2.8.pom:7:3: The element type "hr" must be terminated by the matching end-tag "</hr>".
[Fatal Error] oss-parent-27.pom:7:3: The element type "hr" must be terminated by the matching end-tag "</hr>".
[Fatal Error] oss-parent-27.pom:7:3: The element type "hr" must be terminated by the matching end-tag "</hr>".
[Fatal Error] oss-parent-27.pom:7:3: The element type "hr" must be terminated by the matching end-tag "</hr>".
[Fatal Error] oss-parent-27.pom:7:3: The element type "hr" must be terminated by the matching end-tag "</hr>".
[Fatal Error] oss-parent-27.pom:7:3: The element type "hr" must be terminated by the matching end-tag "</hr>".
[Fatal Error] oss-parent-27.pom:7:3: The element type "hr" must be terminated by the matching end-tag "</hr>".
[Fatal Error] jackson-parent-2.8.pom:7:3: The element type "hr" must be terminated by the matching end-tag "</hr>".
[Fatal Error] jackson-parent-2.8.pom:7:3: The element type "hr" must be terminated by the matching end-tag "</hr>".
[Fatal Error] jackson-parent-2.8.pom:7:3: The element type "hr" must be terminated by the matching end-tag "</hr>".
[Fatal Error] oss-parent-27.pom:7:3: The element type "hr" must be terminated by the matching end-tag "</hr>".
[Fatal Error] oss-parent-27.pom:7:3: The element type "hr" must be terminated by the matching end-tag "</hr>".
[Fatal Error] oss-parent-27.pom:7:3: The element type "hr" must be terminated by the matching end-tag "</hr>".
[Fatal Error] log4j-bom-2.7.pom:7:3: The element type "hr" must be terminated by the matching end-tag "</hr>".
[Fatal Error] log4j-bom-2.7.pom:7:3: The element type "hr" must be terminated by the matching end-tag "</hr>".
[Fatal Error] log4j-bom-2.7.pom:7:3: The element type "hr" must be terminated by the matching end-tag "</hr>".
[Fatal Error] apache-9.pom:7:3: The element type "hr" must be terminated by the matching end-tag "</hr>".
[Fatal Error] apache-9.pom:7:3: The element type "hr" must be terminated by the matching end-tag "</hr>".
[Fatal Error] apache-9.pom:7:3: The element type "hr" must be terminated by the matching end-tag "</hr>".
[Fatal Error] apache-9.pom:7:3: The element type "hr" must be terminated by the matching end-tag "</hr>".
[Fatal Error] apache-9.pom:7:3: The element type "hr" must be terminated by the matching end-tag "</hr>".
[Fatal Error] apache-9.pom:7:3: The element type "hr" must be terminated by the matching end-tag "</hr>".
[Fatal Error] spring-framework-bom-4.3.11.RELEASE.pom:7:3: The element type "hr" must be terminated by the matching end-tag "</hr>".
[Fatal Error] spring-framework-bom-4.3.11.RELEASE.pom:7:3: The element type "hr" must be terminated by the matching end-tag "</hr>".
[Fatal Error] spring-framework-bom-4.3.11.RELEASE.pom:7:3: The element type "hr" must be terminated by the matching end-tag "</hr>".
[Fatal Error] spring-data-releasetrain-Ingalls-SR7.pom:7:3: The element type "hr" must be terminated by the matching end-tag "</hr>".
[Fatal Error] spring-data-releasetrain-Ingalls-SR7.pom:7:3: The element type "hr" must be terminated by the matching end-tag "</hr>".
[Fatal Error] spring-data-releasetrain-Ingalls-SR7.pom:7:3: The element type "hr" must be terminated by the matching end-tag "</hr>".
[Fatal Error] spring-data-build-1.9.7.RELEASE.pom:7:3: The element type "hr" must be terminated by the matching end-tag "</hr>".
[Fatal Error] spring-data-build-1.9.7.RELEASE.pom:7:3: The element type "hr" must be terminated by the matching end-tag "</hr>".
[Fatal Error] spring-data-build-1.9.7.RELEASE.pom:7:3: The element type "hr" must be terminated by the matching end-tag "</hr>".
[Fatal Error] spring-data-build-1.9.7.RELEASE.pom:7:3: The element type "hr" must be terminated by the matching end-tag "</hr>".
[Fatal Error] spring-data-build-1.9.7.RELEASE.pom:7:3: The element type "hr" must be terminated by the matching end-tag "</hr>".
[Fatal Error] spring-data-build-1.9.7.RELEASE.pom:7:3: The element type "hr" must be terminated by the matching end-tag "</hr>".
[Fatal Error] spring-integration-bom-4.3.12.RELEASE.pom:7:3: The element type "hr" must be terminated by the matching end-tag "</hr>".
[Fatal Error] spring-integration-bom-4.3.12.RELEASE.pom:7:3: The element type "hr" must be terminated by the matching end-tag "</hr>".
[Fatal Error] spring-integration-bom-4.3.12.RELEASE.pom:7:3: The element type "hr" must be terminated by the matching end-tag "</hr>".
[Fatal Error] spring-security-bom-4.2.3.RELEASE.pom:7:3: The element type "hr" must be terminated by the matching end-tag "</hr>".
[Fatal Error] spring-security-bom-4.2.3.RELEASE.pom:7:3: The element type "hr" must be terminated by the matching end-tag "</hr>".
[Fatal Error] spring-security-bom-4.2.3.RELEASE.pom:7:3: The element type "hr" must be terminated by the matching end-tag "</hr>".
[Fatal Error] jackson-bom-2.8.10.pom:7:3: The element type "hr" must be terminated by the matching end-tag "</hr>".
[Fatal Error] jackson-bom-2.8.10.pom:7:3: The element type "hr" must be terminated by the matching end-tag "</hr>".
[Fatal Error] jackson-bom-2.8.10.pom:7:3: The element type "hr" must be terminated by the matching end-tag "</hr>".
[Fatal Error] jackson-parent-2.8.pom:7:3: The element type "hr" must be terminated by the matching end-tag "</hr>".
[Fatal Error] jackson-parent-2.8.pom:7:3: The element type "hr" must be terminated by the matching end-tag "</hr>".
[Fatal Error] jackson-parent-2.8.pom:7:3: The element type "hr" must be terminated by the matching end-tag "</hr>".
[Fatal Error] oss-parent-27.pom:7:3: The element type "hr" must be terminated by the matching end-tag "</hr>".
[Fatal Error] oss-parent-27.pom:7:3: The element type "hr" must be terminated by the matching end-tag "</hr>".
[Fatal Error] oss-parent-27.pom:7:3: The element type "hr" must be terminated by the matching end-tag "</hr>".
[Fatal Error] log4j-bom-2.7.pom:7:3: The element type "hr" must be terminated by the matching end-tag "</hr>".
[Fatal Error] log4j-bom-2.7.pom:7:3: The element type "hr" must be terminated by the matching end-tag "</hr>".
[Fatal Error] log4j-bom-2.7.pom:7:3: The element type "hr" must be terminated by the matching end-tag "</hr>".
[Fatal Error] apache-9.pom:7:3: The element type "hr" must be terminated by the matching end-tag "</hr>".
[Fatal Error] apache-9.pom:7:3: The element type "hr" must be terminated by the matching end-tag "</hr>".
[Fatal Error] apache-9.pom:7:3: The element type "hr" must be terminated by the matching end-tag "</hr>".
[Fatal Error] spring-framework-bom-4.3.11.RELEASE.pom:7:3: The element type "hr" must be terminated by the matching end-tag "</hr>".
[Fatal Error] spring-framework-bom-4.3.11.RELEASE.pom:7:3: The element type "hr" must be terminated by the matching end-tag "</hr>".
[Fatal Error] spring-framework-bom-4.3.11.RELEASE.pom:7:3: The element type "hr" must be terminated by the matching end-tag "</hr>".
[Fatal Error] spring-data-releasetrain-Ingalls-SR7.pom:7:3: The element type "hr" must be terminated by the matching end-tag "</hr>".
[Fatal Error] spring-data-releasetrain-Ingalls-SR7.pom:7:3: The element type "hr" must be terminated by the matching end-tag "</hr>".
[Fatal Error] spring-data-releasetrain-Ingalls-SR7.pom:7:3: The element type "hr" must be terminated by the matching end-tag "</hr>".
[Fatal Error] spring-data-build-1.9.7.RELEASE.pom:7:3: The element type "hr" must be terminated by the matching end-tag "</hr>".
[Fatal Error] spring-data-build-1.9.7.RELEASE.pom:7:3: The element type "hr" must be terminated by the matching end-tag "</hr>".
[Fatal Error] spring-data-build-1.9.7.RELEASE.pom:7:3: The element type "hr" must be terminated by the matching end-tag "</hr>".
[Fatal Error] spring-integration-bom-4.3.12.RELEASE.pom:7:3: The element type "hr" must be terminated by the matching end-tag "</hr>".
[Fatal Error] spring-integration-bom-4.3.12.RELEASE.pom:7:3: The element type "hr" must be terminated by the matching end-tag "</hr>".
[Fatal Error] spring-integration-bom-4.3.12.RELEASE.pom:7:3: The element type "hr" must be terminated by the matching end-tag "</hr>".
[Fatal Error] spring-security-bom-4.2.3.RELEASE.pom:7:3: The element type "hr" must be terminated by the matching end-tag "</hr>".
[Fatal Error] spring-security-bom-4.2.3.RELEASE.pom:7:3: The element type "hr" must be terminated by the matching end-tag "</hr>".
[Fatal Error] spring-security-bom-4.2.3.RELEASE.pom:7:3: The element type "hr" must be terminated by the matching end-tag "</hr>".
[Fatal Error] spring-boot-dependencies-1.5.7.RELEASE.pom:7:3: The element type "hr" must be terminated by the matching end-tag "</hr>".
[Fatal Error] spring-boot-dependencies-1.5.7.RELEASE.pom:7:3: The element type "hr" must be terminated by the matching end-tag "</hr>".
[Fatal Error] spring-boot-dependencies-1.5.7.RELEASE.pom:7:3: The element type "hr" must be terminated by the matching end-tag "</hr>".
[Fatal Error] jackson-bom-2.8.10.pom:7:3: The element type "hr" must be terminated by the matching end-tag "</hr>".
[Fatal Error] jackson-bom-2.8.10.pom:7:3: The element type "hr" must be terminated by the matching end-tag "</hr>".
[Fatal Error] jackson-bom-2.8.10.pom:7:3: The element type "hr" must be terminated by the matching end-tag "</hr>".
[Fatal Error] jackson-parent-2.8.pom:7:3: The element type "hr" must be terminated by the matching end-tag "</hr>".
[Fatal Error] jackson-parent-2.8.pom:7:3: The element type "hr" must be terminated by the matching end-tag "</hr>".
[Fatal Error] jackson-parent-2.8.pom:7:3: The element type "hr" must be terminated by the matching end-tag "</hr>".
[Fatal Error] oss-parent-27.pom:7:3: The element type "hr" must be terminated by the matching end-tag "</hr>".
[Fatal Error] oss-parent-27.pom:7:3: The element type "hr" must be terminated by the matching end-tag "</hr>".
[Fatal Error] oss-parent-27.pom:7:3: The element type "hr" must be terminated by the matching end-tag "</hr>".
[Fatal Error] log4j-bom-2.7.pom:7:3: The element type "hr" must be terminated by the matching end-tag "</hr>".
[Fatal Error] log4j-bom-2.7.pom:7:3: The element type "hr" must be terminated by the matching end-tag "</hr>".
[Fatal Error] log4j-bom-2.7.pom:7:3: The element type "hr" must be terminated by the matching end-tag "</hr>".
[Fatal Error] apache-9.pom:7:3: The element type "hr" must be terminated by the matching end-tag "</hr>".
[Fatal Error] apache-9.pom:7:3: The element type "hr" must be terminated by the matching end-tag "</hr>".
[Fatal Error] apache-9.pom:7:3: The element type "hr" must be terminated by the matching end-tag "</hr>".
[Fatal Error] spring-framework-bom-4.3.11.RELEASE.pom:7:3: The element type "hr" must be terminated by the matching end-tag "</hr>".
[Fatal Error] spring-framework-bom-4.3.11.RELEASE.pom:7:3: The element type "hr" must be terminated by the matching end-tag "</hr>".
[Fatal Error] spring-framework-bom-4.3.11.RELEASE.pom:7:3: The element type "hr" must be terminated by the matching end-tag "</hr>".
[Fatal Error] spring-data-releasetrain-Ingalls-SR7.pom:7:3: The element type "hr" must be terminated by the matching end-tag "</hr>".
[Fatal Error] spring-data-releasetrain-Ingalls-SR7.pom:7:3: The element type "hr" must be terminated by the matching end-tag "</hr>".
[Fatal Error] spring-data-releasetrain-Ingalls-SR7.pom:7:3: The element type "hr" must be terminated by the matching end-tag "</hr>".
[Fatal Error] spring-data-build-1.9.7.RELEASE.pom:7:3: The element type "hr" must be terminated by the matching end-tag "</hr>".
[Fatal Error] spring-data-build-1.9.7.RELEASE.pom:7:3: The element type "hr" must be terminated by the matching end-tag "</hr>".
[Fatal Error] spring-data-build-1.9.7.RELEASE.pom:7:3: The element type "hr" must be terminated by the matching end-tag "</hr>".
[Fatal Error] spring-integration-bom-4.3.12.RELEASE.pom:7:3: The element type "hr" must be terminated by the matching end-tag "</hr>".
[Fatal Error] spring-integration-bom-4.3.12.RELEASE.pom:7:3: The element type "hr" must be terminated by the matching end-tag "</hr>".
[Fatal Error] spring-integration-bom-4.3.12.RELEASE.pom:7:3: The element type "hr" must be terminated by the matching end-tag "</hr>".
[Fatal Error] spring-security-bom-4.2.3.RELEASE.pom:7:3: The element type "hr" must be terminated by the matching end-tag "</hr>".
[Fatal Error] spring-security-bom-4.2.3.RELEASE.pom:7:3: The element type "hr" must be terminated by the matching end-tag "</hr>".
[Fatal Error] spring-security-bom-4.2.3.RELEASE.pom:7:3: The element type "hr" must be terminated by the matching end-tag "</hr>".
[Fatal Error] spring-boot-parent-1.5.7.RELEASE.pom:7:3: The element type "hr" must be terminated by the matching end-tag "</hr>".
[Fatal Error] spring-boot-parent-1.5.7.RELEASE.pom:7:3: The element type "hr" must be terminated by the matching end-tag "</hr>".
[Fatal Error] spring-boot-parent-1.5.7.RELEASE.pom:7:3: The element type "hr" must be terminated by the matching end-tag "</hr>".
[Fatal Error] spring-boot-dependencies-1.5.7.RELEASE.pom:7:3: The element type "hr" must be terminated by the matching end-tag "</hr>".
[Fatal Error] spring-boot-dependencies-1.5.7.RELEASE.pom:7:3: The element type "hr" must be terminated by the matching end-tag "</hr>".
[Fatal Error] spring-boot-dependencies-1.5.7.RELEASE.pom:7:3: The element type "hr" must be terminated by the matching end-tag "</hr>".
[Fatal Error] jackson-bom-2.8.10.pom:7:3: The element type "hr" must be terminated by the matching end-tag "</hr>".
[Fatal Error] jackson-bom-2.8.10.pom:7:3: The element type "hr" must be terminated by the matching end-tag "</hr>".
[Fatal Error] jackson-bom-2.8.10.pom:7:3: The element type "hr" must be terminated by the matching end-tag "</hr>".
[Fatal Error] jackson-parent-2.8.pom:7:3: The element type "hr" must be terminated by the matching end-tag "</hr>".
[Fatal Error] jackson-parent-2.8.pom:7:3: The element type "hr" must be terminated by the matching end-tag "</hr>".
[Fatal Error] jackson-parent-2.8.pom:7:3: The element type "hr" must be terminated by the matching end-tag "</hr>".
[Fatal Error] oss-parent-27.pom:7:3: The element type "hr" must be terminated by the matching end-tag "</hr>".
[Fatal Error] oss-parent-27.pom:7:3: The element type "hr" must be terminated by the matching end-tag "</hr>".
[Fatal Error] oss-parent-27.pom:7:3: The element type "hr" must be terminated by the matching end-tag "</hr>".
[Fatal Error] log4j-bom-2.7.pom:7:3: The element type "hr" must be terminated by the matching end-tag "</hr>".
[Fatal Error] log4j-bom-2.7.pom:7:3: The element type "hr" must be terminated by the matching end-tag "</hr>".
[Fatal Error] log4j-bom-2.7.pom:7:3: The element type "hr" must be terminated by the matching end-tag "</hr>".
[Fatal Error] apache-9.pom:7:3: The element type "hr" must be terminated by the matching end-tag "</hr>".
[Fatal Error] apache-9.pom:7:3: The element type "hr" must be terminated by the matching end-tag "</hr>".
[Fatal Error] apache-9.pom:7:3: The element type "hr" must be terminated by the matching end-tag "</hr>".
[Fatal Error] spring-framework-bom-4.3.11.RELEASE.pom:7:3: The element type "hr" must be terminated by the matching end-tag "</hr>".
[Fatal Error] spring-framework-bom-4.3.11.RELEASE.pom:7:3: The element type "hr" must be terminated by the matching end-tag "</hr>".
[Fatal Error] spring-framework-bom-4.3.11.RELEASE.pom:7:3: The element type "hr" must be terminated by the matching end-tag "</hr>".
[Fatal Error] spring-data-releasetrain-Ingalls-SR7.pom:7:3: The element type "hr" must be terminated by the matching end-tag "</hr>".
[Fatal Error] spring-data-releasetrain-Ingalls-SR7.pom:7:3: The element type "hr" must be terminated by the matching end-tag "</hr>".
[Fatal Error] spring-data-releasetrain-Ingalls-SR7.pom:7:3: The element type "hr" must be terminated by the matching end-tag "</hr>".
[Fatal Error] spring-data-build-1.9.7.RELEASE.pom:7:3: The element type "hr" must be terminated by the matching end-tag "</hr>".
[Fatal Error] spring-data-build-1.9.7.RELEASE.pom:7:3: The element type "hr" must be terminated by the matching end-tag "</hr>".
[Fatal Error] spring-data-build-1.9.7.RELEASE.pom:7:3: The element type "hr" must be terminated by the matching end-tag "</hr>".
[Fatal Error] spring-integration-bom-4.3.12.RELEASE.pom:7:3: The element type "hr" must be terminated by the matching end-tag "</hr>".
[Fatal Error] spring-integration-bom-4.3.12.RELEASE.pom:7:3: The element type "hr" must be terminated by the matching end-tag "</hr>".
[Fatal Error] spring-integration-bom-4.3.12.RELEASE.pom:7:3: The element type "hr" must be terminated by the matching end-tag "</hr>".
[Fatal Error] spring-security-bom-4.2.3.RELEASE.pom:7:3: The element type "hr" must be terminated by the matching end-tag "</hr>".
[Fatal Error] spring-security-bom-4.2.3.RELEASE.pom:7:3: The element type "hr" must be terminated by the matching end-tag "</hr>".
[Fatal Error] spring-security-bom-4.2.3.RELEASE.pom:7:3: The element type "hr" must be terminated by the matching end-tag "</hr>".
[Fatal Error] spring-boot-loader-tools-1.5.7.RELEASE.pom:7:3: The element type "hr" must be terminated by the matching end-tag "</hr>".
[Fatal Error] dependency-management-plugin-1.0.3.RELEASE.pom:7:3: The element type "hr" must be terminated by the matching end-tag "</hr>".
[Fatal Error] spring-boot-loader-tools-1.5.7.RELEASE.pom:7:3: The element type "hr" must be terminated by the matching end-tag "</hr>".
[Fatal Error] dependency-management-plugin-1.0.3.RELEASE.pom:7:3: The element type "hr" must be terminated by the matching end-tag "</hr>".
[Fatal Error] spring-boot-loader-tools-1.5.7.RELEASE.pom:7:3: The element type "hr" must be terminated by the matching end-tag "</hr>".
[Fatal Error] dependency-management-plugin-1.0.3.RELEASE.pom:7:3: The element type "hr" must be terminated by the matching end-tag "</hr>".
[Fatal Error] spring-boot-tools-1.5.7.RELEASE.pom:7:3: The element type "hr" must be terminated by the matching end-tag "</hr>".
[Fatal Error] spring-boot-tools-1.5.7.RELEASE.pom:7:3: The element type "hr" must be terminated by the matching end-tag "</hr>".
[Fatal Error] spring-boot-tools-1.5.7.RELEASE.pom:7:3: The element type "hr" must be terminated by the matching end-tag "</hr>".
[Fatal Error] spring-boot-parent-1.5.7.RELEASE.pom:7:3: The element type "hr" must be terminated by the matching end-tag "</hr>".
[Fatal Error] spring-boot-parent-1.5.7.RELEASE.pom:7:3: The element type "hr" must be terminated by the matching end-tag "</hr>".
[Fatal Error] spring-boot-parent-1.5.7.RELEASE.pom:7:3: The element type "hr" must be terminated by the matching end-tag "</hr>".
[Fatal Error] spring-boot-dependencies-1.5.7.RELEASE.pom:7:3: The element type "hr" must be terminated by the matching end-tag "</hr>".
[Fatal Error] spring-boot-dependencies-1.5.7.RELEASE.pom:7:3: The element type "hr" must be terminated by the matching end-tag "</hr>".
[Fatal Error] spring-boot-dependencies-1.5.7.RELEASE.pom:7:3: The element type "hr" must be terminated by the matching end-tag "</hr>".
[Fatal Error] jackson-bom-2.8.10.pom:7:3: The element type "hr" must be terminated by the matching end-tag "</hr>".
[Fatal Error] jackson-bom-2.8.10.pom:7:3: The element type "hr" must be terminated by the matching end-tag "</hr>".
[Fatal Error] jackson-bom-2.8.10.pom:7:3: The element type "hr" must be terminated by the matching end-tag "</hr>".
[Fatal Error] jackson-parent-2.8.pom:7:3: The element type "hr" must be terminated by the matching end-tag "</hr>".
[Fatal Error] jackson-parent-2.8.pom:7:3: The element type "hr" must be terminated by the matching end-tag "</hr>".
[Fatal Error] jackson-parent-2.8.pom:7:3: The element type "hr" must be terminated by the matching end-tag "</hr>".
[Fatal Error] oss-parent-27.pom:7:3: The element type "hr" must be terminated by the matching end-tag "</hr>".
[Fatal Error] oss-parent-27.pom:7:3: The element type "hr" must be terminated by the matching end-tag "</hr>".
[Fatal Error] oss-parent-27.pom:7:3: The element type "hr" must be terminated by the matching end-tag "</hr>".
[Fatal Error] log4j-bom-2.7.pom:7:3: The element type "hr" must be terminated by the matching end-tag "</hr>".
[Fatal Error] log4j-bom-2.7.pom:7:3: The element type "hr" must be terminated by the matching end-tag "</hr>".
[Fatal Error] log4j-bom-2.7.pom:7:3: The element type "hr" must be terminated by the matching end-tag "</hr>".
[Fatal Error] apache-9.pom:7:3: The element type "hr" must be terminated by the matching end-tag "</hr>".
[Fatal Error] apache-9.pom:7:3: The element type "hr" must be terminated by the matching end-tag "</hr>".
[Fatal Error] apache-9.pom:7:3: The element type "hr" must be terminated by the matching end-tag "</hr>".
[Fatal Error] spring-framework-bom-4.3.11.RELEASE.pom:7:3: The element type "hr" must be terminated by the matching end-tag "</hr>".
[Fatal Error] spring-framework-bom-4.3.11.RELEASE.pom:7:3: The element type "hr" must be terminated by the matching end-tag "</hr>".
[Fatal Error] spring-framework-bom-4.3.11.RELEASE.pom:7:3: The element type "hr" must be terminated by the matching end-tag "</hr>".
[Fatal Error] spring-data-releasetrain-Ingalls-SR7.pom:7:3: The element type "hr" must be terminated by the matching end-tag "</hr>".
[Fatal Error] spring-data-releasetrain-Ingalls-SR7.pom:7:3: The element type "hr" must be terminated by the matching end-tag "</hr>".
[Fatal Error] spring-data-releasetrain-Ingalls-SR7.pom:7:3: The element type "hr" must be terminated by the matching end-tag "</hr>".
[Fatal Error] spring-data-build-1.9.7.RELEASE.pom:7:3: The element type "hr" must be terminated by the matching end-tag "</hr>".
[Fatal Error] spring-data-build-1.9.7.RELEASE.pom:7:3: The element type "hr" must be terminated by the matching end-tag "</hr>".
[Fatal Error] spring-data-build-1.9.7.RELEASE.pom:7:3: The element type "hr" must be terminated by the matching end-tag "</hr>".
[Fatal Error] spring-integration-bom-4.3.12.RELEASE.pom:7:3: The element type "hr" must be terminated by the matching end-tag "</hr>".
[Fatal Error] spring-integration-bom-4.3.12.RELEASE.pom:7:3: The element type "hr" must be terminated by the matching end-tag "</hr>".
[Fatal Error] spring-integration-bom-4.3.12.RELEASE.pom:7:3: The element type "hr" must be terminated by the matching end-tag "</hr>".
[Fatal Error] spring-security-bom-4.2.3.RELEASE.pom:7:3: The element type "hr" must be terminated by the matching end-tag "</hr>".
[Fatal Error] spring-security-bom-4.2.3.RELEASE.pom:7:3: The element type "hr" must be terminated by the matching end-tag "</hr>".
[Fatal Error] spring-security-bom-4.2.3.RELEASE.pom:7:3: The element type "hr" must be terminated by the matching end-tag "</hr>".
[Fatal Error] cloudfoundry-client-lib-1.1.3.pom:7:3: The element type "hr" must be terminated by the matching end-tag "</hr>".
[Fatal Error] groovy-2.3.6.pom:7:3: The element type "hr" must be terminated by the matching end-tag "</hr>".
[Fatal Error] cloudfoundry-client-lib-1.1.3.pom:7:3: The element type "hr" must be terminated by the matching end-tag "</hr>".
[Fatal Error] groovy-2.3.6.pom:7:3: The element type "hr" must be terminated by the matching end-tag "</hr>".
[Fatal Error] cloudfoundry-client-lib-1.1.3.pom:7:3: The element type "hr" must be terminated by the matching end-tag "</hr>".
[Fatal Error] groovy-2.3.6.pom:7:3: The element type "hr" must be terminated by the matching end-tag "</hr>".
[Fatal Error] gradle-versions-plugin-0.14.0.pom:7:3: The element type "hr" must be terminated by the matching end-tag "</hr>".
[Fatal Error] gradle-versions-plugin-0.14.0.pom:7:3: The element type "hr" must be terminated by the matching end-tag "</hr>".
[Fatal Error] gradle-versions-plugin-0.14.0.pom:7:3: The element type "hr" must be terminated by the matching end-tag "</hr>".
[Fatal Error] spring-core-4.3.11.RELEASE.pom:7:3: The element type "hr" must be terminated by the matching end-tag "</hr>".
[Fatal Error] spring-core-4.3.11.RELEASE.pom:7:3: The element type "hr" must be terminated by the matching end-tag "</hr>".
[Fatal Error] spring-core-4.3.11.RELEASE.pom:7:3: The element type "hr" must be terminated by the matching end-tag "</hr>".
[Fatal Error] spring-security-oauth2-2.0.4.RELEASE.pom:7:3: The element type "hr" must be terminated by the matching end-tag "</hr>".
[Fatal Error] spring-webmvc-4.0.5.RELEASE.pom:7:3: The element type "hr" must be terminated by the matching end-tag "</hr>".
[Fatal Error] spring-webmvc-4.0.5.RELEASE.pom:7:3: The element type "hr" must be terminated by the matching end-tag "</hr>".
[Fatal Error] spring-security-oauth2-2.0.4.RELEASE.pom:7:3: The element type "hr" must be terminated by the matching end-tag "</hr>".
[Fatal Error] spring-webmvc-4.0.5.RELEASE.pom:7:3: The element type "hr" must be terminated by the matching end-tag "</hr>".
[Fatal Error] spring-security-oauth2-2.0.4.RELEASE.pom:7:3: The element type "hr" must be terminated by the matching end-tag "</hr>".
[Fatal Error] commons-io-2.1.pom:7:3: The element type "hr" must be terminated by the matching end-tag "</hr>".
[Fatal Error] spring-security-oauth-parent-2.0.4.RELEASE.pom:7:3: The element type "hr" must be terminated by the matching end-tag "</hr>".
[Fatal Error] commons-io-2.1.pom:7:3: The element type "hr" must be terminated by the matching end-tag "</hr>".
[Fatal Error] spring-security-oauth-parent-2.0.4.RELEASE.pom:7:3: The element type "hr" must be terminated by the matching end-tag "</hr>".
[Fatal Error] commons-io-2.1.pom:7:3: The element type "hr" must be terminated by the matching end-tag "</hr>".
[Fatal Error] spring-security-oauth-parent-2.0.4.RELEASE.pom:7:3: The element type "hr" must be terminated by the matching end-tag "</hr>".
[Fatal Error] commons-parent-22.pom:7:3: The element type "hr" must be terminated by the matching end-tag "</hr>".
[Fatal Error] yamlbeans-1.06.pom:7:3: The element type "hr" must be terminated by the matching end-tag "</hr>".
[Fatal Error] commons-parent-22.pom:7:3: The element type "hr" must be terminated by the matching end-tag "</hr>".
[Fatal Error] yamlbeans-1.06.pom:7:3: The element type "hr" must be terminated by the matching end-tag "</hr>".
[Fatal Error] commons-parent-22.pom:7:3: The element type "hr" must be terminated by the matching end-tag "</hr>".
[Fatal Error] apache-9.pom:7:3: The element type "hr" must be terminated by the matching end-tag "</hr>".
[Fatal Error] yamlbeans-1.06.pom:7:3: The element type "hr" must be terminated by the matching end-tag "</hr>".
[Fatal Error] jackson-core-2.3.3.pom:7:3: The element type "hr" must be terminated by the matching end-tag "</hr>".
[Fatal Error] apache-9.pom:7:3: The element type "hr" must be terminated by the matching end-tag "</hr>".
[Fatal Error] jackson-core-2.3.3.pom:7:3: The element type "hr" must be terminated by the matching end-tag "</hr>".
[Fatal Error] apache-9.pom:7:3: The element type "hr" must be terminated by the matching end-tag "</hr>".
[Fatal Error] apache-9.pom:7:3: The element type "hr" must be terminated by the matching end-tag "</hr>".
[Fatal Error] jackson-core-2.3.3.pom:7:3: The element type "hr" must be terminated by the matching end-tag "</hr>".
[Fatal Error] apache-9.pom:7:3: The element type "hr" must be terminated by the matching end-tag "</hr>".
[Fatal Error] oss-parent-12.pom:7:3: The element type "hr" must be terminated by the matching end-tag "</hr>".
[Fatal Error] oss-parent-12.pom:7:3: The element type "hr" must be terminated by the matching end-tag "</hr>".
[Fatal Error] apache-9.pom:7:3: The element type "hr" must be terminated by the matching end-tag "</hr>".
[Fatal Error] jackson-databind-2.3.3.pom:7:3: The element type "hr" must be terminated by the matching end-tag "</hr>".
[Fatal Error] jackson-databind-2.3.3.pom:7:3: The element type "hr" must be terminated by the matching end-tag "</hr>".
[Fatal Error] oss-parent-12.pom:7:3: The element type "hr" must be terminated by the matching end-tag "</hr>".
[Fatal Error] tomcat-embed-websocket-8.0.15.pom:7:3: The element type "hr" must be terminated by the matching end-tag "</hr>".
[Fatal Error] tomcat-embed-websocket-8.0.15.pom:7:3: The element type "hr" must be terminated by the matching end-tag "</hr>".
[Fatal Error] jackson-databind-2.3.3.pom:7:3: The element type "hr" must be terminated by the matching end-tag "</hr>".
[Fatal Error] oss-parent-12.pom:7:3: The element type "hr" must be terminated by the matching end-tag "</hr>".
[Fatal Error] oss-parent-12.pom:7:3: The element type "hr" must be terminated by the matching end-tag "</hr>".
[Fatal Error] tomcat-embed-websocket-8.0.15.pom:7:3: The element type "hr" must be terminated by the matching end-tag "</hr>".
[Fatal Error] tomcat-juli-8.0.15.pom:7:3: The element type "hr" must be terminated by the matching end-tag "</hr>".
[Fatal Error] tomcat-juli-8.0.15.pom:7:3: The element type "hr" must be terminated by the matching end-tag "</hr>".
[Fatal Error] oss-parent-12.pom:7:3: The element type "hr" must be terminated by the matching end-tag "</hr>".
[Fatal Error] protobuf-java-2.6.1.pom:7:3: The element type "hr" must be terminated by the matching end-tag "</hr>".
[Fatal Error] protobuf-java-2.6.1.pom:7:3: The element type "hr" must be terminated by the matching end-tag "</hr>".
[Fatal Error] tomcat-juli-8.0.15.pom:7:3: The element type "hr" must be terminated by the matching end-tag "</hr>".
[Fatal Error] httpclient-4.3.6.pom:7:3: The element type "hr" must be terminated by the matching end-tag "</hr>".
[Fatal Error] httpclient-4.3.6.pom:7:3: The element type "hr" must be terminated by the matching end-tag "</hr>".
[Fatal Error] protobuf-java-2.6.1.pom:7:3: The element type "hr" must be terminated by the matching end-tag "</hr>".
[Fatal Error] google-1.pom:7:3: The element type "hr" must be terminated by the matching end-tag "</hr>".
[Fatal Error] google-1.pom:7:3: The element type "hr" must be terminated by the matching end-tag "</hr>".
[Fatal Error] httpclient-4.3.6.pom:7:3: The element type "hr" must be terminated by the matching end-tag "</hr>".
[Fatal Error] httpcomponents-client-4.3.6.pom:7:3: The element type "hr" must be terminated by the matching end-tag "</hr>".
[Fatal Error] httpcomponents-client-4.3.6.pom:7:3: The element type "hr" must be terminated by the matching end-tag "</hr>".
[Fatal Error] google-1.pom:7:3: The element type "hr" must be terminated by the matching end-tag "</hr>".
[Fatal Error] httpcomponents-client-4.3.6.pom:7:3: The element type "hr" must be terminated by the matching end-tag "</hr>".
[Fatal Error] project-7.pom:7:3: The element type "hr" must be terminated by the matching end-tag "</hr>".
[Fatal Error] project-7.pom:7:3: The element type "hr" must be terminated by the matching end-tag "</hr>".
[Fatal Error] project-7.pom:7:3: The element type "hr" must be terminated by the matching end-tag "</hr>".
[Fatal Error] apache-13.pom:7:3: The element type "hr" must be terminated by the matching end-tag "</hr>".
[Fatal Error] apache-13.pom:7:3: The element type "hr" must be terminated by the matching end-tag "</hr>".
[Fatal Error] apache-13.pom:7:3: The element type "hr" must be terminated by the matching end-tag "</hr>".
[Fatal Error] apache-13.pom:7:3: The element type "hr" must be terminated by the matching end-tag "</hr>".
[Fatal Error] apache-13.pom:7:3: The element type "hr" must be terminated by the matching end-tag "</hr>".
[Fatal Error] apache-13.pom:7:3: The element type "hr" must be terminated by the matching end-tag "</hr>".
[Fatal Error] project-7.pom:7:3: The element type "hr" must be terminated by the matching end-tag "</hr>".
[Fatal Error] project-7.pom:7:3: The element type "hr" must be terminated by the matching end-tag "</hr>".
[Fatal Error] project-7.pom:7:3: The element type "hr" must be terminated by the matching end-tag "</hr>".
[Fatal Error] apache-13.pom:7:3: The element type "hr" must be terminated by the matching end-tag "</hr>".
[Fatal Error] apache-13.pom:7:3: The element type "hr" must be terminated by the matching end-tag "</hr>".
[Fatal Error] apache-13.pom:7:3: The element type "hr" must be terminated by the matching end-tag "</hr>".
[Fatal Error] xstream-1.4.7.pom:7:3: The element type "hr" must be terminated by the matching end-tag "</hr>".
[Fatal Error] xstream-1.4.7.pom:7:3: The element type "hr" must be terminated by the matching end-tag "</hr>".
[Fatal Error] xstream-1.4.7.pom:7:3: The element type "hr" must be terminated by the matching end-tag "</hr>".
[Fatal Error] xstream-parent-1.4.7.pom:7:3: The element type "hr" must be terminated by the matching end-tag "</hr>".
[Fatal Error] xstream-parent-1.4.7.pom:7:3: The element type "hr" must be terminated by the matching end-tag "</hr>".
[Fatal Error] xstream-parent-1.4.7.pom:7:3: The element type "hr" must be terminated by the matching end-tag "</hr>".
[Fatal Error] codehaus-parent-3.pom:7:3: The element type "hr" must be terminated by the matching end-tag "</hr>".
[Fatal Error] codehaus-parent-3.pom:7:3: The element type "hr" must be terminated by the matching end-tag "</hr>".
[Fatal Error] codehaus-parent-3.pom:7:3: The element type "hr" must be terminated by the matching end-tag "</hr>".
[Fatal Error] codehaus-parent-3.pom:7:3: The element type "hr" must be terminated by the matching end-tag "</hr>".
[Fatal Error] codehaus-parent-3.pom:7:3: The element type "hr" must be terminated by the matching end-tag "</hr>".
[Fatal Error] codehaus-parent-3.pom:7:3: The element type "hr" must be terminated by the matching end-tag "</hr>".
[Fatal Error] commons-logging-1.2.pom:7:3: The element type "hr" must be terminated by the matching end-tag "</hr>".
[Fatal Error] commons-logging-1.2.pom:7:3: The element type "hr" must be terminated by the matching end-tag "</hr>".
[Fatal Error] commons-logging-1.2.pom:7:3: The element type "hr" must be terminated by the matching end-tag "</hr>".
[Fatal Error] commons-parent-34.pom:7:3: The element type "hr" must be terminated by the matching end-tag "</hr>".
[Fatal Error] commons-parent-34.pom:7:3: The element type "hr" must be terminated by the matching end-tag "</hr>".
[Fatal Error] commons-parent-34.pom:7:3: The element type "hr" must be terminated by the matching end-tag "</hr>".
[Fatal Error] apache-13.pom:7:3: The element type "hr" must be terminated by the matching end-tag "</hr>".
[Fatal Error] apache-13.pom:7:3: The element type "hr" must be terminated by the matching end-tag "</hr>".
[Fatal Error] apache-13.pom:7:3: The element type "hr" must be terminated by the matching end-tag "</hr>".
[Fatal Error] apache-13.pom:7:3: The element type "hr" must be terminated by the matching end-tag "</hr>".
[Fatal Error] apache-13.pom:7:3: The element type "hr" must be terminated by the matching end-tag "</hr>".
[Fatal Error] apache-13.pom:7:3: The element type "hr" must be terminated by the matching end-tag "</hr>".
[Fatal Error] spring-context-4.0.5.RELEASE.pom:7:3: The element type "hr" must be terminated by the matching end-tag "</hr>".
[Fatal Error] spring-beans-4.0.5.RELEASE.pom:7:3: The element type "hr" must be terminated by the matching end-tag "</hr>".
[Fatal Error] spring-context-4.0.5.RELEASE.pom:7:3: The element type "hr" must be terminated by the matching end-tag "</hr>".
[Fatal Error] spring-beans-4.0.5.RELEASE.pom:7:3: The element type "hr" must be terminated by the matching end-tag "</hr>".
[Fatal Error] spring-context-4.0.5.RELEASE.pom:7:3: The element type "hr" must be terminated by the matching end-tag "</hr>".
[Fatal Error] spring-beans-4.0.5.RELEASE.pom:7:3: The element type "hr" must be terminated by the matching end-tag "</hr>".
[Fatal Error] spring-web-4.0.5.RELEASE.pom:7:3: The element type "hr" must be terminated by the matching end-tag "</hr>".
[Fatal Error] spring-expression-4.0.5.RELEASE.pom:7:3: The element type "hr" must be terminated by the matching end-tag "</hr>".
[Fatal Error] spring-web-4.0.5.RELEASE.pom:7:3: The element type "hr" must be terminated by the matching end-tag "</hr>".
[Fatal Error] spring-expression-4.0.5.RELEASE.pom:7:3: The element type "hr" must be terminated by the matching end-tag "</hr>".
[Fatal Error] spring-web-4.0.5.RELEASE.pom:7:3: The element type "hr" must be terminated by the matching end-tag "</hr>".
[Fatal Error] spring-expression-4.0.5.RELEASE.pom:7:3: The element type "hr" must be terminated by the matching end-tag "</hr>".
[Fatal Error] spring-beans-4.0.8.RELEASE.pom:7:3: The element type "hr" must be terminated by the matching end-tag "</hr>".
[Fatal Error] spring-beans-4.0.8.RELEASE.pom:7:3: The element type "hr" must be terminated by the matching end-tag "</hr>".
[Fatal Error] spring-beans-4.0.8.RELEASE.pom:7:3: The element type "hr" must be terminated by the matching end-tag "</hr>".
[Fatal Error] spring-context-4.0.8.RELEASE.pom:7:3: The element type "hr" must be terminated by the matching end-tag "</hr>".
[Fatal Error] spring-context-4.0.8.RELEASE.pom:7:3: The element type "hr" must be terminated by the matching end-tag "</hr>".
[Fatal Error] spring-context-4.0.8.RELEASE.pom:7:3: The element type "hr" must be terminated by the matching end-tag "</hr>".
[Fatal Error] spring-webmvc-4.0.8.RELEASE.pom:7:3: The element type "hr" must be terminated by the matching end-tag "</hr>".
[Fatal Error] spring-webmvc-4.0.8.RELEASE.pom:7:3: The element type "hr" must be terminated by the matching end-tag "</hr>".
[Fatal Error] spring-webmvc-4.0.8.RELEASE.pom:7:3: The element type "hr" must be terminated by the matching end-tag "</hr>".
[Fatal Error] spring-security-core-3.2.5.RELEASE.pom:7:3: The element type "hr" must be terminated by the matching end-tag "</hr>".
[Fatal Error] spring-security-config-3.2.5.RELEASE.pom:7:3: The element type "hr" must be terminated by the matching end-tag "</hr>".
[Fatal Error] spring-security-config-3.2.5.RELEASE.pom:7:3: The element type "hr" must be terminated by the matching end-tag "</hr>".
[Fatal Error] spring-security-core-3.2.5.RELEASE.pom:7:3: The element type "hr" must be terminated by the matching end-tag "</hr>".
[Fatal Error] spring-security-core-3.2.5.RELEASE.pom:7:3: The element type "hr" must be terminated by the matching end-tag "</hr>".
[Fatal Error] spring-security-config-3.2.5.RELEASE.pom:7:3: The element type "hr" must be terminated by the matching end-tag "</hr>".
[Fatal Error] commons-codec-1.6.pom:7:3: The element type "hr" must be terminated by the matching end-tag "</hr>".
[Fatal Error] jackson-mapper-asl-1.9.13.pom:7:3: The element type "hr" must be terminated by the matching end-tag "</hr>".
[Fatal Error] commons-codec-1.6.pom:7:3: The element type "hr" must be terminated by the matching end-tag "</hr>".
[Fatal Error] jackson-mapper-asl-1.9.13.pom:7:3: The element type "hr" must be terminated by the matching end-tag "</hr>".
[Fatal Error] commons-codec-1.6.pom:7:3: The element type "hr" must be terminated by the matching end-tag "</hr>".
[Fatal Error] commons-parent-22.pom:7:3: The element type "hr" must be terminated by the matching end-tag "</hr>".
[Fatal Error] jackson-mapper-asl-1.9.13.pom:7:3: The element type "hr" must be terminated by the matching end-tag "</hr>".
[Fatal Error] spring-security-web-3.2.5.RELEASE.pom:7:3: The element type "hr" must be terminated by the matching end-tag "</hr>".
[Fatal Error] commons-parent-22.pom:7:3: The element type "hr" must be terminated by the matching end-tag "</hr>".
[Fatal Error] spring-security-web-3.2.5.RELEASE.pom:7:3: The element type "hr" must be terminated by the matching end-tag "</hr>".
[Fatal Error] commons-parent-22.pom:7:3: The element type "hr" must be terminated by the matching end-tag "</hr>".
[Fatal Error] apache-9.pom:7:3: The element type "hr" must be terminated by the matching end-tag "</hr>".
[Fatal Error] spring-security-web-3.2.5.RELEASE.pom:7:3: The element type "hr" must be terminated by the matching end-tag "</hr>".
[Fatal Error] apache-9.pom:7:3: The element type "hr" must be terminated by the matching end-tag "</hr>".
[Fatal Error] apache-9.pom:7:3: The element type "hr" must be terminated by the matching end-tag "</hr>".
[Fatal Error] httpcore-4.3.3.pom:7:3: The element type "hr" must be terminated by the matching end-tag "</hr>".
[Fatal Error] httpcore-4.3.3.pom:7:3: The element type "hr" must be terminated by the matching end-tag "</hr>".
[Fatal Error] httpcore-4.3.3.pom:7:3: The element type "hr" must be terminated by the matching end-tag "</hr>".
[Fatal Error] httpcomponents-core-4.3.3.pom:7:3: The element type "hr" must be terminated by the matching end-tag "</hr>".
[Fatal Error] httpcomponents-core-4.3.3.pom:7:3: The element type "hr" must be terminated by the matching end-tag "</hr>".
[Fatal Error] httpcomponents-core-4.3.3.pom:7:3: The element type "hr" must be terminated by the matching end-tag "</hr>".
[Fatal Error] project-7.pom:7:3: The element type "hr" must be terminated by the matching end-tag "</hr>".
[Fatal Error] project-7.pom:7:3: The element type "hr" must be terminated by the matching end-tag "</hr>".
[Fatal Error] project-7.pom:7:3: The element type "hr" must be terminated by the matching end-tag "</hr>".
[Fatal Error] apache-13.pom:7:3: The element type "hr" must be terminated by the matching end-tag "</hr>".
[Fatal Error] apache-13.pom:7:3: The element type "hr" must be terminated by the matching end-tag "</hr>".
[Fatal Error] apache-13.pom:7:3: The element type "hr" must be terminated by the matching end-tag "</hr>".
[Fatal Error] project-7.pom:7:3: The element type "hr" must be terminated by the matching end-tag "</hr>".
[Fatal Error] project-7.pom:7:3: The element type "hr" must be terminated by the matching end-tag "</hr>".
[Fatal Error] project-7.pom:7:3: The element type "hr" must be terminated by the matching end-tag "</hr>".
[Fatal Error] apache-13.pom:7:3: The element type "hr" must be terminated by the matching end-tag "</hr>".
[Fatal Error] apache-13.pom:7:3: The element type "hr" must be terminated by the matching end-tag "</hr>".
[Fatal Error] apache-13.pom:7:3: The element type "hr" must be terminated by the matching end-tag "</hr>".
[Fatal Error] jackson-annotations-2.3.0.pom:7:3: The element type "hr" must be terminated by the matching end-tag "</hr>".
[Fatal Error] jackson-annotations-2.3.0.pom:7:3: The element type "hr" must be terminated by the matching end-tag "</hr>".
[Fatal Error] jackson-annotations-2.3.0.pom:7:3: The element type "hr" must be terminated by the matching end-tag "</hr>".
[Fatal Error] oss-parent-11.pom:7:3: The element type "hr" must be terminated by the matching end-tag "</hr>".
[Fatal Error] oss-parent-11.pom:7:3: The element type "hr" must be terminated by the matching end-tag "</hr>".
[Fatal Error] oss-parent-11.pom:7:3: The element type "hr" must be terminated by the matching end-tag "</hr>".
[Fatal Error] tomcat-embed-core-8.0.15.pom:7:3: The element type "hr" must be terminated by the matching end-tag "</hr>".
[Fatal Error] tomcat-embed-core-8.0.15.pom:7:3: The element type "hr" must be terminated by the matching end-tag "</hr>".
[Fatal Error] tomcat-embed-core-8.0.15.pom:7:3: The element type "hr" must be terminated by the matching end-tag "</hr>".
[Fatal Error] xpp3_min-1.1.4c.pom:7:3: The element type "hr" must be terminated by the matching end-tag "</hr>".
[Fatal Error] xmlpull-1.1.3.1.pom:7:3: The element type "hr" must be terminated by the matching end-tag "</hr>".
[Fatal Error] xpp3_min-1.1.4c.pom:7:3: The element type "hr" must be terminated by the matching end-tag "</hr>".
[Fatal Error] xmlpull-1.1.3.1.pom:7:3: The element type "hr" must be terminated by the matching end-tag "</hr>".
[Fatal Error] xpp3_min-1.1.4c.pom:7:3: The element type "hr" must be terminated by the matching end-tag "</hr>".
[Fatal Error] xmlpull-1.1.3.1.pom:7:3: The element type "hr" must be terminated by the matching end-tag "</hr>".
[Fatal Error] spring-aop-4.0.8.RELEASE.pom:7:3: The element type "hr" must be terminated by the matching end-tag "</hr>".
[Fatal Error] spring-expression-4.0.8.RELEASE.pom:7:3: The element type "hr" must be terminated by the matching end-tag "</hr>".
[Fatal Error] spring-aop-4.0.8.RELEASE.pom:7:3: The element type "hr" must be terminated by the matching end-tag "</hr>".
[Fatal Error] spring-expression-4.0.8.RELEASE.pom:7:3: The element type "hr" must be terminated by the matching end-tag "</hr>".
[Fatal Error] spring-expression-4.0.8.RELEASE.pom:7:3: The element type "hr" must be terminated by the matching end-tag "</hr>".
[Fatal Error] spring-aop-4.0.8.RELEASE.pom:7:3: The element type "hr" must be terminated by the matching end-tag "</hr>".
[Fatal Error] spring-web-4.0.8.RELEASE.pom:7:3: The element type "hr" must be terminated by the matching end-tag "</hr>".
[Fatal Error] spring-web-4.0.8.RELEASE.pom:7:3: The element type "hr" must be terminated by the matching end-tag "</hr>".
[Fatal Error] spring-web-4.0.8.RELEASE.pom:7:3: The element type "hr" must be terminated by the matching end-tag "</hr>".
[Fatal Error] aopalliance-1.0.pom:7:3: The element type "hr" must be terminated by the matching end-tag "</hr>".
[Fatal Error] aopalliance-1.0.pom:7:3: The element type "hr" must be terminated by the matching end-tag "</hr>".
[Fatal Error] aopalliance-1.0.pom:7:3: The element type "hr" must be terminated by the matching end-tag "</hr>".
[Fatal Error] jackson-core-asl-1.9.13.pom:7:3: The element type "hr" must be terminated by the matching end-tag "</hr>".
[Fatal Error] jackson-core-asl-1.9.13.pom:7:3: The element type "hr" must be terminated by the matching end-tag "</hr>".
[Fatal Error] jackson-core-asl-1.9.13.pom:7:3: The element type "hr" must be terminated by the matching end-tag "</hr>".

FAILURE: Build failed with an exception.

* Where:
Build file '/mnt/batch/tasks/workitems/NONDEX_nondex_r131_1M31d16h48m2s/job-1/Task1179/wd/NonDex-plugin-test/github.com/029ye/sagan/build.gradle' line: 22

* What went wrong:
A problem occurred evaluating root project 'sagan'.
> Could not set unknown property 'gradleVersion' for root project 'sagan' of type org.gradle.api.Project.

* Try:
Run with --stacktrace option to get the stack trace. Run with --info or --debug option to get more log output. Run with --scan to get full insights.

* Get more help at https://help.gradle.org

BUILD FAILED in 6m 3s
