[Fatal Error] propdeps-plugin-0.0.7.pom:7:3: The element type "hr" must be terminated by the matching end-tag "</hr>".
[Fatal Error] com.jfrog.bintray.gradle.plugin-1.3.1.pom:7:3: The element type "hr" must be terminated by the matching end-tag "</hr>".
[Fatal Error] propdeps-plugin-0.0.7.pom:7:3: The element type "hr" must be terminated by the matching end-tag "</hr>".
[Fatal Error] com.jfrog.bintray.gradle.plugin-1.3.1.pom:7:3: The element type "hr" must be terminated by the matching end-tag "</hr>".
[Fatal Error] propdeps-plugin-0.0.7.pom:7:3: The element type "hr" must be terminated by the matching end-tag "</hr>".
[Fatal Error] com.jfrog.bintray.gradle.plugin-1.3.1.pom:7:3: The element type "hr" must be terminated by the matching end-tag "</hr>".
[Fatal Error] gradle-bintray-plugin-1.3.1.pom:7:3: The element type "hr" must be terminated by the matching end-tag "</hr>".
[Fatal Error] gradle-bintray-plugin-1.3.1.pom:7:3: The element type "hr" must be terminated by the matching end-tag "</hr>".
[Fatal Error] gradle-bintray-plugin-1.3.1.pom:7:3: The element type "hr" must be terminated by the matching end-tag "</hr>".
[Fatal Error] http-builder-0.7.2.pom:7:3: The element type "hr" must be terminated by the matching end-tag "</hr>".
[Fatal Error] http-builder-0.7.2.pom:7:3: The element type "hr" must be terminated by the matching end-tag "</hr>".
[Fatal Error] http-builder-0.7.2.pom:7:3: The element type "hr" must be terminated by the matching end-tag "</hr>".
[Fatal Error] nekohtml-1.9.16.pom:7:3: The element type "hr" must be terminated by the matching end-tag "</hr>".
[Fatal Error] httpclient-4.2.1.pom:7:3: The element type "hr" must be terminated by the matching end-tag "</hr>".
[Fatal Error] nekohtml-1.9.16.pom:7:3: The element type "hr" must be terminated by the matching end-tag "</hr>".
[Fatal Error] httpclient-4.2.1.pom:7:3: The element type "hr" must be terminated by the matching end-tag "</hr>".
[Fatal Error] nekohtml-1.9.16.pom:7:3: The element type "hr" must be terminated by the matching end-tag "</hr>".
[Fatal Error] httpclient-4.2.1.pom:7:3: The element type "hr" must be terminated by the matching end-tag "</hr>".
[Fatal Error] xml-resolver-1.2.pom:7:3: The element type "hr" must be terminated by the matching end-tag "</hr>".
[Fatal Error] httpcomponents-client-4.2.1.pom:7:3: The element type "hr" must be terminated by the matching end-tag "</hr>".
[Fatal Error] xml-resolver-1.2.pom:7:3: The element type "hr" must be terminated by the matching end-tag "</hr>".
[Fatal Error] httpcomponents-client-4.2.1.pom:7:3: The element type "hr" must be terminated by the matching end-tag "</hr>".
[Fatal Error] xml-resolver-1.2.pom:7:3: The element type "hr" must be terminated by the matching end-tag "</hr>".
[Fatal Error] httpcomponents-client-4.2.1.pom:7:3: The element type "hr" must be terminated by the matching end-tag "</hr>".
[Fatal Error] apache-3.pom:7:3: The element type "hr" must be terminated by the matching end-tag "</hr>".
[Fatal Error] project-6.pom:7:3: The element type "hr" must be terminated by the matching end-tag "</hr>".
[Fatal Error] apache-3.pom:7:3: The element type "hr" must be terminated by the matching end-tag "</hr>".
[Fatal Error] project-6.pom:7:3: The element type "hr" must be terminated by the matching end-tag "</hr>".
[Fatal Error] apache-3.pom:7:3: The element type "hr" must be terminated by the matching end-tag "</hr>".
[Fatal Error] project-6.pom:7:3: The element type "hr" must be terminated by the matching end-tag "</hr>".
[Fatal Error] project-6.pom:7:3: The element type "hr" must be terminated by the matching end-tag "</hr>".
[Fatal Error] json-lib-2.3.pom:7:3: The element type "hr" must be terminated by the matching end-tag "</hr>".
[Fatal Error] project-6.pom:7:3: The element type "hr" must be terminated by the matching end-tag "</hr>".
[Fatal Error] json-lib-2.3.pom:7:3: The element type "hr" must be terminated by the matching end-tag "</hr>".
[Fatal Error] project-6.pom:7:3: The element type "hr" must be terminated by the matching end-tag "</hr>".
[Fatal Error] json-lib-2.3.pom:7:3: The element type "hr" must be terminated by the matching end-tag "</hr>".
[Fatal Error] httpcore-4.2.1.pom:7:3: The element type "hr" must be terminated by the matching end-tag "</hr>".
[Fatal Error] commons-logging-1.1.1.pom:7:3: The element type "hr" must be terminated by the matching end-tag "</hr>".
[Fatal Error] httpcore-4.2.1.pom:7:3: The element type "hr" must be terminated by the matching end-tag "</hr>".
[Fatal Error] commons-logging-1.1.1.pom:7:3: The element type "hr" must be terminated by the matching end-tag "</hr>".
[Fatal Error] httpcore-4.2.1.pom:7:3: The element type "hr" must be terminated by the matching end-tag "</hr>".
[Fatal Error] commons-logging-1.1.1.pom:7:3: The element type "hr" must be terminated by the matching end-tag "</hr>".
[Fatal Error] httpcomponents-core-4.2.1.pom:7:3: The element type "hr" must be terminated by the matching end-tag "</hr>".
[Fatal Error] commons-parent-5.pom:7:3: The element type "hr" must be terminated by the matching end-tag "</hr>".
[Fatal Error] httpcomponents-core-4.2.1.pom:7:3: The element type "hr" must be terminated by the matching end-tag "</hr>".
[Fatal Error] commons-parent-5.pom:7:3: The element type "hr" must be terminated by the matching end-tag "</hr>".
[Fatal Error] httpcomponents-core-4.2.1.pom:7:3: The element type "hr" must be terminated by the matching end-tag "</hr>".
[Fatal Error] commons-parent-5.pom:7:3: The element type "hr" must be terminated by the matching end-tag "</hr>".
[Fatal Error] project-6.pom:7:3: The element type "hr" must be terminated by the matching end-tag "</hr>".
[Fatal Error] apache-4.pom:7:3: The element type "hr" must be terminated by the matching end-tag "</hr>".
[Fatal Error] project-6.pom:7:3: The element type "hr" must be terminated by the matching end-tag "</hr>".
[Fatal Error] apache-4.pom:7:3: The element type "hr" must be terminated by the matching end-tag "</hr>".
[Fatal Error] project-6.pom:7:3: The element type "hr" must be terminated by the matching end-tag "</hr>".
[Fatal Error] project-6.pom:7:3: The element type "hr" must be terminated by the matching end-tag "</hr>".
[Fatal Error] apache-4.pom:7:3: The element type "hr" must be terminated by the matching end-tag "</hr>".
[Fatal Error] apache-4.pom:7:3: The element type "hr" must be terminated by the matching end-tag "</hr>".
[Fatal Error] project-6.pom:7:3: The element type "hr" must be terminated by the matching end-tag "</hr>".
[Fatal Error] apache-4.pom:7:3: The element type "hr" must be terminated by the matching end-tag "</hr>".
[Fatal Error] project-6.pom:7:3: The element type "hr" must be terminated by the matching end-tag "</hr>".
[Fatal Error] commons-codec-1.6.pom:7:3: The element type "hr" must be terminated by the matching end-tag "</hr>".
[Fatal Error] apache-4.pom:7:3: The element type "hr" must be terminated by the matching end-tag "</hr>".
[Fatal Error] commons-codec-1.6.pom:7:3: The element type "hr" must be terminated by the matching end-tag "</hr>".
[Fatal Error] commons-codec-1.6.pom:7:3: The element type "hr" must be terminated by the matching end-tag "</hr>".
[Fatal Error] commons-parent-22.pom:7:3: The element type "hr" must be terminated by the matching end-tag "</hr>".
[Fatal Error] commons-parent-22.pom:7:3: The element type "hr" must be terminated by the matching end-tag "</hr>".
[Fatal Error] commons-parent-22.pom:7:3: The element type "hr" must be terminated by the matching end-tag "</hr>".
[Fatal Error] apache-9.pom:7:3: The element type "hr" must be terminated by the matching end-tag "</hr>".
[Fatal Error] apache-9.pom:7:3: The element type "hr" must be terminated by the matching end-tag "</hr>".
[Fatal Error] apache-9.pom:7:3: The element type "hr" must be terminated by the matching end-tag "</hr>".
[Fatal Error] apache-9.pom:7:3: The element type "hr" must be terminated by the matching end-tag "</hr>".
[Fatal Error] apache-9.pom:7:3: The element type "hr" must be terminated by the matching end-tag "</hr>".
[Fatal Error] apache-9.pom:7:3: The element type "hr" must be terminated by the matching end-tag "</hr>".
[Fatal Error] commons-beanutils-1.8.0.pom:7:3: The element type "hr" must be terminated by the matching end-tag "</hr>".
[Fatal Error] commons-collections-3.2.1.pom:7:3: The element type "hr" must be terminated by the matching end-tag "</hr>".
[Fatal Error] commons-beanutils-1.8.0.pom:7:3: The element type "hr" must be terminated by the matching end-tag "</hr>".
[Fatal Error] commons-collections-3.2.1.pom:7:3: The element type "hr" must be terminated by the matching end-tag "</hr>".
[Fatal Error] commons-beanutils-1.8.0.pom:7:3: The element type "hr" must be terminated by the matching end-tag "</hr>".
[Fatal Error] commons-collections-3.2.1.pom:7:3: The element type "hr" must be terminated by the matching end-tag "</hr>".
[Fatal Error] commons-parent-11.pom:7:3: The element type "hr" must be terminated by the matching end-tag "</hr>".
[Fatal Error] commons-parent-9.pom:7:3: The element type "hr" must be terminated by the matching end-tag "</hr>".
[Fatal Error] commons-parent-11.pom:7:3: The element type "hr" must be terminated by the matching end-tag "</hr>".
[Fatal Error] commons-parent-9.pom:7:3: The element type "hr" must be terminated by the matching end-tag "</hr>".
[Fatal Error] commons-parent-11.pom:7:3: The element type "hr" must be terminated by the matching end-tag "</hr>".
[Fatal Error] commons-parent-9.pom:7:3: The element type "hr" must be terminated by the matching end-tag "</hr>".
[Fatal Error] apache-4.pom:7:3: The element type "hr" must be terminated by the matching end-tag "</hr>".
[Fatal Error] apache-4.pom:7:3: The element type "hr" must be terminated by the matching end-tag "</hr>".
[Fatal Error] apache-4.pom:7:3: The element type "hr" must be terminated by the matching end-tag "</hr>".
[Fatal Error] apache-4.pom:7:3: The element type "hr" must be terminated by the matching end-tag "</hr>".
[Fatal Error] apache-4.pom:7:3: The element type "hr" must be terminated by the matching end-tag "</hr>".
[Fatal Error] apache-4.pom:7:3: The element type "hr" must be terminated by the matching end-tag "</hr>".
[Fatal Error] apache-4.pom:7:3: The element type "hr" must be terminated by the matching end-tag "</hr>".
[Fatal Error] apache-4.pom:7:3: The element type "hr" must be terminated by the matching end-tag "</hr>".
[Fatal Error] apache-4.pom:7:3: The element type "hr" must be terminated by the matching end-tag "</hr>".
[Fatal Error] apache-4.pom:7:3: The element type "hr" must be terminated by the matching end-tag "</hr>".
[Fatal Error] apache-4.pom:7:3: The element type "hr" must be terminated by the matching end-tag "</hr>".
[Fatal Error] apache-4.pom:7:3: The element type "hr" must be terminated by the matching end-tag "</hr>".
[Fatal Error] commons-lang-2.4.pom:7:3: The element type "hr" must be terminated by the matching end-tag "</hr>".
[Fatal Error] ezmorph-1.0.6.pom:7:3: The element type "hr" must be terminated by the matching end-tag "</hr>".
[Fatal Error] commons-lang-2.4.pom:7:3: The element type "hr" must be terminated by the matching end-tag "</hr>".
[Fatal Error] ezmorph-1.0.6.pom:7:3: The element type "hr" must be terminated by the matching end-tag "</hr>".
[Fatal Error] commons-lang-2.4.pom:7:3: The element type "hr" must be terminated by the matching end-tag "</hr>".
[Fatal Error] ezmorph-1.0.6.pom:7:3: The element type "hr" must be terminated by the matching end-tag "</hr>".
[Fatal Error] commons-parent-9.pom:7:3: The element type "hr" must be terminated by the matching end-tag "</hr>".
[Fatal Error] commons-parent-9.pom:7:3: The element type "hr" must be terminated by the matching end-tag "</hr>".
[Fatal Error] commons-parent-9.pom:7:3: The element type "hr" must be terminated by the matching end-tag "</hr>".
[Fatal Error] apache-4.pom:7:3: The element type "hr" must be terminated by the matching end-tag "</hr>".
[Fatal Error] apache-4.pom:7:3: The element type "hr" must be terminated by the matching end-tag "</hr>".
[Fatal Error] apache-4.pom:7:3: The element type "hr" must be terminated by the matching end-tag "</hr>".
[Fatal Error] xercesImpl-2.9.1.pom:7:3: The element type "hr" must be terminated by the matching end-tag "</hr>".
[Fatal Error] xercesImpl-2.9.1.pom:7:3: The element type "hr" must be terminated by the matching end-tag "</hr>".
[Fatal Error] xercesImpl-2.9.1.pom:7:3: The element type "hr" must be terminated by the matching end-tag "</hr>".

FAILURE: Build failed with an exception.

* What went wrong:
A problem occurred configuring root project 'gradle-cucumber-plugin'.
> Could not resolve all artifacts for configuration ':classpath'.
   > Could not resolve org.springframework.build.gradle:propdeps-plugin:0.0.7.
     Required by:
         project :
      > Could not resolve org.springframework.build.gradle:propdeps-plugin:0.0.7.
         > Could not parse POM http://repo.spring.io/plugins-release/org/springframework/build/gradle/propdeps-plugin/0.0.7/propdeps-plugin-0.0.7.pom
            > The element type "hr" must be terminated by the matching end-tag "</hr>".

* Try:
Run with --stacktrace option to get the stack trace. Run with --info or --debug option to get more log output. Run with --scan to get full insights.

* Get more help at https://help.gradle.org

BUILD FAILED in 1m 16s
