[Fatal Error] spring-boot-gradle-plugin-2.2.1.RELEASE.pom:7:3: The element type "hr" must be terminated by the matching end-tag "</hr>".
[Fatal Error] propdeps-plugin-0.0.7.pom:7:3: The element type "hr" must be terminated by the matching end-tag "</hr>".
[Fatal Error] spring-boot-gradle-plugin-2.2.1.RELEASE.pom:7:3: The element type "hr" must be terminated by the matching end-tag "</hr>".
[Fatal Error] propdeps-plugin-0.0.7.pom:7:3: The element type "hr" must be terminated by the matching end-tag "</hr>".
[Fatal Error] build-info-extractor-gradle-4.7.2.pom:7:3: The element type "hr" must be terminated by the matching end-tag "</hr>".
[Fatal Error] build-info-extractor-gradle-4.7.2.pom:7:3: The element type "hr" must be terminated by the matching end-tag "</hr>".
[Fatal Error] spring-boot-tools-2.2.1.RELEASE.pom:7:3: The element type "hr" must be terminated by the matching end-tag "</hr>".
[Fatal Error] spring-boot-tools-2.2.1.RELEASE.pom:7:3: The element type "hr" must be terminated by the matching end-tag "</hr>".
[Fatal Error] spring-boot-parent-2.2.1.RELEASE.pom:7:3: The element type "hr" must be terminated by the matching end-tag "</hr>".
[Fatal Error] spring-boot-parent-2.2.1.RELEASE.pom:7:3: The element type "hr" must be terminated by the matching end-tag "</hr>".
[Fatal Error] gradle-bintray-plugin-1.8.0.pom:7:3: The element type "hr" must be terminated by the matching end-tag "</hr>".
[Fatal Error] gradle-bintray-plugin-1.8.0.pom:7:3: The element type "hr" must be terminated by the matching end-tag "</hr>".
[Fatal Error] spring-boot-dependencies-2.2.1.RELEASE.pom:7:3: The element type "hr" must be terminated by the matching end-tag "</hr>".
[Fatal Error] spring-boot-dependencies-2.2.1.RELEASE.pom:7:3: The element type "hr" must be terminated by the matching end-tag "</hr>".
[Fatal Error] jackson-bom-2.10.0.pom:7:3: The element type "hr" must be terminated by the matching end-tag "</hr>".
[Fatal Error] jackson-bom-2.10.0.pom:7:3: The element type "hr" must be terminated by the matching end-tag "</hr>".
[Fatal Error] jackson-parent-2.10.pom:7:3: The element type "hr" must be terminated by the matching end-tag "</hr>".
[Fatal Error] jackson-parent-2.10.pom:7:3: The element type "hr" must be terminated by the matching end-tag "</hr>".
[Fatal Error] oss-parent-38.pom:7:3: The element type "hr" must be terminated by the matching end-tag "</hr>".
[Fatal Error] oss-parent-38.pom:7:3: The element type "hr" must be terminated by the matching end-tag "</hr>".
[Fatal Error] oss-parent-38.pom:7:3: The element type "hr" must be terminated by the matching end-tag "</hr>".
[Fatal Error] oss-parent-38.pom:7:3: The element type "hr" must be terminated by the matching end-tag "</hr>".
[Fatal Error] jackson-parent-2.10.pom:7:3: The element type "hr" must be terminated by the matching end-tag "</hr>".
[Fatal Error] jackson-parent-2.10.pom:7:3: The element type "hr" must be terminated by the matching end-tag "</hr>".
[Fatal Error] oss-parent-38.pom:7:3: The element type "hr" must be terminated by the matching end-tag "</hr>".
[Fatal Error] oss-parent-38.pom:7:3: The element type "hr" must be terminated by the matching end-tag "</hr>".
[Fatal Error] micrometer-bom-1.3.1.pom:7:3: The element type "hr" must be terminated by the matching end-tag "</hr>".
[Fatal Error] micrometer-bom-1.3.1.pom:7:3: The element type "hr" must be terminated by the matching end-tag "</hr>".
[Fatal Error] netty-bom-4.1.43.Final.pom:7:3: The element type "hr" must be terminated by the matching end-tag "</hr>".
[Fatal Error] netty-bom-4.1.43.Final.pom:7:3: The element type "hr" must be terminated by the matching end-tag "</hr>".
[Fatal Error] oss-parent-7.pom:7:3: The element type "hr" must be terminated by the matching end-tag "</hr>".
[Fatal Error] oss-parent-7.pom:7:3: The element type "hr" must be terminated by the matching end-tag "</hr>".
[Fatal Error] oss-parent-7.pom:7:3: The element type "hr" must be terminated by the matching end-tag "</hr>".
[Fatal Error] oss-parent-7.pom:7:3: The element type "hr" must be terminated by the matching end-tag "</hr>".
[Fatal Error] reactor-bom-Dysprosium-SR1.pom:7:3: The element type "hr" must be terminated by the matching end-tag "</hr>".
[Fatal Error] reactor-bom-Dysprosium-SR1.pom:7:3: The element type "hr" must be terminated by the matching end-tag "</hr>".
[Fatal Error] rsocket-bom-1.0.0-RC5.pom:7:3: The element type "hr" must be terminated by the matching end-tag "</hr>".
[Fatal Error] rsocket-bom-1.0.0-RC5.pom:7:3: The element type "hr" must be terminated by the matching end-tag "</hr>".
[Fatal Error] log4j-bom-2.12.1.pom:7:3: The element type "hr" must be terminated by the matching end-tag "</hr>".
[Fatal Error] log4j-bom-2.12.1.pom:7:3: The element type "hr" must be terminated by the matching end-tag "</hr>".
[Fatal Error] logging-parent-1.pom:7:3: The element type "hr" must be terminated by the matching end-tag "</hr>".
[Fatal Error] logging-parent-1.pom:7:3: The element type "hr" must be terminated by the matching end-tag "</hr>".
[Fatal Error] apache-18.pom:7:3: The element type "hr" must be terminated by the matching end-tag "</hr>".
[Fatal Error] apache-18.pom:7:3: The element type "hr" must be terminated by the matching end-tag "</hr>".
[Fatal Error] apache-18.pom:7:3: The element type "hr" must be terminated by the matching end-tag "</hr>".
[Fatal Error] apache-18.pom:7:3: The element type "hr" must be terminated by the matching end-tag "</hr>".
[Fatal Error] logging-parent-1.pom:7:3: The element type "hr" must be terminated by the matching end-tag "</hr>".
[Fatal Error] logging-parent-1.pom:7:3: The element type "hr" must be terminated by the matching end-tag "</hr>".
[Fatal Error] apache-18.pom:7:3: The element type "hr" must be terminated by the matching end-tag "</hr>".
[Fatal Error] apache-18.pom:7:3: The element type "hr" must be terminated by the matching end-tag "</hr>".
[Fatal Error] jetty-bom-9.4.22.v20191022.pom:7:3: The element type "hr" must be terminated by the matching end-tag "</hr>".
[Fatal Error] jetty-bom-9.4.22.v20191022.pom:7:3: The element type "hr" must be terminated by the matching end-tag "</hr>".
[Fatal Error] jersey-bom-2.29.1.pom:7:3: The element type "hr" must be terminated by the matching end-tag "</hr>".
[Fatal Error] jersey-bom-2.29.1.pom:7:3: The element type "hr" must be terminated by the matching end-tag "</hr>".
[Fatal Error] project-1.0.5.pom:7:3: The element type "hr" must be terminated by the matching end-tag "</hr>".
[Fatal Error] project-1.0.5.pom:7:3: The element type "hr" must be terminated by the matching end-tag "</hr>".
[Fatal Error] project-1.0.5.pom:7:3: The element type "hr" must be terminated by the matching end-tag "</hr>".
[Fatal Error] project-1.0.5.pom:7:3: The element type "hr" must be terminated by the matching end-tag "</hr>".
[Fatal Error] kotlin-bom-1.3.50.pom:7:3: The element type "hr" must be terminated by the matching end-tag "</hr>".
[Fatal Error] kotlin-bom-1.3.50.pom:7:3: The element type "hr" must be terminated by the matching end-tag "</hr>".
[Fatal Error] kotlinx-coroutines-bom-1.3.2.pom:7:3: The element type "hr" must be terminated by the matching end-tag "</hr>".
[Fatal Error] kotlinx-coroutines-bom-1.3.2.pom:7:3: The element type "hr" must be terminated by the matching end-tag "</hr>".
[Fatal Error] junit-bom-5.5.2.pom:7:3: The element type "hr" must be terminated by the matching end-tag "</hr>".
[Fatal Error] junit-bom-5.5.2.pom:7:3: The element type "hr" must be terminated by the matching end-tag "</hr>".
[Fatal Error] spring-framework-bom-5.2.1.RELEASE.pom:7:3: The element type "hr" must be terminated by the matching end-tag "</hr>".
[Fatal Error] spring-framework-bom-5.2.1.RELEASE.pom:7:3: The element type "hr" must be terminated by the matching end-tag "</hr>".
[Fatal Error] spring-data-releasetrain-Moore-SR1.pom:7:3: The element type "hr" must be terminated by the matching end-tag "</hr>".
[Fatal Error] spring-data-releasetrain-Moore-SR1.pom:7:3: The element type "hr" must be terminated by the matching end-tag "</hr>".
[Fatal Error] spring-data-build-2.2.1.RELEASE.pom:7:3: The element type "hr" must be terminated by the matching end-tag "</hr>".
[Fatal Error] spring-data-build-2.2.1.RELEASE.pom:7:3: The element type "hr" must be terminated by the matching end-tag "</hr>".
[Fatal Error] spring-data-build-2.2.1.RELEASE.pom:7:3: The element type "hr" must be terminated by the matching end-tag "</hr>".
[Fatal Error] spring-data-build-2.2.1.RELEASE.pom:7:3: The element type "hr" must be terminated by the matching end-tag "</hr>".
[Fatal Error] spring-integration-bom-5.2.1.RELEASE.pom:7:3: The element type "hr" must be terminated by the matching end-tag "</hr>".
[Fatal Error] spring-integration-bom-5.2.1.RELEASE.pom:7:3: The element type "hr" must be terminated by the matching end-tag "</hr>".
[Fatal Error] spring-security-bom-5.2.1.RELEASE.pom:7:3: The element type "hr" must be terminated by the matching end-tag "</hr>".
[Fatal Error] spring-security-bom-5.2.1.RELEASE.pom:7:3: The element type "hr" must be terminated by the matching end-tag "</hr>".
[Fatal Error] spring-session-bom-Corn-RELEASE.pom:7:3: The element type "hr" must be terminated by the matching end-tag "</hr>".
[Fatal Error] spring-session-bom-Corn-RELEASE.pom:7:3: The element type "hr" must be terminated by the matching end-tag "</hr>".
[Fatal Error] jackson-bom-2.10.0.pom:7:3: The element type "hr" must be terminated by the matching end-tag "</hr>".
[Fatal Error] jackson-bom-2.10.0.pom:7:3: The element type "hr" must be terminated by the matching end-tag "</hr>".
[Fatal Error] jackson-parent-2.10.pom:7:3: The element type "hr" must be terminated by the matching end-tag "</hr>".
[Fatal Error] jackson-parent-2.10.pom:7:3: The element type "hr" must be terminated by the matching end-tag "</hr>".
[Fatal Error] oss-parent-38.pom:7:3: The element type "hr" must be terminated by the matching end-tag "</hr>".
[Fatal Error] oss-parent-38.pom:7:3: The element type "hr" must be terminated by the matching end-tag "</hr>".
[Fatal Error] micrometer-bom-1.3.1.pom:7:3: The element type "hr" must be terminated by the matching end-tag "</hr>".
[Fatal Error] micrometer-bom-1.3.1.pom:7:3: The element type "hr" must be terminated by the matching end-tag "</hr>".
[Fatal Error] netty-bom-4.1.43.Final.pom:7:3: The element type "hr" must be terminated by the matching end-tag "</hr>".
[Fatal Error] netty-bom-4.1.43.Final.pom:7:3: The element type "hr" must be terminated by the matching end-tag "</hr>".
[Fatal Error] oss-parent-7.pom:7:3: The element type "hr" must be terminated by the matching end-tag "</hr>".
[Fatal Error] oss-parent-7.pom:7:3: The element type "hr" must be terminated by the matching end-tag "</hr>".
[Fatal Error] reactor-bom-Dysprosium-SR1.pom:7:3: The element type "hr" must be terminated by the matching end-tag "</hr>".
[Fatal Error] reactor-bom-Dysprosium-SR1.pom:7:3: The element type "hr" must be terminated by the matching end-tag "</hr>".
[Fatal Error] rsocket-bom-1.0.0-RC5.pom:7:3: The element type "hr" must be terminated by the matching end-tag "</hr>".
[Fatal Error] rsocket-bom-1.0.0-RC5.pom:7:3: The element type "hr" must be terminated by the matching end-tag "</hr>".
[Fatal Error] log4j-bom-2.12.1.pom:7:3: The element type "hr" must be terminated by the matching end-tag "</hr>".
[Fatal Error] log4j-bom-2.12.1.pom:7:3: The element type "hr" must be terminated by the matching end-tag "</hr>".
[Fatal Error] logging-parent-1.pom:7:3: The element type "hr" must be terminated by the matching end-tag "</hr>".
[Fatal Error] logging-parent-1.pom:7:3: The element type "hr" must be terminated by the matching end-tag "</hr>".
[Fatal Error] apache-18.pom:7:3: The element type "hr" must be terminated by the matching end-tag "</hr>".
[Fatal Error] apache-18.pom:7:3: The element type "hr" must be terminated by the matching end-tag "</hr>".
[Fatal Error] jetty-bom-9.4.22.v20191022.pom:7:3: The element type "hr" must be terminated by the matching end-tag "</hr>".
[Fatal Error] jetty-bom-9.4.22.v20191022.pom:7:3: The element type "hr" must be terminated by the matching end-tag "</hr>".
[Fatal Error] jersey-bom-2.29.1.pom:7:3: The element type "hr" must be terminated by the matching end-tag "</hr>".
[Fatal Error] jersey-bom-2.29.1.pom:7:3: The element type "hr" must be terminated by the matching end-tag "</hr>".
[Fatal Error] project-1.0.5.pom:7:3: The element type "hr" must be terminated by the matching end-tag "</hr>".
[Fatal Error] project-1.0.5.pom:7:3: The element type "hr" must be terminated by the matching end-tag "</hr>".
[Fatal Error] kotlin-bom-1.3.50.pom:7:3: The element type "hr" must be terminated by the matching end-tag "</hr>".
[Fatal Error] kotlin-bom-1.3.50.pom:7:3: The element type "hr" must be terminated by the matching end-tag "</hr>".
[Fatal Error] kotlinx-coroutines-bom-1.3.2.pom:7:3: The element type "hr" must be terminated by the matching end-tag "</hr>".
[Fatal Error] kotlinx-coroutines-bom-1.3.2.pom:7:3: The element type "hr" must be terminated by the matching end-tag "</hr>".
[Fatal Error] junit-bom-5.5.2.pom:7:3: The element type "hr" must be terminated by the matching end-tag "</hr>".
[Fatal Error] junit-bom-5.5.2.pom:7:3: The element type "hr" must be terminated by the matching end-tag "</hr>".
[Fatal Error] spring-framework-bom-5.2.1.RELEASE.pom:7:3: The element type "hr" must be terminated by the matching end-tag "</hr>".
[Fatal Error] spring-framework-bom-5.2.1.RELEASE.pom:7:3: The element type "hr" must be terminated by the matching end-tag "</hr>".
[Fatal Error] spring-data-releasetrain-Moore-SR1.pom:7:3: The element type "hr" must be terminated by the matching end-tag "</hr>".
[Fatal Error] spring-data-releasetrain-Moore-SR1.pom:7:3: The element type "hr" must be terminated by the matching end-tag "</hr>".
[Fatal Error] spring-data-build-2.2.1.RELEASE.pom:7:3: The element type "hr" must be terminated by the matching end-tag "</hr>".
[Fatal Error] spring-data-build-2.2.1.RELEASE.pom:7:3: The element type "hr" must be terminated by the matching end-tag "</hr>".
[Fatal Error] spring-integration-bom-5.2.1.RELEASE.pom:7:3: The element type "hr" must be terminated by the matching end-tag "</hr>".
[Fatal Error] spring-integration-bom-5.2.1.RELEASE.pom:7:3: The element type "hr" must be terminated by the matching end-tag "</hr>".
[Fatal Error] spring-security-bom-5.2.1.RELEASE.pom:7:3: The element type "hr" must be terminated by the matching end-tag "</hr>".
[Fatal Error] spring-security-bom-5.2.1.RELEASE.pom:7:3: The element type "hr" must be terminated by the matching end-tag "</hr>".
[Fatal Error] spring-session-bom-Corn-RELEASE.pom:7:3: The element type "hr" must be terminated by the matching end-tag "</hr>".
[Fatal Error] spring-session-bom-Corn-RELEASE.pom:7:3: The element type "hr" must be terminated by the matching end-tag "</hr>".
[Fatal Error] spring-boot-dependencies-2.2.1.RELEASE.pom:7:3: The element type "hr" must be terminated by the matching end-tag "</hr>".
[Fatal Error] spring-boot-dependencies-2.2.1.RELEASE.pom:7:3: The element type "hr" must be terminated by the matching end-tag "</hr>".
[Fatal Error] jackson-bom-2.10.0.pom:7:3: The element type "hr" must be terminated by the matching end-tag "</hr>".
[Fatal Error] jackson-bom-2.10.0.pom:7:3: The element type "hr" must be terminated by the matching end-tag "</hr>".
[Fatal Error] jackson-parent-2.10.pom:7:3: The element type "hr" must be terminated by the matching end-tag "</hr>".
[Fatal Error] jackson-parent-2.10.pom:7:3: The element type "hr" must be terminated by the matching end-tag "</hr>".
[Fatal Error] oss-parent-38.pom:7:3: The element type "hr" must be terminated by the matching end-tag "</hr>".
[Fatal Error] oss-parent-38.pom:7:3: The element type "hr" must be terminated by the matching end-tag "</hr>".
[Fatal Error] micrometer-bom-1.3.1.pom:7:3: The element type "hr" must be terminated by the matching end-tag "</hr>".
[Fatal Error] micrometer-bom-1.3.1.pom:7:3: The element type "hr" must be terminated by the matching end-tag "</hr>".
[Fatal Error] netty-bom-4.1.43.Final.pom:7:3: The element type "hr" must be terminated by the matching end-tag "</hr>".
[Fatal Error] netty-bom-4.1.43.Final.pom:7:3: The element type "hr" must be terminated by the matching end-tag "</hr>".
[Fatal Error] oss-parent-7.pom:7:3: The element type "hr" must be terminated by the matching end-tag "</hr>".
[Fatal Error] oss-parent-7.pom:7:3: The element type "hr" must be terminated by the matching end-tag "</hr>".
[Fatal Error] reactor-bom-Dysprosium-SR1.pom:7:3: The element type "hr" must be terminated by the matching end-tag "</hr>".
[Fatal Error] reactor-bom-Dysprosium-SR1.pom:7:3: The element type "hr" must be terminated by the matching end-tag "</hr>".
[Fatal Error] rsocket-bom-1.0.0-RC5.pom:7:3: The element type "hr" must be terminated by the matching end-tag "</hr>".
[Fatal Error] rsocket-bom-1.0.0-RC5.pom:7:3: The element type "hr" must be terminated by the matching end-tag "</hr>".
[Fatal Error] log4j-bom-2.12.1.pom:7:3: The element type "hr" must be terminated by the matching end-tag "</hr>".
[Fatal Error] log4j-bom-2.12.1.pom:7:3: The element type "hr" must be terminated by the matching end-tag "</hr>".
[Fatal Error] logging-parent-1.pom:7:3: The element type "hr" must be terminated by the matching end-tag "</hr>".
[Fatal Error] logging-parent-1.pom:7:3: The element type "hr" must be terminated by the matching end-tag "</hr>".
[Fatal Error] apache-18.pom:7:3: The element type "hr" must be terminated by the matching end-tag "</hr>".
[Fatal Error] apache-18.pom:7:3: The element type "hr" must be terminated by the matching end-tag "</hr>".
[Fatal Error] jetty-bom-9.4.22.v20191022.pom:7:3: The element type "hr" must be terminated by the matching end-tag "</hr>".
[Fatal Error] jetty-bom-9.4.22.v20191022.pom:7:3: The element type "hr" must be terminated by the matching end-tag "</hr>".
[Fatal Error] jersey-bom-2.29.1.pom:7:3: The element type "hr" must be terminated by the matching end-tag "</hr>".
[Fatal Error] jersey-bom-2.29.1.pom:7:3: The element type "hr" must be terminated by the matching end-tag "</hr>".
[Fatal Error] project-1.0.5.pom:7:3: The element type "hr" must be terminated by the matching end-tag "</hr>".
[Fatal Error] project-1.0.5.pom:7:3: The element type "hr" must be terminated by the matching end-tag "</hr>".
[Fatal Error] kotlin-bom-1.3.50.pom:7:3: The element type "hr" must be terminated by the matching end-tag "</hr>".
[Fatal Error] kotlin-bom-1.3.50.pom:7:3: The element type "hr" must be terminated by the matching end-tag "</hr>".
[Fatal Error] kotlinx-coroutines-bom-1.3.2.pom:7:3: The element type "hr" must be terminated by the matching end-tag "</hr>".
[Fatal Error] kotlinx-coroutines-bom-1.3.2.pom:7:3: The element type "hr" must be terminated by the matching end-tag "</hr>".
[Fatal Error] junit-bom-5.5.2.pom:7:3: The element type "hr" must be terminated by the matching end-tag "</hr>".
[Fatal Error] junit-bom-5.5.2.pom:7:3: The element type "hr" must be terminated by the matching end-tag "</hr>".
[Fatal Error] spring-framework-bom-5.2.1.RELEASE.pom:7:3: The element type "hr" must be terminated by the matching end-tag "</hr>".
[Fatal Error] spring-framework-bom-5.2.1.RELEASE.pom:7:3: The element type "hr" must be terminated by the matching end-tag "</hr>".
[Fatal Error] spring-data-releasetrain-Moore-SR1.pom:7:3: The element type "hr" must be terminated by the matching end-tag "</hr>".
[Fatal Error] spring-data-releasetrain-Moore-SR1.pom:7:3: The element type "hr" must be terminated by the matching end-tag "</hr>".
[Fatal Error] spring-data-build-2.2.1.RELEASE.pom:7:3: The element type "hr" must be terminated by the matching end-tag "</hr>".
[Fatal Error] spring-data-build-2.2.1.RELEASE.pom:7:3: The element type "hr" must be terminated by the matching end-tag "</hr>".
[Fatal Error] spring-integration-bom-5.2.1.RELEASE.pom:7:3: The element type "hr" must be terminated by the matching end-tag "</hr>".
[Fatal Error] spring-integration-bom-5.2.1.RELEASE.pom:7:3: The element type "hr" must be terminated by the matching end-tag "</hr>".
[Fatal Error] spring-security-bom-5.2.1.RELEASE.pom:7:3: The element type "hr" must be terminated by the matching end-tag "</hr>".
[Fatal Error] spring-security-bom-5.2.1.RELEASE.pom:7:3: The element type "hr" must be terminated by the matching end-tag "</hr>".
[Fatal Error] spring-session-bom-Corn-RELEASE.pom:7:3: The element type "hr" must be terminated by the matching end-tag "</hr>".
[Fatal Error] spring-session-bom-Corn-RELEASE.pom:7:3: The element type "hr" must be terminated by the matching end-tag "</hr>".
[Fatal Error] spring-boot-parent-2.2.1.RELEASE.pom:7:3: The element type "hr" must be terminated by the matching end-tag "</hr>".
[Fatal Error] spring-boot-parent-2.2.1.RELEASE.pom:7:3: The element type "hr" must be terminated by the matching end-tag "</hr>".
[Fatal Error] spring-boot-dependencies-2.2.1.RELEASE.pom:7:3: The element type "hr" must be terminated by the matching end-tag "</hr>".
[Fatal Error] spring-boot-dependencies-2.2.1.RELEASE.pom:7:3: The element type "hr" must be terminated by the matching end-tag "</hr>".
[Fatal Error] jackson-bom-2.10.0.pom:7:3: The element type "hr" must be terminated by the matching end-tag "</hr>".
[Fatal Error] jackson-bom-2.10.0.pom:7:3: The element type "hr" must be terminated by the matching end-tag "</hr>".
[Fatal Error] jackson-parent-2.10.pom:7:3: The element type "hr" must be terminated by the matching end-tag "</hr>".
[Fatal Error] jackson-parent-2.10.pom:7:3: The element type "hr" must be terminated by the matching end-tag "</hr>".
[Fatal Error] oss-parent-38.pom:7:3: The element type "hr" must be terminated by the matching end-tag "</hr>".
[Fatal Error] oss-parent-38.pom:7:3: The element type "hr" must be terminated by the matching end-tag "</hr>".
[Fatal Error] micrometer-bom-1.3.1.pom:7:3: The element type "hr" must be terminated by the matching end-tag "</hr>".
[Fatal Error] micrometer-bom-1.3.1.pom:7:3: The element type "hr" must be terminated by the matching end-tag "</hr>".
[Fatal Error] netty-bom-4.1.43.Final.pom:7:3: The element type "hr" must be terminated by the matching end-tag "</hr>".
[Fatal Error] netty-bom-4.1.43.Final.pom:7:3: The element type "hr" must be terminated by the matching end-tag "</hr>".
[Fatal Error] oss-parent-7.pom:7:3: The element type "hr" must be terminated by the matching end-tag "</hr>".
[Fatal Error] oss-parent-7.pom:7:3: The element type "hr" must be terminated by the matching end-tag "</hr>".
[Fatal Error] reactor-bom-Dysprosium-SR1.pom:7:3: The element type "hr" must be terminated by the matching end-tag "</hr>".
[Fatal Error] reactor-bom-Dysprosium-SR1.pom:7:3: The element type "hr" must be terminated by the matching end-tag "</hr>".
[Fatal Error] rsocket-bom-1.0.0-RC5.pom:7:3: The element type "hr" must be terminated by the matching end-tag "</hr>".
[Fatal Error] rsocket-bom-1.0.0-RC5.pom:7:3: The element type "hr" must be terminated by the matching end-tag "</hr>".
[Fatal Error] log4j-bom-2.12.1.pom:7:3: The element type "hr" must be terminated by the matching end-tag "</hr>".
[Fatal Error] log4j-bom-2.12.1.pom:7:3: The element type "hr" must be terminated by the matching end-tag "</hr>".
[Fatal Error] logging-parent-1.pom:7:3: The element type "hr" must be terminated by the matching end-tag "</hr>".
[Fatal Error] logging-parent-1.pom:7:3: The element type "hr" must be terminated by the matching end-tag "</hr>".
[Fatal Error] apache-18.pom:7:3: The element type "hr" must be terminated by the matching end-tag "</hr>".
[Fatal Error] apache-18.pom:7:3: The element type "hr" must be terminated by the matching end-tag "</hr>".
[Fatal Error] jetty-bom-9.4.22.v20191022.pom:7:3: The element type "hr" must be terminated by the matching end-tag "</hr>".
[Fatal Error] jetty-bom-9.4.22.v20191022.pom:7:3: The element type "hr" must be terminated by the matching end-tag "</hr>".
[Fatal Error] jersey-bom-2.29.1.pom:7:3: The element type "hr" must be terminated by the matching end-tag "</hr>".
[Fatal Error] jersey-bom-2.29.1.pom:7:3: The element type "hr" must be terminated by the matching end-tag "</hr>".
[Fatal Error] project-1.0.5.pom:7:3: The element type "hr" must be terminated by the matching end-tag "</hr>".
[Fatal Error] project-1.0.5.pom:7:3: The element type "hr" must be terminated by the matching end-tag "</hr>".
[Fatal Error] kotlin-bom-1.3.50.pom:7:3: The element type "hr" must be terminated by the matching end-tag "</hr>".
[Fatal Error] kotlin-bom-1.3.50.pom:7:3: The element type "hr" must be terminated by the matching end-tag "</hr>".
[Fatal Error] kotlinx-coroutines-bom-1.3.2.pom:7:3: The element type "hr" must be terminated by the matching end-tag "</hr>".
[Fatal Error] kotlinx-coroutines-bom-1.3.2.pom:7:3: The element type "hr" must be terminated by the matching end-tag "</hr>".
[Fatal Error] junit-bom-5.5.2.pom:7:3: The element type "hr" must be terminated by the matching end-tag "</hr>".
[Fatal Error] junit-bom-5.5.2.pom:7:3: The element type "hr" must be terminated by the matching end-tag "</hr>".
[Fatal Error] spring-framework-bom-5.2.1.RELEASE.pom:7:3: The element type "hr" must be terminated by the matching end-tag "</hr>".
[Fatal Error] spring-framework-bom-5.2.1.RELEASE.pom:7:3: The element type "hr" must be terminated by the matching end-tag "</hr>".
[Fatal Error] spring-data-releasetrain-Moore-SR1.pom:7:3: The element type "hr" must be terminated by the matching end-tag "</hr>".
[Fatal Error] spring-data-releasetrain-Moore-SR1.pom:7:3: The element type "hr" must be terminated by the matching end-tag "</hr>".
[Fatal Error] spring-data-build-2.2.1.RELEASE.pom:7:3: The element type "hr" must be terminated by the matching end-tag "</hr>".
[Fatal Error] spring-data-build-2.2.1.RELEASE.pom:7:3: The element type "hr" must be terminated by the matching end-tag "</hr>".
[Fatal Error] spring-integration-bom-5.2.1.RELEASE.pom:7:3: The element type "hr" must be terminated by the matching end-tag "</hr>".
[Fatal Error] spring-integration-bom-5.2.1.RELEASE.pom:7:3: The element type "hr" must be terminated by the matching end-tag "</hr>".
[Fatal Error] spring-security-bom-5.2.1.RELEASE.pom:7:3: The element type "hr" must be terminated by the matching end-tag "</hr>".
[Fatal Error] spring-security-bom-5.2.1.RELEASE.pom:7:3: The element type "hr" must be terminated by the matching end-tag "</hr>".
[Fatal Error] spring-session-bom-Corn-RELEASE.pom:7:3: The element type "hr" must be terminated by the matching end-tag "</hr>".
[Fatal Error] spring-session-bom-Corn-RELEASE.pom:7:3: The element type "hr" must be terminated by the matching end-tag "</hr>".
[Fatal Error] dependency-management-plugin-1.0.8.RELEASE.pom:7:3: The element type "hr" must be terminated by the matching end-tag "</hr>".
[Fatal Error] commons-compress-1.19.pom:7:3: The element type "hr" must be terminated by the matching end-tag "</hr>".
[Fatal Error] dependency-management-plugin-1.0.8.RELEASE.pom:7:3: The element type "hr" must be terminated by the matching end-tag "</hr>".
[Fatal Error] commons-compress-1.19.pom:7:3: The element type "hr" must be terminated by the matching end-tag "</hr>".
[Fatal Error] commons-parent-48.pom:7:3: The element type "hr" must be terminated by the matching end-tag "</hr>".
[Fatal Error] commons-parent-48.pom:7:3: The element type "hr" must be terminated by the matching end-tag "</hr>".
[Fatal Error] spring-boot-loader-tools-2.2.1.RELEASE.pom:7:3: The element type "hr" must be terminated by the matching end-tag "</hr>".
[Fatal Error] apache-21.pom:7:3: The element type "hr" must be terminated by the matching end-tag "</hr>".
[Fatal Error] spring-boot-loader-tools-2.2.1.RELEASE.pom:7:3: The element type "hr" must be terminated by the matching end-tag "</hr>".
[Fatal Error] apache-21.pom:7:3: The element type "hr" must be terminated by the matching end-tag "</hr>".
[Fatal Error] spring-boot-tools-2.2.1.RELEASE.pom:7:3: The element type "hr" must be terminated by the matching end-tag "</hr>".
[Fatal Error] spring-boot-tools-2.2.1.RELEASE.pom:7:3: The element type "hr" must be terminated by the matching end-tag "</hr>".
[Fatal Error] spring-boot-parent-2.2.1.RELEASE.pom:7:3: The element type "hr" must be terminated by the matching end-tag "</hr>".
[Fatal Error] spring-boot-parent-2.2.1.RELEASE.pom:7:3: The element type "hr" must be terminated by the matching end-tag "</hr>".
[Fatal Error] spring-boot-dependencies-2.2.1.RELEASE.pom:7:3: The element type "hr" must be terminated by the matching end-tag "</hr>".
[Fatal Error] spring-boot-dependencies-2.2.1.RELEASE.pom:7:3: The element type "hr" must be terminated by the matching end-tag "</hr>".
[Fatal Error] jackson-bom-2.10.0.pom:7:3: The element type "hr" must be terminated by the matching end-tag "</hr>".
[Fatal Error] jackson-bom-2.10.0.pom:7:3: The element type "hr" must be terminated by the matching end-tag "</hr>".
[Fatal Error] jackson-parent-2.10.pom:7:3: The element type "hr" must be terminated by the matching end-tag "</hr>".
[Fatal Error] jackson-parent-2.10.pom:7:3: The element type "hr" must be terminated by the matching end-tag "</hr>".
[Fatal Error] oss-parent-38.pom:7:3: The element type "hr" must be terminated by the matching end-tag "</hr>".
[Fatal Error] oss-parent-38.pom:7:3: The element type "hr" must be terminated by the matching end-tag "</hr>".
[Fatal Error] micrometer-bom-1.3.1.pom:7:3: The element type "hr" must be terminated by the matching end-tag "</hr>".
[Fatal Error] micrometer-bom-1.3.1.pom:7:3: The element type "hr" must be terminated by the matching end-tag "</hr>".
[Fatal Error] netty-bom-4.1.43.Final.pom:7:3: The element type "hr" must be terminated by the matching end-tag "</hr>".
[Fatal Error] netty-bom-4.1.43.Final.pom:7:3: The element type "hr" must be terminated by the matching end-tag "</hr>".
[Fatal Error] oss-parent-7.pom:7:3: The element type "hr" must be terminated by the matching end-tag "</hr>".
[Fatal Error] oss-parent-7.pom:7:3: The element type "hr" must be terminated by the matching end-tag "</hr>".
[Fatal Error] apache-21.pom:7:3: The element type "hr" must be terminated by the matching end-tag "</hr>".
[Fatal Error] apache-21.pom:7:3: The element type "hr" must be terminated by the matching end-tag "</hr>".
[Fatal Error] reactor-bom-Dysprosium-SR1.pom:7:3: The element type "hr" must be terminated by the matching end-tag "</hr>".
[Fatal Error] reactor-bom-Dysprosium-SR1.pom:7:3: The element type "hr" must be terminated by the matching end-tag "</hr>".
[Fatal Error] rsocket-bom-1.0.0-RC5.pom:7:3: The element type "hr" must be terminated by the matching end-tag "</hr>".
[Fatal Error] rsocket-bom-1.0.0-RC5.pom:7:3: The element type "hr" must be terminated by the matching end-tag "</hr>".
[Fatal Error] log4j-bom-2.12.1.pom:7:3: The element type "hr" must be terminated by the matching end-tag "</hr>".
[Fatal Error] log4j-bom-2.12.1.pom:7:3: The element type "hr" must be terminated by the matching end-tag "</hr>".
[Fatal Error] logging-parent-1.pom:7:3: The element type "hr" must be terminated by the matching end-tag "</hr>".
[Fatal Error] logging-parent-1.pom:7:3: The element type "hr" must be terminated by the matching end-tag "</hr>".
[Fatal Error] apache-18.pom:7:3: The element type "hr" must be terminated by the matching end-tag "</hr>".
[Fatal Error] apache-18.pom:7:3: The element type "hr" must be terminated by the matching end-tag "</hr>".
[Fatal Error] jetty-bom-9.4.22.v20191022.pom:7:3: The element type "hr" must be terminated by the matching end-tag "</hr>".
[Fatal Error] jetty-bom-9.4.22.v20191022.pom:7:3: The element type "hr" must be terminated by the matching end-tag "</hr>".
[Fatal Error] jersey-bom-2.29.1.pom:7:3: The element type "hr" must be terminated by the matching end-tag "</hr>".
[Fatal Error] jersey-bom-2.29.1.pom:7:3: The element type "hr" must be terminated by the matching end-tag "</hr>".
[Fatal Error] project-1.0.5.pom:7:3: The element type "hr" must be terminated by the matching end-tag "</hr>".
[Fatal Error] project-1.0.5.pom:7:3: The element type "hr" must be terminated by the matching end-tag "</hr>".
[Fatal Error] kotlin-bom-1.3.50.pom:7:3: The element type "hr" must be terminated by the matching end-tag "</hr>".
[Fatal Error] kotlin-bom-1.3.50.pom:7:3: The element type "hr" must be terminated by the matching end-tag "</hr>".
[Fatal Error] kotlinx-coroutines-bom-1.3.2.pom:7:3: The element type "hr" must be terminated by the matching end-tag "</hr>".
[Fatal Error] kotlinx-coroutines-bom-1.3.2.pom:7:3: The element type "hr" must be terminated by the matching end-tag "</hr>".
[Fatal Error] junit-bom-5.5.2.pom:7:3: The element type "hr" must be terminated by the matching end-tag "</hr>".
[Fatal Error] junit-bom-5.5.2.pom:7:3: The element type "hr" must be terminated by the matching end-tag "</hr>".
[Fatal Error] spring-framework-bom-5.2.1.RELEASE.pom:7:3: The element type "hr" must be terminated by the matching end-tag "</hr>".
[Fatal Error] spring-framework-bom-5.2.1.RELEASE.pom:7:3: The element type "hr" must be terminated by the matching end-tag "</hr>".
[Fatal Error] spring-data-releasetrain-Moore-SR1.pom:7:3: The element type "hr" must be terminated by the matching end-tag "</hr>".
[Fatal Error] spring-data-releasetrain-Moore-SR1.pom:7:3: The element type "hr" must be terminated by the matching end-tag "</hr>".
[Fatal Error] spring-data-build-2.2.1.RELEASE.pom:7:3: The element type "hr" must be terminated by the matching end-tag "</hr>".
[Fatal Error] spring-data-build-2.2.1.RELEASE.pom:7:3: The element type "hr" must be terminated by the matching end-tag "</hr>".
[Fatal Error] spring-integration-bom-5.2.1.RELEASE.pom:7:3: The element type "hr" must be terminated by the matching end-tag "</hr>".
[Fatal Error] spring-integration-bom-5.2.1.RELEASE.pom:7:3: The element type "hr" must be terminated by the matching end-tag "</hr>".
[Fatal Error] spring-security-bom-5.2.1.RELEASE.pom:7:3: The element type "hr" must be terminated by the matching end-tag "</hr>".
[Fatal Error] spring-security-bom-5.2.1.RELEASE.pom:7:3: The element type "hr" must be terminated by the matching end-tag "</hr>".
[Fatal Error] spring-session-bom-Corn-RELEASE.pom:7:3: The element type "hr" must be terminated by the matching end-tag "</hr>".
[Fatal Error] spring-session-bom-Corn-RELEASE.pom:7:3: The element type "hr" must be terminated by the matching end-tag "</hr>".
[Fatal Error] maven-ant-tasks-2.1.3.pom:7:3: The element type "hr" must be terminated by the matching end-tag "</hr>".
[Fatal Error] http-builder-0.7.2.pom:7:3: The element type "hr" must be terminated by the matching end-tag "</hr>".
[Fatal Error] maven-ant-tasks-2.1.3.pom:7:3: The element type "hr" must be terminated by the matching end-tag "</hr>".
[Fatal Error] http-builder-0.7.2.pom:7:3: The element type "hr" must be terminated by the matching end-tag "</hr>".
[Fatal Error] maven-parent-19.pom:7:3: The element type "hr" must be terminated by the matching end-tag "</hr>".
[Fatal Error] maven-parent-19.pom:7:3: The element type "hr" must be terminated by the matching end-tag "</hr>".
[Fatal Error] apache-9.pom:7:3: The element type "hr" must be terminated by the matching end-tag "</hr>".
[Fatal Error] apache-9.pom:7:3: The element type "hr" must be terminated by the matching end-tag "</hr>".
[Fatal Error] apache-9.pom:7:3: The element type "hr" must be terminated by the matching end-tag "</hr>".
[Fatal Error] apache-9.pom:7:3: The element type "hr" must be terminated by the matching end-tag "</hr>".
[Fatal Error] commons-logging-1.1.1.pom:7:3: The element type "hr" must be terminated by the matching end-tag "</hr>".
[Fatal Error] commons-lang-2.4.pom:7:3: The element type "hr" must be terminated by the matching end-tag "</hr>".
[Fatal Error] commons-logging-1.1.1.pom:7:3: The element type "hr" must be terminated by the matching end-tag "</hr>".
[Fatal Error] commons-lang-2.4.pom:7:3: The element type "hr" must be terminated by the matching end-tag "</hr>".
[Fatal Error] commons-parent-9.pom:7:3: The element type "hr" must be terminated by the matching end-tag "</hr>".
[Fatal Error] commons-parent-5.pom:7:3: The element type "hr" must be terminated by the matching end-tag "</hr>".
[Fatal Error] commons-parent-5.pom:7:3: The element type "hr" must be terminated by the matching end-tag "</hr>".
[Fatal Error] commons-parent-9.pom:7:3: The element type "hr" must be terminated by the matching end-tag "</hr>".
[Fatal Error] apache-4.pom:7:3: The element type "hr" must be terminated by the matching end-tag "</hr>".
[Fatal Error] apache-4.pom:7:3: The element type "hr" must be terminated by the matching end-tag "</hr>".
[Fatal Error] apache-4.pom:7:3: The element type "hr" must be terminated by the matching end-tag "</hr>".
[Fatal Error] apache-4.pom:7:3: The element type "hr" must be terminated by the matching end-tag "</hr>".
[Fatal Error] apache-4.pom:7:3: The element type "hr" must be terminated by the matching end-tag "</hr>".
[Fatal Error] apache-4.pom:7:3: The element type "hr" must be terminated by the matching end-tag "</hr>".
[Fatal Error] apache-4.pom:7:3: The element type "hr" must be terminated by the matching end-tag "</hr>".
[Fatal Error] apache-4.pom:7:3: The element type "hr" must be terminated by the matching end-tag "</hr>".
[Fatal Error] build-info-extractor-2.11.0.pom:7:3: The element type "hr" must be terminated by the matching end-tag "</hr>".
[Fatal Error] groovy-all-2.4.12.pom:7:3: The element type "hr" must be terminated by the matching end-tag "</hr>".
[Fatal Error] groovy-all-2.4.12.pom:7:3: The element type "hr" must be terminated by the matching end-tag "</hr>".
[Fatal Error] build-info-extractor-2.11.0.pom:7:3: The element type "hr" must be terminated by the matching end-tag "</hr>".
[Fatal Error] ivy-2.2.0.pom:7:3: The element type "hr" must be terminated by the matching end-tag "</hr>".
[Fatal Error] commons-io-2.2.pom:7:3: The element type "hr" must be terminated by the matching end-tag "</hr>".
[Fatal Error] ivy-2.2.0.pom:7:3: The element type "hr" must be terminated by the matching end-tag "</hr>".
[Fatal Error] commons-io-2.2.pom:7:3: The element type "hr" must be terminated by the matching end-tag "</hr>".
[Fatal Error] apache-7.pom:7:3: The element type "hr" must be terminated by the matching end-tag "</hr>".
[Fatal Error] commons-parent-24.pom:7:3: The element type "hr" must be terminated by the matching end-tag "</hr>".
[Fatal Error] apache-7.pom:7:3: The element type "hr" must be terminated by the matching end-tag "</hr>".
[Fatal Error] commons-parent-24.pom:7:3: The element type "hr" must be terminated by the matching end-tag "</hr>".
[Fatal Error] apache-9.pom:7:3: The element type "hr" must be terminated by the matching end-tag "</hr>".
[Fatal Error] apache-9.pom:7:3: The element type "hr" must be terminated by the matching end-tag "</hr>".
[Fatal Error] apache-9.pom:7:3: The element type "hr" must be terminated by the matching end-tag "</hr>".
[Fatal Error] apache-9.pom:7:3: The element type "hr" must be terminated by the matching end-tag "</hr>".
[Fatal Error] spring-core-5.2.1.RELEASE.pom:7:3: The element type "hr" must be terminated by the matching end-tag "</hr>".
[Fatal Error] spring-core-5.2.1.RELEASE.pom:7:3: The element type "hr" must be terminated by the matching end-tag "</hr>".
[Fatal Error] httpclient-4.2.1.pom:7:3: The element type "hr" must be terminated by the matching end-tag "</hr>".
[Fatal Error] nekohtml-1.9.16.pom:7:3: The element type "hr" must be terminated by the matching end-tag "</hr>".
[Fatal Error] httpclient-4.2.1.pom:7:3: The element type "hr" must be terminated by the matching end-tag "</hr>".
[Fatal Error] nekohtml-1.9.16.pom:7:3: The element type "hr" must be terminated by the matching end-tag "</hr>".
[Fatal Error] xml-resolver-1.2.pom:7:3: The element type "hr" must be terminated by the matching end-tag "</hr>".
[Fatal Error] httpcomponents-client-4.2.1.pom:7:3: The element type "hr" must be terminated by the matching end-tag "</hr>".
[Fatal Error] xml-resolver-1.2.pom:7:3: The element type "hr" must be terminated by the matching end-tag "</hr>".
[Fatal Error] httpcomponents-client-4.2.1.pom:7:3: The element type "hr" must be terminated by the matching end-tag "</hr>".
[Fatal Error] apache-3.pom:7:3: The element type "hr" must be terminated by the matching end-tag "</hr>".
[Fatal Error] project-6.pom:7:3: The element type "hr" must be terminated by the matching end-tag "</hr>".
[Fatal Error] project-6.pom:7:3: The element type "hr" must be terminated by the matching end-tag "</hr>".
[Fatal Error] apache-3.pom:7:3: The element type "hr" must be terminated by the matching end-tag "</hr>".
[Fatal Error] project-6.pom:7:3: The element type "hr" must be terminated by the matching end-tag "</hr>".
[Fatal Error] project-6.pom:7:3: The element type "hr" must be terminated by the matching end-tag "</hr>".
[Fatal Error] json-lib-2.3.pom:7:3: The element type "hr" must be terminated by the matching end-tag "</hr>".
[Fatal Error] json-lib-2.3.pom:7:3: The element type "hr" must be terminated by the matching end-tag "</hr>".
[Fatal Error] ant-1.8.0.pom:7:3: The element type "hr" must be terminated by the matching end-tag "</hr>".
[Fatal Error] classworlds-1.1-alpha-2.pom:7:3: The element type "hr" must be terminated by the matching end-tag "</hr>".
[Fatal Error] ant-1.8.0.pom:7:3: The element type "hr" must be terminated by the matching end-tag "</hr>".
[Fatal Error] classworlds-1.1-alpha-2.pom:7:3: The element type "hr" must be terminated by the matching end-tag "</hr>".
[Fatal Error] ant-parent-1.8.0.pom:7:3: The element type "hr" must be terminated by the matching end-tag "</hr>".
[Fatal Error] plexus-utils-1.5.15.pom:7:3: The element type "hr" must be terminated by the matching end-tag "</hr>".
[Fatal Error] ant-parent-1.8.0.pom:7:3: The element type "hr" must be terminated by the matching end-tag "</hr>".
[Fatal Error] plexus-utils-1.5.15.pom:7:3: The element type "hr" must be terminated by the matching end-tag "</hr>".
[Fatal Error] plexus-interpolation-1.11.pom:7:3: The element type "hr" must be terminated by the matching end-tag "</hr>".
[Fatal Error] plexus-2.0.2.pom:7:3: The element type "hr" must be terminated by the matching end-tag "</hr>".
[Fatal Error] plexus-interpolation-1.11.pom:7:3: The element type "hr" must be terminated by the matching end-tag "</hr>".
[Fatal Error] plexus-2.0.2.pom:7:3: The element type "hr" must be terminated by the matching end-tag "</hr>".
[Fatal Error] plexus-components-1.1.14.pom:7:3: The element type "hr" must be terminated by the matching end-tag "</hr>".
[Fatal Error] maven-artifact-2.2.1.pom:7:3: The element type "hr" must be terminated by the matching end-tag "</hr>".
[Fatal Error] plexus-components-1.1.14.pom:7:3: The element type "hr" must be terminated by the matching end-tag "</hr>".
[Fatal Error] maven-artifact-2.2.1.pom:7:3: The element type "hr" must be terminated by the matching end-tag "</hr>".
[Fatal Error] plexus-2.0.2.pom:7:3: The element type "hr" must be terminated by the matching end-tag "</hr>".
[Fatal Error] plexus-2.0.2.pom:7:3: The element type "hr" must be terminated by the matching end-tag "</hr>".
[Fatal Error] plexus-2.0.2.pom:7:3: The element type "hr" must be terminated by the matching end-tag "</hr>".
[Fatal Error] plexus-2.0.2.pom:7:3: The element type "hr" must be terminated by the matching end-tag "</hr>".
[Fatal Error] maven-artifact-manager-2.2.1.pom:7:3: The element type "hr" must be terminated by the matching end-tag "</hr>".
[Fatal Error] maven-2.2.1.pom:7:3: The element type "hr" must be terminated by the matching end-tag "</hr>".
[Fatal Error] maven-2.2.1.pom:7:3: The element type "hr" must be terminated by the matching end-tag "</hr>".
[Fatal Error] maven-artifact-manager-2.2.1.pom:7:3: The element type "hr" must be terminated by the matching end-tag "</hr>".
[Fatal Error] maven-2.2.1.pom:7:3: The element type "hr" must be terminated by the matching end-tag "</hr>".
[Fatal Error] maven-2.2.1.pom:7:3: The element type "hr" must be terminated by the matching end-tag "</hr>".
[Fatal Error] maven-parent-11.pom:7:3: The element type "hr" must be terminated by the matching end-tag "</hr>".
[Fatal Error] maven-parent-11.pom:7:3: The element type "hr" must be terminated by the matching end-tag "</hr>".
[Fatal Error] maven-parent-11.pom:7:3: The element type "hr" must be terminated by the matching end-tag "</hr>".
[Fatal Error] maven-parent-11.pom:7:3: The element type "hr" must be terminated by the matching end-tag "</hr>".
[Fatal Error] apache-5.pom:7:3: The element type "hr" must be terminated by the matching end-tag "</hr>".
[Fatal Error] apache-5.pom:7:3: The element type "hr" must be terminated by the matching end-tag "</hr>".
[Fatal Error] apache-5.pom:7:3: The element type "hr" must be terminated by the matching end-tag "</hr>".
[Fatal Error] apache-5.pom:7:3: The element type "hr" must be terminated by the matching end-tag "</hr>".
[Fatal Error] apache-5.pom:7:3: The element type "hr" must be terminated by the matching end-tag "</hr>".
[Fatal Error] apache-5.pom:7:3: The element type "hr" must be terminated by the matching end-tag "</hr>".
[Fatal Error] apache-5.pom:7:3: The element type "hr" must be terminated by the matching end-tag "</hr>".
[Fatal Error] apache-5.pom:7:3: The element type "hr" must be terminated by the matching end-tag "</hr>".
[Fatal Error] maven-parent-11.pom:7:3: The element type "hr" must be terminated by the matching end-tag "</hr>".
[Fatal Error] maven-parent-11.pom:7:3: The element type "hr" must be terminated by the matching end-tag "</hr>".
[Fatal Error] maven-parent-11.pom:7:3: The element type "hr" must be terminated by the matching end-tag "</hr>".
[Fatal Error] maven-parent-11.pom:7:3: The element type "hr" must be terminated by the matching end-tag "</hr>".
[Fatal Error] apache-5.pom:7:3: The element type "hr" must be terminated by the matching end-tag "</hr>".
[Fatal Error] apache-5.pom:7:3: The element type "hr" must be terminated by the matching end-tag "</hr>".
[Fatal Error] apache-5.pom:7:3: The element type "hr" must be terminated by the matching end-tag "</hr>".
[Fatal Error] apache-5.pom:7:3: The element type "hr" must be terminated by the matching end-tag "</hr>".
[Fatal Error] maven-model-2.2.1.pom:7:3: The element type "hr" must be terminated by the matching end-tag "</hr>".
[Fatal Error] maven-project-2.2.1.pom:7:3: The element type "hr" must be terminated by the matching end-tag "</hr>".
[Fatal Error] maven-model-2.2.1.pom:7:3: The element type "hr" must be terminated by the matching end-tag "</hr>".
[Fatal Error] maven-project-2.2.1.pom:7:3: The element type "hr" must be terminated by the matching end-tag "</hr>".
[Fatal Error] maven-2.2.1.pom:7:3: The element type "hr" must be terminated by the matching end-tag "</hr>".
[Fatal Error] maven-2.2.1.pom:7:3: The element type "hr" must be terminated by the matching end-tag "</hr>".
[Fatal Error] maven-parent-11.pom:7:3: The element type "hr" must be terminated by the matching end-tag "</hr>".
[Fatal Error] maven-parent-11.pom:7:3: The element type "hr" must be terminated by the matching end-tag "</hr>".
[Fatal Error] maven-2.2.1.pom:7:3: The element type "hr" must be terminated by the matching end-tag "</hr>".
[Fatal Error] maven-2.2.1.pom:7:3: The element type "hr" must be terminated by the matching end-tag "</hr>".
[Fatal Error] apache-5.pom:7:3: The element type "hr" must be terminated by the matching end-tag "</hr>".
[Fatal Error] apache-5.pom:7:3: The element type "hr" must be terminated by the matching end-tag "</hr>".
[Fatal Error] maven-parent-11.pom:7:3: The element type "hr" must be terminated by the matching end-tag "</hr>".
[Fatal Error] maven-parent-11.pom:7:3: The element type "hr" must be terminated by the matching end-tag "</hr>".
[Fatal Error] apache-5.pom:7:3: The element type "hr" must be terminated by the matching end-tag "</hr>".
[Fatal Error] apache-5.pom:7:3: The element type "hr" must be terminated by the matching end-tag "</hr>".
[Fatal Error] maven-settings-2.2.1.pom:7:3: The element type "hr" must be terminated by the matching end-tag "</hr>".
[Fatal Error] maven-error-diagnostics-2.2.1.pom:7:3: The element type "hr" must be terminated by the matching end-tag "</hr>".
[Fatal Error] maven-settings-2.2.1.pom:7:3: The element type "hr" must be terminated by the matching end-tag "</hr>".
[Fatal Error] maven-error-diagnostics-2.2.1.pom:7:3: The element type "hr" must be terminated by the matching end-tag "</hr>".
[Fatal Error] maven-2.2.1.pom:7:3: The element type "hr" must be terminated by the matching end-tag "</hr>".
[Fatal Error] maven-2.2.1.pom:7:3: The element type "hr" must be terminated by the matching end-tag "</hr>".
[Fatal Error] maven-parent-11.pom:7:3: The element type "hr" must be terminated by the matching end-tag "</hr>".
[Fatal Error] maven-parent-11.pom:7:3: The element type "hr" must be terminated by the matching end-tag "</hr>".
[Fatal Error] apache-5.pom:7:3: The element type "hr" must be terminated by the matching end-tag "</hr>".
[Fatal Error] apache-5.pom:7:3: The element type "hr" must be terminated by the matching end-tag "</hr>".
[Fatal Error] maven-2.2.1.pom:7:3: The element type "hr" must be terminated by the matching end-tag "</hr>".
[Fatal Error] maven-2.2.1.pom:7:3: The element type "hr" must be terminated by the matching end-tag "</hr>".
[Fatal Error] maven-parent-11.pom:7:3: The element type "hr" must be terminated by the matching end-tag "</hr>".
[Fatal Error] maven-parent-11.pom:7:3: The element type "hr" must be terminated by the matching end-tag "</hr>".
[Fatal Error] apache-5.pom:7:3: The element type "hr" must be terminated by the matching end-tag "</hr>".
[Fatal Error] apache-5.pom:7:3: The element type "hr" must be terminated by the matching end-tag "</hr>".
[Fatal Error] wagon-file-1.0-beta-6.pom:7:3: The element type "hr" must be terminated by the matching end-tag "</hr>".
[Fatal Error] wagon-http-lightweight-1.0-beta-6.pom:7:3: The element type "hr" must be terminated by the matching end-tag "</hr>".
[Fatal Error] wagon-http-lightweight-1.0-beta-6.pom:7:3: The element type "hr" must be terminated by the matching end-tag "</hr>".
[Fatal Error] wagon-file-1.0-beta-6.pom:7:3: The element type "hr" must be terminated by the matching end-tag "</hr>".
[Fatal Error] wagon-providers-1.0-beta-6.pom:7:3: The element type "hr" must be terminated by the matching end-tag "</hr>".
[Fatal Error] wagon-providers-1.0-beta-6.pom:7:3: The element type "hr" must be terminated by the matching end-tag "</hr>".
[Fatal Error] wagon-providers-1.0-beta-6.pom:7:3: The element type "hr" must be terminated by the matching end-tag "</hr>".
[Fatal Error] wagon-providers-1.0-beta-6.pom:7:3: The element type "hr" must be terminated by the matching end-tag "</hr>".
[Fatal Error] wagon-1.0-beta-6.pom:7:3: The element type "hr" must be terminated by the matching end-tag "</hr>".
[Fatal Error] wagon-1.0-beta-6.pom:7:3: The element type "hr" must be terminated by the matching end-tag "</hr>".
[Fatal Error] wagon-1.0-beta-6.pom:7:3: The element type "hr" must be terminated by the matching end-tag "</hr>".
[Fatal Error] wagon-1.0-beta-6.pom:7:3: The element type "hr" must be terminated by the matching end-tag "</hr>".
[Fatal Error] maven-parent-11.pom:7:3: The element type "hr" must be terminated by the matching end-tag "</hr>".
[Fatal Error] maven-parent-11.pom:7:3: The element type "hr" must be terminated by the matching end-tag "</hr>".
[Fatal Error] maven-parent-11.pom:7:3: The element type "hr" must be terminated by the matching end-tag "</hr>".
[Fatal Error] maven-parent-11.pom:7:3: The element type "hr" must be terminated by the matching end-tag "</hr>".
[Fatal Error] apache-5.pom:7:3: The element type "hr" must be terminated by the matching end-tag "</hr>".
[Fatal Error] apache-5.pom:7:3: The element type "hr" must be terminated by the matching end-tag "</hr>".
[Fatal Error] apache-5.pom:7:3: The element type "hr" must be terminated by the matching end-tag "</hr>".
[Fatal Error] apache-5.pom:7:3: The element type "hr" must be terminated by the matching end-tag "</hr>".
[Fatal Error] maven-parent-11.pom:7:3: The element type "hr" must be terminated by the matching end-tag "</hr>".
[Fatal Error] maven-parent-11.pom:7:3: The element type "hr" must be terminated by the matching end-tag "</hr>".
[Fatal Error] apache-5.pom:7:3: The element type "hr" must be terminated by the matching end-tag "</hr>".
[Fatal Error] apache-5.pom:7:3: The element type "hr" must be terminated by the matching end-tag "</hr>".
[Fatal Error] maven-parent-11.pom:7:3: The element type "hr" must be terminated by the matching end-tag "</hr>".
[Fatal Error] maven-parent-11.pom:7:3: The element type "hr" must be terminated by the matching end-tag "</hr>".
[Fatal Error] wagon-1.0-beta-6.pom:7:3: The element type "hr" must be terminated by the matching end-tag "</hr>".
[Fatal Error] wagon-1.0-beta-6.pom:7:3: The element type "hr" must be terminated by the matching end-tag "</hr>".
[Fatal Error] apache-5.pom:7:3: The element type "hr" must be terminated by the matching end-tag "</hr>".
[Fatal Error] apache-5.pom:7:3: The element type "hr" must be terminated by the matching end-tag "</hr>".
[Fatal Error] maven-parent-11.pom:7:3: The element type "hr" must be terminated by the matching end-tag "</hr>".
[Fatal Error] maven-parent-11.pom:7:3: The element type "hr" must be terminated by the matching end-tag "</hr>".
[Fatal Error] wagon-1.0-beta-6.pom:7:3: The element type "hr" must be terminated by the matching end-tag "</hr>".
[Fatal Error] wagon-1.0-beta-6.pom:7:3: The element type "hr" must be terminated by the matching end-tag "</hr>".
[Fatal Error] apache-5.pom:7:3: The element type "hr" must be terminated by the matching end-tag "</hr>".
[Fatal Error] maven-parent-11.pom:7:3: The element type "hr" must be terminated by the matching end-tag "</hr>".
[Fatal Error] maven-parent-11.pom:7:3: The element type "hr" must be terminated by the matching end-tag "</hr>".
[Fatal Error] apache-5.pom:7:3: The element type "hr" must be terminated by the matching end-tag "</hr>".
[Fatal Error] apache-5.pom:7:3: The element type "hr" must be terminated by the matching end-tag "</hr>".
[Fatal Error] apache-5.pom:7:3: The element type "hr" must be terminated by the matching end-tag "</hr>".
[Fatal Error] wagon-provider-api-1.0-beta-6.pom:7:3: The element type "hr" must be terminated by the matching end-tag "</hr>".
[Fatal Error] plexus-container-default-1.0-alpha-9-stable-1.pom:7:3: The element type "hr" must be terminated by the matching end-tag "</hr>".
[Fatal Error] wagon-provider-api-1.0-beta-6.pom:7:3: The element type "hr" must be terminated by the matching end-tag "</hr>".
[Fatal Error] plexus-container-default-1.0-alpha-9-stable-1.pom:7:3: The element type "hr" must be terminated by the matching end-tag "</hr>".
[Fatal Error] plexus-containers-1.0.3.pom:7:3: The element type "hr" must be terminated by the matching end-tag "</hr>".
[Fatal Error] plexus-containers-1.0.3.pom:7:3: The element type "hr" must be terminated by the matching end-tag "</hr>".
[Fatal Error] plexus-1.0.4.pom:7:3: The element type "hr" must be terminated by the matching end-tag "</hr>".
[Fatal Error] wagon-1.0-beta-6.pom:7:3: The element type "hr" must be terminated by the matching end-tag "</hr>".
[Fatal Error] wagon-1.0-beta-6.pom:7:3: The element type "hr" must be terminated by the matching end-tag "</hr>".
[Fatal Error] maven-parent-11.pom:7:3: The element type "hr" must be terminated by the matching end-tag "</hr>".
[Fatal Error] maven-parent-11.pom:7:3: The element type "hr" must be terminated by the matching end-tag "</hr>".
[Fatal Error] apache-5.pom:7:3: The element type "hr" must be terminated by the matching end-tag "</hr>".
[Fatal Error] apache-5.pom:7:3: The element type "hr" must be terminated by the matching end-tag "</hr>".
[Fatal Error] plexus-1.0.4.pom:7:3: The element type "hr" must be terminated by the matching end-tag "</hr>".
[Fatal Error] plexus-1.0.4.pom:7:3: The element type "hr" must be terminated by the matching end-tag "</hr>".
[Fatal Error] plexus-1.0.4.pom:7:3: The element type "hr" must be terminated by the matching end-tag "</hr>".
[Fatal Error] xstream-1.4.10.pom:7:3: The element type "hr" must be terminated by the matching end-tag "</hr>".
[Fatal Error] build-info-client-2.11.0.pom:7:3: The element type "hr" must be terminated by the matching end-tag "</hr>".
[Fatal Error] xstream-1.4.10.pom:7:3: The element type "hr" must be terminated by the matching end-tag "</hr>".
[Fatal Error] build-info-client-2.11.0.pom:7:3: The element type "hr" must be terminated by the matching end-tag "</hr>".
[Fatal Error] xstream-parent-1.4.10.pom:7:3: The element type "hr" must be terminated by the matching end-tag "</hr>".
[Fatal Error] xstream-parent-1.4.10.pom:7:3: The element type "hr" must be terminated by the matching end-tag "</hr>".
[Fatal Error] guava-18.0.pom:7:3: The element type "hr" must be terminated by the matching end-tag "</hr>".
[Fatal Error] guava-18.0.pom:7:3: The element type "hr" must be terminated by the matching end-tag "</hr>".
[Fatal Error] guava-parent-18.0.pom:7:3: The element type "hr" must be terminated by the matching end-tag "</hr>".
[Fatal Error] guava-parent-18.0.pom:7:3: The element type "hr" must be terminated by the matching end-tag "</hr>".
[Fatal Error] oss-parent-7.pom:7:3: The element type "hr" must be terminated by the matching end-tag "</hr>".
[Fatal Error] oss-parent-7.pom:7:3: The element type "hr" must be terminated by the matching end-tag "</hr>".
[Fatal Error] oss-parent-7.pom:7:3: The element type "hr" must be terminated by the matching end-tag "</hr>".
[Fatal Error] oss-parent-7.pom:7:3: The element type "hr" must be terminated by the matching end-tag "</hr>".
[Fatal Error] spring-jcl-5.2.1.RELEASE.pom:7:3: The element type "hr" must be terminated by the matching end-tag "</hr>".
[Fatal Error] spring-jcl-5.2.1.RELEASE.pom:7:3: The element type "hr" must be terminated by the matching end-tag "</hr>".
[Fatal Error] commons-codec-1.6.pom:7:3: The element type "hr" must be terminated by the matching end-tag "</hr>".
[Fatal Error] httpcore-4.2.1.pom:7:3: The element type "hr" must be terminated by the matching end-tag "</hr>".
[Fatal Error] commons-codec-1.6.pom:7:3: The element type "hr" must be terminated by the matching end-tag "</hr>".
[Fatal Error] httpcore-4.2.1.pom:7:3: The element type "hr" must be terminated by the matching end-tag "</hr>".
[Fatal Error] commons-parent-22.pom:7:3: The element type "hr" must be terminated by the matching end-tag "</hr>".
[Fatal Error] httpcomponents-core-4.2.1.pom:7:3: The element type "hr" must be terminated by the matching end-tag "</hr>".
[Fatal Error] commons-parent-22.pom:7:3: The element type "hr" must be terminated by the matching end-tag "</hr>".
[Fatal Error] httpcomponents-core-4.2.1.pom:7:3: The element type "hr" must be terminated by the matching end-tag "</hr>".
[Fatal Error] apache-9.pom:7:3: The element type "hr" must be terminated by the matching end-tag "</hr>".
[Fatal Error] apache-9.pom:7:3: The element type "hr" must be terminated by the matching end-tag "</hr>".
[Fatal Error] apache-9.pom:7:3: The element type "hr" must be terminated by the matching end-tag "</hr>".
[Fatal Error] apache-9.pom:7:3: The element type "hr" must be terminated by the matching end-tag "</hr>".
[Fatal Error] project-6.pom:7:3: The element type "hr" must be terminated by the matching end-tag "</hr>".
[Fatal Error] project-6.pom:7:3: The element type "hr" must be terminated by the matching end-tag "</hr>".
[Fatal Error] project-6.pom:7:3: The element type "hr" must be terminated by the matching end-tag "</hr>".
[Fatal Error] project-6.pom:7:3: The element type "hr" must be terminated by the matching end-tag "</hr>".
[Fatal Error] ezmorph-1.0.6.pom:7:3: The element type "hr" must be terminated by the matching end-tag "</hr>".
[Fatal Error] commons-beanutils-1.8.0.pom:7:3: The element type "hr" must be terminated by the matching end-tag "</hr>".
[Fatal Error] commons-beanutils-1.8.0.pom:7:3: The element type "hr" must be terminated by the matching end-tag "</hr>".
[Fatal Error] ezmorph-1.0.6.pom:7:3: The element type "hr" must be terminated by the matching end-tag "</hr>".
[Fatal Error] commons-collections-3.2.1.pom:7:3: The element type "hr" must be terminated by the matching end-tag "</hr>".
[Fatal Error] commons-parent-11.pom:7:3: The element type "hr" must be terminated by the matching end-tag "</hr>".
[Fatal Error] commons-collections-3.2.1.pom:7:3: The element type "hr" must be terminated by the matching end-tag "</hr>".
[Fatal Error] commons-parent-11.pom:7:3: The element type "hr" must be terminated by the matching end-tag "</hr>".
[Fatal Error] commons-parent-9.pom:7:3: The element type "hr" must be terminated by the matching end-tag "</hr>".
[Fatal Error] commons-parent-9.pom:7:3: The element type "hr" must be terminated by the matching end-tag "</hr>".
[Fatal Error] apache-4.pom:7:3: The element type "hr" must be terminated by the matching end-tag "</hr>".
[Fatal Error] apache-4.pom:7:3: The element type "hr" must be terminated by the matching end-tag "</hr>".
[Fatal Error] apache-4.pom:7:3: The element type "hr" must be terminated by the matching end-tag "</hr>".
[Fatal Error] apache-4.pom:7:3: The element type "hr" must be terminated by the matching end-tag "</hr>".
[Fatal Error] apache-4.pom:7:3: The element type "hr" must be terminated by the matching end-tag "</hr>".
[Fatal Error] apache-4.pom:7:3: The element type "hr" must be terminated by the matching end-tag "</hr>".
[Fatal Error] xercesImpl-2.9.1.pom:7:3: The element type "hr" must be terminated by the matching end-tag "</hr>".
[Fatal Error] xercesImpl-2.9.1.pom:7:3: The element type "hr" must be terminated by the matching end-tag "</hr>".
[Fatal Error] ant-launcher-1.8.0.pom:7:3: The element type "hr" must be terminated by the matching end-tag "</hr>".
[Fatal Error] ant-launcher-1.8.0.pom:7:3: The element type "hr" must be terminated by the matching end-tag "</hr>".
[Fatal Error] ant-parent-1.8.0.pom:7:3: The element type "hr" must be terminated by the matching end-tag "</hr>".
[Fatal Error] ant-parent-1.8.0.pom:7:3: The element type "hr" must be terminated by the matching end-tag "</hr>".
[Fatal Error] backport-util-concurrent-3.1.pom:7:3: The element type "hr" must be terminated by the matching end-tag "</hr>".
[Fatal Error] maven-repository-metadata-2.2.1.pom:7:3: The element type "hr" must be terminated by the matching end-tag "</hr>".
[Fatal Error] maven-repository-metadata-2.2.1.pom:7:3: The element type "hr" must be terminated by the matching end-tag "</hr>".
[Fatal Error] backport-util-concurrent-3.1.pom:7:3: The element type "hr" must be terminated by the matching end-tag "</hr>".
[Fatal Error] maven-2.2.1.pom:7:3: The element type "hr" must be terminated by the matching end-tag "</hr>".
[Fatal Error] maven-2.2.1.pom:7:3: The element type "hr" must be terminated by the matching end-tag "</hr>".
[Fatal Error] maven-parent-11.pom:7:3: The element type "hr" must be terminated by the matching end-tag "</hr>".
[Fatal Error] maven-parent-11.pom:7:3: The element type "hr" must be terminated by the matching end-tag "</hr>".
[Fatal Error] apache-5.pom:7:3: The element type "hr" must be terminated by the matching end-tag "</hr>".
[Fatal Error] apache-5.pom:7:3: The element type "hr" must be terminated by the matching end-tag "</hr>".
[Fatal Error] maven-plugin-registry-2.2.1.pom:7:3: The element type "hr" must be terminated by the matching end-tag "</hr>".
[Fatal Error] maven-profile-2.2.1.pom:7:3: The element type "hr" must be terminated by the matching end-tag "</hr>".
[Fatal Error] maven-plugin-registry-2.2.1.pom:7:3: The element type "hr" must be terminated by the matching end-tag "</hr>".
[Fatal Error] maven-profile-2.2.1.pom:7:3: The element type "hr" must be terminated by the matching end-tag "</hr>".
[Fatal Error] maven-2.2.1.pom:7:3: The element type "hr" must be terminated by the matching end-tag "</hr>".
[Fatal Error] maven-2.2.1.pom:7:3: The element type "hr" must be terminated by the matching end-tag "</hr>".
[Fatal Error] maven-parent-11.pom:7:3: The element type "hr" must be terminated by the matching end-tag "</hr>".
[Fatal Error] maven-parent-11.pom:7:3: The element type "hr" must be terminated by the matching end-tag "</hr>".
[Fatal Error] apache-5.pom:7:3: The element type "hr" must be terminated by the matching end-tag "</hr>".
[Fatal Error] apache-5.pom:7:3: The element type "hr" must be terminated by the matching end-tag "</hr>".
[Fatal Error] maven-2.2.1.pom:7:3: The element type "hr" must be terminated by the matching end-tag "</hr>".
[Fatal Error] maven-2.2.1.pom:7:3: The element type "hr" must be terminated by the matching end-tag "</hr>".
[Fatal Error] maven-parent-11.pom:7:3: The element type "hr" must be terminated by the matching end-tag "</hr>".
[Fatal Error] maven-parent-11.pom:7:3: The element type "hr" must be terminated by the matching end-tag "</hr>".
[Fatal Error] apache-5.pom:7:3: The element type "hr" must be terminated by the matching end-tag "</hr>".
[Fatal Error] apache-5.pom:7:3: The element type "hr" must be terminated by the matching end-tag "</hr>".
[Fatal Error] wagon-http-shared-1.0-beta-6.pom:7:3: The element type "hr" must be terminated by the matching end-tag "</hr>".
[Fatal Error] wagon-http-shared-1.0-beta-6.pom:7:3: The element type "hr" must be terminated by the matching end-tag "</hr>".
[Fatal Error] wagon-providers-1.0-beta-6.pom:7:3: The element type "hr" must be terminated by the matching end-tag "</hr>".
[Fatal Error] wagon-providers-1.0-beta-6.pom:7:3: The element type "hr" must be terminated by the matching end-tag "</hr>".
[Fatal Error] wagon-1.0-beta-6.pom:7:3: The element type "hr" must be terminated by the matching end-tag "</hr>".
[Fatal Error] wagon-1.0-beta-6.pom:7:3: The element type "hr" must be terminated by the matching end-tag "</hr>".
[Fatal Error] maven-parent-11.pom:7:3: The element type "hr" must be terminated by the matching end-tag "</hr>".
[Fatal Error] maven-parent-11.pom:7:3: The element type "hr" must be terminated by the matching end-tag "</hr>".
[Fatal Error] apache-5.pom:7:3: The element type "hr" must be terminated by the matching end-tag "</hr>".
[Fatal Error] apache-5.pom:7:3: The element type "hr" must be terminated by the matching end-tag "</hr>".
[Fatal Error] xpp3_min-1.1.4c.pom:7:3: The element type "hr" must be terminated by the matching end-tag "</hr>".
[Fatal Error] xmlpull-1.1.3.1.pom:7:3: The element type "hr" must be terminated by the matching end-tag "</hr>".
[Fatal Error] xpp3_min-1.1.4c.pom:7:3: The element type "hr" must be terminated by the matching end-tag "</hr>".
[Fatal Error] xmlpull-1.1.3.1.pom:7:3: The element type "hr" must be terminated by the matching end-tag "</hr>".
[Fatal Error] httpclient-4.5.2.pom:7:3: The element type "hr" must be terminated by the matching end-tag "</hr>".
[Fatal Error] httpclient-4.5.2.pom:7:3: The element type "hr" must be terminated by the matching end-tag "</hr>".
[Fatal Error] httpcomponents-client-4.5.2.pom:7:3: The element type "hr" must be terminated by the matching end-tag "</hr>".
[Fatal Error] httpcomponents-client-4.5.2.pom:7:3: The element type "hr" must be terminated by the matching end-tag "</hr>".
[Fatal Error] project-7.pom:7:3: The element type "hr" must be terminated by the matching end-tag "</hr>".
[Fatal Error] project-7.pom:7:3: The element type "hr" must be terminated by the matching end-tag "</hr>".
[Fatal Error] apache-13.pom:7:3: The element type "hr" must be terminated by the matching end-tag "</hr>".
[Fatal Error] apache-13.pom:7:3: The element type "hr" must be terminated by the matching end-tag "</hr>".
[Fatal Error] apache-13.pom:7:3: The element type "hr" must be terminated by the matching end-tag "</hr>".
[Fatal Error] apache-13.pom:7:3: The element type "hr" must be terminated by the matching end-tag "</hr>".
[Fatal Error] project-7.pom:7:3: The element type "hr" must be terminated by the matching end-tag "</hr>".
[Fatal Error] project-7.pom:7:3: The element type "hr" must be terminated by the matching end-tag "</hr>".
[Fatal Error] apache-13.pom:7:3: The element type "hr" must be terminated by the matching end-tag "</hr>".
[Fatal Error] apache-13.pom:7:3: The element type "hr" must be terminated by the matching end-tag "</hr>".
[Fatal Error] httpcore-4.4.5.pom:7:3: The element type "hr" must be terminated by the matching end-tag "</hr>".
[Fatal Error] build-info-api-2.11.0.pom:7:3: The element type "hr" must be terminated by the matching end-tag "</hr>".
[Fatal Error] build-info-api-2.11.0.pom:7:3: The element type "hr" must be terminated by the matching end-tag "</hr>".
[Fatal Error] httpcore-4.4.5.pom:7:3: The element type "hr" must be terminated by the matching end-tag "</hr>".
[Fatal Error] httpcomponents-core-4.4.5.pom:7:3: The element type "hr" must be terminated by the matching end-tag "</hr>".
[Fatal Error] commons-codec-1.8.pom:7:3: The element type "hr" must be terminated by the matching end-tag "</hr>".
[Fatal Error] commons-codec-1.8.pom:7:3: The element type "hr" must be terminated by the matching end-tag "</hr>".
[Fatal Error] httpcomponents-core-4.4.5.pom:7:3: The element type "hr" must be terminated by the matching end-tag "</hr>".
[Fatal Error] commons-parent-28.pom:7:3: The element type "hr" must be terminated by the matching end-tag "</hr>".
[Fatal Error] project-7.pom:7:3: The element type "hr" must be terminated by the matching end-tag "</hr>".
[Fatal Error] project-7.pom:7:3: The element type "hr" must be terminated by the matching end-tag "</hr>".
[Fatal Error] apache-13.pom:7:3: The element type "hr" must be terminated by the matching end-tag "</hr>".
[Fatal Error] apache-13.pom:7:3: The element type "hr" must be terminated by the matching end-tag "</hr>".
[Fatal Error] project-7.pom:7:3: The element type "hr" must be terminated by the matching end-tag "</hr>".
[Fatal Error] project-7.pom:7:3: The element type "hr" must be terminated by the matching end-tag "</hr>".
[Fatal Error] apache-13.pom:7:3: The element type "hr" must be terminated by the matching end-tag "</hr>".
[Fatal Error] apache-13.pom:7:3: The element type "hr" must be terminated by the matching end-tag "</hr>".
[Fatal Error] jackson-core-2.9.5.pom:7:3: The element type "hr" must be terminated by the matching end-tag "</hr>".
[Fatal Error] jackson-core-2.9.5.pom:7:3: The element type "hr" must be terminated by the matching end-tag "</hr>".
[Fatal Error] commons-parent-28.pom:7:3: The element type "hr" must be terminated by the matching end-tag "</hr>".
[Fatal Error] apache-13.pom:7:3: The element type "hr" must be terminated by the matching end-tag "</hr>".
[Fatal Error] apache-13.pom:7:3: The element type "hr" must be terminated by the matching end-tag "</hr>".
[Fatal Error] apache-13.pom:7:3: The element type "hr" must be terminated by the matching end-tag "</hr>".
[Fatal Error] apache-13.pom:7:3: The element type "hr" must be terminated by the matching end-tag "</hr>".
[Fatal Error] jackson-base-2.9.5.pom:7:3: The element type "hr" must be terminated by the matching end-tag "</hr>".
[Fatal Error] jackson-base-2.9.5.pom:7:3: The element type "hr" must be terminated by the matching end-tag "</hr>".
[Fatal Error] jackson-bom-2.9.5.pom:7:3: The element type "hr" must be terminated by the matching end-tag "</hr>".
[Fatal Error] jackson-bom-2.9.5.pom:7:3: The element type "hr" must be terminated by the matching end-tag "</hr>".
[Fatal Error] jackson-parent-2.9.1.pom:7:3: The element type "hr" must be terminated by the matching end-tag "</hr>".
[Fatal Error] jackson-parent-2.9.1.pom:7:3: The element type "hr" must be terminated by the matching end-tag "</hr>".
[Fatal Error] oss-parent-30.pom:7:3: The element type "hr" must be terminated by the matching end-tag "</hr>".
[Fatal Error] oss-parent-30.pom:7:3: The element type "hr" must be terminated by the matching end-tag "</hr>".
[Fatal Error] oss-parent-30.pom:7:3: The element type "hr" must be terminated by the matching end-tag "</hr>".
[Fatal Error] oss-parent-30.pom:7:3: The element type "hr" must be terminated by the matching end-tag "</hr>".
[Fatal Error] jackson-parent-2.9.1.pom:7:3: The element type "hr" must be terminated by the matching end-tag "</hr>".
[Fatal Error] jackson-parent-2.9.1.pom:7:3: The element type "hr" must be terminated by the matching end-tag "</hr>".
[Fatal Error] oss-parent-30.pom:7:3: The element type "hr" must be terminated by the matching end-tag "</hr>".
[Fatal Error] oss-parent-30.pom:7:3: The element type "hr" must be terminated by the matching end-tag "</hr>".
[Fatal Error] jackson-bom-2.9.5.pom:7:3: The element type "hr" must be terminated by the matching end-tag "</hr>".
[Fatal Error] jackson-bom-2.9.5.pom:7:3: The element type "hr" must be terminated by the matching end-tag "</hr>".
[Fatal Error] jackson-parent-2.9.1.pom:7:3: The element type "hr" must be terminated by the matching end-tag "</hr>".
[Fatal Error] jackson-parent-2.9.1.pom:7:3: The element type "hr" must be terminated by the matching end-tag "</hr>".
[Fatal Error] oss-parent-30.pom:7:3: The element type "hr" must be terminated by the matching end-tag "</hr>".
[Fatal Error] oss-parent-30.pom:7:3: The element type "hr" must be terminated by the matching end-tag "</hr>".
[Fatal Error] junit-3.8.1.pom:7:3: The element type "hr" must be terminated by the matching end-tag "</hr>".
[Fatal Error] junit-3.8.1.pom:7:3: The element type "hr" must be terminated by the matching end-tag "</hr>".
[Fatal Error] nekohtml-1.9.6.2.pom:7:3: The element type "hr" must be terminated by the matching end-tag "</hr>".
[Fatal Error] xercesMinimal-1.9.6.2.pom:7:3: The element type "hr" must be terminated by the matching end-tag "</hr>".
[Fatal Error] xercesMinimal-1.9.6.2.pom:7:3: The element type "hr" must be terminated by the matching end-tag "</hr>".
[Fatal Error] nekohtml-1.9.6.2.pom:7:3: The element type "hr" must be terminated by the matching end-tag "</hr>".
[Fatal Error] commons-logging-1.2.pom:7:3: The element type "hr" must be terminated by the matching end-tag "</hr>".
[Fatal Error] commons-logging-1.2.pom:7:3: The element type "hr" must be terminated by the matching end-tag "</hr>".
[Fatal Error] commons-parent-34.pom:7:3: The element type "hr" must be terminated by the matching end-tag "</hr>".
[Fatal Error] commons-parent-34.pom:7:3: The element type "hr" must be terminated by the matching end-tag "</hr>".
[Fatal Error] apache-13.pom:7:3: The element type "hr" must be terminated by the matching end-tag "</hr>".
[Fatal Error] apache-13.pom:7:3: The element type "hr" must be terminated by the matching end-tag "</hr>".
[Fatal Error] apache-13.pom:7:3: The element type "hr" must be terminated by the matching end-tag "</hr>".
[Fatal Error] apache-13.pom:7:3: The element type "hr" must be terminated by the matching end-tag "</hr>".
[Fatal Error] commons-codec-1.9.pom:7:3: The element type "hr" must be terminated by the matching end-tag "</hr>".
[Fatal Error] commons-codec-1.9.pom:7:3: The element type "hr" must be terminated by the matching end-tag "</hr>".
[Fatal Error] commons-parent-32.pom:7:3: The element type "hr" must be terminated by the matching end-tag "</hr>".
[Fatal Error] commons-parent-32.pom:7:3: The element type "hr" must be terminated by the matching end-tag "</hr>".
[Fatal Error] apache-13.pom:7:3: The element type "hr" must be terminated by the matching end-tag "</hr>".
[Fatal Error] apache-13.pom:7:3: The element type "hr" must be terminated by the matching end-tag "</hr>".
[Fatal Error] apache-13.pom:7:3: The element type "hr" must be terminated by the matching end-tag "</hr>".
[Fatal Error] apache-13.pom:7:3: The element type "hr" must be terminated by the matching end-tag "</hr>".
[Fatal Error] jackson-databind-2.9.5.pom:7:3: The element type "hr" must be terminated by the matching end-tag "</hr>".
[Fatal Error] jackson-databind-2.9.5.pom:7:3: The element type "hr" must be terminated by the matching end-tag "</hr>".
[Fatal Error] jackson-base-2.9.5.pom:7:3: The element type "hr" must be terminated by the matching end-tag "</hr>".
[Fatal Error] jackson-base-2.9.5.pom:7:3: The element type "hr" must be terminated by the matching end-tag "</hr>".
[Fatal Error] jackson-bom-2.9.5.pom:7:3: The element type "hr" must be terminated by the matching end-tag "</hr>".
[Fatal Error] jackson-bom-2.9.5.pom:7:3: The element type "hr" must be terminated by the matching end-tag "</hr>".
[Fatal Error] jackson-parent-2.9.1.pom:7:3: The element type "hr" must be terminated by the matching end-tag "</hr>".
[Fatal Error] jackson-parent-2.9.1.pom:7:3: The element type "hr" must be terminated by the matching end-tag "</hr>".
[Fatal Error] oss-parent-30.pom:7:3: The element type "hr" must be terminated by the matching end-tag "</hr>".
[Fatal Error] oss-parent-30.pom:7:3: The element type "hr" must be terminated by the matching end-tag "</hr>".
[Fatal Error] jackson-annotations-2.9.0.pom:7:3: The element type "hr" must be terminated by the matching end-tag "</hr>".
[Fatal Error] jackson-annotations-2.9.0.pom:7:3: The element type "hr" must be terminated by the matching end-tag "</hr>".
[Fatal Error] jackson-parent-2.9.0.pom:7:3: The element type "hr" must be terminated by the matching end-tag "</hr>".
[Fatal Error] jackson-parent-2.9.0.pom:7:3: The element type "hr" must be terminated by the matching end-tag "</hr>".
[Fatal Error] oss-parent-28.pom:7:3: The element type "hr" must be terminated by the matching end-tag "</hr>".
[Fatal Error] oss-parent-28.pom:7:3: The element type "hr" must be terminated by the matching end-tag "</hr>".
[Fatal Error] oss-parent-28.pom:7:3: The element type "hr" must be terminated by the matching end-tag "</hr>".
[Fatal Error] oss-parent-28.pom:7:3: The element type "hr" must be terminated by the matching end-tag "</hr>".

FAILURE: Build failed with an exception.

* What went wrong:
A problem occurred configuring root project 'cat-gradle-plugins'.
> Could not resolve all artifacts for configuration ':classpath'.
   > Could not resolve org.springframework.build.gradle:propdeps-plugin:0.0.7.
     Required by:
         project :
      > Could not resolve org.springframework.build.gradle:propdeps-plugin:0.0.7.
         > Could not parse POM http://repo.spring.io/plugins-release/org/springframework/build/gradle/propdeps-plugin/0.0.7/propdeps-plugin-0.0.7.pom
            > The element type "hr" must be terminated by the matching end-tag "</hr>".
      > Could not resolve org.springframework.build.gradle:propdeps-plugin:0.0.7.
         > Could not parse POM http://repo.spring.io/milestone/org/springframework/build/gradle/propdeps-plugin/0.0.7/propdeps-plugin-0.0.7.pom
            > The element type "hr" must be terminated by the matching end-tag "</hr>".

* Try:
Run with --stacktrace option to get the stack trace. Run with --info or --debug option to get more log output. Run with --scan to get full insights.

* Get more help at https://help.gradle.org

BUILD FAILED in 39s
