[Fatal Error] spring-boot-gradle-plugin-1.5.8.RELEASE.pom:2:10: Already seen doctype.
[Fatal Error] build-info-extractor-gradle-3.1.1.pom:2:10: Already seen doctype.
[Fatal Error] build-info-extractor-gradle-3.1.1.pom:2:10: Already seen doctype.
[Fatal Error] spring-boot-gradle-plugin-1.5.8.RELEASE.pom:2:10: Already seen doctype.
[Fatal Error] build-info-extractor-gradle-3.1.1.pom:2:10: Already seen doctype.
[Fatal Error] spring-boot-gradle-plugin-1.5.8.RELEASE.pom:2:10: Already seen doctype.
[Fatal Error] dependency-management-plugin-1.0.3.RELEASE.pom:2:10: Already seen doctype.
[Fatal Error] spring-boot-tools-1.5.8.RELEASE.pom:2:10: Already seen doctype.
[Fatal Error] dependency-management-plugin-1.0.3.RELEASE.pom:2:10: Already seen doctype.
[Fatal Error] spring-boot-tools-1.5.8.RELEASE.pom:2:10: Already seen doctype.
[Fatal Error] dependency-management-plugin-1.0.3.RELEASE.pom:2:10: Already seen doctype.
[Fatal Error] spring-boot-tools-1.5.8.RELEASE.pom:2:10: Already seen doctype.
[Fatal Error] spring-boot-parent-1.5.8.RELEASE.pom:2:10: Already seen doctype.
[Fatal Error] com.jfrog.artifactory.gradle.plugin-3.1.1.pom:2:10: Already seen doctype.
[Fatal Error] spring-boot-parent-1.5.8.RELEASE.pom:2:10: Already seen doctype.
[Fatal Error] com.jfrog.artifactory.gradle.plugin-3.1.1.pom:2:10: Already seen doctype.
[Fatal Error] spring-boot-parent-1.5.8.RELEASE.pom:2:10: Already seen doctype.
[Fatal Error] spring-boot-dependencies-1.5.8.RELEASE.pom:2:10: Already seen doctype.
[Fatal Error] com.jfrog.artifactory.gradle.plugin-3.1.1.pom:2:10: Already seen doctype.
[Fatal Error] io.spring.dependency-management.gradle.plugin-1.0.3.RELEASE.pom:2:10: Already seen doctype.
[Fatal Error] spring-boot-dependencies-1.5.8.RELEASE.pom:2:10: Already seen doctype.
[Fatal Error] io.spring.dependency-management.gradle.plugin-1.0.3.RELEASE.pom:2:10: Already seen doctype.
[Fatal Error] spring-boot-dependencies-1.5.8.RELEASE.pom:2:10: Already seen doctype.
[Fatal Error] jackson-bom-2.8.10.pom:2:10: Already seen doctype.
[Fatal Error] io.spring.dependency-management.gradle.plugin-1.0.3.RELEASE.pom:2:10: Already seen doctype.
[Fatal Error] jackson-bom-2.8.10.pom:2:10: Already seen doctype.
[Fatal Error] org.sonarqube.gradle.plugin-2.0.pom:2:10: Already seen doctype.
[Fatal Error] org.sonarqube.gradle.plugin-2.0.pom:2:10: Already seen doctype.
[Fatal Error] jackson-bom-2.8.10.pom:2:10: Already seen doctype.
[Fatal Error] jackson-parent-2.8.pom:2:10: Already seen doctype.
[Fatal Error] org.sonarqube.gradle.plugin-2.0.pom:2:10: Already seen doctype.
[Fatal Error] jackson-parent-2.8.pom:2:10: Already seen doctype.
[Fatal Error] jackson-parent-2.8.pom:2:10: Already seen doctype.
[Fatal Error] oss-parent-27.pom:2:10: Already seen doctype.
[Fatal Error] oss-parent-27.pom:2:10: Already seen doctype.
[Fatal Error] oss-parent-27.pom:2:10: Already seen doctype.
[Fatal Error] oss-parent-27.pom:2:10: Already seen doctype.
[Fatal Error] oss-parent-27.pom:2:10: Already seen doctype.
[Fatal Error] oss-parent-27.pom:2:10: Already seen doctype.
[Fatal Error] jackson-parent-2.8.pom:2:10: Already seen doctype.
[Fatal Error] jackson-parent-2.8.pom:2:10: Already seen doctype.
[Fatal Error] jackson-parent-2.8.pom:2:10: Already seen doctype.
[Fatal Error] oss-parent-27.pom:2:10: Already seen doctype.
[Fatal Error] oss-parent-27.pom:2:10: Already seen doctype.
[Fatal Error] oss-parent-27.pom:2:10: Already seen doctype.
[Fatal Error] log4j-bom-2.7.pom:2:10: Already seen doctype.
[Fatal Error] log4j-bom-2.7.pom:2:10: Already seen doctype.
[Fatal Error] log4j-bom-2.7.pom:2:10: Already seen doctype.
[Fatal Error] apache-9.pom:2:10: Already seen doctype.
[Fatal Error] apache-9.pom:2:10: Already seen doctype.
[Fatal Error] apache-9.pom:2:10: Already seen doctype.
[Fatal Error] apache-9.pom:2:10: Already seen doctype.
[Fatal Error] apache-9.pom:2:10: Already seen doctype.
[Fatal Error] apache-9.pom:2:10: Already seen doctype.
[Fatal Error] spring-framework-bom-4.3.12.RELEASE.pom:2:10: Already seen doctype.
[Fatal Error] spring-framework-bom-4.3.12.RELEASE.pom:2:10: Already seen doctype.
[Fatal Error] spring-framework-bom-4.3.12.RELEASE.pom:2:10: Already seen doctype.
[Fatal Error] spring-data-releasetrain-Ingalls-SR8.pom:2:10: Already seen doctype.
[Fatal Error] spring-data-releasetrain-Ingalls-SR8.pom:2:10: Already seen doctype.
[Fatal Error] spring-data-releasetrain-Ingalls-SR8.pom:2:10: Already seen doctype.
[Fatal Error] spring-data-build-1.9.8.RELEASE.pom:2:10: Already seen doctype.
[Fatal Error] spring-data-build-1.9.8.RELEASE.pom:2:10: Already seen doctype.
[Fatal Error] spring-data-build-1.9.8.RELEASE.pom:2:10: Already seen doctype.
[Fatal Error] spring-data-build-1.9.8.RELEASE.pom:2:10: Already seen doctype.
[Fatal Error] spring-data-build-1.9.8.RELEASE.pom:2:10: Already seen doctype.
[Fatal Error] spring-data-build-1.9.8.RELEASE.pom:2:10: Already seen doctype.
[Fatal Error] spring-integration-bom-4.3.12.RELEASE.pom:2:10: Already seen doctype.
[Fatal Error] spring-integration-bom-4.3.12.RELEASE.pom:2:10: Already seen doctype.
[Fatal Error] spring-integration-bom-4.3.12.RELEASE.pom:2:10: Already seen doctype.
[Fatal Error] spring-security-bom-4.2.3.RELEASE.pom:2:10: Already seen doctype.
[Fatal Error] spring-security-bom-4.2.3.RELEASE.pom:2:10: Already seen doctype.
[Fatal Error] spring-security-bom-4.2.3.RELEASE.pom:2:10: Already seen doctype.
[Fatal Error] jackson-bom-2.8.10.pom:2:10: Already seen doctype.
[Fatal Error] jackson-bom-2.8.10.pom:2:10: Already seen doctype.
[Fatal Error] jackson-bom-2.8.10.pom:2:10: Already seen doctype.
[Fatal Error] jackson-parent-2.8.pom:2:10: Already seen doctype.
[Fatal Error] jackson-parent-2.8.pom:2:10: Already seen doctype.
[Fatal Error] jackson-parent-2.8.pom:2:10: Already seen doctype.
[Fatal Error] oss-parent-27.pom:2:10: Already seen doctype.
[Fatal Error] oss-parent-27.pom:2:10: Already seen doctype.
[Fatal Error] oss-parent-27.pom:2:10: Already seen doctype.
[Fatal Error] log4j-bom-2.7.pom:2:10: Already seen doctype.
[Fatal Error] log4j-bom-2.7.pom:2:10: Already seen doctype.
[Fatal Error] log4j-bom-2.7.pom:2:10: Already seen doctype.
[Fatal Error] apache-9.pom:2:10: Already seen doctype.
[Fatal Error] apache-9.pom:2:10: Already seen doctype.
[Fatal Error] apache-9.pom:2:10: Already seen doctype.
[Fatal Error] spring-framework-bom-4.3.12.RELEASE.pom:2:10: Already seen doctype.
[Fatal Error] spring-framework-bom-4.3.12.RELEASE.pom:2:10: Already seen doctype.
[Fatal Error] spring-framework-bom-4.3.12.RELEASE.pom:2:10: Already seen doctype.
[Fatal Error] spring-data-releasetrain-Ingalls-SR8.pom:2:10: Already seen doctype.
[Fatal Error] spring-data-releasetrain-Ingalls-SR8.pom:2:10: Already seen doctype.
[Fatal Error] spring-data-releasetrain-Ingalls-SR8.pom:2:10: Already seen doctype.
[Fatal Error] spring-data-build-1.9.8.RELEASE.pom:2:10: Already seen doctype.
[Fatal Error] spring-data-build-1.9.8.RELEASE.pom:2:10: Already seen doctype.
[Fatal Error] spring-data-build-1.9.8.RELEASE.pom:2:10: Already seen doctype.
[Fatal Error] spring-integration-bom-4.3.12.RELEASE.pom:2:10: Already seen doctype.
[Fatal Error] spring-integration-bom-4.3.12.RELEASE.pom:2:10: Already seen doctype.
[Fatal Error] spring-integration-bom-4.3.12.RELEASE.pom:2:10: Already seen doctype.
[Fatal Error] spring-security-bom-4.2.3.RELEASE.pom:2:10: Already seen doctype.
[Fatal Error] spring-security-bom-4.2.3.RELEASE.pom:2:10: Already seen doctype.
[Fatal Error] spring-security-bom-4.2.3.RELEASE.pom:2:10: Already seen doctype.
[Fatal Error] spring-boot-dependencies-1.5.8.RELEASE.pom:2:10: Already seen doctype.
[Fatal Error] spring-boot-dependencies-1.5.8.RELEASE.pom:2:10: Already seen doctype.
[Fatal Error] spring-boot-dependencies-1.5.8.RELEASE.pom:2:10: Already seen doctype.
[Fatal Error] jackson-bom-2.8.10.pom:2:10: Already seen doctype.
[Fatal Error] jackson-bom-2.8.10.pom:2:10: Already seen doctype.
[Fatal Error] jackson-bom-2.8.10.pom:2:10: Already seen doctype.
[Fatal Error] jackson-parent-2.8.pom:2:10: Already seen doctype.
[Fatal Error] jackson-parent-2.8.pom:2:10: Already seen doctype.
[Fatal Error] jackson-parent-2.8.pom:2:10: Already seen doctype.
[Fatal Error] oss-parent-27.pom:2:10: Already seen doctype.
[Fatal Error] oss-parent-27.pom:2:10: Already seen doctype.
[Fatal Error] oss-parent-27.pom:2:10: Already seen doctype.
[Fatal Error] log4j-bom-2.7.pom:2:10: Already seen doctype.
[Fatal Error] log4j-bom-2.7.pom:2:10: Already seen doctype.
[Fatal Error] log4j-bom-2.7.pom:2:10: Already seen doctype.
[Fatal Error] apache-9.pom:2:10: Already seen doctype.
[Fatal Error] apache-9.pom:2:10: Already seen doctype.
[Fatal Error] apache-9.pom:2:10: Already seen doctype.
[Fatal Error] spring-framework-bom-4.3.12.RELEASE.pom:2:10: Already seen doctype.
[Fatal Error] spring-framework-bom-4.3.12.RELEASE.pom:2:10: Already seen doctype.
[Fatal Error] spring-framework-bom-4.3.12.RELEASE.pom:2:10: Already seen doctype.
[Fatal Error] spring-data-releasetrain-Ingalls-SR8.pom:2:10: Already seen doctype.
[Fatal Error] spring-data-releasetrain-Ingalls-SR8.pom:2:10: Already seen doctype.
[Fatal Error] spring-data-releasetrain-Ingalls-SR8.pom:2:10: Already seen doctype.
[Fatal Error] spring-data-build-1.9.8.RELEASE.pom:2:10: Already seen doctype.
[Fatal Error] spring-data-build-1.9.8.RELEASE.pom:2:10: Already seen doctype.
[Fatal Error] spring-data-build-1.9.8.RELEASE.pom:2:10: Already seen doctype.
[Fatal Error] spring-integration-bom-4.3.12.RELEASE.pom:2:10: Already seen doctype.
[Fatal Error] spring-integration-bom-4.3.12.RELEASE.pom:2:10: Already seen doctype.
[Fatal Error] spring-integration-bom-4.3.12.RELEASE.pom:2:10: Already seen doctype.
[Fatal Error] spring-security-bom-4.2.3.RELEASE.pom:2:10: Already seen doctype.
[Fatal Error] spring-security-bom-4.2.3.RELEASE.pom:2:10: Already seen doctype.
[Fatal Error] spring-security-bom-4.2.3.RELEASE.pom:2:10: Already seen doctype.
[Fatal Error] spring-boot-parent-1.5.8.RELEASE.pom:2:10: Already seen doctype.
[Fatal Error] spring-boot-parent-1.5.8.RELEASE.pom:2:10: Already seen doctype.
[Fatal Error] spring-boot-parent-1.5.8.RELEASE.pom:2:10: Already seen doctype.
[Fatal Error] spring-boot-dependencies-1.5.8.RELEASE.pom:2:10: Already seen doctype.
[Fatal Error] spring-boot-dependencies-1.5.8.RELEASE.pom:2:10: Already seen doctype.
[Fatal Error] spring-boot-dependencies-1.5.8.RELEASE.pom:2:10: Already seen doctype.
[Fatal Error] jackson-bom-2.8.10.pom:2:10: Already seen doctype.
[Fatal Error] jackson-bom-2.8.10.pom:2:10: Already seen doctype.
[Fatal Error] jackson-bom-2.8.10.pom:2:10: Already seen doctype.
[Fatal Error] jackson-parent-2.8.pom:2:10: Already seen doctype.
[Fatal Error] jackson-parent-2.8.pom:2:10: Already seen doctype.
[Fatal Error] jackson-parent-2.8.pom:2:10: Already seen doctype.
[Fatal Error] oss-parent-27.pom:2:10: Already seen doctype.
[Fatal Error] oss-parent-27.pom:2:10: Already seen doctype.
[Fatal Error] oss-parent-27.pom:2:10: Already seen doctype.
[Fatal Error] log4j-bom-2.7.pom:2:10: Already seen doctype.
[Fatal Error] log4j-bom-2.7.pom:2:10: Already seen doctype.
[Fatal Error] log4j-bom-2.7.pom:2:10: Already seen doctype.
[Fatal Error] apache-9.pom:2:10: Already seen doctype.
[Fatal Error] apache-9.pom:2:10: Already seen doctype.
[Fatal Error] apache-9.pom:2:10: Already seen doctype.
[Fatal Error] spring-framework-bom-4.3.12.RELEASE.pom:2:10: Already seen doctype.
[Fatal Error] spring-framework-bom-4.3.12.RELEASE.pom:2:10: Already seen doctype.
[Fatal Error] spring-framework-bom-4.3.12.RELEASE.pom:2:10: Already seen doctype.
[Fatal Error] spring-data-releasetrain-Ingalls-SR8.pom:2:10: Already seen doctype.
[Fatal Error] spring-data-releasetrain-Ingalls-SR8.pom:2:10: Already seen doctype.
[Fatal Error] spring-data-releasetrain-Ingalls-SR8.pom:2:10: Already seen doctype.
[Fatal Error] spring-data-build-1.9.8.RELEASE.pom:2:10: Already seen doctype.
[Fatal Error] spring-data-build-1.9.8.RELEASE.pom:2:10: Already seen doctype.
[Fatal Error] spring-data-build-1.9.8.RELEASE.pom:2:10: Already seen doctype.
[Fatal Error] spring-integration-bom-4.3.12.RELEASE.pom:2:10: Already seen doctype.
[Fatal Error] spring-integration-bom-4.3.12.RELEASE.pom:2:10: Already seen doctype.
[Fatal Error] spring-integration-bom-4.3.12.RELEASE.pom:2:10: Already seen doctype.
[Fatal Error] spring-security-bom-4.2.3.RELEASE.pom:2:10: Already seen doctype.
[Fatal Error] spring-security-bom-4.2.3.RELEASE.pom:2:10: Already seen doctype.
[Fatal Error] spring-security-bom-4.2.3.RELEASE.pom:2:10: Already seen doctype.
[Fatal Error] spring-boot-loader-tools-1.5.8.RELEASE.pom:2:10: Already seen doctype.
[Fatal Error] spring-boot-loader-tools-1.5.8.RELEASE.pom:2:10: Already seen doctype.
[Fatal Error] spring-boot-loader-tools-1.5.8.RELEASE.pom:2:10: Already seen doctype.
[Fatal Error] spring-boot-tools-1.5.8.RELEASE.pom:2:10: Already seen doctype.
[Fatal Error] spring-boot-tools-1.5.8.RELEASE.pom:2:10: Already seen doctype.
[Fatal Error] spring-boot-tools-1.5.8.RELEASE.pom:2:10: Already seen doctype.
[Fatal Error] spring-boot-parent-1.5.8.RELEASE.pom:2:10: Already seen doctype.
[Fatal Error] spring-boot-parent-1.5.8.RELEASE.pom:2:10: Already seen doctype.
[Fatal Error] spring-boot-parent-1.5.8.RELEASE.pom:2:10: Already seen doctype.
[Fatal Error] spring-boot-dependencies-1.5.8.RELEASE.pom:2:10: Already seen doctype.
[Fatal Error] spring-boot-dependencies-1.5.8.RELEASE.pom:2:10: Already seen doctype.
[Fatal Error] spring-boot-dependencies-1.5.8.RELEASE.pom:2:10: Already seen doctype.
[Fatal Error] jackson-bom-2.8.10.pom:2:10: Already seen doctype.
[Fatal Error] jackson-bom-2.8.10.pom:2:10: Already seen doctype.
[Fatal Error] jackson-bom-2.8.10.pom:2:10: Already seen doctype.
[Fatal Error] jackson-parent-2.8.pom:2:10: Already seen doctype.
[Fatal Error] jackson-parent-2.8.pom:2:10: Already seen doctype.
[Fatal Error] jackson-parent-2.8.pom:2:10: Already seen doctype.
[Fatal Error] oss-parent-27.pom:2:10: Already seen doctype.
[Fatal Error] oss-parent-27.pom:2:10: Already seen doctype.
[Fatal Error] oss-parent-27.pom:2:10: Already seen doctype.
[Fatal Error] log4j-bom-2.7.pom:2:10: Already seen doctype.
[Fatal Error] log4j-bom-2.7.pom:2:10: Already seen doctype.
[Fatal Error] log4j-bom-2.7.pom:2:10: Already seen doctype.
[Fatal Error] apache-9.pom:2:10: Already seen doctype.
[Fatal Error] apache-9.pom:2:10: Already seen doctype.
[Fatal Error] apache-9.pom:2:10: Already seen doctype.
[Fatal Error] spring-framework-bom-4.3.12.RELEASE.pom:2:10: Already seen doctype.
[Fatal Error] spring-framework-bom-4.3.12.RELEASE.pom:2:10: Already seen doctype.
[Fatal Error] spring-framework-bom-4.3.12.RELEASE.pom:2:10: Already seen doctype.
[Fatal Error] spring-data-releasetrain-Ingalls-SR8.pom:2:10: Already seen doctype.
[Fatal Error] spring-data-releasetrain-Ingalls-SR8.pom:2:10: Already seen doctype.
[Fatal Error] spring-data-releasetrain-Ingalls-SR8.pom:2:10: Already seen doctype.
[Fatal Error] spring-data-build-1.9.8.RELEASE.pom:2:10: Already seen doctype.
[Fatal Error] spring-data-build-1.9.8.RELEASE.pom:2:10: Already seen doctype.
[Fatal Error] spring-data-build-1.9.8.RELEASE.pom:2:10: Already seen doctype.
[Fatal Error] spring-integration-bom-4.3.12.RELEASE.pom:2:10: Already seen doctype.
[Fatal Error] spring-integration-bom-4.3.12.RELEASE.pom:2:10: Already seen doctype.
[Fatal Error] spring-integration-bom-4.3.12.RELEASE.pom:2:10: Already seen doctype.
[Fatal Error] spring-security-bom-4.2.3.RELEASE.pom:2:10: Already seen doctype.
[Fatal Error] spring-security-bom-4.2.3.RELEASE.pom:2:10: Already seen doctype.
[Fatal Error] spring-security-bom-4.2.3.RELEASE.pom:2:10: Already seen doctype.
[Fatal Error] ivy-2.2.0.pom:2:10: Already seen doctype.
[Fatal Error] commons-io-2.0.1.pom:2:10: Already seen doctype.
[Fatal Error] ivy-2.2.0.pom:2:10: Already seen doctype.
[Fatal Error] commons-io-2.0.1.pom:2:10: Already seen doctype.
[Fatal Error] ivy-2.2.0.pom:2:10: Already seen doctype.
[Fatal Error] commons-io-2.0.1.pom:2:10: Already seen doctype.
[Fatal Error] commons-parent-15.pom:2:10: Already seen doctype.
[Fatal Error] apache-7.pom:2:10: Already seen doctype.
[Fatal Error] commons-parent-15.pom:2:10: Already seen doctype.
[Fatal Error] apache-7.pom:2:10: Already seen doctype.
[Fatal Error] commons-parent-15.pom:2:10: Already seen doctype.
[Fatal Error] apache-7.pom:2:10: Already seen doctype.
[Fatal Error] apache-7.pom:2:10: Already seen doctype.
[Fatal Error] commons-lang-2.4.pom:2:10: Already seen doctype.
[Fatal Error] apache-7.pom:2:10: Already seen doctype.
[Fatal Error] commons-lang-2.4.pom:2:10: Already seen doctype.
[Fatal Error] apache-7.pom:2:10: Already seen doctype.
[Fatal Error] apache-7.pom:2:10: Already seen doctype.
[Fatal Error] commons-lang-2.4.pom:2:10: Already seen doctype.
[Fatal Error] commons-parent-9.pom:2:10: Already seen doctype.
[Fatal Error] apache-7.pom:2:10: Already seen doctype.
[Fatal Error] commons-parent-9.pom:2:10: Already seen doctype.
[Fatal Error] apache-7.pom:2:10: Already seen doctype.
[Fatal Error] build-info-extractor-2.5.1.pom:2:10: Already seen doctype.
[Fatal Error] commons-parent-9.pom:2:10: Already seen doctype.
[Fatal Error] apache-4.pom:2:10: Already seen doctype.
[Fatal Error] build-info-extractor-2.5.1.pom:2:10: Already seen doctype.
[Fatal Error] apache-4.pom:2:10: Already seen doctype.
[Fatal Error] build-info-extractor-2.5.1.pom:2:10: Already seen doctype.
[Fatal Error] commons-logging-1.1.1.pom:2:10: Already seen doctype.
[Fatal Error] apache-4.pom:2:10: Already seen doctype.
[Fatal Error] apache-4.pom:2:10: Already seen doctype.
[Fatal Error] commons-logging-1.1.1.pom:2:10: Already seen doctype.
[Fatal Error] apache-4.pom:2:10: Already seen doctype.
[Fatal Error] commons-logging-1.1.1.pom:2:10: Already seen doctype.
[Fatal Error] commons-parent-5.pom:2:10: Already seen doctype.
[Fatal Error] apache-4.pom:2:10: Already seen doctype.
[Fatal Error] commons-parent-5.pom:2:10: Already seen doctype.
[Fatal Error] commons-parent-5.pom:2:10: Already seen doctype.
[Fatal Error] apache-4.pom:2:10: Already seen doctype.
[Fatal Error] apache-4.pom:2:10: Already seen doctype.
[Fatal Error] apache-4.pom:2:10: Already seen doctype.
[Fatal Error] apache-4.pom:2:10: Already seen doctype.
[Fatal Error] apache-4.pom:2:10: Already seen doctype.
[Fatal Error] apache-4.pom:2:10: Already seen doctype.
[Fatal Error] sonarqube-gradle-plugin-2.0.pom:2:10: Already seen doctype.
[Fatal Error] sonarqube-gradle-plugin-2.0.pom:2:10: Already seen doctype.
[Fatal Error] sonarqube-gradle-plugin-2.0.pom:2:10: Already seen doctype.
[Fatal Error] spring-core-4.3.12.RELEASE.pom:2:10: Already seen doctype.
[Fatal Error] spring-core-4.3.12.RELEASE.pom:2:10: Already seen doctype.
[Fatal Error] spring-core-4.3.12.RELEASE.pom:2:10: Already seen doctype.
[Fatal Error] guava-15.0.pom:2:10: Already seen doctype.
[Fatal Error] xstream-1.3.1.pom:2:10: Already seen doctype.
[Fatal Error] guava-15.0.pom:2:10: Already seen doctype.
[Fatal Error] xstream-1.3.1.pom:2:10: Already seen doctype.
[Fatal Error] guava-15.0.pom:2:10: Already seen doctype.
[Fatal Error] xstream-1.3.1.pom:2:10: Already seen doctype.
[Fatal Error] guava-parent-15.0.pom:2:10: Already seen doctype.
[Fatal Error] xstream-parent-1.3.1.pom:2:10: Already seen doctype.
[Fatal Error] guava-parent-15.0.pom:2:10: Already seen doctype.
[Fatal Error] xstream-parent-1.3.1.pom:2:10: Already seen doctype.
[Fatal Error] guava-parent-15.0.pom:2:10: Already seen doctype.
[Fatal Error] xstream-parent-1.3.1.pom:2:10: Already seen doctype.
[Fatal Error] build-info-client-2.5.1.pom:2:10: Already seen doctype.
[Fatal Error] oss-parent-7.pom:2:10: Already seen doctype.
[Fatal Error] build-info-client-2.5.1.pom:2:10: Already seen doctype.
[Fatal Error] oss-parent-7.pom:2:10: Already seen doctype.
[Fatal Error] build-info-client-2.5.1.pom:2:10: Already seen doctype.
[Fatal Error] oss-parent-7.pom:2:10: Already seen doctype.
[Fatal Error] oss-parent-7.pom:2:10: Already seen doctype.
[Fatal Error] oss-parent-7.pom:2:10: Already seen doctype.
[Fatal Error] oss-parent-7.pom:2:10: Already seen doctype.
[Fatal Error] guava-17.0.pom:2:10: Already seen doctype.
[Fatal Error] guava-17.0.pom:2:10: Already seen doctype.
[Fatal Error] guava-17.0.pom:2:10: Already seen doctype.
[Fatal Error] guava-parent-17.0.pom:2:10: Already seen doctype.
[Fatal Error] guava-parent-17.0.pom:2:10: Already seen doctype.
[Fatal Error] guava-parent-17.0.pom:2:10: Already seen doctype.
[Fatal Error] oss-parent-7.pom:2:10: Already seen doctype.
[Fatal Error] oss-parent-7.pom:2:10: Already seen doctype.
[Fatal Error] oss-parent-7.pom:2:10: Already seen doctype.
[Fatal Error] oss-parent-7.pom:2:10: Already seen doctype.
[Fatal Error] oss-parent-7.pom:2:10: Already seen doctype.
[Fatal Error] oss-parent-7.pom:2:10: Already seen doctype.
[Fatal Error] sonar-scanner-api-2.6.pom:2:10: Already seen doctype.
[Fatal Error] sonar-scanner-api-2.6.pom:2:10: Already seen doctype.
[Fatal Error] sonar-scanner-api-2.6.pom:2:10: Already seen doctype.
[Fatal Error] sonar-scanner-api-parent-2.6.pom:2:10: Already seen doctype.
[Fatal Error] sonar-scanner-api-parent-2.6.pom:2:10: Already seen doctype.
[Fatal Error] sonar-scanner-api-parent-2.6.pom:2:10: Already seen doctype.
[Fatal Error] parent-31.pom:2:10: Already seen doctype.
[Fatal Error] parent-31.pom:2:10: Already seen doctype.
[Fatal Error] parent-31.pom:2:10: Already seen doctype.
[Fatal Error] parent-31.pom:2:10: Already seen doctype.
[Fatal Error] parent-31.pom:2:10: Already seen doctype.
[Fatal Error] parent-31.pom:2:10: Already seen doctype.
[Fatal Error] commons-logging-1.2.pom:2:10: Already seen doctype.
[Fatal Error] commons-logging-1.2.pom:2:10: Already seen doctype.
[Fatal Error] commons-logging-1.2.pom:2:10: Already seen doctype.
[Fatal Error] commons-parent-34.pom:2:10: Already seen doctype.
[Fatal Error] commons-parent-34.pom:2:10: Already seen doctype.
[Fatal Error] commons-parent-34.pom:2:10: Already seen doctype.
[Fatal Error] apache-13.pom:2:10: Already seen doctype.
[Fatal Error] apache-13.pom:2:10: Already seen doctype.
[Fatal Error] apache-13.pom:2:10: Already seen doctype.
[Fatal Error] apache-13.pom:2:10: Already seen doctype.
[Fatal Error] apache-13.pom:2:10: Already seen doctype.
[Fatal Error] apache-13.pom:2:10: Already seen doctype.
[Fatal Error] commons-codec-1.8.pom:2:10: Already seen doctype.
[Fatal Error] jackson-mapper-asl-1.9.12.pom:2:10: Already seen doctype.
[Fatal Error] commons-codec-1.8.pom:2:10: Already seen doctype.
[Fatal Error] jackson-mapper-asl-1.9.12.pom:2:10: Already seen doctype.
[Fatal Error] commons-codec-1.8.pom:2:10: Already seen doctype.
[Fatal Error] jackson-mapper-asl-1.9.12.pom:2:10: Already seen doctype.
[Fatal Error] commons-parent-28.pom:2:10: Already seen doctype.
[Fatal Error] build-info-api-2.5.1.pom:2:10: Already seen doctype.
[Fatal Error] commons-parent-28.pom:2:10: Already seen doctype.
[Fatal Error] build-info-api-2.5.1.pom:2:10: Already seen doctype.
[Fatal Error] commons-parent-28.pom:2:10: Already seen doctype.
[Fatal Error] build-info-api-2.5.1.pom:2:10: Already seen doctype.
[Fatal Error] apache-13.pom:2:10: Already seen doctype.
[Fatal Error] httpclient-4.2.5.pom:2:10: Already seen doctype.
[Fatal Error] apache-13.pom:2:10: Already seen doctype.
[Fatal Error] httpclient-4.2.5.pom:2:10: Already seen doctype.
[Fatal Error] apache-13.pom:2:10: Already seen doctype.
[Fatal Error] apache-13.pom:2:10: Already seen doctype.
[Fatal Error] httpclient-4.2.5.pom:2:10: Already seen doctype.
[Fatal Error] httpcomponents-client-4.2.5.pom:2:10: Already seen doctype.
[Fatal Error] apache-13.pom:2:10: Already seen doctype.
[Fatal Error] httpcomponents-client-4.2.5.pom:2:10: Already seen doctype.
[Fatal Error] apache-13.pom:2:10: Already seen doctype.
[Fatal Error] httpcomponents-client-4.2.5.pom:2:10: Already seen doctype.
[Fatal Error] project-6.pom:2:10: Already seen doctype.
[Fatal Error] project-6.pom:2:10: Already seen doctype.
[Fatal Error] project-6.pom:2:10: Already seen doctype.
[Fatal Error] project-6.pom:2:10: Already seen doctype.
[Fatal Error] project-6.pom:2:10: Already seen doctype.
[Fatal Error] project-6.pom:2:10: Already seen doctype.
[Fatal Error] xpp3_min-1.1.4c.pom:2:10: Already seen doctype.
[Fatal Error] xpp3_min-1.1.4c.pom:2:10: Already seen doctype.
[Fatal Error] xpp3_min-1.1.4c.pom:2:10: Already seen doctype.
[Fatal Error] jackson-core-asl-1.9.12.pom:2:10: Already seen doctype.
[Fatal Error] jackson-core-asl-1.9.12.pom:2:10: Already seen doctype.
[Fatal Error] jackson-core-asl-1.9.12.pom:2:10: Already seen doctype.
[Fatal Error] httpcore-4.2.4.pom:2:10: Already seen doctype.
[Fatal Error] httpcore-4.2.4.pom:2:10: Already seen doctype.
[Fatal Error] httpcore-4.2.4.pom:2:10: Already seen doctype.
[Fatal Error] httpcomponents-core-4.2.4.pom:2:10: Already seen doctype.
[Fatal Error] httpcomponents-core-4.2.4.pom:2:10: Already seen doctype.
[Fatal Error] httpcomponents-core-4.2.4.pom:2:10: Already seen doctype.
[Fatal Error] project-6.pom:2:10: Already seen doctype.
[Fatal Error] project-6.pom:2:10: Already seen doctype.
[Fatal Error] project-6.pom:2:10: Already seen doctype.
[Fatal Error] project-6.pom:2:10: Already seen doctype.
[Fatal Error] project-6.pom:2:10: Already seen doctype.
[Fatal Error] project-6.pom:2:10: Already seen doctype.

FAILURE: Build failed with an exception.

* What went wrong:
A problem occurred configuring root project 'java-api-starter'.
> Could not resolve all artifacts for configuration ':classpath'.
   > Could not resolve com.org.link.base:link-gradle:2.0.0-SNAPSHOT.
     Required by:
         project :
      > Could not resolve com.org.link.base:link-gradle:2.0.0-SNAPSHOT.
         > Unable to load Maven meta-data from http://repo1.org.com/artifactory/repo/com/org/link/base/link-gradle/2.0.0-SNAPSHOT/maven-metadata.xml.
            > org.xml.sax.SAXParseException; lineNumber: 41; columnNumber: 3; The element type "link" must be terminated by the matching end-tag "</link>".

* Try:
Run with --stacktrace option to get the stack trace. Run with --info or --debug option to get more log output. Run with --scan to get full insights.

* Get more help at https://help.gradle.org

BUILD FAILED in 5m 47s
