
FAILURE: Build failed with an exception.

* What went wrong:
Execution failed for task ':compileJava'.
> Could not resolve all files for configuration ':compileClasspath'.
   > Could not resolve org.spigotmc:spigot:1.12.2-R0.1-SNAPSHOT.
     Required by:
         project :
      > Could not resolve org.spigotmc:spigot:1.12.2-R0.1-SNAPSHOT.
         > Unable to load Maven meta-data from http://repo.bstats.org/content/repositories/releases/org/spigotmc/spigot/1.12.2-R0.1-SNAPSHOT/maven-metadata.xml.
            > Could not get resource 'http://repo.bstats.org/content/repositories/releases/org/spigotmc/spigot/1.12.2-R0.1-SNAPSHOT/maven-metadata.xml'.
               > Could not GET 'http://repo.bstats.org/content/repositories/releases/org/spigotmc/spigot/1.12.2-R0.1-SNAPSHOT/maven-metadata.xml'.
                  > repo.bstats.org
   > Could not resolve org.bstats:bstats-bukkit:1.2.
     Required by:
         project :
      > Could not resolve org.bstats:bstats-bukkit:1.2.
         > Could not get resource 'http://repo.bstats.org/content/repositories/releases/org/bstats/bstats-bukkit/1.2/bstats-bukkit-1.2.pom'.
            > Could not GET 'http://repo.bstats.org/content/repositories/releases/org/bstats/bstats-bukkit/1.2/bstats-bukkit-1.2.pom'.
               > repo.bstats.org

* Try:
Run with --stacktrace option to get the stack trace. Run with --info or --debug option to get more log output. Run with --scan to get full insights.

* Get more help at https://help.gradle.org

BUILD FAILED in 4s
