Unrecognized option: --patch-module=java.base=/mnt/batch/tasks/workitems/NONDEX_nondex_r131_1M31d16h48m2s/job-1/Task119/wd/NonDex-plugin-test/github.com/marytts/gradle-marytts-component-plugin/.nondex/nondex-instr.jar:/root/.gradle/caches/modules-2/files-2.1/edu.illinois/nondex-common/2.1.1/4b0ca8ba572baa78d15f8a1f3ecf2bb918cbe9b1/nondex-common-2.1.1.jar
Error: Could not create the Java Virtual Machine.
Error: A fatal exception has occurred. Program will exit.
Unrecognized option: --patch-module=java.base=/mnt/batch/tasks/workitems/NONDEX_nondex_r131_1M31d16h48m2s/job-1/Task119/wd/NonDex-plugin-test/github.com/marytts/gradle-marytts-component-plugin/.nondex/nondex-instr.jar:/root/.gradle/caches/modules-2/files-2.1/edu.illinois/nondex-common/2.1.1/4b0ca8ba572baa78d15f8a1f3ecf2bb918cbe9b1/nondex-common-2.1.1.jar
Error: Could not create the Java Virtual Machine.
Error: A fatal exception has occurred. Program will exit.
Process 'Gradle Test Executor 4' finished with non-zero exit value 1
org.gradle.process.internal.ExecException: Process 'Gradle Test Executor 4' finished with non-zero exit value 1
	at org.gradle.process.internal.DefaultExecHandle$ExecResultImpl.assertNormalExitValue(DefaultExecHandle.java:415)
	at org.gradle.process.internal.worker.DefaultWorkerProcess.onProcessStop(DefaultWorkerProcess.java:145)
	at org.gradle.process.internal.worker.DefaultWorkerProcess.access$000(DefaultWorkerProcess.java:42)
	at org.gradle.process.internal.worker.DefaultWorkerProcess$1.executionFinished(DefaultWorkerProcess.java:98)
	at java.base/jdk.internal.reflect.NativeMethodAccessorImpl.invoke0(Native Method)
	at java.base/jdk.internal.reflect.NativeMethodAccessorImpl.invoke(NativeMethodAccessorImpl.java:62)
	at java.base/jdk.internal.reflect.DelegatingMethodAccessorImpl.invoke(DelegatingMethodAccessorImpl.java:43)
	at java.base/java.lang.reflect.Method.invoke(Method.java:566)
	at org.gradle.internal.dispatch.ReflectionDispatch.dispatch(ReflectionDispatch.java:36)
	at org.gradle.internal.dispatch.ReflectionDispatch.dispatch(ReflectionDispatch.java:24)
	at org.gradle.internal.event.AbstractBroadcastDispatch.dispatch(AbstractBroadcastDispatch.java:43)
	at org.gradle.internal.event.BroadcastDispatch$SingletonDispatch.dispatch(BroadcastDispatch.java:245)
	at org.gradle.internal.event.BroadcastDispatch$SingletonDispatch.dispatch(BroadcastDispatch.java:157)
	at org.gradle.internal.event.ListenerBroadcast.dispatch(ListenerBroadcast.java:141)
	at org.gradle.internal.event.ListenerBroadcast.dispatch(ListenerBroadcast.java:37)
	at org.gradle.internal.dispatch.ProxyDispatchAdapter$DispatchingInvocationHandler.invoke(ProxyDispatchAdapter.java:94)
	at com.sun.proxy.$Proxy88.executionFinished(Unknown Source)
	at org.gradle.process.internal.DefaultExecHandle.setEndStateInfo(DefaultExecHandle.java:221)
	at org.gradle.process.internal.DefaultExecHandle.finished(DefaultExecHandle.java:355)
	at org.gradle.process.internal.ExecHandleRunner.completed(ExecHandleRunner.java:110)
	at org.gradle.process.internal.ExecHandleRunner.run(ExecHandleRunner.java:84)
	at org.gradle.internal.operations.CurrentBuildOperationPreservingRunnable.run(CurrentBuildOperationPreservingRunnable.java:42)
	at org.gradle.internal.concurrent.ExecutorPolicy$CatchAndRecordFailures.onExecute(ExecutorPolicy.java:64)
	at org.gradle.internal.concurrent.ManagedExecutorImpl$1.run(ManagedExecutorImpl.java:48)
	at java.base/java.util.concurrent.ThreadPoolExecutor.runWorker(ThreadPoolExecutor.java:1128)
	at java.base/java.util.concurrent.ThreadPoolExecutor$Worker.run(ThreadPoolExecutor.java:628)
	at java.base/java.lang.Thread.run(Thread.java:829)

FAILURE: Build failed with an exception.

* What went wrong:
Execution failed for task ':nondexTest'.
> Process 'Gradle Test Executor 3' finished with non-zero exit value 1

* Try:
> Run with --stacktrace option to get the stack trace.
> Run with --info or --debug option to get more log output.
> Run with --scan to get full insights.

* Get more help at https://help.gradle.org

BUILD FAILED in 3m 8s
