
FAILURE: Build failed with an exception.

* What went wrong:
Execution failed for task ':compileTestJava'.
> Could not resolve all files for configuration ':testCompileClasspath'.
   > Could not find net.serenety-bdd:serenity-cucumber:1.9.43.
     Searched in the following locations:
       - https://repo.maven.apache.org/maven2/net/serenety-bdd/serenity-cucumber/1.9.43/serenity-cucumber-1.9.43.pom
     If the artifact you are trying to retrieve can be found in the repository but without metadata in 'Maven POM' format, you need to adjust the 'metadataSources { ... }' of the repository declaration.
     Required by:
         project :
   > Could not find net.serenety-bdd:serenity-screenplay-webdriver:2.0.70.
     Searched in the following locations:
       - https://repo.maven.apache.org/maven2/net/serenety-bdd/serenity-screenplay-webdriver/2.0.70/serenity-screenplay-webdriver-2.0.70.pom
     If the artifact you are trying to retrieve can be found in the repository but without metadata in 'Maven POM' format, you need to adjust the 'metadataSources { ... }' of the repository declaration.
     Required by:
         project :

* Try:
Run with --stacktrace option to get the stack trace. Run with --info or --debug option to get more log output. Run with --scan to get full insights.

* Get more help at https://help.gradle.org

BUILD FAILED in 1s
