
FAILURE: Build failed with an exception.

* What went wrong:
Execution failed for task ':gateway-service:compileJava'.
> Could not resolve all files for configuration ':gateway-service:compileClasspath'.
   > Could not resolve org.springframework.boot:spring-boot-starter-aop:1.5.4.RELEASE.
     Required by:
         project :gateway-service
      > Skipped due to earlier error
   > Could not resolve org.springframework.cloud:spring-cloud-starter:1.2.4.RELEASE.
     Required by:
         project :gateway-service > org.springframework.cloud:spring-cloud-starter-eureka:1.3.5.RELEASE
         project :gateway-service > org.springframework.cloud:spring-cloud-starter-config:1.3.3.RELEASE
         project :gateway-service > org.springframework.cloud:spring-cloud-starter-zuul:1.3.5.RELEASE
         project :gateway-service > org.springframework.cloud:spring-cloud-starter-hystrix:1.3.5.RELEASE
         project :gateway-service > org.springframework.cloud:spring-cloud-starter-turbine:1.3.5.RELEASE
      > Skipped due to earlier error
   > Could not resolve org.springframework.cloud:spring-cloud-netflix-core:1.3.5.RELEASE.
     Required by:
         project :gateway-service > org.springframework.cloud:spring-cloud-starter-eureka:1.3.5.RELEASE
         project :gateway-service > org.springframework.cloud:spring-cloud-starter-hystrix:1.3.5.RELEASE
      > Skipped due to earlier error
   > Could not resolve org.springframework.cloud:spring-cloud-netflix-eureka-client:1.3.5.RELEASE.
     Required by:
         project :gateway-service > org.springframework.cloud:spring-cloud-starter-eureka:1.3.5.RELEASE
      > Skipped due to earlier error
   > Could not resolve com.netflix.eureka:eureka-client:1.6.2.
     Required by:
         project :gateway-service > org.springframework.cloud:spring-cloud-starter-eureka:1.3.5.RELEASE
      > Skipped due to earlier error
   > Could not resolve com.netflix.eureka:eureka-core:1.6.2.
     Required by:
         project :gateway-service > org.springframework.cloud:spring-cloud-starter-eureka:1.3.5.RELEASE
      > Skipped due to earlier error
   > Could not resolve org.springframework.cloud:spring-cloud-starter-archaius:1.3.5.RELEASE.
     Required by:
         project :gateway-service > org.springframework.cloud:spring-cloud-starter-eureka:1.3.5.RELEASE
         project :gateway-service > org.springframework.cloud:spring-cloud-starter-zuul:1.3.5.RELEASE
         project :gateway-service > org.springframework.cloud:spring-cloud-starter-hystrix:1.3.5.RELEASE
      > Skipped due to earlier error
   > Could not resolve org.springframework.cloud:spring-cloud-starter-ribbon:1.3.5.RELEASE.
     Required by:
         project :gateway-service > org.springframework.cloud:spring-cloud-starter-eureka:1.3.5.RELEASE
         project :gateway-service > org.springframework.cloud:spring-cloud-starter-zuul:1.3.5.RELEASE
      > Skipped due to earlier error
   > Could not resolve com.netflix.ribbon:ribbon-eureka:2.2.2.
     Required by:
         project :gateway-service > org.springframework.cloud:spring-cloud-starter-eureka:1.3.5.RELEASE
      > Skipped due to earlier error
   > Could not resolve com.netflix.zuul:zuul-core:1.3.0.
     Required by:
         project :gateway-service > org.springframework.cloud:spring-cloud-starter-zuul:1.3.5.RELEASE
      > Skipped due to earlier error
   > Could not resolve com.netflix.hystrix:hystrix-core:1.5.12.
     Required by:
         project :gateway-service > org.springframework.cloud:spring-cloud-starter-hystrix:1.3.5.RELEASE
      > Skipped due to earlier error
   > Could not resolve com.netflix.hystrix:hystrix-metrics-event-stream:1.5.12.
     Required by:
         project :gateway-service > org.springframework.cloud:spring-cloud-starter-hystrix:1.3.5.RELEASE
      > Skipped due to earlier error
   > Could not resolve com.netflix.hystrix:hystrix-javanica:1.5.12.
     Required by:
         project :gateway-service > org.springframework.cloud:spring-cloud-starter-hystrix:1.3.5.RELEASE
      > Skipped due to earlier error
   > Could not resolve org.springframework.cloud:spring-cloud-netflix-turbine:1.3.5.RELEASE.
     Required by:
         project :gateway-service > org.springframework.cloud:spring-cloud-starter-turbine:1.3.5.RELEASE
      > Skipped due to earlier error
   > Could not resolve com.netflix.turbine:turbine-core:1.0.0.
     Required by:
         project :gateway-service > org.springframework.cloud:spring-cloud-starter-turbine:1.3.5.RELEASE
      > Skipped due to earlier error
   > Could not resolve xmlpull:xmlpull:1.1.3.1.
     Required by:
         project :gateway-service > org.springframework.cloud:spring-cloud-starter-eureka:1.3.5.RELEASE > com.thoughtworks.xstream:xstream:1.4.9
      > Skipped due to earlier error
   > Could not resolve xpp3:xpp3_min:1.1.4c.
     Required by:
         project :gateway-service > org.springframework.cloud:spring-cloud-starter-eureka:1.3.5.RELEASE > com.thoughtworks.xstream:xstream:1.4.9
      > Skipped due to earlier error

* Try:
Run with --stacktrace option to get the stack trace. Run with --info or --debug option to get more log output. Run with --scan to get full insights.

* Get more help at https://help.gradle.org

BUILD FAILED in 1m 44s
