startup failed:
/mnt/batch/tasks/workitems/NONDEX_nondex_r131_1M31d16h48m2s/job-1/Task1117/wd/NonDex-plugin-test/github.com/Skyr/jqassistant-gradle-plugin/src/test/groovy/de/ploing/jqassistant/ResetTest.groovy: 7: unable to resolve class org.junit.Before
 @ line 7, column 1.
   import org.junit.Before
   ^

/mnt/batch/tasks/workitems/NONDEX_nondex_r131_1M31d16h48m2s/job-1/Task1117/wd/NonDex-plugin-test/github.com/Skyr/jqassistant-gradle-plugin/src/test/groovy/de/ploing/jqassistant/ResetTest.groovy: 10: unable to resolve class org.junit.Test
 @ line 10, column 1.
   import org.junit.Test
   ^

/mnt/batch/tasks/workitems/NONDEX_nondex_r131_1M31d16h48m2s/job-1/Task1117/wd/NonDex-plugin-test/github.com/Skyr/jqassistant-gradle-plugin/src/test/groovy/de/ploing/jqassistant/ResetTest.groovy: 4: unable to resolve class com.buschmais.jqassistant.plugin.java.api.scanner.JavaScope
 @ line 4, column 1.
   import com.buschmais.jqassistant.plugin.java.api.scanner.JavaScope
   ^

/mnt/batch/tasks/workitems/NONDEX_nondex_r131_1M31d16h48m2s/job-1/Task1117/wd/NonDex-plugin-test/github.com/Skyr/jqassistant-gradle-plugin/src/test/groovy/de/ploing/jqassistant/ResetTest.groovy: 9: unable to resolve class org.junit.Assert
 @ line 9, column 1.
   import static org.junit.Assert.*
   ^

/mnt/batch/tasks/workitems/NONDEX_nondex_r131_1M31d16h48m2s/job-1/Task1117/wd/NonDex-plugin-test/github.com/Skyr/jqassistant-gradle-plugin/src/test/groovy/de/ploing/jqassistant/ResetTest.groovy: 9: unable to resolve class org.junit.Assert
 @ line 9, column 1.
   import static org.junit.Assert.*
   ^

/mnt/batch/tasks/workitems/NONDEX_nondex_r131_1M31d16h48m2s/job-1/Task1117/wd/NonDex-plugin-test/github.com/Skyr/jqassistant-gradle-plugin/src/test/groovy/de/ploing/jqassistant/RunServer.groovy: 3: unable to resolve class com.buschmais.jqassistant.plugin.java.api.scanner.JavaScope
 @ line 3, column 1.
   import com.buschmais.jqassistant.plugin.java.api.scanner.JavaScope
   ^

/mnt/batch/tasks/workitems/NONDEX_nondex_r131_1M31d16h48m2s/job-1/Task1117/wd/NonDex-plugin-test/github.com/Skyr/jqassistant-gradle-plugin/src/test/groovy/de/ploing/jqassistant/ScanTest.groovy: 5: unable to resolve class org.junit.Before
 @ line 5, column 1.
   import org.junit.Before
   ^

/mnt/batch/tasks/workitems/NONDEX_nondex_r131_1M31d16h48m2s/job-1/Task1117/wd/NonDex-plugin-test/github.com/Skyr/jqassistant-gradle-plugin/src/test/groovy/de/ploing/jqassistant/ScanTest.groovy: 6: unable to resolve class org.junit.Test
 @ line 6, column 1.
   import org.junit.Test
   ^

/mnt/batch/tasks/workitems/NONDEX_nondex_r131_1M31d16h48m2s/job-1/Task1117/wd/NonDex-plugin-test/github.com/Skyr/jqassistant-gradle-plugin/src/test/groovy/de/ploing/jqassistant/ScanTest.groovy: 8: unable to resolve class org.junit.Assert
 @ line 8, column 1.
   import static org.junit.Assert.*
   ^

/mnt/batch/tasks/workitems/NONDEX_nondex_r131_1M31d16h48m2s/job-1/Task1117/wd/NonDex-plugin-test/github.com/Skyr/jqassistant-gradle-plugin/src/test/groovy/de/ploing/jqassistant/ScanTest.groovy: 8: unable to resolve class org.junit.Assert
 @ line 8, column 1.
   import static org.junit.Assert.*
   ^

/mnt/batch/tasks/workitems/NONDEX_nondex_r131_1M31d16h48m2s/job-1/Task1117/wd/NonDex-plugin-test/github.com/Skyr/jqassistant-gradle-plugin/src/test/groovy/de/ploing/jqassistant/SetupTest.groovy: 6: unable to resolve class org.junit.Before
 @ line 6, column 1.
   import org.junit.Before
   ^

/mnt/batch/tasks/workitems/NONDEX_nondex_r131_1M31d16h48m2s/job-1/Task1117/wd/NonDex-plugin-test/github.com/Skyr/jqassistant-gradle-plugin/src/test/groovy/de/ploing/jqassistant/SetupTest.groovy: 7: unable to resolve class org.junit.Test
 @ line 7, column 1.
   import org.junit.Test
   ^

/mnt/batch/tasks/workitems/NONDEX_nondex_r131_1M31d16h48m2s/job-1/Task1117/wd/NonDex-plugin-test/github.com/Skyr/jqassistant-gradle-plugin/src/test/groovy/de/ploing/jqassistant/SetupTest.groovy: 9: unable to resolve class org.junit.Assert
 @ line 9, column 1.
   import static org.junit.Assert.assertNotNull
   ^

/mnt/batch/tasks/workitems/NONDEX_nondex_r131_1M31d16h48m2s/job-1/Task1117/wd/NonDex-plugin-test/github.com/Skyr/jqassistant-gradle-plugin/src/test/groovy/de/ploing/jqassistant/SetupTest.groovy: 10: unable to resolve class org.junit.Assert
 @ line 10, column 1.
   import static org.junit.Assert.assertTrue
   ^

14 errors


FAILURE: Build failed with an exception.

* What went wrong:
Execution failed for task ':compileTestGroovy'.
> Compilation failed; see the compiler error output for details.

* Try:
Run with --stacktrace option to get the stack trace. Run with --info or --debug option to get more log output. Run with --scan to get full insights.

* Get more help at https://help.gradle.org

BUILD FAILED in 34s
