
FAILURE: Build failed with an exception.

* What went wrong:
Execution failed for task ':compileJava'.
> Could not resolve all files for configuration ':compileClasspath'.
   > Could not resolve org.thinkit.common:precondition-validator:v1.0.9.
     Required by:
         project :
      > Could not resolve org.thinkit.common:precondition-validator:v1.0.9.
         > Could not get resource 'https://maven.pkg.github.com/myConsciousness/neumann/org/thinkit/common/precondition-validator/v1.0.9/precondition-validator-v1.0.9.pom'.
            > Username must not be null!
   > Could not resolve org.thinkit.api.catalog:catalog-api:v1.0.2.
     Required by:
         project :
      > Could not resolve org.thinkit.api.catalog:catalog-api:v1.0.2.
         > Could not get resource 'https://maven.pkg.github.com/myConsciousness/neumann/org/thinkit/api/catalog/catalog-api/v1.0.2/catalog-api-v1.0.2.pom'.
            > Username must not be null!

* Try:
Run with --stacktrace option to get the stack trace. Run with --info or --debug option to get more log output. Run with --scan to get full insights.

* Get more help at https://help.gradle.org

BUILD FAILED in 1s
