startup failed:
/mnt/batch/tasks/workitems/NONDEX_nondex_r131_1M31d16h48m2s/job-1/Task712/wd/NonDex-plugin-test/github.com/gmazzo/gradle-jerseywadl-plugin/plugin/src/main/groovy/gs/utils/gradle/plugins/wadl/JerseyWadlPlugin.groovy: 9: unable to resolve class org.gradle.api.internal.file.collections.SimpleFileCollection
 @ line 9, column 1.
   import org.gradle.api.internal.file.collections.SimpleFileCollection
   ^

/mnt/batch/tasks/workitems/NONDEX_nondex_r131_1M31d16h48m2s/job-1/Task712/wd/NonDex-plugin-test/github.com/gmazzo/gradle-jerseywadl-plugin/plugin/src/main/groovy/gs/utils/gradle/plugins/wadl/tasks/JerseyClientGenTask.groovy: 16: unable to resolve class javax.xml.bind.JAXBException
 @ line 16, column 1.
   import javax.xml.bind.JAXBException
   ^

/mnt/batch/tasks/workitems/NONDEX_nondex_r131_1M31d16h48m2s/job-1/Task712/wd/NonDex-plugin-test/github.com/gmazzo/gradle-jerseywadl-plugin/plugin/src/main/groovy/gs/utils/gradle/plugins/wadl/tasks/JerseyClientGenTask.groovy: 8: unable to resolve class org.gradle.api.internal.file.collections.SimpleFileCollection
 @ line 8, column 1.
   import org.gradle.api.internal.file.collections.SimpleFileCollection
   ^

/mnt/batch/tasks/workitems/NONDEX_nondex_r131_1M31d16h48m2s/job-1/Task712/wd/NonDex-plugin-test/github.com/gmazzo/gradle-jerseywadl-plugin/plugin/src/main/groovy/gs/utils/gradle/plugins/wadl/tasks/WadlGenTask.groovy: 12: unable to resolve class javax.xml.bind.Marshaller
 @ line 12, column 1.
   import javax.xml.bind.Marshaller
   ^

/mnt/batch/tasks/workitems/NONDEX_nondex_r131_1M31d16h48m2s/job-1/Task712/wd/NonDex-plugin-test/github.com/gmazzo/gradle-jerseywadl-plugin/plugin/src/main/groovy/gs/utils/gradle/plugins/wadl/tasks/WadlGenTask.groovy: 11: unable to resolve class javax.xml.bind.JAXBContext
 @ line 11, column 1.
   import javax.xml.bind.JAXBContext
   ^

5 errors


FAILURE: Build failed with an exception.

* What went wrong:
Execution failed for task ':plugin:compileGroovy'.
> Compilation failed; see the compiler error output for details.

* Try:
Run with --stacktrace option to get the stack trace. Run with --info or --debug option to get more log output. Run with --scan to get full insights.

* Get more help at https://help.gradle.org

BUILD FAILED in 23s
