/mnt/batch/tasks/workitems/NONDEX_nondex_r131_1M31d16h48m2s/job-1/Task1195/wd/NonDex-plugin-test/github.com/IniZio/com.comp3111.chatbot/src/main/java/com/comp3111/chatbot/Notification.java:46: error: cannot find symbol
    log.info("Refreshing notifications");
    ^
  symbol:   variable log
  location: class Notification
/mnt/batch/tasks/workitems/NONDEX_nondex_r131_1M31d16h48m2s/job-1/Task1195/wd/NonDex-plugin-test/github.com/IniZio/com.comp3111.chatbot/src/main/java/com/comp3111/chatbot/Notification.java:51: error: cannot find symbol
      log.info("Failed to get subscribers : {}", e.toString());
      ^
  symbol:   variable log
  location: class Notification
/mnt/batch/tasks/workitems/NONDEX_nondex_r131_1M31d16h48m2s/job-1/Task1195/wd/NonDex-plugin-test/github.com/IniZio/com.comp3111.chatbot/src/main/java/com/comp3111/chatbot/Notification.java:65: error: cannot find symbol
          log.info("Failed to get todos for notification : {}", e.toString());
          ^
  symbol:   variable log
  location: class Notification
/mnt/batch/tasks/workitems/NONDEX_nondex_r131_1M31d16h48m2s/job-1/Task1195/wd/NonDex-plugin-test/github.com/IniZio/com.comp3111.chatbot/src/main/java/com/comp3111/chatbot/Notification.java:70: error: cannot find symbol
        log.info("Failed to push message: {}", e.toString());
        ^
  symbol:   variable log
  location: class Notification
/mnt/batch/tasks/workitems/NONDEX_nondex_r131_1M31d16h48m2s/job-1/Task1195/wd/NonDex-plugin-test/github.com/IniZio/com.comp3111.chatbot/src/main/java/com/comp3111/chatbot/Notification.java:76: error: cannot find symbol
    log.info("the checked date is: {}", timeToString);
    ^
  symbol:   variable log
  location: class Notification
/mnt/batch/tasks/workitems/NONDEX_nondex_r131_1M31d16h48m2s/job-1/Task1195/wd/NonDex-plugin-test/github.com/IniZio/com.comp3111.chatbot/src/main/java/com/comp3111/chatbot/Notification.java:86: error: cannot find symbol
          log.info("Failed to push message: {}", e.toString());
          ^
  symbol:   variable log
  location: class Notification
/mnt/batch/tasks/workitems/NONDEX_nondex_r131_1M31d16h48m2s/job-1/Task1195/wd/NonDex-plugin-test/github.com/IniZio/com.comp3111.chatbot/src/main/java/com/comp3111/chatbot/Notification.java:99: error: cannot find symbol
          log.info("Failed to push message: {}", e.toString());
          ^
  symbol:   variable log
  location: class Notification
/mnt/batch/tasks/workitems/NONDEX_nondex_r131_1M31d16h48m2s/job-1/Task1195/wd/NonDex-plugin-test/github.com/IniZio/com.comp3111.chatbot/src/main/java/com/comp3111/chatbot/SQLDatabaseEngine.java:40: error: cannot find symbol
			log.info(e.toString());
			^
  symbol:   variable log
  location: class SQLDatabaseEngine
/mnt/batch/tasks/workitems/NONDEX_nondex_r131_1M31d16h48m2s/job-1/Task1195/wd/NonDex-plugin-test/github.com/IniZio/com.comp3111.chatbot/src/main/java/com/comp3111/chatbot/SQLDatabaseEngine.java:68: error: cannot find symbol
			log.info("URISyntaxException: ", e1.toString());
			^
  symbol:   variable log
  location: class SQLDatabaseEngine
/mnt/batch/tasks/workitems/NONDEX_nondex_r131_1M31d16h48m2s/job-1/Task1195/wd/NonDex-plugin-test/github.com/IniZio/com.comp3111.chatbot/src/main/java/com/comp3111/chatbot/SQLDatabaseEngine.java:70: error: cannot find symbol
			log.info("SQLException: ", e2.toString());
			^
  symbol:   variable log
  location: class SQLDatabaseEngine
/mnt/batch/tasks/workitems/NONDEX_nondex_r131_1M31d16h48m2s/job-1/Task1195/wd/NonDex-plugin-test/github.com/IniZio/com.comp3111.chatbot/src/main/java/com/comp3111/chatbot/SQLDatabaseEngine.java:78: error: cannot find symbol
				log.info("Exception while disconnection: {}", e.toString());
				^
  symbol:   variable log
  location: class SQLDatabaseEngine
/mnt/batch/tasks/workitems/NONDEX_nondex_r131_1M31d16h48m2s/job-1/Task1195/wd/NonDex-plugin-test/github.com/IniZio/com.comp3111.chatbot/src/main/java/com/comp3111/chatbot/SQLDatabaseEngine.java:108: error: cannot find symbol
			log.info("URISyntaxException: ", e1.toString());
			^
  symbol:   variable log
  location: class SQLDatabaseEngine
/mnt/batch/tasks/workitems/NONDEX_nondex_r131_1M31d16h48m2s/job-1/Task1195/wd/NonDex-plugin-test/github.com/IniZio/com.comp3111.chatbot/src/main/java/com/comp3111/chatbot/SQLDatabaseEngine.java:110: error: cannot find symbol
			log.info("SQLException: ", e2.toString());
			^
  symbol:   variable log
  location: class SQLDatabaseEngine
/mnt/batch/tasks/workitems/NONDEX_nondex_r131_1M31d16h48m2s/job-1/Task1195/wd/NonDex-plugin-test/github.com/IniZio/com.comp3111.chatbot/src/main/java/com/comp3111/chatbot/SQLDatabaseEngine.java:118: error: cannot find symbol
				log.info("Exception while disconnection: {}", e.toString());
				^
  symbol:   variable log
  location: class SQLDatabaseEngine
/mnt/batch/tasks/workitems/NONDEX_nondex_r131_1M31d16h48m2s/job-1/Task1195/wd/NonDex-plugin-test/github.com/IniZio/com.comp3111.chatbot/src/main/java/com/comp3111/chatbot/SQLDatabaseEngine.java:158: error: cannot find symbol
			log.info("URISyntaxException: ", e1.toString());
			^
  symbol:   variable log
  location: class SQLDatabaseEngine
/mnt/batch/tasks/workitems/NONDEX_nondex_r131_1M31d16h48m2s/job-1/Task1195/wd/NonDex-plugin-test/github.com/IniZio/com.comp3111.chatbot/src/main/java/com/comp3111/chatbot/SQLDatabaseEngine.java:160: error: cannot find symbol
			log.info("SQLException: ", e2.toString());
			^
  symbol:   variable log
  location: class SQLDatabaseEngine
/mnt/batch/tasks/workitems/NONDEX_nondex_r131_1M31d16h48m2s/job-1/Task1195/wd/NonDex-plugin-test/github.com/IniZio/com.comp3111.chatbot/src/main/java/com/comp3111/chatbot/SQLDatabaseEngine.java:168: error: cannot find symbol
				log.info("Exception while disconnection: {}", e.toString());
				^
  symbol:   variable log
  location: class SQLDatabaseEngine
/mnt/batch/tasks/workitems/NONDEX_nondex_r131_1M31d16h48m2s/job-1/Task1195/wd/NonDex-plugin-test/github.com/IniZio/com.comp3111.chatbot/src/main/java/com/comp3111/chatbot/SQLDatabaseEngine.java:192: error: cannot find symbol
			log.info("accept flag is: {}", accepted);
			^
  symbol:   variable log
  location: class SQLDatabaseEngine
/mnt/batch/tasks/workitems/NONDEX_nondex_r131_1M31d16h48m2s/job-1/Task1195/wd/NonDex-plugin-test/github.com/IniZio/com.comp3111.chatbot/src/main/java/com/comp3111/chatbot/SQLDatabaseEngine.java:202: error: cannot find symbol
			log.info("URISyntaxException: ", e1.toString());
			^
  symbol:   variable log
  location: class SQLDatabaseEngine
/mnt/batch/tasks/workitems/NONDEX_nondex_r131_1M31d16h48m2s/job-1/Task1195/wd/NonDex-plugin-test/github.com/IniZio/com.comp3111.chatbot/src/main/java/com/comp3111/chatbot/SQLDatabaseEngine.java:204: error: cannot find symbol
			log.info("SQLException when checking thanksgiving register: ", e2.toString());
			^
  symbol:   variable log
  location: class SQLDatabaseEngine
/mnt/batch/tasks/workitems/NONDEX_nondex_r131_1M31d16h48m2s/job-1/Task1195/wd/NonDex-plugin-test/github.com/IniZio/com.comp3111.chatbot/src/main/java/com/comp3111/chatbot/SQLDatabaseEngine.java:212: error: cannot find symbol
				log.info("Exception while disconnection: {}", e.toString());
				^
  symbol:   variable log
  location: class SQLDatabaseEngine
/mnt/batch/tasks/workitems/NONDEX_nondex_r131_1M31d16h48m2s/job-1/Task1195/wd/NonDex-plugin-test/github.com/IniZio/com.comp3111.chatbot/src/main/java/com/comp3111/chatbot/SQLDatabaseEngine.java:232: error: cannot find symbol
			log.info("the food to be checked is {}", result);
			^
  symbol:   variable log
  location: class SQLDatabaseEngine
/mnt/batch/tasks/workitems/NONDEX_nondex_r131_1M31d16h48m2s/job-1/Task1195/wd/NonDex-plugin-test/github.com/IniZio/com.comp3111.chatbot/src/main/java/com/comp3111/chatbot/SQLDatabaseEngine.java:235: error: cannot find symbol
				log.info("food exist and checked: {}", result);
				^
  symbol:   variable log
  location: class SQLDatabaseEngine
/mnt/batch/tasks/workitems/NONDEX_nondex_r131_1M31d16h48m2s/job-1/Task1195/wd/NonDex-plugin-test/github.com/IniZio/com.comp3111.chatbot/src/main/java/com/comp3111/chatbot/SQLDatabaseEngine.java:239: error: cannot find symbol
			log.info("URISyntaxException: ", e1.toString());
			^
  symbol:   variable log
  location: class SQLDatabaseEngine
/mnt/batch/tasks/workitems/NONDEX_nondex_r131_1M31d16h48m2s/job-1/Task1195/wd/NonDex-plugin-test/github.com/IniZio/com.comp3111.chatbot/src/main/java/com/comp3111/chatbot/SQLDatabaseEngine.java:241: error: cannot find symbol
			log.info("SQLException when checking food exist in table: {}", e2.toString());
			^
  symbol:   variable log
  location: class SQLDatabaseEngine
/mnt/batch/tasks/workitems/NONDEX_nondex_r131_1M31d16h48m2s/job-1/Task1195/wd/NonDex-plugin-test/github.com/IniZio/com.comp3111.chatbot/src/main/java/com/comp3111/chatbot/SQLDatabaseEngine.java:249: error: cannot find symbol
				log.info("Exception while disconnection: {}", e.toString());
				^
  symbol:   variable log
  location: class SQLDatabaseEngine
/mnt/batch/tasks/workitems/NONDEX_nondex_r131_1M31d16h48m2s/job-1/Task1195/wd/NonDex-plugin-test/github.com/IniZio/com.comp3111.chatbot/src/main/java/com/comp3111/chatbot/SQLDatabaseEngine.java:266: error: cannot find symbol
				log.info("Insert food into table after accept");
				^
  symbol:   variable log
  location: class SQLDatabaseEngine
/mnt/batch/tasks/workitems/NONDEX_nondex_r131_1M31d16h48m2s/job-1/Task1195/wd/NonDex-plugin-test/github.com/IniZio/com.comp3111.chatbot/src/main/java/com/comp3111/chatbot/SQLDatabaseEngine.java:276: error: cannot find symbol
				log.info("Refresh push date");
				^
  symbol:   variable log
  location: class SQLDatabaseEngine
/mnt/batch/tasks/workitems/NONDEX_nondex_r131_1M31d16h48m2s/job-1/Task1195/wd/NonDex-plugin-test/github.com/IniZio/com.comp3111.chatbot/src/main/java/com/comp3111/chatbot/SQLDatabaseEngine.java:280: error: cannot find symbol
			log.info("Exception while storing and refreshing thanksgiving table: {}", e.toString());
			^
  symbol:   variable log
  location: class SQLDatabaseEngine
/mnt/batch/tasks/workitems/NONDEX_nondex_r131_1M31d16h48m2s/job-1/Task1195/wd/NonDex-plugin-test/github.com/IniZio/com.comp3111.chatbot/src/main/java/com/comp3111/chatbot/SQLDatabaseEngine.java:287: error: cannot find symbol
				log.info("Exception while storing: {}", e.toString());
				^
  symbol:   variable log
  location: class SQLDatabaseEngine
/mnt/batch/tasks/workitems/NONDEX_nondex_r131_1M31d16h48m2s/job-1/Task1195/wd/NonDex-plugin-test/github.com/IniZio/com.comp3111.chatbot/src/main/java/com/comp3111/chatbot/SQLDatabaseEngine.java:311: error: cannot find symbol
			log.info("Exception while storing: {}", e.toString());
			^
  symbol:   variable log
  location: class SQLDatabaseEngine
/mnt/batch/tasks/workitems/NONDEX_nondex_r131_1M31d16h48m2s/job-1/Task1195/wd/NonDex-plugin-test/github.com/IniZio/com.comp3111.chatbot/src/main/java/com/comp3111/chatbot/SQLDatabaseEngine.java:318: error: cannot find symbol
				log.info("Exception while storing: {}", e.toString());
				^
  symbol:   variable log
  location: class SQLDatabaseEngine
/mnt/batch/tasks/workitems/NONDEX_nondex_r131_1M31d16h48m2s/job-1/Task1195/wd/NonDex-plugin-test/github.com/IniZio/com.comp3111.chatbot/src/main/java/com/comp3111/chatbot/SQLDatabaseEngine.java:341: error: cannot find symbol
				log.info("Query got results");
				^
  symbol:   variable log
  location: class SQLDatabaseEngine
/mnt/batch/tasks/workitems/NONDEX_nondex_r131_1M31d16h48m2s/job-1/Task1195/wd/NonDex-plugin-test/github.com/IniZio/com.comp3111.chatbot/src/main/java/com/comp3111/chatbot/SQLDatabaseEngine.java:348: error: cannot find symbol
			log.info("Exception while querying: {}", e.toString());
			^
  symbol:   variable log
  location: class SQLDatabaseEngine
/mnt/batch/tasks/workitems/NONDEX_nondex_r131_1M31d16h48m2s/job-1/Task1195/wd/NonDex-plugin-test/github.com/IniZio/com.comp3111.chatbot/src/main/java/com/comp3111/chatbot/SQLDatabaseEngine.java:356: error: cannot find symbol
				log.info("Exception while disconnection: {}", e.toString());
				^
  symbol:   variable log
  location: class SQLDatabaseEngine
/mnt/batch/tasks/workitems/NONDEX_nondex_r131_1M31d16h48m2s/job-1/Task1195/wd/NonDex-plugin-test/github.com/IniZio/com.comp3111.chatbot/src/main/java/com/comp3111/chatbot/SQLDatabaseEngine.java:377: error: cannot find symbol
			log.info("Exception while adding query: {}", e.toString());
			^
  symbol:   variable log
  location: class SQLDatabaseEngine
/mnt/batch/tasks/workitems/NONDEX_nondex_r131_1M31d16h48m2s/job-1/Task1195/wd/NonDex-plugin-test/github.com/IniZio/com.comp3111.chatbot/src/main/java/com/comp3111/chatbot/SQLDatabaseEngine.java:385: error: cannot find symbol
				log.info("Exception while disconnection: {}", e.toString());
				^
  symbol:   variable log
  location: class SQLDatabaseEngine
/mnt/batch/tasks/workitems/NONDEX_nondex_r131_1M31d16h48m2s/job-1/Task1195/wd/NonDex-plugin-test/github.com/IniZio/com.comp3111.chatbot/src/main/java/com/comp3111/chatbot/SQLDatabaseEngine.java:406: error: cannot find symbol
			log.info("userid: {}", id);
			^
  symbol:   variable log
  location: class SQLDatabaseEngine
/mnt/batch/tasks/workitems/NONDEX_nondex_r131_1M31d16h48m2s/job-1/Task1195/wd/NonDex-plugin-test/github.com/IniZio/com.comp3111.chatbot/src/main/java/com/comp3111/chatbot/SQLDatabaseEngine.java:427: error: cannot find symbol
			log.info("Exception while connection: {}", e.toString());
			^
  symbol:   variable log
  location: class SQLDatabaseEngine
/mnt/batch/tasks/workitems/NONDEX_nondex_r131_1M31d16h48m2s/job-1/Task1195/wd/NonDex-plugin-test/github.com/IniZio/com.comp3111.chatbot/src/main/java/com/comp3111/chatbot/SQLDatabaseEngine.java:436: error: cannot find symbol
				log.info("Exception while disconnection: {}", e.toString());
				^
  symbol:   variable log
  location: class SQLDatabaseEngine
/mnt/batch/tasks/workitems/NONDEX_nondex_r131_1M31d16h48m2s/job-1/Task1195/wd/NonDex-plugin-test/github.com/IniZio/com.comp3111.chatbot/src/main/java/com/comp3111/chatbot/SQLDatabaseEngine.java:467: error: cannot find symbol
				log.info("Query got results");
				^
  symbol:   variable log
  location: class SQLDatabaseEngine
/mnt/batch/tasks/workitems/NONDEX_nondex_r131_1M31d16h48m2s/job-1/Task1195/wd/NonDex-plugin-test/github.com/IniZio/com.comp3111.chatbot/src/main/java/com/comp3111/chatbot/SQLDatabaseEngine.java:473: error: cannot find symbol
			log.info("Exception while querying todos: {}", e.toString());
			^
  symbol:   variable log
  location: class SQLDatabaseEngine
/mnt/batch/tasks/workitems/NONDEX_nondex_r131_1M31d16h48m2s/job-1/Task1195/wd/NonDex-plugin-test/github.com/IniZio/com.comp3111.chatbot/src/main/java/com/comp3111/chatbot/SQLDatabaseEngine.java:481: error: cannot find symbol
				log.info("Exception while disconnection: {}", e.toString());
				^
  symbol:   variable log
  location: class SQLDatabaseEngine
/mnt/batch/tasks/workitems/NONDEX_nondex_r131_1M31d16h48m2s/job-1/Task1195/wd/NonDex-plugin-test/github.com/IniZio/com.comp3111.chatbot/src/main/java/com/comp3111/chatbot/SQLDatabaseEngine.java:498: error: cannot find symbol
			log.info("Exception while querying todos: {}", e.toString());
			^
  symbol:   variable log
  location: class SQLDatabaseEngine
/mnt/batch/tasks/workitems/NONDEX_nondex_r131_1M31d16h48m2s/job-1/Task1195/wd/NonDex-plugin-test/github.com/IniZio/com.comp3111.chatbot/src/main/java/com/comp3111/chatbot/SQLDatabaseEngine.java:506: error: cannot find symbol
				log.info("Exception while disconnection: {}", e.toString());
				^
  symbol:   variable log
  location: class SQLDatabaseEngine
/mnt/batch/tasks/workitems/NONDEX_nondex_r131_1M31d16h48m2s/job-1/Task1195/wd/NonDex-plugin-test/github.com/IniZio/com.comp3111.chatbot/src/main/java/com/comp3111/chatbot/SQLDatabaseEngine.java:519: error: cannot find symbol
		log.info("Username: {} Password: {}", username, password);
		^
  symbol:   variable log
  location: class SQLDatabaseEngine
/mnt/batch/tasks/workitems/NONDEX_nondex_r131_1M31d16h48m2s/job-1/Task1195/wd/NonDex-plugin-test/github.com/IniZio/com.comp3111.chatbot/src/main/java/com/comp3111/chatbot/SQLDatabaseEngine.java:520: error: cannot find symbol
		log.info ("dbUrl: {}", dbUrl);
		^
  symbol:   variable log
  location: class SQLDatabaseEngine
/mnt/batch/tasks/workitems/NONDEX_nondex_r131_1M31d16h48m2s/job-1/Task1195/wd/NonDex-plugin-test/github.com/IniZio/com.comp3111.chatbot/src/main/java/com/comp3111/chatbot/URLConnectionReader.java:52: error: cannot find symbol
    	    		 	log.info("\nToo many results");
    	    		 	^
  symbol:   variable log
  location: class URLConnectionReader
/mnt/batch/tasks/workitems/NONDEX_nondex_r131_1M31d16h48m2s/job-1/Task1195/wd/NonDex-plugin-test/github.com/IniZio/com.comp3111.chatbot/src/main/java/com/comp3111/chatbot/URLConnectionReader.java:59: error: cannot find symbol
    	    	log.info("Values {} = {}",j,  values[j]);
    	    	^
  symbol:   variable log
  location: class URLConnectionReader
/mnt/batch/tasks/workitems/NONDEX_nondex_r131_1M31d16h48m2s/job-1/Task1195/wd/NonDex-plugin-test/github.com/IniZio/com.comp3111.chatbot/src/main/java/com/comp3111/chatbot/URLConnectionReader.java:60: error: cannot find symbol
    	    	log.info("Values {} = {}",j+1,  values[j+1]);
    	    	^
  symbol:   variable log
  location: class URLConnectionReader
/mnt/batch/tasks/workitems/NONDEX_nondex_r131_1M31d16h48m2s/job-1/Task1195/wd/NonDex-plugin-test/github.com/IniZio/com.comp3111.chatbot/src/main/java/com/comp3111/chatbot/URLConnectionReader.java:61: error: cannot find symbol
    	    	log.info("Values {} = {}",j+2,  values[j+2]);
    	    	^
  symbol:   variable log
  location: class URLConnectionReader
/mnt/batch/tasks/workitems/NONDEX_nondex_r131_1M31d16h48m2s/job-1/Task1195/wd/NonDex-plugin-test/github.com/IniZio/com.comp3111.chatbot/src/main/java/com/comp3111/chatbot/URLConnectionReader.java:62: error: cannot find symbol
    	    	log.info("Values {} = {}",j+3,  values[j+3]);
    	    	^
  symbol:   variable log
  location: class URLConnectionReader
/mnt/batch/tasks/workitems/NONDEX_nondex_r131_1M31d16h48m2s/job-1/Task1195/wd/NonDex-plugin-test/github.com/IniZio/com.comp3111.chatbot/src/main/java/com/comp3111/chatbot/URLConnectionReader.java:63: error: cannot find symbol
    	    	log.info("Values {} = {}",j+4,  values[j+4]);
    	    	^
  symbol:   variable log
  location: class URLConnectionReader
/mnt/batch/tasks/workitems/NONDEX_nondex_r131_1M31d16h48m2s/job-1/Task1195/wd/NonDex-plugin-test/github.com/IniZio/com.comp3111.chatbot/src/main/java/com/comp3111/chatbot/URLConnectionReader.java:64: error: cannot find symbol
    	    	log.info("Values {} = {}",j+5,  values[j+5]);
    	    	^
  symbol:   variable log
  location: class URLConnectionReader
/mnt/batch/tasks/workitems/NONDEX_nondex_r131_1M31d16h48m2s/job-1/Task1195/wd/NonDex-plugin-test/github.com/IniZio/com.comp3111.chatbot/src/main/java/com/comp3111/chatbot/Course.java:76: error: cannot find symbol
                log.info("course_found" + course);
                ^
  symbol:   variable log
  location: class Course
/mnt/batch/tasks/workitems/NONDEX_nondex_r131_1M31d16h48m2s/job-1/Task1195/wd/NonDex-plugin-test/github.com/IniZio/com.comp3111.chatbot/src/main/java/com/comp3111/chatbot/CallbackController.java:95: error: cannot find symbol
        log.info("unfollowed this bot: {}", event);
        ^
  symbol:   variable log
  location: class CallbackController
/mnt/batch/tasks/workitems/NONDEX_nondex_r131_1M31d16h48m2s/job-1/Task1195/wd/NonDex-plugin-test/github.com/IniZio/com.comp3111.chatbot/src/main/java/com/comp3111/chatbot/CallbackController.java:110: error: cannot find symbol
			log.info(e.toString());
			^
  symbol:   variable log
  location: class CallbackController
/mnt/batch/tasks/workitems/NONDEX_nondex_r131_1M31d16h48m2s/job-1/Task1195/wd/NonDex-plugin-test/github.com/IniZio/com.comp3111.chatbot/src/main/java/com/comp3111/chatbot/CallbackController.java:115: error: cannot find symbol
            log.info("Failed to add subscriber: {}", e.toString());
            ^
  symbol:   variable log
  location: class CallbackController
/mnt/batch/tasks/workitems/NONDEX_nondex_r131_1M31d16h48m2s/job-1/Task1195/wd/NonDex-plugin-test/github.com/IniZio/com.comp3111.chatbot/src/main/java/com/comp3111/chatbot/CallbackController.java:118: error: cannot find symbol
            log.info("Failed to add user to thanksgiving table: {}", e.toString());
            ^
  symbol:   variable log
  location: class CallbackController
/mnt/batch/tasks/workitems/NONDEX_nondex_r131_1M31d16h48m2s/job-1/Task1195/wd/NonDex-plugin-test/github.com/IniZio/com.comp3111.chatbot/src/main/java/com/comp3111/chatbot/CallbackController.java:146: error: cannot find symbol
        log.info("Received message(Ignored): {}", event);
        ^
  symbol:   variable log
  location: class CallbackController
/mnt/batch/tasks/workitems/NONDEX_nondex_r131_1M31d16h48m2s/job-1/Task1195/wd/NonDex-plugin-test/github.com/IniZio/com.comp3111.chatbot/src/main/java/com/comp3111/chatbot/CallbackController.java:158: error: cannot find symbol
            log.info("Sent messages: {}", apiResponse);
            ^
  symbol:   variable log
  location: class CallbackController
/mnt/batch/tasks/workitems/NONDEX_nondex_r131_1M31d16h48m2s/job-1/Task1195/wd/NonDex-plugin-test/github.com/IniZio/com.comp3111.chatbot/src/main/java/com/comp3111/chatbot/CallbackController.java:188: error: cannot find symbol
        log.info("Returns  message {}: {}", replyToken, default_reply);
        ^
  symbol:   variable log
  location: class CallbackController
/mnt/batch/tasks/workitems/NONDEX_nondex_r131_1M31d16h48m2s/job-1/Task1195/wd/NonDex-plugin-test/github.com/IniZio/com.comp3111.chatbot/src/main/java/com/comp3111/chatbot/CallbackController.java:212: error: cannot find symbol
        log.info("Going to handle action {}, which is {} null", action, action == null ? "" : "not");
        ^
  symbol:   variable log
  location: class CallbackController
/mnt/batch/tasks/workitems/NONDEX_nondex_r131_1M31d16h48m2s/job-1/Task1195/wd/NonDex-plugin-test/github.com/IniZio/com.comp3111.chatbot/src/main/java/com/comp3111/chatbot/CallbackController.java:287: error: cannot find symbol
                log.info("Returns echo message {}: {}", replyToken, reply);
                ^
  symbol:   variable log
  location: class CallbackController
/mnt/batch/tasks/workitems/NONDEX_nondex_r131_1M31d16h48m2s/job-1/Task1195/wd/NonDex-plugin-test/github.com/IniZio/com.comp3111.chatbot/src/main/java/com/comp3111/chatbot/CallbackController.java:351: error: cannot find symbol
                log.info("Returns echo message {}: {}", replyToken, reply);
                ^
  symbol:   variable log
  location: class CallbackController
/mnt/batch/tasks/workitems/NONDEX_nondex_r131_1M31d16h48m2s/job-1/Task1195/wd/NonDex-plugin-test/github.com/IniZio/com.comp3111.chatbot/src/main/java/com/comp3111/chatbot/CallbackController.java:614: error: cannot find symbol
            log.info(e.toString());
            ^
  symbol:   variable log
  location: class CallbackController
/mnt/batch/tasks/workitems/NONDEX_nondex_r131_1M31d16h48m2s/job-1/Task1195/wd/NonDex-plugin-test/github.com/IniZio/com.comp3111.chatbot/src/main/java/com/comp3111/chatbot/CallbackController.java:643: error: cannot find symbol
        log.info("Got text message from {}: {}", replyToken, text);
        ^
  symbol:   variable log
  location: class CallbackController
/mnt/batch/tasks/workitems/NONDEX_nondex_r131_1M31d16h48m2s/job-1/Task1195/wd/NonDex-plugin-test/github.com/IniZio/com.comp3111.chatbot/src/main/java/com/comp3111/chatbot/CallbackController.java:660: error: cannot find symbol
                try { db.storeAction(userId, text, ACTION.COURSE_INPUT); } catch (Exception e) {log.info(e.toString());}
                                                                                                ^
  symbol:   variable log
  location: class CallbackController
/mnt/batch/tasks/workitems/NONDEX_nondex_r131_1M31d16h48m2s/job-1/Task1195/wd/NonDex-plugin-test/github.com/IniZio/com.comp3111.chatbot/src/main/java/com/comp3111/chatbot/CallbackController.java:665: error: cannot find symbol
                try { db.storeAction(userId, text, ACTION.OPENINGHOUR_CHOOSE); } catch (Exception e) {log.info(e.toString());}
                                                                                                      ^
  symbol:   variable log
  location: class CallbackController
/mnt/batch/tasks/workitems/NONDEX_nondex_r131_1M31d16h48m2s/job-1/Task1195/wd/NonDex-plugin-test/github.com/IniZio/com.comp3111.chatbot/src/main/java/com/comp3111/chatbot/CallbackController.java:670: error: cannot find symbol
                try { db.storeAction(userId, text, ACTION.LINK_CHOOSE); } catch (Exception e) {log.info(e.toString());}
                                                                                               ^
  symbol:   variable log
  location: class CallbackController
/mnt/batch/tasks/workitems/NONDEX_nondex_r131_1M31d16h48m2s/job-1/Task1195/wd/NonDex-plugin-test/github.com/IniZio/com.comp3111.chatbot/src/main/java/com/comp3111/chatbot/CallbackController.java:675: error: cannot find symbol
                try { db.storeAction(userId, text, ACTION.PEOPLE_INPUT); } catch (Exception e) {log.info(e.toString());}
                                                                                                ^
  symbol:   variable log
  location: class CallbackController
/mnt/batch/tasks/workitems/NONDEX_nondex_r131_1M31d16h48m2s/job-1/Task1195/wd/NonDex-plugin-test/github.com/IniZio/com.comp3111.chatbot/src/main/java/com/comp3111/chatbot/CallbackController.java:680: error: cannot find symbol
            try { db.storeAction(userId, text, ACTION.ROOM_INPUT); } catch (Exception e) {log.info(e.toString());}
                                                                                          ^
  symbol:   variable log
  location: class CallbackController
/mnt/batch/tasks/workitems/NONDEX_nondex_r131_1M31d16h48m2s/job-1/Task1195/wd/NonDex-plugin-test/github.com/IniZio/com.comp3111.chatbot/src/main/java/com/comp3111/chatbot/CallbackController.java:685: error: cannot find symbol
            try { db.storeAction(userId, text, ACTION.BUS_CHOOSE_BUS); } catch (Exception e) {log.info(e.toString());}
                                                                                              ^
  symbol:   variable log
  location: class CallbackController
/mnt/batch/tasks/workitems/NONDEX_nondex_r131_1M31d16h48m2s/job-1/Task1195/wd/NonDex-plugin-test/github.com/IniZio/com.comp3111.chatbot/src/main/java/com/comp3111/chatbot/CallbackController.java:694: error: cannot find symbol
                log.info(event.toString());
                ^
  symbol:   variable log
  location: class CallbackController
/mnt/batch/tasks/workitems/NONDEX_nondex_r131_1M31d16h48m2s/job-1/Task1195/wd/NonDex-plugin-test/github.com/IniZio/com.comp3111.chatbot/src/main/java/com/comp3111/chatbot/CallbackController.java:700: error: cannot find symbol
            try { db.storeAction(userId, text, ACTION.TODO_MENU); } catch (Exception e) {log.info(e.toString());}
                                                                                         ^
  symbol:   variable log
  location: class CallbackController
/mnt/batch/tasks/workitems/NONDEX_nondex_r131_1M31d16h48m2s/job-1/Task1195/wd/NonDex-plugin-test/github.com/IniZio/com.comp3111.chatbot/src/main/java/com/comp3111/chatbot/CallbackController.java:705: error: cannot find symbol
            try { db.storeAction(userId, text, ACTION.TODO_INPUT); } catch (Exception e) {log.info(e.toString());}
                                                                                          ^
  symbol:   variable log
  location: class CallbackController
/mnt/batch/tasks/workitems/NONDEX_nondex_r131_1M31d16h48m2s/job-1/Task1195/wd/NonDex-plugin-test/github.com/IniZio/com.comp3111.chatbot/src/main/java/com/comp3111/chatbot/CallbackController.java:730: error: cannot find symbol
            log.info("result: {} =>  {}", Arrays.toString(args), i);
            ^
  symbol:   variable log
  location: class CallbackController
/mnt/batch/tasks/workitems/NONDEX_nondex_r131_1M31d16h48m2s/job-1/Task1195/wd/NonDex-plugin-test/github.com/IniZio/com.comp3111.chatbot/src/main/java/com/comp3111/chatbot/CallbackController.java:734: error: cannot find symbol
            log.info("Interrupted", e);
            ^
  symbol:   variable log
  location: class CallbackController
/mnt/batch/tasks/workitems/NONDEX_nondex_r131_1M31d16h48m2s/job-1/Task1195/wd/NonDex-plugin-test/github.com/IniZio/com.comp3111.chatbot/src/main/java/com/comp3111/chatbot/CallbackController.java:740: error: cannot find symbol
        log.info("Got content-type: {}", responseBody);
        ^
  symbol:   variable log
  location: class CallbackController
/mnt/batch/tasks/workitems/NONDEX_nondex_r131_1M31d16h48m2s/job-1/Task1195/wd/NonDex-plugin-test/github.com/IniZio/com.comp3111.chatbot/src/main/java/com/comp3111/chatbot/CallbackController.java:745: error: cannot find symbol
            log.info("Saved {}: {}", ext, tempFile);
            ^
  symbol:   variable log
  location: class CallbackController
/mnt/batch/tasks/workitems/NONDEX_nondex_r131_1M31d16h48m2s/job-1/Task1195/wd/NonDex-plugin-test/github.com/IniZio/com.comp3111.chatbot/src/main/java/com/comp3111/chatbot/CallbackController.java:756: error: constructor DownloadedContent in class DownloadedContent cannot be applied to given types;
        return new DownloadedContent(tempFile, createUri("/downloaded/" + tempFile.getFileName()));
               ^
  required: no arguments
  found: Path,String
  reason: actual and formal argument lists differ in length
81 errors

FAILURE: Build failed with an exception.

* What went wrong:
Execution failed for task ':compileJava'.
> Compilation failed; see the compiler error output for details.

* Try:
Run with --stacktrace option to get the stack trace. Run with --info or --debug option to get more log output. Run with --scan to get full insights.

* Get more help at https://help.gradle.org

BUILD FAILED in 10s
