startup failed:
/mnt/batch/tasks/workitems/NONDEX_nondex_r131_1M31d16h48m2s/job-1/Task1113/wd/NonDex-plugin-test/github.com/netzwerg/gradle-release-plugin/src/test/groovy/ch/netzwerg/gradle/release/ReleaseExtensionTest.groovy: 7: unable to resolve class org.junit.Before
 @ line 7, column 1.
   import org.junit.Before
   ^

/mnt/batch/tasks/workitems/NONDEX_nondex_r131_1M31d16h48m2s/job-1/Task1113/wd/NonDex-plugin-test/github.com/netzwerg/gradle-release-plugin/src/test/groovy/ch/netzwerg/gradle/release/ReleaseExtensionTest.groovy: 8: unable to resolve class org.junit.Test
 @ line 8, column 1.
   import org.junit.Test
   ^

/mnt/batch/tasks/workitems/NONDEX_nondex_r131_1M31d16h48m2s/job-1/Task1113/wd/NonDex-plugin-test/github.com/netzwerg/gradle-release-plugin/src/test/groovy/ch/netzwerg/gradle/release/ReleaseExtensionTest.groovy: 12: unable to resolve class org.junit.Assert
 @ line 12, column 1.
   import static org.junit.Assert.assertEquals
   ^

/mnt/batch/tasks/workitems/NONDEX_nondex_r131_1M31d16h48m2s/job-1/Task1113/wd/NonDex-plugin-test/github.com/netzwerg/gradle-release-plugin/src/test/groovy/ch/netzwerg/gradle/release/ReleaseExtensionTest.groovy: 13: unable to resolve class org.junit.Assert
 @ line 13, column 1.
   import static org.junit.Assert.assertNotNull
   ^

/mnt/batch/tasks/workitems/NONDEX_nondex_r131_1M31d16h48m2s/job-1/Task1113/wd/NonDex-plugin-test/github.com/netzwerg/gradle-release-plugin/src/test/groovy/ch/netzwerg/gradle/release/ReleasePluginTest.groovy: 6: unable to resolve class org.junit.Before
 @ line 6, column 1.
   import org.junit.Before
   ^

/mnt/batch/tasks/workitems/NONDEX_nondex_r131_1M31d16h48m2s/job-1/Task1113/wd/NonDex-plugin-test/github.com/netzwerg/gradle-release-plugin/src/test/groovy/ch/netzwerg/gradle/release/ReleasePluginTest.groovy: 7: unable to resolve class org.junit.Test
 @ line 7, column 1.
   import org.junit.Test
   ^

/mnt/batch/tasks/workitems/NONDEX_nondex_r131_1M31d16h48m2s/job-1/Task1113/wd/NonDex-plugin-test/github.com/netzwerg/gradle-release-plugin/src/test/groovy/ch/netzwerg/gradle/release/ReleasePluginTest.groovy: 5: unable to resolve class org.junit.After
 @ line 5, column 1.
   import org.junit.After
   ^

/mnt/batch/tasks/workitems/NONDEX_nondex_r131_1M31d16h48m2s/job-1/Task1113/wd/NonDex-plugin-test/github.com/netzwerg/gradle-release-plugin/src/test/groovy/ch/netzwerg/gradle/release/ReleasePluginTest.groovy: 9: unable to resolve class org.junit.Assert
 @ line 9, column 1.
   import static org.junit.Assert.assertEquals
   ^

/mnt/batch/tasks/workitems/NONDEX_nondex_r131_1M31d16h48m2s/job-1/Task1113/wd/NonDex-plugin-test/github.com/netzwerg/gradle-release-plugin/src/test/groovy/ch/netzwerg/gradle/release/ReleasePluginTest.groovy: 10: unable to resolve class org.junit.Assert
 @ line 10, column 1.
   import static org.junit.Assert.assertNotNull
   ^

/mnt/batch/tasks/workitems/NONDEX_nondex_r131_1M31d16h48m2s/job-1/Task1113/wd/NonDex-plugin-test/github.com/netzwerg/gradle-release-plugin/src/test/groovy/ch/netzwerg/gradle/release/ReleaseTaskTest.groovy: 3: unable to resolve class org.junit.Test
 @ line 3, column 1.
   import org.junit.Test
   ^

/mnt/batch/tasks/workitems/NONDEX_nondex_r131_1M31d16h48m2s/job-1/Task1113/wd/NonDex-plugin-test/github.com/netzwerg/gradle-release-plugin/src/test/groovy/ch/netzwerg/gradle/release/ReleaseTaskTest.groovy: 5: unable to resolve class org.junit.Assert
 @ line 5, column 1.
   import static org.junit.Assert.assertEquals
   ^

/mnt/batch/tasks/workitems/NONDEX_nondex_r131_1M31d16h48m2s/job-1/Task1113/wd/NonDex-plugin-test/github.com/netzwerg/gradle-release-plugin/src/test/groovy/ch/netzwerg/gradle/release/VersionUpgradeStrategyFactoryTest.groovy: 4: unable to resolve class org.junit.Test
 @ line 4, column 1.
   import org.junit.Test
   ^

/mnt/batch/tasks/workitems/NONDEX_nondex_r131_1M31d16h48m2s/job-1/Task1113/wd/NonDex-plugin-test/github.com/netzwerg/gradle-release-plugin/src/test/groovy/ch/netzwerg/gradle/release/VersionUpgradeStrategyFactoryTest.groovy: 6: unable to resolve class org.junit.Assert
 @ line 6, column 1.
   import static org.junit.Assert.assertEquals
   ^

13 errors


FAILURE: Build failed with an exception.

* What went wrong:
Execution failed for task ':compileTestGroovy'.
> Compilation failed; see the compiler error output for details.

* Try:
Run with --stacktrace option to get the stack trace. Run with --info or --debug option to get more log output. Run with --scan to get full insights.

* Get more help at https://help.gradle.org

BUILD FAILED in 17s
