e: org.jetbrains.kotlin.util.KotlinFrontEndException: Front-end Internal error: Failed to analyze declaration DependencyResult
Cause: Unable to make field private static final jdk.internal.misc.Unsafe jdk.internal.misc.Unsafe.theUnsafe accessible: module java.base does not "opens jdk.internal.misc" to unnamed module @6097e8f8
File being compiled and position: (5,1) in /mnt/batch/tasks/workitems/NONDEX_nondex_r131_1M31d16h48m2s/job-1/Task417/wd/NonDex-plugin-test/github.com/Commit451/jitpacktogit/jitpacktogit/src/main/kotlin/com/commit451/jitpacktogit/DependencyResult.kt
PsiElement: /**
 * The dependency and its URL
 */
data class DependencyResult(val url: String, val dependency: Dependency) {

    override fun hashCode(): Int {
        return url.hashCode()
    }

    override fun equals(other: Any?): Boolean {
        if (other !is DependencyResult) {
            return false
        }
        return url == other.url
    }
}
The root cause was thrown at: AccessibleObject.java:340
	at org.jetbrains.kotlin.resolve.ExceptionWrappingKtVisitorVoid.visitDeclaration(ExceptionWrappingKtVisitorVoid.kt:41)
	at org.jetbrains.kotlin.psi.KtVisitorVoid.visitDeclaration(KtVisitorVoid.java:441)
	at org.jetbrains.kotlin.psi.KtVisitorVoid.visitDeclaration(KtVisitorVoid.java:21)
	at org.jetbrains.kotlin.psi.KtVisitor.visitNamedDeclaration(KtVisitor.java:386)
	at org.jetbrains.kotlin.psi.KtVisitorVoid.visitNamedDeclaration(KtVisitorVoid.java:369)
	at org.jetbrains.kotlin.psi.KtVisitorVoid.visitNamedDeclaration(KtVisitorVoid.java:941)
	at org.jetbrains.kotlin.psi.KtVisitorVoid.visitNamedDeclaration(KtVisitorVoid.java:21)
	at org.jetbrains.kotlin.psi.KtVisitor.visitClassOrObject(KtVisitor.java:41)
	at org.jetbrains.kotlin.psi.KtVisitorVoid.visitClassOrObject(KtVisitorVoid.java:37)
	at org.jetbrains.kotlin.psi.KtVisitorVoid.visitClassOrObject(KtVisitorVoid.java:453)
	at org.jetbrains.kotlin.psi.KtVisitorVoid.visitClassOrObject(KtVisitorVoid.java:21)
	at org.jetbrains.kotlin.psi.KtVisitor.visitClass(KtVisitor.java:33)
	at org.jetbrains.kotlin.psi.KtVisitorVoid.visitClass(KtVisitorVoid.java:33)
	at org.jetbrains.kotlin.psi.KtVisitorVoid.visitClass(KtVisitorVoid.java:447)
	at org.jetbrains.kotlin.psi.KtVisitorVoid.visitClass(KtVisitorVoid.java:21)
	at org.jetbrains.kotlin.psi.KtClass.accept(KtClass.kt:34)
	at org.jetbrains.kotlin.psi.KtElementImplStub.accept(KtElementImplStub.java:58)
	at org.jetbrains.kotlin.resolve.LazyTopDownAnalyzer$analyzeDeclarations$1.registerDeclarations(LazyTopDownAnalyzer.kt:66)
	at org.jetbrains.kotlin.resolve.LazyTopDownAnalyzer$analyzeDeclarations$1.visitKtFile(LazyTopDownAnalyzer.kt:84)
	at org.jetbrains.kotlin.psi.KtVisitorVoid.visitKtFile(KtVisitorVoid.java:495)
	at org.jetbrains.kotlin.psi.KtVisitorVoid.visitKtFile(KtVisitorVoid.java:21)
	at org.jetbrains.kotlin.psi.KtFile.accept(KtFile.java:234)
	at org.jetbrains.kotlin.psi.KtFile.accept(KtFile.java:214)
	at org.jetbrains.kotlin.resolve.ExceptionWrappingKtVisitorVoid.visitElement(ExceptionWrappingKtVisitorVoid.kt:27)
	at org.jetbrains.kotlin.com.intellij.psi.PsiElementVisitor.visitFile(PsiElementVisitor.java:34)
	at org.jetbrains.kotlin.psi.KtVisitor.visitKtFile(KtVisitor.java:69)
	at org.jetbrains.kotlin.psi.KtVisitorVoid.visitKtFile(KtVisitorVoid.java:65)
	at org.jetbrains.kotlin.psi.KtVisitorVoid.visitKtFile(KtVisitorVoid.java:495)
	at org.jetbrains.kotlin.psi.KtVisitorVoid.visitKtFile(KtVisitorVoid.java:21)
	at org.jetbrains.kotlin.psi.KtFile.accept(KtFile.java:234)
	at org.jetbrains.kotlin.psi.KtFile.accept(KtFile.java:214)
	at org.jetbrains.kotlin.resolve.LazyTopDownAnalyzer.analyzeDeclarations(LazyTopDownAnalyzer.kt:176)
	at org.jetbrains.kotlin.resolve.LazyTopDownAnalyzerForTopLevel.analyzeDeclarations(LazyTopDownAnalyzerForTopLevel.java:74)
	at org.jetbrains.kotlin.resolve.LazyTopDownAnalyzerForTopLevel.analyzeFiles(LazyTopDownAnalyzerForTopLevel.java:66)
	at org.jetbrains.kotlin.resolve.jvm.TopDownAnalyzerFacadeForJVM.analyzeFilesWithJavaIntegration(TopDownAnalyzerFacadeForJVM.kt:136)
	at org.jetbrains.kotlin.resolve.jvm.TopDownAnalyzerFacadeForJVM.analyzeFilesWithJavaIntegrationWithCustomContext(TopDownAnalyzerFacadeForJVM.kt:67)
	at org.jetbrains.kotlin.cli.jvm.compiler.KotlinToJVMBytecodeCompiler$analyze$1.analyze(KotlinToJVMBytecodeCompiler.kt:365)
	at org.jetbrains.kotlin.cli.common.messages.AnalyzerWithCompilerReport.analyzeAndReport(AnalyzerWithCompilerReport.kt:104)
	at org.jetbrains.kotlin.cli.jvm.compiler.KotlinToJVMBytecodeCompiler.analyze(KotlinToJVMBytecodeCompiler.kt:358)
	at org.jetbrains.kotlin.cli.jvm.compiler.KotlinToJVMBytecodeCompiler.compileModules(KotlinToJVMBytecodeCompiler.kt:131)
	at org.jetbrains.kotlin.cli.jvm.K2JVMCompiler.doExecute(K2JVMCompiler.kt:186)
	at org.jetbrains.kotlin.cli.jvm.K2JVMCompiler.doExecute(K2JVMCompiler.kt:53)
	at org.jetbrains.kotlin.cli.common.CLICompiler.exec(CLICompiler.java:198)
	at org.jetbrains.kotlin.gradle.tasks.TasksKt.compileJvmNotIncrementally(Tasks.kt:285)
	at org.jetbrains.kotlin.gradle.tasks.KotlinCompile.callCompiler$kotlin_gradle_plugin(Tasks.kt:173)
	at org.jetbrains.kotlin.gradle.tasks.KotlinCompile.callCompiler$kotlin_gradle_plugin(Tasks.kt:104)
	at org.jetbrains.kotlin.gradle.tasks.AbstractKotlinCompile.execute(Tasks.kt:97)
	at java.base/jdk.internal.reflect.NativeMethodAccessorImpl.invoke0(Native Method)
	at java.base/jdk.internal.reflect.NativeMethodAccessorImpl.invoke(NativeMethodAccessorImpl.java:62)
	at java.base/jdk.internal.reflect.DelegatingMethodAccessorImpl.invoke(DelegatingMethodAccessorImpl.java:43)
	at java.base/java.lang.reflect.Method.invoke(Method.java:566)
	at org.gradle.internal.reflect.JavaMethod.invoke(JavaMethod.java:73)
	at org.gradle.api.internal.project.taskfactory.IncrementalTaskAction.doExecute(IncrementalTaskAction.java:46)
	at org.gradle.api.internal.project.taskfactory.StandardTaskAction.execute(StandardTaskAction.java:41)
	at org.gradle.api.internal.project.taskfactory.StandardTaskAction.execute(StandardTaskAction.java:28)
	at org.gradle.api.internal.tasks.execution.ExecuteActionsTaskExecuter$1.run(ExecuteActionsTaskExecuter.java:117)
	at org.gradle.internal.operations.DefaultBuildOperationExecutor$RunnableBuildOperationWorker.execute(DefaultBuildOperationExecutor.java:301)
	at org.gradle.internal.operations.DefaultBuildOperationExecutor$RunnableBuildOperationWorker.execute(DefaultBuildOperationExecutor.java:293)
	at org.gradle.internal.operations.DefaultBuildOperationExecutor.execute(DefaultBuildOperationExecutor.java:175)
	at org.gradle.internal.operations.DefaultBuildOperationExecutor.run(DefaultBuildOperationExecutor.java:91)
	at org.gradle.internal.operations.DelegatingBuildOperationExecutor.run(DelegatingBuildOperationExecutor.java:31)
	at org.gradle.api.internal.tasks.execution.ExecuteActionsTaskExecuter.executeAction(ExecuteActionsTaskExecuter.java:106)
	at org.gradle.api.internal.tasks.execution.ExecuteActionsTaskExecuter.executeActions(ExecuteActionsTaskExecuter.java:85)
	at org.gradle.api.internal.tasks.execution.ExecuteActionsTaskExecuter.execute(ExecuteActionsTaskExecuter.java:65)
	at org.gradle.api.internal.tasks.execution.ActionEventFiringTaskExecuter.execute(ActionEventFiringTaskExecuter.java:44)
	at org.gradle.api.internal.tasks.execution.TimeoutTaskExecuter.execute(TimeoutTaskExecuter.java:53)
	at org.gradle.api.internal.tasks.execution.SnapshotAfterExecutionTaskExecuter.execute(SnapshotAfterExecutionTaskExecuter.java:38)
	at org.gradle.api.internal.tasks.execution.OutputDirectoryCreatingTaskExecuter.execute(OutputDirectoryCreatingTaskExecuter.java:51)
	at org.gradle.api.internal.tasks.execution.SkipUpToDateTaskExecuter.execute(SkipUpToDateTaskExecuter.java:59)
	at org.gradle.api.internal.tasks.execution.ResolveTaskOutputCachingStateExecuter.execute(ResolveTaskOutputCachingStateExecuter.java:49)
	at org.gradle.api.internal.tasks.execution.ValidatingTaskExecuter.execute(ValidatingTaskExecuter.java:61)
	at org.gradle.api.internal.tasks.execution.SkipEmptySourceFilesTaskExecuter.execute(SkipEmptySourceFilesTaskExecuter.java:101)
	at org.gradle.api.internal.tasks.execution.CleanupStaleOutputsExecuter.execute(CleanupStaleOutputsExecuter.java:91)
	at org.gradle.api.internal.tasks.execution.FinalizePropertiesTaskExecuter.execute(FinalizePropertiesTaskExecuter.java:44)
	at org.gradle.api.internal.tasks.execution.ResolveTaskArtifactStateTaskExecuter.execute(ResolveTaskArtifactStateTaskExecuter.java:62)
	at org.gradle.api.internal.tasks.execution.SkipTaskWithNoActionsExecuter.execute(SkipTaskWithNoActionsExecuter.java:55)
	at org.gradle.api.internal.tasks.execution.SkipOnlyIfTaskExecuter.execute(SkipOnlyIfTaskExecuter.java:54)
	at org.gradle.api.internal.tasks.execution.CatchExceptionTaskExecuter.execute(CatchExceptionTaskExecuter.java:35)
	at org.gradle.api.internal.tasks.execution.EventFiringTaskExecuter$1.run(EventFiringTaskExecuter.java:49)
	at org.gradle.internal.operations.DefaultBuildOperationExecutor$RunnableBuildOperationWorker.execute(DefaultBuildOperationExecutor.java:301)
	at org.gradle.internal.operations.DefaultBuildOperationExecutor$RunnableBuildOperationWorker.execute(DefaultBuildOperationExecutor.java:293)
	at org.gradle.internal.operations.DefaultBuildOperationExecutor.execute(DefaultBuildOperationExecutor.java:175)
	at org.gradle.internal.operations.DefaultBuildOperationExecutor.run(DefaultBuildOperationExecutor.java:91)
	at org.gradle.internal.operations.DelegatingBuildOperationExecutor.run(DelegatingBuildOperationExecutor.java:31)
	at org.gradle.api.internal.tasks.execution.EventFiringTaskExecuter.execute(EventFiringTaskExecuter.java:44)
	at org.gradle.execution.plan.LocalTaskNodeExecutor.execute(LocalTaskNodeExecutor.java:43)
	at org.gradle.execution.taskgraph.DefaultTaskExecutionGraph$InvokeNodeExecutorsAction.execute(DefaultTaskExecutionGraph.java:337)
	at org.gradle.execution.taskgraph.DefaultTaskExecutionGraph$InvokeNodeExecutorsAction.execute(DefaultTaskExecutionGraph.java:325)
	at org.gradle.execution.taskgraph.DefaultTaskExecutionGraph$BuildOperationAwareExecutionAction.execute(DefaultTaskExecutionGraph.java:318)
	at org.gradle.execution.taskgraph.DefaultTaskExecutionGraph$BuildOperationAwareExecutionAction.execute(DefaultTaskExecutionGraph.java:304)
	at org.gradle.execution.plan.DefaultPlanExecutor$ExecutorWorker$1.execute(DefaultPlanExecutor.java:134)
	at org.gradle.execution.plan.DefaultPlanExecutor$ExecutorWorker$1.execute(DefaultPlanExecutor.java:129)
	at org.gradle.execution.plan.DefaultPlanExecutor$ExecutorWorker.execute(DefaultPlanExecutor.java:202)
	at org.gradle.execution.plan.DefaultPlanExecutor$ExecutorWorker.executeNextNode(DefaultPlanExecutor.java:193)
	at org.gradle.execution.plan.DefaultPlanExecutor$ExecutorWorker.run(DefaultPlanExecutor.java:129)
	at org.gradle.execution.plan.DefaultPlanExecutor.process(DefaultPlanExecutor.java:74)
	at org.gradle.execution.taskgraph.DefaultTaskExecutionGraph.executeWithServices(DefaultTaskExecutionGraph.java:167)
	at org.gradle.execution.taskgraph.DefaultTaskExecutionGraph.execute(DefaultTaskExecutionGraph.java:150)
	at org.gradle.execution.SelectedTaskExecutionAction.execute(SelectedTaskExecutionAction.java:41)
	at org.gradle.execution.DefaultBuildExecuter.execute(DefaultBuildExecuter.java:40)
	at org.gradle.execution.DefaultBuildExecuter.access$000(DefaultBuildExecuter.java:24)
	at org.gradle.execution.DefaultBuildExecuter$1.proceed(DefaultBuildExecuter.java:46)
	at org.gradle.execution.DryRunBuildExecutionAction.execute(DryRunBuildExecutionAction.java:49)
	at org.gradle.execution.DefaultBuildExecuter.execute(DefaultBuildExecuter.java:40)
	at org.gradle.execution.DefaultBuildExecuter.execute(DefaultBuildExecuter.java:33)
	at org.gradle.initialization.DefaultGradleLauncher$ExecuteTasks.run(DefaultGradleLauncher.java:367)
	at org.gradle.internal.operations.DefaultBuildOperationExecutor$RunnableBuildOperationWorker.execute(DefaultBuildOperationExecutor.java:301)
	at org.gradle.internal.operations.DefaultBuildOperationExecutor$RunnableBuildOperationWorker.execute(DefaultBuildOperationExecutor.java:293)
	at org.gradle.internal.operations.DefaultBuildOperationExecutor.execute(DefaultBuildOperationExecutor.java:175)
	at org.gradle.internal.operations.DefaultBuildOperationExecutor.run(DefaultBuildOperationExecutor.java:91)
	at org.gradle.internal.operations.DelegatingBuildOperationExecutor.run(DelegatingBuildOperationExecutor.java:31)
	at org.gradle.initialization.DefaultGradleLauncher.runTasks(DefaultGradleLauncher.java:231)
	at org.gradle.initialization.DefaultGradleLauncher.doBuildStages(DefaultGradleLauncher.java:158)
	at org.gradle.initialization.DefaultGradleLauncher.executeTasks(DefaultGradleLauncher.java:133)
	at org.gradle.internal.invocation.GradleBuildController$1.execute(GradleBuildController.java:79)
	at org.gradle.internal.invocation.GradleBuildController$1.execute(GradleBuildController.java:76)
	at org.gradle.internal.invocation.GradleBuildController$3.create(GradleBuildController.java:103)
	at org.gradle.internal.invocation.GradleBuildController$3.create(GradleBuildController.java:96)
	at org.gradle.internal.work.DefaultWorkerLeaseService.withLocks(DefaultWorkerLeaseService.java:183)
	at org.gradle.internal.work.StopShieldingWorkerLeaseService.withLocks(StopShieldingWorkerLeaseService.java:40)
	at org.gradle.internal.invocation.GradleBuildController.doBuild(GradleBuildController.java:96)
	at org.gradle.internal.invocation.GradleBuildController.run(GradleBuildController.java:76)
	at org.gradle.tooling.internal.provider.ExecuteBuildActionRunner.run(ExecuteBuildActionRunner.java:28)
	at org.gradle.launcher.exec.ChainingBuildActionRunner.run(ChainingBuildActionRunner.java:35)
	at org.gradle.tooling.internal.provider.ValidatingBuildActionRunner.run(ValidatingBuildActionRunner.java:32)
	at org.gradle.launcher.exec.RunAsBuildOperationBuildActionRunner$3.run(RunAsBuildOperationBuildActionRunner.java:49)
	at org.gradle.internal.operations.DefaultBuildOperationExecutor$RunnableBuildOperationWorker.execute(DefaultBuildOperationExecutor.java:301)
	at org.gradle.internal.operations.DefaultBuildOperationExecutor$RunnableBuildOperationWorker.execute(DefaultBuildOperationExecutor.java:293)
	at org.gradle.internal.operations.DefaultBuildOperationExecutor.execute(DefaultBuildOperationExecutor.java:175)
	at org.gradle.internal.operations.DefaultBuildOperationExecutor.run(DefaultBuildOperationExecutor.java:91)
	at org.gradle.internal.operations.DelegatingBuildOperationExecutor.run(DelegatingBuildOperationExecutor.java:31)
	at org.gradle.launcher.exec.RunAsBuildOperationBuildActionRunner.run(RunAsBuildOperationBuildActionRunner.java:44)
	at org.gradle.tooling.internal.provider.SubscribableBuildActionRunner.run(SubscribableBuildActionRunner.java:51)
	at org.gradle.launcher.exec.InProcessBuildActionExecuter$1.transform(InProcessBuildActionExecuter.java:47)
	at org.gradle.launcher.exec.InProcessBuildActionExecuter$1.transform(InProcessBuildActionExecuter.java:44)
	at org.gradle.composite.internal.DefaultRootBuildState.run(DefaultRootBuildState.java:79)
	at org.gradle.launcher.exec.InProcessBuildActionExecuter.execute(InProcessBuildActionExecuter.java:44)
	at org.gradle.launcher.exec.InProcessBuildActionExecuter.execute(InProcessBuildActionExecuter.java:30)
	at org.gradle.launcher.exec.BuildTreeScopeBuildActionExecuter.execute(BuildTreeScopeBuildActionExecuter.java:39)
	at org.gradle.launcher.exec.BuildTreeScopeBuildActionExecuter.execute(BuildTreeScopeBuildActionExecuter.java:25)
	at org.gradle.tooling.internal.provider.ContinuousBuildActionExecuter.execute(ContinuousBuildActionExecuter.java:78)
	at org.gradle.tooling.internal.provider.ContinuousBuildActionExecuter.execute(ContinuousBuildActionExecuter.java:52)
	at org.gradle.tooling.internal.provider.ServicesSetupBuildActionExecuter.execute(ServicesSetupBuildActionExecuter.java:62)
	at org.gradle.tooling.internal.provider.ServicesSetupBuildActionExecuter.execute(ServicesSetupBuildActionExecuter.java:34)
	at org.gradle.tooling.internal.provider.GradleThreadBuildActionExecuter.execute(GradleThreadBuildActionExecuter.java:36)
	at org.gradle.tooling.internal.provider.GradleThreadBuildActionExecuter.execute(GradleThreadBuildActionExecuter.java:25)
	at org.gradle.tooling.internal.provider.ParallelismConfigurationBuildActionExecuter.execute(ParallelismConfigurationBuildActionExecuter.java:43)
	at org.gradle.tooling.internal.provider.ParallelismConfigurationBuildActionExecuter.execute(ParallelismConfigurationBuildActionExecuter.java:29)
	at org.gradle.tooling.internal.provider.StartParamsValidatingActionExecuter.execute(StartParamsValidatingActionExecuter.java:59)
	at org.gradle.tooling.internal.provider.StartParamsValidatingActionExecuter.execute(StartParamsValidatingActionExecuter.java:31)
	at org.gradle.tooling.internal.provider.SessionFailureReportingActionExecuter.execute(SessionFailureReportingActionExecuter.java:59)
	at org.gradle.tooling.internal.provider.SessionFailureReportingActionExecuter.execute(SessionFailureReportingActionExecuter.java:44)
	at org.gradle.tooling.internal.provider.SetupLoggingActionExecuter.execute(SetupLoggingActionExecuter.java:46)
	at org.gradle.tooling.internal.provider.SetupLoggingActionExecuter.execute(SetupLoggingActionExecuter.java:30)
	at org.gradle.launcher.daemon.server.exec.ExecuteBuild.doBuild(ExecuteBuild.java:67)
	at org.gradle.launcher.daemon.server.exec.BuildCommandOnly.execute(BuildCommandOnly.java:36)
	at org.gradle.launcher.daemon.server.api.DaemonCommandExecution.proceed(DaemonCommandExecution.java:122)
	at org.gradle.launcher.daemon.server.exec.WatchForDisconnection.execute(WatchForDisconnection.java:37)
	at org.gradle.launcher.daemon.server.api.DaemonCommandExecution.proceed(DaemonCommandExecution.java:122)
	at org.gradle.launcher.daemon.server.exec.ResetDeprecationLogger.execute(ResetDeprecationLogger.java:26)
	at org.gradle.launcher.daemon.server.api.DaemonCommandExecution.proceed(DaemonCommandExecution.java:122)
	at org.gradle.launcher.daemon.server.exec.RequestStopIfSingleUsedDaemon.execute(RequestStopIfSingleUsedDaemon.java:34)
	at org.gradle.launcher.daemon.server.api.DaemonCommandExecution.proceed(DaemonCommandExecution.java:122)
	at org.gradle.launcher.daemon.server.exec.ForwardClientInput$2.call(ForwardClientInput.java:74)
	at org.gradle.launcher.daemon.server.exec.ForwardClientInput$2.call(ForwardClientInput.java:72)
	at org.gradle.util.Swapper.swap(Swapper.java:38)
	at org.gradle.launcher.daemon.server.exec.ForwardClientInput.execute(ForwardClientInput.java:72)
	at org.gradle.launcher.daemon.server.api.DaemonCommandExecution.proceed(DaemonCommandExecution.java:122)
	at org.gradle.launcher.daemon.server.exec.LogAndCheckHealth.execute(LogAndCheckHealth.java:55)
	at org.gradle.launcher.daemon.server.api.DaemonCommandExecution.proceed(DaemonCommandExecution.java:122)
	at org.gradle.launcher.daemon.server.exec.LogToClient.doBuild(LogToClient.java:62)
	at org.gradle.launcher.daemon.server.exec.BuildCommandOnly.execute(BuildCommandOnly.java:36)
	at org.gradle.launcher.daemon.server.api.DaemonCommandExecution.proceed(DaemonCommandExecution.java:122)
	at org.gradle.launcher.daemon.server.exec.EstablishBuildEnvironment.doBuild(EstablishBuildEnvironment.java:81)
	at org.gradle.launcher.daemon.server.exec.BuildCommandOnly.execute(BuildCommandOnly.java:36)
	at org.gradle.launcher.daemon.server.api.DaemonCommandExecution.proceed(DaemonCommandExecution.java:122)
	at org.gradle.launcher.daemon.server.exec.StartBuildOrRespondWithBusy$1.run(StartBuildOrRespondWithBusy.java:50)
	at org.gradle.launcher.daemon.server.DaemonStateCoordinator$1.run(DaemonStateCoordinator.java:295)
	at org.gradle.internal.concurrent.ExecutorPolicy$CatchAndRecordFailures.onExecute(ExecutorPolicy.java:63)
	at org.gradle.internal.concurrent.ManagedExecutorImpl$1.run(ManagedExecutorImpl.java:46)
	at java.base/java.util.concurrent.ThreadPoolExecutor.runWorker(ThreadPoolExecutor.java:1128)
	at java.base/java.util.concurrent.ThreadPoolExecutor$Worker.run(ThreadPoolExecutor.java:628)
	at org.gradle.internal.concurrent.ThreadFactoryImpl$ManagedThreadRunnable.run(ThreadFactoryImpl.java:55)
	at java.base/java.lang.Thread.run(Thread.java:829)
Caused by: java.lang.reflect.InaccessibleObjectException: Unable to make field private static final jdk.internal.misc.Unsafe jdk.internal.misc.Unsafe.theUnsafe accessible: module java.base does not "opens jdk.internal.misc" to unnamed module @6097e8f8
	at java.base/java.lang.reflect.AccessibleObject.checkCanSetAccessible(AccessibleObject.java:340)
	at java.base/java.lang.reflect.AccessibleObject.checkCanSetAccessible(AccessibleObject.java:280)
	at java.base/java.lang.reflect.Field.checkCanSetAccessible(Field.java:176)
	at java.base/java.lang.reflect.Field.setAccessible(Field.java:170)
	at org.jetbrains.kotlin.com.intellij.util.DebugReflectionUtil.getAllFields(DebugReflectionUtil.java:52)
	at org.jetbrains.kotlin.com.intellij.util.DebugReflectionUtil.processStronglyReferencedValues(DebugReflectionUtil.java:90)
	at org.jetbrains.kotlin.com.intellij.util.CachedValueChecker.findReferencedPsi(CachedValueChecker.java:78)
	at org.jetbrains.kotlin.com.intellij.util.CachedValueChecker.access$000(CachedValueChecker.java:40)
	at org.jetbrains.kotlin.com.intellij.util.CachedValueChecker$1.process(CachedValueChecker.java:81)
	at org.jetbrains.kotlin.com.intellij.util.CachedValueChecker$1.process(CachedValueChecker.java:78)
	at org.jetbrains.kotlin.com.intellij.util.DebugReflectionUtil.processStronglyReferencedValues(DebugReflectionUtil.java:104)
	at org.jetbrains.kotlin.com.intellij.util.CachedValueChecker.findReferencedPsi(CachedValueChecker.java:78)
	at org.jetbrains.kotlin.com.intellij.util.CachedValueChecker.access$000(CachedValueChecker.java:40)
	at org.jetbrains.kotlin.com.intellij.util.CachedValueChecker$1.process(CachedValueChecker.java:81)
	at org.jetbrains.kotlin.com.intellij.util.CachedValueChecker$1.process(CachedValueChecker.java:78)
	at org.jetbrains.kotlin.com.intellij.util.DebugReflectionUtil.processStronglyReferencedValues(DebugReflectionUtil.java:104)
	at org.jetbrains.kotlin.com.intellij.util.CachedValueChecker.findReferencedPsi(CachedValueChecker.java:78)
	at org.jetbrains.kotlin.com.intellij.util.CachedValueChecker.access$000(CachedValueChecker.java:40)
	at org.jetbrains.kotlin.com.intellij.util.CachedValueChecker$1.process(CachedValueChecker.java:81)
	at org.jetbrains.kotlin.com.intellij.util.CachedValueChecker$1.process(CachedValueChecker.java:78)
	at org.jetbrains.kotlin.com.intellij.util.DebugReflectionUtil.processStronglyReferencedValues(DebugReflectionUtil.java:104)
	at org.jetbrains.kotlin.com.intellij.util.CachedValueChecker.findReferencedPsi(CachedValueChecker.java:78)
	at org.jetbrains.kotlin.com.intellij.util.CachedValueChecker.access$000(CachedValueChecker.java:40)
	at org.jetbrains.kotlin.com.intellij.util.CachedValueChecker$1.process(CachedValueChecker.java:81)
	at org.jetbrains.kotlin.com.intellij.util.CachedValueChecker$1.process(CachedValueChecker.java:78)
	at org.jetbrains.kotlin.com.intellij.util.DebugReflectionUtil.processStronglyReferencedValues(DebugReflectionUtil.java:104)
	at org.jetbrains.kotlin.com.intellij.util.CachedValueChecker.findReferencedPsi(CachedValueChecker.java:78)
	at org.jetbrains.kotlin.com.intellij.util.CachedValueChecker.access$000(CachedValueChecker.java:40)
	at org.jetbrains.kotlin.com.intellij.util.CachedValueChecker$1.process(CachedValueChecker.java:81)
	at org.jetbrains.kotlin.com.intellij.util.CachedValueChecker$1.process(CachedValueChecker.java:78)
	at org.jetbrains.kotlin.com.intellij.util.DebugReflectionUtil.processStronglyReferencedValues(DebugReflectionUtil.java:104)
	at org.jetbrains.kotlin.com.intellij.util.CachedValueChecker.findReferencedPsi(CachedValueChecker.java:78)
	at org.jetbrains.kotlin.com.intellij.util.CachedValueChecker.checkProvider(CachedValueChecker.java:52)
	at org.jetbrains.kotlin.com.intellij.util.CachedValuesManagerImpl.getCachedValue(CachedValuesManagerImpl.java:57)
	at org.jetbrains.kotlin.com.intellij.psi.util.CachedValuesManager.getCachedValue(CachedValuesManager.java:133)
	at org.jetbrains.kotlin.com.intellij.psi.impl.source.ClassInnerStuffCache.getInnerClasses(ClassInnerStuffCache.java:82)
	at org.jetbrains.kotlin.com.intellij.psi.impl.compiled.ClsClassImpl.getInnerClasses(ClsClassImpl.java:184)
	at org.jetbrains.kotlin.load.java.structure.impl.JavaClassImpl.getInnerClasses(JavaClassImpl.java:47)
	at org.jetbrains.kotlin.load.java.lazy.descriptors.LazyJavaClassMemberScope$nestedClassIndex$1.invoke(LazyJavaClassMemberScope.kt:631)
	at org.jetbrains.kotlin.load.java.lazy.descriptors.LazyJavaClassMemberScope$nestedClassIndex$1.invoke(LazyJavaClassMemberScope.kt:65)
	at org.jetbrains.kotlin.storage.LockBasedStorageManager$LockBasedLazyValue.invoke(LockBasedStorageManager.java:321)
	at org.jetbrains.kotlin.storage.LockBasedStorageManager$LockBasedNotNullLazyValue.invoke(LockBasedStorageManager.java:362)
	at org.jetbrains.kotlin.load.java.lazy.descriptors.LazyJavaClassMemberScope.getClassNames(LazyJavaClassMemberScope.kt:678)
	at org.jetbrains.kotlin.load.java.lazy.descriptors.LazyJavaScope.computeDescriptors(LazyJavaScope.kt:302)
	at org.jetbrains.kotlin.load.java.lazy.descriptors.LazyJavaScope$allDescriptors$1.invoke(LazyJavaScope.kt:57)
	at org.jetbrains.kotlin.load.java.lazy.descriptors.LazyJavaScope$allDescriptors$1.invoke(LazyJavaScope.kt:51)
	at org.jetbrains.kotlin.storage.LockBasedStorageManager$LockBasedLazyValue.invoke(LockBasedStorageManager.java:321)
	at org.jetbrains.kotlin.storage.LockBasedStorageManager$LockBasedNotNullLazyValue.invoke(LockBasedStorageManager.java:362)
	at org.jetbrains.kotlin.load.java.lazy.descriptors.LazyJavaScope.getContributedDescriptors(LazyJavaScope.kt:292)
	at org.jetbrains.kotlin.resolve.DescriptorUtils.getAllDescriptors(DescriptorUtils.java:566)
	at org.jetbrains.kotlin.load.java.sam.SingleAbstractMethodUtils.getAbstractMembers(SingleAbstractMethodUtils.java:48)
	at org.jetbrains.kotlin.load.java.sam.SingleAbstractMethodUtils.getSingleAbstractMethodOrNull(SingleAbstractMethodUtils.java:104)
	at org.jetbrains.kotlin.load.java.sam.SamConversionResolverImpl.resolveFunctionTypeIfSamInterface(SamConversionResolverImpl.kt:48)
	at org.jetbrains.kotlin.load.java.lazy.descriptors.LazyJavaClassDescriptor$functionTypeForSamInterface$1.invoke(LazyJavaClassDescriptor.kt:116)
	at org.jetbrains.kotlin.load.java.lazy.descriptors.LazyJavaClassDescriptor$functionTypeForSamInterface$1.invoke(LazyJavaClassDescriptor.kt:48)
	at org.jetbrains.kotlin.storage.LockBasedStorageManager$LockBasedLazyValue.invoke(LockBasedStorageManager.java:321)
	at org.jetbrains.kotlin.load.java.lazy.descriptors.LazyJavaClassDescriptor.getFunctionTypeForSamInterface(LazyJavaClassDescriptor.kt:129)
	at org.jetbrains.kotlin.load.java.sam.SamConversionResolverImpl.resolveSamConstructor(SamConversionResolverImpl.kt:33)
	at org.jetbrains.kotlin.load.java.lazy.descriptors.LazyJavaPackageScope.computeNonDeclaredFunctions(LazyJavaPackageScope.kt:152)
	at org.jetbrains.kotlin.load.java.lazy.descriptors.LazyJavaScope$functions$1.invoke(LazyJavaScope.kt:89)
	at org.jetbrains.kotlin.load.java.lazy.descriptors.LazyJavaScope$functions$1.invoke(LazyJavaScope.kt:51)
	at org.jetbrains.kotlin.storage.LockBasedStorageManager$MapBasedMemoizedFunction.invoke(LockBasedStorageManager.java:394)
	at org.jetbrains.kotlin.storage.LockBasedStorageManager$MapBasedMemoizedFunctionToNotNull.invoke(LockBasedStorageManager.java:458)
	at org.jetbrains.kotlin.load.java.lazy.descriptors.LazyJavaScope.getContributedFunctions(LazyJavaScope.kt:216)
	at org.jetbrains.kotlin.load.java.lazy.descriptors.JvmPackageScope.getContributedFunctions(JvmPackageScope.kt:65)
	at org.jetbrains.kotlin.resolve.scopes.ChainedMemberScope.getContributedFunctions(ChainedMemberScope.kt:39)
	at org.jetbrains.kotlin.resolve.scopes.AbstractScopeAdapter.getContributedFunctions(AbstractScopeAdapter.kt:37)
	at org.jetbrains.kotlin.resolve.QualifiedExpressionResolver.collectCandidateDescriptors(QualifiedExpressionResolver.kt:203)
	at org.jetbrains.kotlin.resolve.QualifiedExpressionResolver.processSingleImport(QualifiedExpressionResolver.kt:178)
	at org.jetbrains.kotlin.resolve.QualifiedExpressionResolver.processImportReference(QualifiedExpressionResolver.kt:154)
	at org.jetbrains.kotlin.resolve.lazy.LazyImportResolver$importedScopesProvider$1.invoke(LazyImportScope.kt:88)
	at org.jetbrains.kotlin.resolve.lazy.LazyImportResolver$importedScopesProvider$1.invoke(LazyImportScope.kt:75)
	at org.jetbrains.kotlin.storage.LockBasedStorageManager$MapBasedMemoizedFunction.invoke(LockBasedStorageManager.java:394)
	at org.jetbrains.kotlin.resolve.lazy.LazyImportResolver.getImportScope(LazyImportScope.kt:165)
	at org.jetbrains.kotlin.resolve.lazy.LazyImportResolver$selectSingleFromImports$1.invoke(LazyImportScope.kt:140)
	at org.jetbrains.kotlin.resolve.lazy.LazyImportResolver$selectSingleFromImports$2.invoke(LazyImportScope.kt:146)
	at org.jetbrains.kotlin.resolve.lazy.LazyImportResolver$selectSingleFromImports$2.invoke(LazyImportScope.kt:75)
	at org.jetbrains.kotlin.storage.LockBasedStorageManager.compute(LockBasedStorageManager.java:211)
	at org.jetbrains.kotlin.resolve.lazy.LazyImportResolver.selectSingleFromImports(LazyImportScope.kt:146)
	at org.jetbrains.kotlin.resolve.lazy.LazyImportScope.getContributedClassifier(LazyImportScope.kt:194)
	at org.jetbrains.kotlin.resolve.scopes.utils.ScopeUtilsKt.findClassifier(ScopeUtils.kt:74)
	at org.jetbrains.kotlin.resolve.QualifiedExpressionResolver.resolveDescriptorForType(QualifiedExpressionResolver.kt:71)
	at org.jetbrains.kotlin.resolve.TypeResolver.resolveDescriptorForType(TypeResolver.kt:616)
	at org.jetbrains.kotlin.resolve.TypeResolver$resolveTypeElement$1.visitUserType(TypeResolver.kt:162)
	at org.jetbrains.kotlin.psi.KtVisitorVoid.visitUserType(KtVisitorVoid.java:905)
	at org.jetbrains.kotlin.psi.KtVisitorVoid.visitUserType(KtVisitorVoid.java:21)
	at org.jetbrains.kotlin.psi.KtUserType.accept(KtUserType.java:42)
	at org.jetbrains.kotlin.psi.KtElementImplStub.accept(KtElementImplStub.java:58)
	at org.jetbrains.kotlin.resolve.TypeResolver.resolveTypeElement(TypeResolver.kt:160)
	at org.jetbrains.kotlin.resolve.TypeResolver.doResolvePossiblyBareType(TypeResolver.kt:117)
	at org.jetbrains.kotlin.resolve.TypeResolver.resolvePossiblyBareType(TypeResolver.kt:105)
	at org.jetbrains.kotlin.resolve.TypeResolver.resolveType(TypeResolver.kt:75)
	at org.jetbrains.kotlin.resolve.TypeResolver.resolveType(TypeResolver.kt:70)
	at org.jetbrains.kotlin.resolve.FunctionDescriptorResolver.resolveValueParameters(FunctionDescriptorResolver.kt:321)
	at org.jetbrains.kotlin.resolve.FunctionDescriptorResolver.createConstructorDescriptor(FunctionDescriptorResolver.kt:292)
	at org.jetbrains.kotlin.resolve.FunctionDescriptorResolver.resolvePrimaryConstructorDescriptor(FunctionDescriptorResolver.kt:241)
	at org.jetbrains.kotlin.resolve.lazy.descriptors.LazyClassMemberScope.resolvePrimaryConstructor(LazyClassMemberScope.kt:290)
	at org.jetbrains.kotlin.resolve.lazy.descriptors.LazyClassMemberScope$primaryConstructor$1.invoke(LazyClassMemberScope.kt:94)
	at org.jetbrains.kotlin.resolve.lazy.descriptors.LazyClassMemberScope$primaryConstructor$1.invoke(LazyClassMemberScope.kt:48)
	at org.jetbrains.kotlin.storage.LockBasedStorageManager$LockBasedLazyValue.invoke(LockBasedStorageManager.java:321)
	at org.jetbrains.kotlin.resolve.lazy.descriptors.LazyClassMemberScope.getPrimaryConstructor(LazyClassMemberScope.kt:280)
	at org.jetbrains.kotlin.resolve.lazy.descriptors.LazyClassMemberScope.createPropertiesFromPrimaryConstructorParameters(LazyClassMemberScope.kt:216)
	at org.jetbrains.kotlin.resolve.lazy.descriptors.LazyClassMemberScope.getNonDeclaredProperties(LazyClassMemberScope.kt:201)
	at org.jetbrains.kotlin.resolve.lazy.descriptors.AbstractLazyMemberScope.doGetProperties(AbstractLazyMemberScope.kt:116)
	at org.jetbrains.kotlin.resolve.lazy.descriptors.AbstractLazyMemberScope$propertyDescriptors$1.invoke(AbstractLazyMemberScope.kt:52)
	at org.jetbrains.kotlin.resolve.lazy.descriptors.AbstractLazyMemberScope$propertyDescriptors$1.invoke(AbstractLazyMemberScope.kt:41)
	at org.jetbrains.kotlin.storage.LockBasedStorageManager$MapBasedMemoizedFunction.invoke(LockBasedStorageManager.java:394)
	at org.jetbrains.kotlin.storage.LockBasedStorageManager$MapBasedMemoizedFunctionToNotNull.invoke(LockBasedStorageManager.java:458)
	at org.jetbrains.kotlin.resolve.lazy.descriptors.AbstractLazyMemberScope.getContributedVariables(AbstractLazyMemberScope.kt:98)
	at org.jetbrains.kotlin.resolve.lazy.descriptors.LazyClassMemberScope.getContributedVariables(LazyClassMemberScope.kt:186)
	at org.jetbrains.kotlin.resolve.lazy.LazyDeclarationResolver$1.visitParameter(LazyDeclarationResolver.java:179)
	at org.jetbrains.kotlin.resolve.lazy.LazyDeclarationResolver$1.visitParameter(LazyDeclarationResolver.java:118)
	at org.jetbrains.kotlin.psi.KtParameter.accept(KtParameter.java:49)
	at org.jetbrains.kotlin.resolve.lazy.LazyDeclarationResolver.resolveToDescriptor(LazyDeclarationResolver.java:118)
	at org.jetbrains.kotlin.resolve.lazy.LazyDeclarationResolver.resolveToDescriptor(LazyDeclarationResolver.java:113)
	at org.jetbrains.kotlin.resolve.LazyTopDownAnalyzer$analyzeDeclarations$1.registerPrimaryConstructorParameters(LazyTopDownAnalyzer.kt:141)
	at org.jetbrains.kotlin.resolve.LazyTopDownAnalyzer$analyzeDeclarations$1.visitClass(LazyTopDownAnalyzer.kt:135)
	at org.jetbrains.kotlin.psi.KtVisitorVoid.visitClass(KtVisitorVoid.java:447)
	at org.jetbrains.kotlin.psi.KtVisitorVoid.visitClass(KtVisitorVoid.java:21)
	at org.jetbrains.kotlin.psi.KtClass.accept(KtClass.kt:34)
	at org.jetbrains.kotlin.psi.KtElementImplStub.accept(KtElementImplStub.java:58)
	at org.jetbrains.kotlin.resolve.ExceptionWrappingKtVisitorVoid.visitDeclaration(ExceptionWrappingKtVisitorVoid.kt:32)
	... 183 more


FAILURE: Build failed with an exception.

* What went wrong:
Execution failed for task ':jitpacktogit:compileKotlin'.
> Internal compiler error. See log for more details

* Try:
Run with --stacktrace option to get the stack trace. Run with --info or --debug option to get more log output. Run with --scan to get full insights.

* Get more help at https://help.gradle.org

BUILD FAILED in 18s
