/mnt/batch/tasks/workitems/NONDEX_nondex_r131_1M31d16h48m2s/job-1/Task912/wd/NonDex-plugin-test/github.com/OGordievsky/CoffeeVending/src/main/java/coffevending/Application.java:6: error: package javafx.fxml does not exist
import javafx.fxml.FXMLLoader;
                  ^
/mnt/batch/tasks/workitems/NONDEX_nondex_r131_1M31d16h48m2s/job-1/Task912/wd/NonDex-plugin-test/github.com/OGordievsky/CoffeeVending/src/main/java/coffevending/Application.java:7: error: package javafx.scene does not exist
import javafx.scene.Scene;
                   ^
/mnt/batch/tasks/workitems/NONDEX_nondex_r131_1M31d16h48m2s/job-1/Task912/wd/NonDex-plugin-test/github.com/OGordievsky/CoffeeVending/src/main/java/coffevending/Application.java:8: error: package javafx.stage does not exist
import javafx.stage.Stage;
                   ^
/mnt/batch/tasks/workitems/NONDEX_nondex_r131_1M31d16h48m2s/job-1/Task912/wd/NonDex-plugin-test/github.com/OGordievsky/CoffeeVending/src/main/java/coffevending/Application.java:12: error: package javafx.application does not exist
public class Application extends javafx.application.Application {
                                                   ^
/mnt/batch/tasks/workitems/NONDEX_nondex_r131_1M31d16h48m2s/job-1/Task912/wd/NonDex-plugin-test/github.com/OGordievsky/CoffeeVending/src/main/java/coffevending/Application.java:14: error: cannot find symbol
    public void start(Stage stage) throws IOException {
                      ^
  symbol:   class Stage
  location: class Application
/mnt/batch/tasks/workitems/NONDEX_nondex_r131_1M31d16h48m2s/job-1/Task912/wd/NonDex-plugin-test/github.com/OGordievsky/CoffeeVending/src/main/java/coffevending/controller/PayController.java:3: error: package javafx.fxml does not exist
import javafx.fxml.FXML;
                  ^
/mnt/batch/tasks/workitems/NONDEX_nondex_r131_1M31d16h48m2s/job-1/Task912/wd/NonDex-plugin-test/github.com/OGordievsky/CoffeeVending/src/main/java/coffevending/controller/PayController.java:4: error: package javafx.scene.control does not exist
import javafx.scene.control.Button;
                           ^
/mnt/batch/tasks/workitems/NONDEX_nondex_r131_1M31d16h48m2s/job-1/Task912/wd/NonDex-plugin-test/github.com/OGordievsky/CoffeeVending/src/main/java/coffevending/controller/PayController.java:5: error: package javafx.scene.control does not exist
import javafx.scene.control.Label;
                           ^
/mnt/batch/tasks/workitems/NONDEX_nondex_r131_1M31d16h48m2s/job-1/Task912/wd/NonDex-plugin-test/github.com/OGordievsky/CoffeeVending/src/main/java/coffevending/controller/PayController.java:6: error: package javafx.scene.control does not exist
import javafx.scene.control.TextField;
                           ^
/mnt/batch/tasks/workitems/NONDEX_nondex_r131_1M31d16h48m2s/job-1/Task912/wd/NonDex-plugin-test/github.com/OGordievsky/CoffeeVending/src/main/java/coffevending/controller/PayController.java:7: error: package javafx.scene.layout does not exist
import javafx.scene.layout.VBox;
                          ^
/mnt/batch/tasks/workitems/NONDEX_nondex_r131_1M31d16h48m2s/job-1/Task912/wd/NonDex-plugin-test/github.com/OGordievsky/CoffeeVending/src/main/java/coffevending/controller/MainController.java:8: error: package javafx.collections does not exist
import javafx.collections.FXCollections;
                         ^
/mnt/batch/tasks/workitems/NONDEX_nondex_r131_1M31d16h48m2s/job-1/Task912/wd/NonDex-plugin-test/github.com/OGordievsky/CoffeeVending/src/main/java/coffevending/controller/MainController.java:9: error: package javafx.collections does not exist
import javafx.collections.ObservableList;
                         ^
/mnt/batch/tasks/workitems/NONDEX_nondex_r131_1M31d16h48m2s/job-1/Task912/wd/NonDex-plugin-test/github.com/OGordievsky/CoffeeVending/src/main/java/coffevending/controller/MainController.java:10: error: package javafx.fxml does not exist
import javafx.fxml.FXML;
                  ^
/mnt/batch/tasks/workitems/NONDEX_nondex_r131_1M31d16h48m2s/job-1/Task912/wd/NonDex-plugin-test/github.com/OGordievsky/CoffeeVending/src/main/java/coffevending/controller/MainController.java:11: error: package javafx.fxml does not exist
import javafx.fxml.FXMLLoader;
                  ^
/mnt/batch/tasks/workitems/NONDEX_nondex_r131_1M31d16h48m2s/job-1/Task912/wd/NonDex-plugin-test/github.com/OGordievsky/CoffeeVending/src/main/java/coffevending/controller/MainController.java:12: error: package javafx.scene does not exist
import javafx.scene.Scene;
                   ^
/mnt/batch/tasks/workitems/NONDEX_nondex_r131_1M31d16h48m2s/job-1/Task912/wd/NonDex-plugin-test/github.com/OGordievsky/CoffeeVending/src/main/java/coffevending/controller/MainController.java:13: error: package javafx.scene.control does not exist
import javafx.scene.control.Button;
                           ^
/mnt/batch/tasks/workitems/NONDEX_nondex_r131_1M31d16h48m2s/job-1/Task912/wd/NonDex-plugin-test/github.com/OGordievsky/CoffeeVending/src/main/java/coffevending/controller/MainController.java:14: error: package javafx.scene.control does not exist
import javafx.scene.control.TableColumn;
                           ^
/mnt/batch/tasks/workitems/NONDEX_nondex_r131_1M31d16h48m2s/job-1/Task912/wd/NonDex-plugin-test/github.com/OGordievsky/CoffeeVending/src/main/java/coffevending/controller/MainController.java:15: error: package javafx.scene.control does not exist
import javafx.scene.control.TableView;
                           ^
/mnt/batch/tasks/workitems/NONDEX_nondex_r131_1M31d16h48m2s/job-1/Task912/wd/NonDex-plugin-test/github.com/OGordievsky/CoffeeVending/src/main/java/coffevending/controller/MainController.java:16: error: package javafx.scene.control does not exist
import javafx.scene.control.TextField;
                           ^
/mnt/batch/tasks/workitems/NONDEX_nondex_r131_1M31d16h48m2s/job-1/Task912/wd/NonDex-plugin-test/github.com/OGordievsky/CoffeeVending/src/main/java/coffevending/controller/MainController.java:17: error: package javafx.scene.control.cell does not exist
import javafx.scene.control.cell.PropertyValueFactory;
                                ^
/mnt/batch/tasks/workitems/NONDEX_nondex_r131_1M31d16h48m2s/job-1/Task912/wd/NonDex-plugin-test/github.com/OGordievsky/CoffeeVending/src/main/java/coffevending/controller/MainController.java:18: error: package javafx.stage does not exist
import javafx.stage.Modality;
                   ^
/mnt/batch/tasks/workitems/NONDEX_nondex_r131_1M31d16h48m2s/job-1/Task912/wd/NonDex-plugin-test/github.com/OGordievsky/CoffeeVending/src/main/java/coffevending/controller/MainController.java:19: error: package javafx.stage does not exist
import javafx.stage.Stage;
                   ^
/mnt/batch/tasks/workitems/NONDEX_nondex_r131_1M31d16h48m2s/job-1/Task912/wd/NonDex-plugin-test/github.com/OGordievsky/CoffeeVending/src/main/java/coffevending/controller/PayController.java:18: error: cannot find symbol
    VBox globParent;
    ^
  symbol:   class VBox
  location: class PayController
/mnt/batch/tasks/workitems/NONDEX_nondex_r131_1M31d16h48m2s/job-1/Task912/wd/NonDex-plugin-test/github.com/OGordievsky/CoffeeVending/src/main/java/coffevending/controller/PayController.java:27: error: cannot find symbol
    private Button pay_button_cancel;
            ^
  symbol:   class Button
  location: class PayController
/mnt/batch/tasks/workitems/NONDEX_nondex_r131_1M31d16h48m2s/job-1/Task912/wd/NonDex-plugin-test/github.com/OGordievsky/CoffeeVending/src/main/java/coffevending/controller/PayController.java:30: error: cannot find symbol
    private Button pay_button_confirm;
            ^
  symbol:   class Button
  location: class PayController
/mnt/batch/tasks/workitems/NONDEX_nondex_r131_1M31d16h48m2s/job-1/Task912/wd/NonDex-plugin-test/github.com/OGordievsky/CoffeeVending/src/main/java/coffevending/controller/PayController.java:33: error: cannot find symbol
    private TextField pay_inputSum_field;
            ^
  symbol:   class TextField
  location: class PayController
/mnt/batch/tasks/workitems/NONDEX_nondex_r131_1M31d16h48m2s/job-1/Task912/wd/NonDex-plugin-test/github.com/OGordievsky/CoffeeVending/src/main/java/coffevending/controller/PayController.java:36: error: cannot find symbol
    private Label pay_totalSum_text;
            ^
  symbol:   class Label
  location: class PayController
/mnt/batch/tasks/workitems/NONDEX_nondex_r131_1M31d16h48m2s/job-1/Task912/wd/NonDex-plugin-test/github.com/OGordievsky/CoffeeVending/src/main/java/coffevending/controller/MainController.java:37: error: cannot find symbol
    private Button main_basket_button_clear;
            ^
  symbol:   class Button
  location: class MainController
/mnt/batch/tasks/workitems/NONDEX_nondex_r131_1M31d16h48m2s/job-1/Task912/wd/NonDex-plugin-test/github.com/OGordievsky/CoffeeVending/src/main/java/coffevending/controller/MainController.java:40: error: cannot find symbol
    private Button main_basket_button_pay;
            ^
  symbol:   class Button
  location: class MainController
/mnt/batch/tasks/workitems/NONDEX_nondex_r131_1M31d16h48m2s/job-1/Task912/wd/NonDex-plugin-test/github.com/OGordievsky/CoffeeVending/src/main/java/coffevending/controller/MainController.java:43: error: cannot find symbol
    private TextField main_basket_field_totalSum;
            ^
  symbol:   class TextField
  location: class MainController
/mnt/batch/tasks/workitems/NONDEX_nondex_r131_1M31d16h48m2s/job-1/Task912/wd/NonDex-plugin-test/github.com/OGordievsky/CoffeeVending/src/main/java/coffevending/controller/MainController.java:46: error: cannot find symbol
    private Button main_filter_button_clear;
            ^
  symbol:   class Button
  location: class MainController
/mnt/batch/tasks/workitems/NONDEX_nondex_r131_1M31d16h48m2s/job-1/Task912/wd/NonDex-plugin-test/github.com/OGordievsky/CoffeeVending/src/main/java/coffevending/controller/MainController.java:49: error: cannot find symbol
    private Button main_table_button_add;
            ^
  symbol:   class Button
  location: class MainController
/mnt/batch/tasks/workitems/NONDEX_nondex_r131_1M31d16h48m2s/job-1/Task912/wd/NonDex-plugin-test/github.com/OGordievsky/CoffeeVending/src/main/java/coffevending/controller/MainController.java:52: error: cannot find symbol
    private TextField main_filter_field;
            ^
  symbol:   class TextField
  location: class MainController
/mnt/batch/tasks/workitems/NONDEX_nondex_r131_1M31d16h48m2s/job-1/Task912/wd/NonDex-plugin-test/github.com/OGordievsky/CoffeeVending/src/main/java/coffevending/controller/MainController.java:55: error: cannot find symbol
    private TableView<CheckLines> main_table_basket;
            ^
  symbol:   class TableView
  location: class MainController
/mnt/batch/tasks/workitems/NONDEX_nondex_r131_1M31d16h48m2s/job-1/Task912/wd/NonDex-plugin-test/github.com/OGordievsky/CoffeeVending/src/main/java/coffevending/controller/MainController.java:58: error: cannot find symbol
    private TableColumn<?, ?> main_table_basket_count;
            ^
  symbol:   class TableColumn
  location: class MainController
/mnt/batch/tasks/workitems/NONDEX_nondex_r131_1M31d16h48m2s/job-1/Task912/wd/NonDex-plugin-test/github.com/OGordievsky/CoffeeVending/src/main/java/coffevending/controller/MainController.java:61: error: cannot find symbol
    private TableColumn<Product, Integer> main_table_basket_name;
            ^
  symbol:   class TableColumn
  location: class MainController
/mnt/batch/tasks/workitems/NONDEX_nondex_r131_1M31d16h48m2s/job-1/Task912/wd/NonDex-plugin-test/github.com/OGordievsky/CoffeeVending/src/main/java/coffevending/controller/MainController.java:64: error: cannot find symbol
    private TableColumn<?, ?> main_table_basket_total;
            ^
  symbol:   class TableColumn
  location: class MainController
/mnt/batch/tasks/workitems/NONDEX_nondex_r131_1M31d16h48m2s/job-1/Task912/wd/NonDex-plugin-test/github.com/OGordievsky/CoffeeVending/src/main/java/coffevending/controller/MainController.java:67: error: cannot find symbol
    private TableView<Product> main_table_products;
            ^
  symbol:   class TableView
  location: class MainController
/mnt/batch/tasks/workitems/NONDEX_nondex_r131_1M31d16h48m2s/job-1/Task912/wd/NonDex-plugin-test/github.com/OGordievsky/CoffeeVending/src/main/java/coffevending/controller/MainController.java:70: error: cannot find symbol
    private TableColumn<?, ?> main_table_products_ean;
            ^
  symbol:   class TableColumn
  location: class MainController
/mnt/batch/tasks/workitems/NONDEX_nondex_r131_1M31d16h48m2s/job-1/Task912/wd/NonDex-plugin-test/github.com/OGordievsky/CoffeeVending/src/main/java/coffevending/controller/MainController.java:73: error: cannot find symbol
    private TableColumn<?, ?> main_table_products_name;
            ^
  symbol:   class TableColumn
  location: class MainController
/mnt/batch/tasks/workitems/NONDEX_nondex_r131_1M31d16h48m2s/job-1/Task912/wd/NonDex-plugin-test/github.com/OGordievsky/CoffeeVending/src/main/java/coffevending/controller/MainController.java:76: error: cannot find symbol
    private TableColumn<?, ?> main_table_products_price;
            ^
  symbol:   class TableColumn
  location: class MainController
/mnt/batch/tasks/workitems/NONDEX_nondex_r131_1M31d16h48m2s/job-1/Task912/wd/NonDex-plugin-test/github.com/OGordievsky/CoffeeVending/src/main/java/coffevending/controller/MainController.java:79: error: cannot find symbol
    private Button main_basket_button_delete;
            ^
  symbol:   class Button
  location: class MainController
/mnt/batch/tasks/workitems/NONDEX_nondex_r131_1M31d16h48m2s/job-1/Task912/wd/NonDex-plugin-test/github.com/OGordievsky/CoffeeVending/src/main/java/coffevending/controller/PayController.java:17: error: cannot find symbol
    @FXML
     ^
  symbol:   class FXML
  location: class PayController
/mnt/batch/tasks/workitems/NONDEX_nondex_r131_1M31d16h48m2s/job-1/Task912/wd/NonDex-plugin-test/github.com/OGordievsky/CoffeeVending/src/main/java/coffevending/controller/PayController.java:20: error: cannot find symbol
    @FXML
     ^
  symbol:   class FXML
  location: class PayController
/mnt/batch/tasks/workitems/NONDEX_nondex_r131_1M31d16h48m2s/job-1/Task912/wd/NonDex-plugin-test/github.com/OGordievsky/CoffeeVending/src/main/java/coffevending/controller/PayController.java:23: error: cannot find symbol
    @FXML
     ^
  symbol:   class FXML
  location: class PayController
/mnt/batch/tasks/workitems/NONDEX_nondex_r131_1M31d16h48m2s/job-1/Task912/wd/NonDex-plugin-test/github.com/OGordievsky/CoffeeVending/src/main/java/coffevending/controller/PayController.java:26: error: cannot find symbol
    @FXML
     ^
  symbol:   class FXML
  location: class PayController
/mnt/batch/tasks/workitems/NONDEX_nondex_r131_1M31d16h48m2s/job-1/Task912/wd/NonDex-plugin-test/github.com/OGordievsky/CoffeeVending/src/main/java/coffevending/controller/PayController.java:29: error: cannot find symbol
    @FXML
     ^
  symbol:   class FXML
  location: class PayController
/mnt/batch/tasks/workitems/NONDEX_nondex_r131_1M31d16h48m2s/job-1/Task912/wd/NonDex-plugin-test/github.com/OGordievsky/CoffeeVending/src/main/java/coffevending/controller/PayController.java:32: error: cannot find symbol
    @FXML
     ^
  symbol:   class FXML
  location: class PayController
/mnt/batch/tasks/workitems/NONDEX_nondex_r131_1M31d16h48m2s/job-1/Task912/wd/NonDex-plugin-test/github.com/OGordievsky/CoffeeVending/src/main/java/coffevending/controller/PayController.java:35: error: cannot find symbol
    @FXML
     ^
  symbol:   class FXML
  location: class PayController
/mnt/batch/tasks/workitems/NONDEX_nondex_r131_1M31d16h48m2s/job-1/Task912/wd/NonDex-plugin-test/github.com/OGordievsky/CoffeeVending/src/main/java/coffevending/controller/PayController.java:38: error: cannot find symbol
    @FXML
     ^
  symbol:   class FXML
  location: class PayController
/mnt/batch/tasks/workitems/NONDEX_nondex_r131_1M31d16h48m2s/job-1/Task912/wd/NonDex-plugin-test/github.com/OGordievsky/CoffeeVending/src/main/java/coffevending/controller/MainController.java:30: error: cannot find symbol
    @FXML
     ^
  symbol:   class FXML
  location: class MainController
/mnt/batch/tasks/workitems/NONDEX_nondex_r131_1M31d16h48m2s/job-1/Task912/wd/NonDex-plugin-test/github.com/OGordievsky/CoffeeVending/src/main/java/coffevending/controller/MainController.java:33: error: cannot find symbol
    @FXML
     ^
  symbol:   class FXML
  location: class MainController
/mnt/batch/tasks/workitems/NONDEX_nondex_r131_1M31d16h48m2s/job-1/Task912/wd/NonDex-plugin-test/github.com/OGordievsky/CoffeeVending/src/main/java/coffevending/controller/MainController.java:36: error: cannot find symbol
    @FXML
     ^
  symbol:   class FXML
  location: class MainController
/mnt/batch/tasks/workitems/NONDEX_nondex_r131_1M31d16h48m2s/job-1/Task912/wd/NonDex-plugin-test/github.com/OGordievsky/CoffeeVending/src/main/java/coffevending/controller/MainController.java:39: error: cannot find symbol
    @FXML
     ^
  symbol:   class FXML
  location: class MainController
/mnt/batch/tasks/workitems/NONDEX_nondex_r131_1M31d16h48m2s/job-1/Task912/wd/NonDex-plugin-test/github.com/OGordievsky/CoffeeVending/src/main/java/coffevending/controller/MainController.java:42: error: cannot find symbol
    @FXML
     ^
  symbol:   class FXML
  location: class MainController
/mnt/batch/tasks/workitems/NONDEX_nondex_r131_1M31d16h48m2s/job-1/Task912/wd/NonDex-plugin-test/github.com/OGordievsky/CoffeeVending/src/main/java/coffevending/controller/MainController.java:45: error: cannot find symbol
    @FXML
     ^
  symbol:   class FXML
  location: class MainController
/mnt/batch/tasks/workitems/NONDEX_nondex_r131_1M31d16h48m2s/job-1/Task912/wd/NonDex-plugin-test/github.com/OGordievsky/CoffeeVending/src/main/java/coffevending/controller/MainController.java:48: error: cannot find symbol
    @FXML
     ^
  symbol:   class FXML
  location: class MainController
/mnt/batch/tasks/workitems/NONDEX_nondex_r131_1M31d16h48m2s/job-1/Task912/wd/NonDex-plugin-test/github.com/OGordievsky/CoffeeVending/src/main/java/coffevending/controller/MainController.java:51: error: cannot find symbol
    @FXML
     ^
  symbol:   class FXML
  location: class MainController
/mnt/batch/tasks/workitems/NONDEX_nondex_r131_1M31d16h48m2s/job-1/Task912/wd/NonDex-plugin-test/github.com/OGordievsky/CoffeeVending/src/main/java/coffevending/controller/MainController.java:54: error: cannot find symbol
    @FXML
     ^
  symbol:   class FXML
  location: class MainController
/mnt/batch/tasks/workitems/NONDEX_nondex_r131_1M31d16h48m2s/job-1/Task912/wd/NonDex-plugin-test/github.com/OGordievsky/CoffeeVending/src/main/java/coffevending/controller/MainController.java:57: error: cannot find symbol
    @FXML
     ^
  symbol:   class FXML
  location: class MainController
/mnt/batch/tasks/workitems/NONDEX_nondex_r131_1M31d16h48m2s/job-1/Task912/wd/NonDex-plugin-test/github.com/OGordievsky/CoffeeVending/src/main/java/coffevending/controller/MainController.java:60: error: cannot find symbol
    @FXML
     ^
  symbol:   class FXML
  location: class MainController
/mnt/batch/tasks/workitems/NONDEX_nondex_r131_1M31d16h48m2s/job-1/Task912/wd/NonDex-plugin-test/github.com/OGordievsky/CoffeeVending/src/main/java/coffevending/controller/MainController.java:63: error: cannot find symbol
    @FXML
     ^
  symbol:   class FXML
  location: class MainController
/mnt/batch/tasks/workitems/NONDEX_nondex_r131_1M31d16h48m2s/job-1/Task912/wd/NonDex-plugin-test/github.com/OGordievsky/CoffeeVending/src/main/java/coffevending/controller/MainController.java:66: error: cannot find symbol
    @FXML
     ^
  symbol:   class FXML
  location: class MainController
/mnt/batch/tasks/workitems/NONDEX_nondex_r131_1M31d16h48m2s/job-1/Task912/wd/NonDex-plugin-test/github.com/OGordievsky/CoffeeVending/src/main/java/coffevending/controller/MainController.java:69: error: cannot find symbol
    @FXML
     ^
  symbol:   class FXML
  location: class MainController
/mnt/batch/tasks/workitems/NONDEX_nondex_r131_1M31d16h48m2s/job-1/Task912/wd/NonDex-plugin-test/github.com/OGordievsky/CoffeeVending/src/main/java/coffevending/controller/MainController.java:72: error: cannot find symbol
    @FXML
     ^
  symbol:   class FXML
  location: class MainController
/mnt/batch/tasks/workitems/NONDEX_nondex_r131_1M31d16h48m2s/job-1/Task912/wd/NonDex-plugin-test/github.com/OGordievsky/CoffeeVending/src/main/java/coffevending/controller/MainController.java:75: error: cannot find symbol
    @FXML
     ^
  symbol:   class FXML
  location: class MainController
/mnt/batch/tasks/workitems/NONDEX_nondex_r131_1M31d16h48m2s/job-1/Task912/wd/NonDex-plugin-test/github.com/OGordievsky/CoffeeVending/src/main/java/coffevending/controller/MainController.java:78: error: cannot find symbol
    @FXML
     ^
  symbol:   class FXML
  location: class MainController
/mnt/batch/tasks/workitems/NONDEX_nondex_r131_1M31d16h48m2s/job-1/Task912/wd/NonDex-plugin-test/github.com/OGordievsky/CoffeeVending/src/main/java/coffevending/controller/MainController.java:81: error: cannot find symbol
    @FXML
     ^
  symbol:   class FXML
  location: class MainController
/mnt/batch/tasks/workitems/NONDEX_nondex_r131_1M31d16h48m2s/job-1/Task912/wd/NonDex-plugin-test/github.com/OGordievsky/CoffeeVending/src/main/java/coffevending/Application.java:13: error: method does not override or implement a method from a supertype
    @Override
    ^
/mnt/batch/tasks/workitems/NONDEX_nondex_r131_1M31d16h48m2s/job-1/Task912/wd/NonDex-plugin-test/github.com/OGordievsky/CoffeeVending/src/main/java/coffevending/Application.java:15: error: cannot find symbol
        FXMLLoader fxmlLoader = new FXMLLoader(Application.class.getResource("/application/main.fxml"));
        ^
  symbol:   class FXMLLoader
  location: class Application
/mnt/batch/tasks/workitems/NONDEX_nondex_r131_1M31d16h48m2s/job-1/Task912/wd/NonDex-plugin-test/github.com/OGordievsky/CoffeeVending/src/main/java/coffevending/Application.java:15: error: cannot find symbol
        FXMLLoader fxmlLoader = new FXMLLoader(Application.class.getResource("/application/main.fxml"));
                                    ^
  symbol:   class FXMLLoader
  location: class Application
/mnt/batch/tasks/workitems/NONDEX_nondex_r131_1M31d16h48m2s/job-1/Task912/wd/NonDex-plugin-test/github.com/OGordievsky/CoffeeVending/src/main/java/coffevending/Application.java:16: error: cannot find symbol
        Scene scene = new Scene(fxmlLoader.load(), 800, 600);
        ^
  symbol:   class Scene
  location: class Application
/mnt/batch/tasks/workitems/NONDEX_nondex_r131_1M31d16h48m2s/job-1/Task912/wd/NonDex-plugin-test/github.com/OGordievsky/CoffeeVending/src/main/java/coffevending/Application.java:16: error: cannot find symbol
        Scene scene = new Scene(fxmlLoader.load(), 800, 600);
                          ^
  symbol:   class Scene
  location: class Application
/mnt/batch/tasks/workitems/NONDEX_nondex_r131_1M31d16h48m2s/job-1/Task912/wd/NonDex-plugin-test/github.com/OGordievsky/CoffeeVending/src/main/java/coffevending/Application.java:24: error: cannot find symbol
        launch();
        ^
  symbol:   method launch()
  location: class Application
/mnt/batch/tasks/workitems/NONDEX_nondex_r131_1M31d16h48m2s/job-1/Task912/wd/NonDex-plugin-test/github.com/OGordievsky/CoffeeVending/src/main/java/coffevending/controller/MainController.java:124: error: cannot find symbol
                Stage newWindow = new Stage();
                ^
  symbol:   class Stage
  location: class MainController
/mnt/batch/tasks/workitems/NONDEX_nondex_r131_1M31d16h48m2s/job-1/Task912/wd/NonDex-plugin-test/github.com/OGordievsky/CoffeeVending/src/main/java/coffevending/controller/MainController.java:124: error: cannot find symbol
                Stage newWindow = new Stage();
                                      ^
  symbol:   class Stage
  location: class MainController
/mnt/batch/tasks/workitems/NONDEX_nondex_r131_1M31d16h48m2s/job-1/Task912/wd/NonDex-plugin-test/github.com/OGordievsky/CoffeeVending/src/main/java/coffevending/controller/MainController.java:125: error: cannot find symbol
                FXMLLoader fxmlLoader = new FXMLLoader(Application.class.getResource("/application/pay_page.fxml"));
                ^
  symbol:   class FXMLLoader
  location: class MainController
/mnt/batch/tasks/workitems/NONDEX_nondex_r131_1M31d16h48m2s/job-1/Task912/wd/NonDex-plugin-test/github.com/OGordievsky/CoffeeVending/src/main/java/coffevending/controller/MainController.java:125: error: cannot find symbol
                FXMLLoader fxmlLoader = new FXMLLoader(Application.class.getResource("/application/pay_page.fxml"));
                                            ^
  symbol:   class FXMLLoader
  location: class MainController
/mnt/batch/tasks/workitems/NONDEX_nondex_r131_1M31d16h48m2s/job-1/Task912/wd/NonDex-plugin-test/github.com/OGordievsky/CoffeeVending/src/main/java/coffevending/controller/MainController.java:130: error: cannot find symbol
                Scene scene = null;
                ^
  symbol:   class Scene
  location: class MainController
/mnt/batch/tasks/workitems/NONDEX_nondex_r131_1M31d16h48m2s/job-1/Task912/wd/NonDex-plugin-test/github.com/OGordievsky/CoffeeVending/src/main/java/coffevending/controller/MainController.java:132: error: cannot find symbol
                    scene = new Scene(fxmlLoader.load(), 210, 320);
                                ^
  symbol:   class Scene
  location: class MainController
/mnt/batch/tasks/workitems/NONDEX_nondex_r131_1M31d16h48m2s/job-1/Task912/wd/NonDex-plugin-test/github.com/OGordievsky/CoffeeVending/src/main/java/coffevending/controller/MainController.java:141: error: cannot find symbol
                newWindow.initModality(Modality.WINDOW_MODAL);
                                       ^
  symbol:   variable Modality
  location: class MainController
/mnt/batch/tasks/workitems/NONDEX_nondex_r131_1M31d16h48m2s/job-1/Task912/wd/NonDex-plugin-test/github.com/OGordievsky/CoffeeVending/src/main/java/coffevending/controller/MainController.java:150: error: cannot find symbol
        ObservableList<Product> productsData = FXCollections.observableArrayList();
        ^
  symbol:   class ObservableList
  location: class MainController
/mnt/batch/tasks/workitems/NONDEX_nondex_r131_1M31d16h48m2s/job-1/Task912/wd/NonDex-plugin-test/github.com/OGordievsky/CoffeeVending/src/main/java/coffevending/controller/MainController.java:150: error: cannot find symbol
        ObservableList<Product> productsData = FXCollections.observableArrayList();
                                               ^
  symbol:   variable FXCollections
  location: class MainController
/mnt/batch/tasks/workitems/NONDEX_nondex_r131_1M31d16h48m2s/job-1/Task912/wd/NonDex-plugin-test/github.com/OGordievsky/CoffeeVending/src/main/java/coffevending/controller/MainController.java:152: error: cannot find symbol
        main_table_products_ean.setCellValueFactory(new PropertyValueFactory<>("ean"));
                                                        ^
  symbol:   class PropertyValueFactory
  location: class MainController
/mnt/batch/tasks/workitems/NONDEX_nondex_r131_1M31d16h48m2s/job-1/Task912/wd/NonDex-plugin-test/github.com/OGordievsky/CoffeeVending/src/main/java/coffevending/controller/MainController.java:153: error: cannot find symbol
        main_table_products_name.setCellValueFactory(new PropertyValueFactory<>("name"));
                                                         ^
  symbol:   class PropertyValueFactory
  location: class MainController
/mnt/batch/tasks/workitems/NONDEX_nondex_r131_1M31d16h48m2s/job-1/Task912/wd/NonDex-plugin-test/github.com/OGordievsky/CoffeeVending/src/main/java/coffevending/controller/MainController.java:154: error: cannot find symbol
        main_table_products_price.setCellValueFactory(new PropertyValueFactory<>("price"));
                                                          ^
  symbol:   class PropertyValueFactory
  location: class MainController
/mnt/batch/tasks/workitems/NONDEX_nondex_r131_1M31d16h48m2s/job-1/Task912/wd/NonDex-plugin-test/github.com/OGordievsky/CoffeeVending/src/main/java/coffevending/controller/MainController.java:159: error: cannot find symbol
        ObservableList<CheckLines> basketData = FXCollections.observableArrayList();
        ^
  symbol:   class ObservableList
  location: class MainController
/mnt/batch/tasks/workitems/NONDEX_nondex_r131_1M31d16h48m2s/job-1/Task912/wd/NonDex-plugin-test/github.com/OGordievsky/CoffeeVending/src/main/java/coffevending/controller/MainController.java:159: error: cannot find symbol
        ObservableList<CheckLines> basketData = FXCollections.observableArrayList();
                                                ^
  symbol:   variable FXCollections
  location: class MainController
/mnt/batch/tasks/workitems/NONDEX_nondex_r131_1M31d16h48m2s/job-1/Task912/wd/NonDex-plugin-test/github.com/OGordievsky/CoffeeVending/src/main/java/coffevending/controller/MainController.java:161: error: cannot find symbol
        main_table_basket_name.setCellValueFactory(new PropertyValueFactory<>("name"));
                                                       ^
  symbol:   class PropertyValueFactory
  location: class MainController
/mnt/batch/tasks/workitems/NONDEX_nondex_r131_1M31d16h48m2s/job-1/Task912/wd/NonDex-plugin-test/github.com/OGordievsky/CoffeeVending/src/main/java/coffevending/controller/MainController.java:162: error: cannot find symbol
        main_table_basket_count.setCellValueFactory(new PropertyValueFactory<>("count"));
                                                        ^
  symbol:   class PropertyValueFactory
  location: class MainController
/mnt/batch/tasks/workitems/NONDEX_nondex_r131_1M31d16h48m2s/job-1/Task912/wd/NonDex-plugin-test/github.com/OGordievsky/CoffeeVending/src/main/java/coffevending/controller/MainController.java:163: error: cannot find symbol
        main_table_basket_total.setCellValueFactory(new PropertyValueFactory<>("total"));
                                                        ^
  symbol:   class PropertyValueFactory
  location: class MainController
91 errors

FAILURE: Build failed with an exception.

* What went wrong:
Execution failed for task ':compileJava'.
> Compilation failed; see the compiler error output for details.

* Try:
Run with --stacktrace option to get the stack trace. Run with --info or --debug option to get more log output. Run with --scan to get full insights.

* Get more help at https://help.gradle.org

BUILD FAILED in 2s
