ERROR: Exception while analyzing expression at (12,9) in /mnt/batch/tasks/workitems/NONDEX_nondex_r131_1M31d16h48m2s/job-1/Task1176/wd/NonDex-plugin-test/github.com/m4kvn/ChatWork4j/src/main/kotlin/com/masahirosaito/chatwork4j/error/ResponseErrorsException.kt:
GsonBuilder()

java.lang.reflect.InaccessibleObjectException: Unable to make field private static final jdk.internal.misc.Unsafe jdk.internal.misc.Unsafe.theUnsafe accessible: module java.base does not "opens jdk.internal.misc" to unnamed module @3d1f4e5d
	at java.base/java.lang.reflect.AccessibleObject.checkCanSetAccessible(AccessibleObject.java:340)
	at java.base/java.lang.reflect.AccessibleObject.checkCanSetAccessible(AccessibleObject.java:280)
	at java.base/java.lang.reflect.Field.checkCanSetAccessible(Field.java:176)
	at java.base/java.lang.reflect.Field.setAccessible(Field.java:170)
	at org.jetbrains.kotlin.com.intellij.util.DebugReflectionUtil.getAllFields(DebugReflectionUtil.java:52)
	at org.jetbrains.kotlin.com.intellij.util.DebugReflectionUtil.processStronglyReferencedValues(DebugReflectionUtil.java:90)
	at org.jetbrains.kotlin.com.intellij.util.CachedValueChecker.findReferencedPsi(CachedValueChecker.java:78)
	at org.jetbrains.kotlin.com.intellij.util.CachedValueChecker.access$000(CachedValueChecker.java:40)
	at org.jetbrains.kotlin.com.intellij.util.CachedValueChecker$1.process(CachedValueChecker.java:81)
	at org.jetbrains.kotlin.com.intellij.util.CachedValueChecker$1.process(CachedValueChecker.java:78)
	at org.jetbrains.kotlin.com.intellij.util.DebugReflectionUtil.processStronglyReferencedValues(DebugReflectionUtil.java:104)
	at org.jetbrains.kotlin.com.intellij.util.CachedValueChecker.findReferencedPsi(CachedValueChecker.java:78)
	at org.jetbrains.kotlin.com.intellij.util.CachedValueChecker.access$000(CachedValueChecker.java:40)
	at org.jetbrains.kotlin.com.intellij.util.CachedValueChecker$1.process(CachedValueChecker.java:81)
	at org.jetbrains.kotlin.com.intellij.util.CachedValueChecker$1.process(CachedValueChecker.java:78)
	at org.jetbrains.kotlin.com.intellij.util.DebugReflectionUtil.processStronglyReferencedValues(DebugReflectionUtil.java:104)
	at org.jetbrains.kotlin.com.intellij.util.CachedValueChecker.findReferencedPsi(CachedValueChecker.java:78)
	at org.jetbrains.kotlin.com.intellij.util.CachedValueChecker.access$000(CachedValueChecker.java:40)
	at org.jetbrains.kotlin.com.intellij.util.CachedValueChecker$1.process(CachedValueChecker.java:81)
	at org.jetbrains.kotlin.com.intellij.util.CachedValueChecker$1.process(CachedValueChecker.java:78)
	at org.jetbrains.kotlin.com.intellij.util.DebugReflectionUtil.processStronglyReferencedValues(DebugReflectionUtil.java:104)
	at org.jetbrains.kotlin.com.intellij.util.CachedValueChecker.findReferencedPsi(CachedValueChecker.java:78)
	at org.jetbrains.kotlin.com.intellij.util.CachedValueChecker.access$000(CachedValueChecker.java:40)
	at org.jetbrains.kotlin.com.intellij.util.CachedValueChecker$1.process(CachedValueChecker.java:81)
	at org.jetbrains.kotlin.com.intellij.util.CachedValueChecker$1.process(CachedValueChecker.java:78)
	at org.jetbrains.kotlin.com.intellij.util.DebugReflectionUtil.processStronglyReferencedValues(DebugReflectionUtil.java:104)
	at org.jetbrains.kotlin.com.intellij.util.CachedValueChecker.findReferencedPsi(CachedValueChecker.java:78)
	at org.jetbrains.kotlin.com.intellij.util.CachedValueChecker.access$000(CachedValueChecker.java:40)
	at org.jetbrains.kotlin.com.intellij.util.CachedValueChecker$1.process(CachedValueChecker.java:81)
	at org.jetbrains.kotlin.com.intellij.util.CachedValueChecker$1.process(CachedValueChecker.java:78)
	at org.jetbrains.kotlin.com.intellij.util.DebugReflectionUtil.processStronglyReferencedValues(DebugReflectionUtil.java:104)
	at org.jetbrains.kotlin.com.intellij.util.CachedValueChecker.findReferencedPsi(CachedValueChecker.java:78)
	at org.jetbrains.kotlin.com.intellij.util.CachedValueChecker.checkProvider(CachedValueChecker.java:52)
	at org.jetbrains.kotlin.com.intellij.util.CachedValuesManagerImpl.getCachedValue(CachedValuesManagerImpl.java:57)
	at org.jetbrains.kotlin.com.intellij.psi.util.CachedValuesManager.getCachedValue(CachedValuesManager.java:133)
	at org.jetbrains.kotlin.com.intellij.psi.impl.source.ClassInnerStuffCache.getConstructors(ClassInnerStuffCache.java:49)
	at org.jetbrains.kotlin.com.intellij.psi.impl.compiled.ClsClassImpl.getConstructors(ClsClassImpl.java:178)
	at org.jetbrains.kotlin.load.java.structure.impl.JavaClassImpl.getConstructors(JavaClassImpl.java:126)
	at org.jetbrains.kotlin.load.java.lazy.descriptors.LazyJavaClassMemberScope$constructors$1.invoke(LazyJavaClassMemberScope.kt:80)
	at org.jetbrains.kotlin.load.java.lazy.descriptors.LazyJavaClassMemberScope$constructors$1.invoke(LazyJavaClassMemberScope.kt:65)
	at org.jetbrains.kotlin.storage.LockBasedStorageManager$LockBasedLazyValue.invoke(LockBasedStorageManager.java:321)
	at org.jetbrains.kotlin.storage.LockBasedStorageManager$LockBasedNotNullLazyValue.invoke(LockBasedStorageManager.java:362)
	at org.jetbrains.kotlin.load.java.lazy.descriptors.LazyJavaClassDescriptor.getConstructors(LazyJavaClassDescriptor.kt:110)
	at org.jetbrains.kotlin.load.java.lazy.descriptors.LazyJavaClassDescriptor.getConstructors(LazyJavaClassDescriptor.kt:48)
	at org.jetbrains.kotlin.resolve.calls.tower.TowerLevelsKt.getContributedFunctionsAndConstructors(TowerLevels.kt:253)
	at org.jetbrains.kotlin.resolve.calls.tower.TowerLevelsKt.access$getContributedFunctionsAndConstructors(TowerLevels.kt:1)
	at org.jetbrains.kotlin.resolve.calls.tower.ScopeBasedTowerLevel.getFunctions(TowerLevels.kt:177)
	at org.jetbrains.kotlin.resolve.calls.tower.ScopeTowerProcessorsKt$createFunctionProcessor$1.invoke(ScopeTowerProcessors.kt:154)
	at org.jetbrains.kotlin.resolve.calls.tower.ScopeTowerProcessorsKt$createFunctionProcessor$1.invoke(ScopeTowerProcessors.kt)
	at org.jetbrains.kotlin.resolve.calls.tower.NoExplicitReceiverScopeTowerProcessor.simpleProcess(ScopeTowerProcessors.kt:100)
	at org.jetbrains.kotlin.resolve.calls.tower.AbstractSimpleScopeTowerProcessor.process(ScopeTowerProcessors.kt:50)
	at org.jetbrains.kotlin.resolve.calls.tower.CompositeScopeTowerProcessor.process(ScopeTowerProcessors.kt:40)
	at org.jetbrains.kotlin.resolve.calls.tower.TowerResolver.processTowerData(TowerResolver.kt:194)
	at org.jetbrains.kotlin.resolve.calls.tower.TowerResolver.access$processTowerData(TowerResolver.kt:76)
	at org.jetbrains.kotlin.resolve.calls.tower.TowerResolver$run$1.invoke(TowerResolver.kt:111)
	at org.jetbrains.kotlin.resolve.calls.tower.TowerResolver.run(TowerResolver.kt:172)
	at org.jetbrains.kotlin.resolve.calls.tower.TowerResolver.runResolve(TowerResolver.kt:81)
	at org.jetbrains.kotlin.resolve.calls.tower.NewResolutionOldInference.runResolution(NewResolutionOldInference.kt:150)
	at org.jetbrains.kotlin.resolve.calls.CallResolver.doResolveCall(CallResolver.java:598)
	at org.jetbrains.kotlin.resolve.calls.CallResolver.doResolveCallOrGetCachedResults(CallResolver.java:515)
	at org.jetbrains.kotlin.resolve.calls.CallResolver.access$100(CallResolver.java:64)
	at org.jetbrains.kotlin.resolve.calls.CallResolver$1.invoke(CallResolver.java:185)
	at org.jetbrains.kotlin.resolve.calls.CallResolver$1.invoke(CallResolver.java:179)
	at org.jetbrains.kotlin.util.PerformanceCounter.time(PerformanceCounter.kt:92)
	at org.jetbrains.kotlin.resolve.calls.CallResolver.computeTasksAndResolveCall(CallResolver.java:179)
	at org.jetbrains.kotlin.resolve.calls.CallResolver.computeTasksAndResolveCall(CallResolver.java:169)
	at org.jetbrains.kotlin.resolve.calls.CallResolver.resolveFunctionCall(CallResolver.java:265)
	at org.jetbrains.kotlin.resolve.calls.CallExpressionResolver.getResolvedCallForFunction(CallExpressionResolver.kt:87)
	at org.jetbrains.kotlin.resolve.calls.CallExpressionResolver.getCallExpressionTypeInfoWithoutFinalTypeCheck(CallExpressionResolver.kt:193)
	at org.jetbrains.kotlin.resolve.calls.CallExpressionResolver.getCallExpressionTypeInfo(CallExpressionResolver.kt:172)
	at org.jetbrains.kotlin.types.expressions.BasicExpressionTypingVisitor.visitCallExpression(BasicExpressionTypingVisitor.java:694)
	at org.jetbrains.kotlin.types.expressions.ExpressionTypingVisitorDispatcher.visitCallExpression(ExpressionTypingVisitorDispatcher.java:389)
	at org.jetbrains.kotlin.types.expressions.ExpressionTypingVisitorDispatcher$ForDeclarations.visitCallExpression(ExpressionTypingVisitorDispatcher.java:55)
	at org.jetbrains.kotlin.psi.KtCallExpression.accept(KtCallExpression.java:35)
	at org.jetbrains.kotlin.types.expressions.ExpressionTypingVisitorDispatcher$1.invoke(ExpressionTypingVisitorDispatcher.java:182)
	at org.jetbrains.kotlin.types.expressions.ExpressionTypingVisitorDispatcher$1.invoke(ExpressionTypingVisitorDispatcher.java:172)
	at org.jetbrains.kotlin.util.PerformanceCounter.time(PerformanceCounter.kt:92)
	at org.jetbrains.kotlin.types.expressions.ExpressionTypingVisitorDispatcher.getTypeInfo(ExpressionTypingVisitorDispatcher.java:172)
	at org.jetbrains.kotlin.types.expressions.ExpressionTypingVisitorDispatcher.getTypeInfo(ExpressionTypingVisitorDispatcher.java:143)
	at org.jetbrains.kotlin.types.expressions.ExpressionTypingServices.getTypeInfo(ExpressionTypingServices.java:126)
	at org.jetbrains.kotlin.resolve.calls.CallExpressionResolver.getQualifiedExpressionTypeInfo(CallExpressionResolver.kt:391)
	at org.jetbrains.kotlin.types.expressions.BasicExpressionTypingVisitor.visitQualifiedExpression(BasicExpressionTypingVisitor.java:688)
	at org.jetbrains.kotlin.types.expressions.ExpressionTypingVisitorDispatcher.visitQualifiedExpression(ExpressionTypingVisitorDispatcher.java:384)
	at org.jetbrains.kotlin.types.expressions.ExpressionTypingVisitorDispatcher$ForDeclarations.visitQualifiedExpression(ExpressionTypingVisitorDispatcher.java:55)
	at org.jetbrains.kotlin.psi.KtVisitor.visitDotQualifiedExpression(KtVisitor.java:290)
	at org.jetbrains.kotlin.psi.KtDotQualifiedExpression.accept(KtDotQualifiedExpression.kt:31)
	at org.jetbrains.kotlin.types.expressions.ExpressionTypingVisitorDispatcher$1.invoke(ExpressionTypingVisitorDispatcher.java:182)
	at org.jetbrains.kotlin.types.expressions.ExpressionTypingVisitorDispatcher$1.invoke(ExpressionTypingVisitorDispatcher.java:172)
	at org.jetbrains.kotlin.util.PerformanceCounter.time(PerformanceCounter.kt:92)
	at org.jetbrains.kotlin.types.expressions.ExpressionTypingVisitorDispatcher.getTypeInfo(ExpressionTypingVisitorDispatcher.java:172)
	at org.jetbrains.kotlin.types.expressions.ExpressionTypingVisitorDispatcher.getTypeInfo(ExpressionTypingVisitorDispatcher.java:143)
	at org.jetbrains.kotlin.types.expressions.ExpressionTypingServices.getTypeInfo(ExpressionTypingServices.java:126)
	at org.jetbrains.kotlin.resolve.calls.ArgumentTypeResolver.getArgumentTypeInfo(ArgumentTypeResolver.java:220)
	at org.jetbrains.kotlin.resolve.calls.ArgumentTypeResolver.analyzeArgumentsAndRecordTypes(ArgumentTypeResolver.java:348)
	at org.jetbrains.kotlin.resolve.calls.CallResolver.doResolveCall(CallResolver.java:579)
	at org.jetbrains.kotlin.resolve.calls.CallResolver.doResolveCallOrGetCachedResults(CallResolver.java:515)
	at org.jetbrains.kotlin.resolve.calls.CallResolver.access$100(CallResolver.java:64)
	at org.jetbrains.kotlin.resolve.calls.CallResolver$2.invoke(CallResolver.java:212)
	at org.jetbrains.kotlin.resolve.calls.CallResolver$2.invoke(CallResolver.java:206)
	at org.jetbrains.kotlin.util.PerformanceCounter.time(PerformanceCounter.kt:92)
	at org.jetbrains.kotlin.resolve.calls.CallResolver.computeTasksFromCandidatesAndResolvedCall(CallResolver.java:206)
	at org.jetbrains.kotlin.resolve.calls.CallResolver.computeTasksFromCandidatesAndResolvedCall(CallResolver.java:196)
	at org.jetbrains.kotlin.resolve.calls.CallResolver.resolveCallForConstructor(CallResolver.java:344)
	at org.jetbrains.kotlin.resolve.calls.CallResolver.resolveFunctionCall(CallResolver.java:270)
	at org.jetbrains.kotlin.resolve.calls.CallResolver.resolveFunctionCall(CallResolver.java:241)
	at org.jetbrains.kotlin.resolve.BodyResolver$3.visitSuperTypeCallEntry(BodyResolver.java:314)
	at org.jetbrains.kotlin.psi.KtVisitorVoid.visitSuperTypeCallEntry(KtVisitorVoid.java:599)
	at org.jetbrains.kotlin.psi.KtVisitorVoid.visitSuperTypeCallEntry(KtVisitorVoid.java:21)
	at org.jetbrains.kotlin.psi.KtSuperTypeCallEntry.accept(KtSuperTypeCallEntry.java:40)
	at org.jetbrains.kotlin.psi.KtElementImplStub.accept(KtElementImplStub.java:58)
	at org.jetbrains.kotlin.resolve.BodyResolver.resolveSuperTypeEntryList(BodyResolver.java:369)
	at org.jetbrains.kotlin.resolve.BodyResolver.resolveSuperTypeEntryLists(BodyResolver.java:242)
	at org.jetbrains.kotlin.resolve.BodyResolver.resolveBehaviorDeclarationBodies(BodyResolver.java:100)
	at org.jetbrains.kotlin.resolve.BodyResolver.resolveBodies(BodyResolver.java:230)
	at org.jetbrains.kotlin.resolve.LazyTopDownAnalyzer.analyzeDeclarations(LazyTopDownAnalyzer.kt:196)
	at org.jetbrains.kotlin.resolve.LazyTopDownAnalyzerForTopLevel.analyzeDeclarations(LazyTopDownAnalyzerForTopLevel.java:74)
	at org.jetbrains.kotlin.resolve.LazyTopDownAnalyzerForTopLevel.analyzeFiles(LazyTopDownAnalyzerForTopLevel.java:66)
	at org.jetbrains.kotlin.resolve.jvm.TopDownAnalyzerFacadeForJVM.analyzeFilesWithJavaIntegration(TopDownAnalyzerFacadeForJVM.kt:136)
	at org.jetbrains.kotlin.resolve.jvm.TopDownAnalyzerFacadeForJVM.analyzeFilesWithJavaIntegrationWithCustomContext(TopDownAnalyzerFacadeForJVM.kt:67)
	at org.jetbrains.kotlin.cli.jvm.compiler.KotlinToJVMBytecodeCompiler$analyze$1.analyze(KotlinToJVMBytecodeCompiler.kt:365)
	at org.jetbrains.kotlin.cli.common.messages.AnalyzerWithCompilerReport.analyzeAndReport(AnalyzerWithCompilerReport.kt:104)
	at org.jetbrains.kotlin.cli.jvm.compiler.KotlinToJVMBytecodeCompiler.analyze(KotlinToJVMBytecodeCompiler.kt:358)
	at org.jetbrains.kotlin.cli.jvm.compiler.KotlinToJVMBytecodeCompiler.compileModules(KotlinToJVMBytecodeCompiler.kt:131)
	at org.jetbrains.kotlin.cli.jvm.K2JVMCompiler.doExecute(K2JVMCompiler.kt:186)
	at org.jetbrains.kotlin.cli.jvm.K2JVMCompiler.doExecute(K2JVMCompiler.kt:53)
	at org.jetbrains.kotlin.cli.common.CLICompiler.exec(CLICompiler.java:198)
	at org.jetbrains.kotlin.gradle.tasks.TasksKt.compileJvmNotIncrementally(Tasks.kt:285)
	at org.jetbrains.kotlin.gradle.tasks.KotlinCompile.callCompiler$kotlin_gradle_plugin(Tasks.kt:173)
	at org.jetbrains.kotlin.gradle.tasks.KotlinCompile.callCompiler$kotlin_gradle_plugin(Tasks.kt:104)
	at org.jetbrains.kotlin.gradle.tasks.AbstractKotlinCompile.execute(Tasks.kt:97)
	at java.base/jdk.internal.reflect.NativeMethodAccessorImpl.invoke0(Native Method)
	at java.base/jdk.internal.reflect.NativeMethodAccessorImpl.invoke(NativeMethodAccessorImpl.java:62)
	at java.base/jdk.internal.reflect.DelegatingMethodAccessorImpl.invoke(DelegatingMethodAccessorImpl.java:43)
	at java.base/java.lang.reflect.Method.invoke(Method.java:566)
	at org.gradle.internal.reflect.JavaMethod.invoke(JavaMethod.java:73)
	at org.gradle.api.internal.project.taskfactory.IncrementalTaskAction.doExecute(IncrementalTaskAction.java:46)
	at org.gradle.api.internal.project.taskfactory.StandardTaskAction.execute(StandardTaskAction.java:41)
	at org.gradle.api.internal.project.taskfactory.StandardTaskAction.execute(StandardTaskAction.java:28)
	at org.gradle.api.internal.tasks.execution.ExecuteActionsTaskExecuter$1.run(ExecuteActionsTaskExecuter.java:117)
	at org.gradle.internal.operations.DefaultBuildOperationExecutor$RunnableBuildOperationWorker.execute(DefaultBuildOperationExecutor.java:301)
	at org.gradle.internal.operations.DefaultBuildOperationExecutor$RunnableBuildOperationWorker.execute(DefaultBuildOperationExecutor.java:293)
	at org.gradle.internal.operations.DefaultBuildOperationExecutor.execute(DefaultBuildOperationExecutor.java:175)
	at org.gradle.internal.operations.DefaultBuildOperationExecutor.run(DefaultBuildOperationExecutor.java:91)
	at org.gradle.internal.operations.DelegatingBuildOperationExecutor.run(DelegatingBuildOperationExecutor.java:31)
	at org.gradle.api.internal.tasks.execution.ExecuteActionsTaskExecuter.executeAction(ExecuteActionsTaskExecuter.java:106)
	at org.gradle.api.internal.tasks.execution.ExecuteActionsTaskExecuter.executeActions(ExecuteActionsTaskExecuter.java:85)
	at org.gradle.api.internal.tasks.execution.ExecuteActionsTaskExecuter.execute(ExecuteActionsTaskExecuter.java:65)
	at org.gradle.api.internal.tasks.execution.ActionEventFiringTaskExecuter.execute(ActionEventFiringTaskExecuter.java:44)
	at org.gradle.api.internal.tasks.execution.TimeoutTaskExecuter.execute(TimeoutTaskExecuter.java:53)
	at org.gradle.api.internal.tasks.execution.SnapshotAfterExecutionTaskExecuter.execute(SnapshotAfterExecutionTaskExecuter.java:38)
	at org.gradle.api.internal.tasks.execution.OutputDirectoryCreatingTaskExecuter.execute(OutputDirectoryCreatingTaskExecuter.java:51)
	at org.gradle.api.internal.tasks.execution.SkipUpToDateTaskExecuter.execute(SkipUpToDateTaskExecuter.java:59)
	at org.gradle.api.internal.tasks.execution.ResolveTaskOutputCachingStateExecuter.execute(ResolveTaskOutputCachingStateExecuter.java:49)
	at org.gradle.api.internal.tasks.execution.ValidatingTaskExecuter.execute(ValidatingTaskExecuter.java:61)
	at org.gradle.api.internal.tasks.execution.SkipEmptySourceFilesTaskExecuter.execute(SkipEmptySourceFilesTaskExecuter.java:101)
	at org.gradle.api.internal.tasks.execution.CleanupStaleOutputsExecuter.execute(CleanupStaleOutputsExecuter.java:91)
	at org.gradle.api.internal.tasks.execution.FinalizePropertiesTaskExecuter.execute(FinalizePropertiesTaskExecuter.java:44)
	at org.gradle.api.internal.tasks.execution.ResolveTaskArtifactStateTaskExecuter.execute(ResolveTaskArtifactStateTaskExecuter.java:62)
	at org.gradle.api.internal.tasks.execution.SkipTaskWithNoActionsExecuter.execute(SkipTaskWithNoActionsExecuter.java:55)
	at org.gradle.api.internal.tasks.execution.SkipOnlyIfTaskExecuter.execute(SkipOnlyIfTaskExecuter.java:54)
	at org.gradle.api.internal.tasks.execution.CatchExceptionTaskExecuter.execute(CatchExceptionTaskExecuter.java:35)
	at org.gradle.api.internal.tasks.execution.EventFiringTaskExecuter$1.run(EventFiringTaskExecuter.java:49)
	at org.gradle.internal.operations.DefaultBuildOperationExecutor$RunnableBuildOperationWorker.execute(DefaultBuildOperationExecutor.java:301)
	at org.gradle.internal.operations.DefaultBuildOperationExecutor$RunnableBuildOperationWorker.execute(DefaultBuildOperationExecutor.java:293)
	at org.gradle.internal.operations.DefaultBuildOperationExecutor.execute(DefaultBuildOperationExecutor.java:175)
	at org.gradle.internal.operations.DefaultBuildOperationExecutor.run(DefaultBuildOperationExecutor.java:91)
	at org.gradle.internal.operations.DelegatingBuildOperationExecutor.run(DelegatingBuildOperationExecutor.java:31)
	at org.gradle.api.internal.tasks.execution.EventFiringTaskExecuter.execute(EventFiringTaskExecuter.java:44)
	at org.gradle.execution.plan.LocalTaskNodeExecutor.execute(LocalTaskNodeExecutor.java:43)
	at org.gradle.execution.taskgraph.DefaultTaskExecutionGraph$InvokeNodeExecutorsAction.execute(DefaultTaskExecutionGraph.java:337)
	at org.gradle.execution.taskgraph.DefaultTaskExecutionGraph$InvokeNodeExecutorsAction.execute(DefaultTaskExecutionGraph.java:325)
	at org.gradle.execution.taskgraph.DefaultTaskExecutionGraph$BuildOperationAwareExecutionAction.execute(DefaultTaskExecutionGraph.java:318)
	at org.gradle.execution.taskgraph.DefaultTaskExecutionGraph$BuildOperationAwareExecutionAction.execute(DefaultTaskExecutionGraph.java:304)
	at org.gradle.execution.plan.DefaultPlanExecutor$ExecutorWorker$1.execute(DefaultPlanExecutor.java:134)
	at org.gradle.execution.plan.DefaultPlanExecutor$ExecutorWorker$1.execute(DefaultPlanExecutor.java:129)
	at org.gradle.execution.plan.DefaultPlanExecutor$ExecutorWorker.execute(DefaultPlanExecutor.java:202)
	at org.gradle.execution.plan.DefaultPlanExecutor$ExecutorWorker.executeNextNode(DefaultPlanExecutor.java:193)
	at org.gradle.execution.plan.DefaultPlanExecutor$ExecutorWorker.run(DefaultPlanExecutor.java:129)
	at org.gradle.execution.plan.DefaultPlanExecutor.process(DefaultPlanExecutor.java:74)
	at org.gradle.execution.taskgraph.DefaultTaskExecutionGraph.executeWithServices(DefaultTaskExecutionGraph.java:167)
	at org.gradle.execution.taskgraph.DefaultTaskExecutionGraph.execute(DefaultTaskExecutionGraph.java:150)
	at org.gradle.execution.SelectedTaskExecutionAction.execute(SelectedTaskExecutionAction.java:41)
	at org.gradle.execution.DefaultBuildExecuter.execute(DefaultBuildExecuter.java:40)
	at org.gradle.execution.DefaultBuildExecuter.access$000(DefaultBuildExecuter.java:24)
	at org.gradle.execution.DefaultBuildExecuter$1.proceed(DefaultBuildExecuter.java:46)
	at org.gradle.execution.DryRunBuildExecutionAction.execute(DryRunBuildExecutionAction.java:49)
	at org.gradle.execution.DefaultBuildExecuter.execute(DefaultBuildExecuter.java:40)
	at org.gradle.execution.DefaultBuildExecuter.execute(DefaultBuildExecuter.java:33)
	at org.gradle.initialization.DefaultGradleLauncher$ExecuteTasks.run(DefaultGradleLauncher.java:367)
	at org.gradle.internal.operations.DefaultBuildOperationExecutor$RunnableBuildOperationWorker.execute(DefaultBuildOperationExecutor.java:301)
	at org.gradle.internal.operations.DefaultBuildOperationExecutor$RunnableBuildOperationWorker.execute(DefaultBuildOperationExecutor.java:293)
	at org.gradle.internal.operations.DefaultBuildOperationExecutor.execute(DefaultBuildOperationExecutor.java:175)
	at org.gradle.internal.operations.DefaultBuildOperationExecutor.run(DefaultBuildOperationExecutor.java:91)
	at org.gradle.internal.operations.DelegatingBuildOperationExecutor.run(DelegatingBuildOperationExecutor.java:31)
	at org.gradle.initialization.DefaultGradleLauncher.runTasks(DefaultGradleLauncher.java:231)
	at org.gradle.initialization.DefaultGradleLauncher.doBuildStages(DefaultGradleLauncher.java:158)
	at org.gradle.initialization.DefaultGradleLauncher.executeTasks(DefaultGradleLauncher.java:133)
	at org.gradle.internal.invocation.GradleBuildController$1.execute(GradleBuildController.java:79)
	at org.gradle.internal.invocation.GradleBuildController$1.execute(GradleBuildController.java:76)
	at org.gradle.internal.invocation.GradleBuildController$3.create(GradleBuildController.java:103)
	at org.gradle.internal.invocation.GradleBuildController$3.create(GradleBuildController.java:96)
	at org.gradle.internal.work.DefaultWorkerLeaseService.withLocks(DefaultWorkerLeaseService.java:183)
	at org.gradle.internal.work.StopShieldingWorkerLeaseService.withLocks(StopShieldingWorkerLeaseService.java:40)
	at org.gradle.internal.invocation.GradleBuildController.doBuild(GradleBuildController.java:96)
	at org.gradle.internal.invocation.GradleBuildController.run(GradleBuildController.java:76)
	at org.gradle.tooling.internal.provider.ExecuteBuildActionRunner.run(ExecuteBuildActionRunner.java:28)
	at org.gradle.launcher.exec.ChainingBuildActionRunner.run(ChainingBuildActionRunner.java:35)
	at org.gradle.tooling.internal.provider.ValidatingBuildActionRunner.run(ValidatingBuildActionRunner.java:32)
	at org.gradle.launcher.exec.RunAsBuildOperationBuildActionRunner$3.run(RunAsBuildOperationBuildActionRunner.java:49)
	at org.gradle.internal.operations.DefaultBuildOperationExecutor$RunnableBuildOperationWorker.execute(DefaultBuildOperationExecutor.java:301)
	at org.gradle.internal.operations.DefaultBuildOperationExecutor$RunnableBuildOperationWorker.execute(DefaultBuildOperationExecutor.java:293)
	at org.gradle.internal.operations.DefaultBuildOperationExecutor.execute(DefaultBuildOperationExecutor.java:175)
	at org.gradle.internal.operations.DefaultBuildOperationExecutor.run(DefaultBuildOperationExecutor.java:91)
	at org.gradle.internal.operations.DelegatingBuildOperationExecutor.run(DelegatingBuildOperationExecutor.java:31)
	at org.gradle.launcher.exec.RunAsBuildOperationBuildActionRunner.run(RunAsBuildOperationBuildActionRunner.java:44)
	at org.gradle.tooling.internal.provider.SubscribableBuildActionRunner.run(SubscribableBuildActionRunner.java:51)
	at org.gradle.launcher.exec.InProcessBuildActionExecuter$1.transform(InProcessBuildActionExecuter.java:47)
	at org.gradle.launcher.exec.InProcessBuildActionExecuter$1.transform(InProcessBuildActionExecuter.java:44)
	at org.gradle.composite.internal.DefaultRootBuildState.run(DefaultRootBuildState.java:79)
	at org.gradle.launcher.exec.InProcessBuildActionExecuter.execute(InProcessBuildActionExecuter.java:44)
	at org.gradle.launcher.exec.InProcessBuildActionExecuter.execute(InProcessBuildActionExecuter.java:30)
	at org.gradle.launcher.exec.BuildTreeScopeBuildActionExecuter.execute(BuildTreeScopeBuildActionExecuter.java:39)
	at org.gradle.launcher.exec.BuildTreeScopeBuildActionExecuter.execute(BuildTreeScopeBuildActionExecuter.java:25)
	at org.gradle.tooling.internal.provider.ContinuousBuildActionExecuter.execute(ContinuousBuildActionExecuter.java:78)
	at org.gradle.tooling.internal.provider.ContinuousBuildActionExecuter.execute(ContinuousBuildActionExecuter.java:52)
	at org.gradle.tooling.internal.provider.ServicesSetupBuildActionExecuter.execute(ServicesSetupBuildActionExecuter.java:62)
	at org.gradle.tooling.internal.provider.ServicesSetupBuildActionExecuter.execute(ServicesSetupBuildActionExecuter.java:34)
	at org.gradle.tooling.internal.provider.GradleThreadBuildActionExecuter.execute(GradleThreadBuildActionExecuter.java:36)
	at org.gradle.tooling.internal.provider.GradleThreadBuildActionExecuter.execute(GradleThreadBuildActionExecuter.java:25)
	at org.gradle.tooling.internal.provider.ParallelismConfigurationBuildActionExecuter.execute(ParallelismConfigurationBuildActionExecuter.java:43)
	at org.gradle.tooling.internal.provider.ParallelismConfigurationBuildActionExecuter.execute(ParallelismConfigurationBuildActionExecuter.java:29)
	at org.gradle.tooling.internal.provider.StartParamsValidatingActionExecuter.execute(StartParamsValidatingActionExecuter.java:59)
	at org.gradle.tooling.internal.provider.StartParamsValidatingActionExecuter.execute(StartParamsValidatingActionExecuter.java:31)
	at org.gradle.tooling.internal.provider.SessionFailureReportingActionExecuter.execute(SessionFailureReportingActionExecuter.java:59)
	at org.gradle.tooling.internal.provider.SessionFailureReportingActionExecuter.execute(SessionFailureReportingActionExecuter.java:44)
	at org.gradle.tooling.internal.provider.SetupLoggingActionExecuter.execute(SetupLoggingActionExecuter.java:46)
	at org.gradle.tooling.internal.provider.SetupLoggingActionExecuter.execute(SetupLoggingActionExecuter.java:30)
	at org.gradle.launcher.daemon.server.exec.ExecuteBuild.doBuild(ExecuteBuild.java:67)
	at org.gradle.launcher.daemon.server.exec.BuildCommandOnly.execute(BuildCommandOnly.java:36)
	at org.gradle.launcher.daemon.server.api.DaemonCommandExecution.proceed(DaemonCommandExecution.java:122)
	at org.gradle.launcher.daemon.server.exec.WatchForDisconnection.execute(WatchForDisconnection.java:37)
	at org.gradle.launcher.daemon.server.api.DaemonCommandExecution.proceed(DaemonCommandExecution.java:122)
	at org.gradle.launcher.daemon.server.exec.ResetDeprecationLogger.execute(ResetDeprecationLogger.java:26)
	at org.gradle.launcher.daemon.server.api.DaemonCommandExecution.proceed(DaemonCommandExecution.java:122)
	at org.gradle.launcher.daemon.server.exec.RequestStopIfSingleUsedDaemon.execute(RequestStopIfSingleUsedDaemon.java:34)
	at org.gradle.launcher.daemon.server.api.DaemonCommandExecution.proceed(DaemonCommandExecution.java:122)
	at org.gradle.launcher.daemon.server.exec.ForwardClientInput$2.call(ForwardClientInput.java:74)
	at org.gradle.launcher.daemon.server.exec.ForwardClientInput$2.call(ForwardClientInput.java:72)
	at org.gradle.util.Swapper.swap(Swapper.java:38)
	at org.gradle.launcher.daemon.server.exec.ForwardClientInput.execute(ForwardClientInput.java:72)
	at org.gradle.launcher.daemon.server.api.DaemonCommandExecution.proceed(DaemonCommandExecution.java:122)
	at org.gradle.launcher.daemon.server.exec.LogAndCheckHealth.execute(LogAndCheckHealth.java:55)
	at org.gradle.launcher.daemon.server.api.DaemonCommandExecution.proceed(DaemonCommandExecution.java:122)
	at org.gradle.launcher.daemon.server.exec.LogToClient.doBuild(LogToClient.java:62)
	at org.gradle.launcher.daemon.server.exec.BuildCommandOnly.execute(BuildCommandOnly.java:36)
	at org.gradle.launcher.daemon.server.api.DaemonCommandExecution.proceed(DaemonCommandExecution.java:122)
	at org.gradle.launcher.daemon.server.exec.EstablishBuildEnvironment.doBuild(EstablishBuildEnvironment.java:81)
	at org.gradle.launcher.daemon.server.exec.BuildCommandOnly.execute(BuildCommandOnly.java:36)
	at org.gradle.launcher.daemon.server.api.DaemonCommandExecution.proceed(DaemonCommandExecution.java:122)
	at org.gradle.launcher.daemon.server.exec.StartBuildOrRespondWithBusy$1.run(StartBuildOrRespondWithBusy.java:50)
	at org.gradle.launcher.daemon.server.DaemonStateCoordinator$1.run(DaemonStateCoordinator.java:295)
	at org.gradle.internal.concurrent.ExecutorPolicy$CatchAndRecordFailures.onExecute(ExecutorPolicy.java:63)
	at org.gradle.internal.concurrent.ManagedExecutorImpl$1.run(ManagedExecutorImpl.java:46)
	at java.base/java.util.concurrent.ThreadPoolExecutor.runWorker(ThreadPoolExecutor.java:1128)
	at java.base/java.util.concurrent.ThreadPoolExecutor$Worker.run(ThreadPoolExecutor.java:628)
	at org.gradle.internal.concurrent.ThreadFactoryImpl$ManagedThreadRunnable.run(ThreadFactoryImpl.java:55)
	at java.base/java.lang.Thread.run(Thread.java:829)
e: org.jetbrains.kotlin.util.KotlinFrontEndException: Exception while analyzing expression at (12,9) in /mnt/batch/tasks/workitems/NONDEX_nondex_r131_1M31d16h48m2s/job-1/Task1176/wd/NonDex-plugin-test/github.com/m4kvn/ChatWork4j/src/main/kotlin/com/masahirosaito/chatwork4j/error/ResponseErrorsException.kt:
GsonBuilder()

	at org.jetbrains.kotlin.types.expressions.ExpressionTypingVisitorDispatcher.logOrThrowException(ExpressionTypingVisitorDispatcher.java:254)
	at org.jetbrains.kotlin.types.expressions.ExpressionTypingVisitorDispatcher.access$200(ExpressionTypingVisitorDispatcher.java:48)
	at org.jetbrains.kotlin.types.expressions.ExpressionTypingVisitorDispatcher$1.invoke(ExpressionTypingVisitorDispatcher.java:224)
	at org.jetbrains.kotlin.types.expressions.ExpressionTypingVisitorDispatcher$1.invoke(ExpressionTypingVisitorDispatcher.java:172)
	at org.jetbrains.kotlin.util.PerformanceCounter.time(PerformanceCounter.kt:92)
	at org.jetbrains.kotlin.types.expressions.ExpressionTypingVisitorDispatcher.getTypeInfo(ExpressionTypingVisitorDispatcher.java:172)
	at org.jetbrains.kotlin.types.expressions.ExpressionTypingVisitorDispatcher.getTypeInfo(ExpressionTypingVisitorDispatcher.java:143)
	at org.jetbrains.kotlin.types.expressions.ExpressionTypingServices.getTypeInfo(ExpressionTypingServices.java:126)
	at org.jetbrains.kotlin.resolve.calls.CallExpressionResolver.getQualifiedExpressionTypeInfo(CallExpressionResolver.kt:391)
	at org.jetbrains.kotlin.types.expressions.BasicExpressionTypingVisitor.visitQualifiedExpression(BasicExpressionTypingVisitor.java:688)
	at org.jetbrains.kotlin.types.expressions.ExpressionTypingVisitorDispatcher.visitQualifiedExpression(ExpressionTypingVisitorDispatcher.java:384)
	at org.jetbrains.kotlin.types.expressions.ExpressionTypingVisitorDispatcher$ForDeclarations.visitQualifiedExpression(ExpressionTypingVisitorDispatcher.java:55)
	at org.jetbrains.kotlin.psi.KtVisitor.visitDotQualifiedExpression(KtVisitor.java:290)
	at org.jetbrains.kotlin.psi.KtDotQualifiedExpression.accept(KtDotQualifiedExpression.kt:31)
	at org.jetbrains.kotlin.types.expressions.ExpressionTypingVisitorDispatcher$1.invoke(ExpressionTypingVisitorDispatcher.java:182)
	at org.jetbrains.kotlin.types.expressions.ExpressionTypingVisitorDispatcher$1.invoke(ExpressionTypingVisitorDispatcher.java:172)
	at org.jetbrains.kotlin.util.PerformanceCounter.time(PerformanceCounter.kt:92)
	at org.jetbrains.kotlin.types.expressions.ExpressionTypingVisitorDispatcher.getTypeInfo(ExpressionTypingVisitorDispatcher.java:172)
	at org.jetbrains.kotlin.types.expressions.ExpressionTypingVisitorDispatcher.getTypeInfo(ExpressionTypingVisitorDispatcher.java:143)
	at org.jetbrains.kotlin.types.expressions.ExpressionTypingServices.getTypeInfo(ExpressionTypingServices.java:126)
	at org.jetbrains.kotlin.resolve.calls.ArgumentTypeResolver.getArgumentTypeInfo(ArgumentTypeResolver.java:220)
	at org.jetbrains.kotlin.resolve.calls.ArgumentTypeResolver.analyzeArgumentsAndRecordTypes(ArgumentTypeResolver.java:348)
	at org.jetbrains.kotlin.resolve.calls.CallResolver.doResolveCall(CallResolver.java:579)
	at org.jetbrains.kotlin.resolve.calls.CallResolver.doResolveCallOrGetCachedResults(CallResolver.java:515)
	at org.jetbrains.kotlin.resolve.calls.CallResolver.access$100(CallResolver.java:64)
	at org.jetbrains.kotlin.resolve.calls.CallResolver$2.invoke(CallResolver.java:212)
	at org.jetbrains.kotlin.resolve.calls.CallResolver$2.invoke(CallResolver.java:206)
	at org.jetbrains.kotlin.util.PerformanceCounter.time(PerformanceCounter.kt:92)
	at org.jetbrains.kotlin.resolve.calls.CallResolver.computeTasksFromCandidatesAndResolvedCall(CallResolver.java:206)
	at org.jetbrains.kotlin.resolve.calls.CallResolver.computeTasksFromCandidatesAndResolvedCall(CallResolver.java:196)
	at org.jetbrains.kotlin.resolve.calls.CallResolver.resolveCallForConstructor(CallResolver.java:344)
	at org.jetbrains.kotlin.resolve.calls.CallResolver.resolveFunctionCall(CallResolver.java:270)
	at org.jetbrains.kotlin.resolve.calls.CallResolver.resolveFunctionCall(CallResolver.java:241)
	at org.jetbrains.kotlin.resolve.BodyResolver$3.visitSuperTypeCallEntry(BodyResolver.java:314)
	at org.jetbrains.kotlin.psi.KtVisitorVoid.visitSuperTypeCallEntry(KtVisitorVoid.java:599)
	at org.jetbrains.kotlin.psi.KtVisitorVoid.visitSuperTypeCallEntry(KtVisitorVoid.java:21)
	at org.jetbrains.kotlin.psi.KtSuperTypeCallEntry.accept(KtSuperTypeCallEntry.java:40)
	at org.jetbrains.kotlin.psi.KtElementImplStub.accept(KtElementImplStub.java:58)
	at org.jetbrains.kotlin.resolve.BodyResolver.resolveSuperTypeEntryList(BodyResolver.java:369)
	at org.jetbrains.kotlin.resolve.BodyResolver.resolveSuperTypeEntryLists(BodyResolver.java:242)
	at org.jetbrains.kotlin.resolve.BodyResolver.resolveBehaviorDeclarationBodies(BodyResolver.java:100)
	at org.jetbrains.kotlin.resolve.BodyResolver.resolveBodies(BodyResolver.java:230)
	at org.jetbrains.kotlin.resolve.LazyTopDownAnalyzer.analyzeDeclarations(LazyTopDownAnalyzer.kt:196)
	at org.jetbrains.kotlin.resolve.LazyTopDownAnalyzerForTopLevel.analyzeDeclarations(LazyTopDownAnalyzerForTopLevel.java:74)
	at org.jetbrains.kotlin.resolve.LazyTopDownAnalyzerForTopLevel.analyzeFiles(LazyTopDownAnalyzerForTopLevel.java:66)
	at org.jetbrains.kotlin.resolve.jvm.TopDownAnalyzerFacadeForJVM.analyzeFilesWithJavaIntegration(TopDownAnalyzerFacadeForJVM.kt:136)
	at org.jetbrains.kotlin.resolve.jvm.TopDownAnalyzerFacadeForJVM.analyzeFilesWithJavaIntegrationWithCustomContext(TopDownAnalyzerFacadeForJVM.kt:67)
	at org.jetbrains.kotlin.cli.jvm.compiler.KotlinToJVMBytecodeCompiler$analyze$1.analyze(KotlinToJVMBytecodeCompiler.kt:365)
	at org.jetbrains.kotlin.cli.common.messages.AnalyzerWithCompilerReport.analyzeAndReport(AnalyzerWithCompilerReport.kt:104)
	at org.jetbrains.kotlin.cli.jvm.compiler.KotlinToJVMBytecodeCompiler.analyze(KotlinToJVMBytecodeCompiler.kt:358)
	at org.jetbrains.kotlin.cli.jvm.compiler.KotlinToJVMBytecodeCompiler.compileModules(KotlinToJVMBytecodeCompiler.kt:131)
	at org.jetbrains.kotlin.cli.jvm.K2JVMCompiler.doExecute(K2JVMCompiler.kt:186)
	at org.jetbrains.kotlin.cli.jvm.K2JVMCompiler.doExecute(K2JVMCompiler.kt:53)
	at org.jetbrains.kotlin.cli.common.CLICompiler.exec(CLICompiler.java:198)
	at org.jetbrains.kotlin.gradle.tasks.TasksKt.compileJvmNotIncrementally(Tasks.kt:285)
	at org.jetbrains.kotlin.gradle.tasks.KotlinCompile.callCompiler$kotlin_gradle_plugin(Tasks.kt:173)
	at org.jetbrains.kotlin.gradle.tasks.KotlinCompile.callCompiler$kotlin_gradle_plugin(Tasks.kt:104)
	at org.jetbrains.kotlin.gradle.tasks.AbstractKotlinCompile.execute(Tasks.kt:97)
	at java.base/jdk.internal.reflect.NativeMethodAccessorImpl.invoke0(Native Method)
	at java.base/jdk.internal.reflect.NativeMethodAccessorImpl.invoke(NativeMethodAccessorImpl.java:62)
	at java.base/jdk.internal.reflect.DelegatingMethodAccessorImpl.invoke(DelegatingMethodAccessorImpl.java:43)
	at java.base/java.lang.reflect.Method.invoke(Method.java:566)
	at org.gradle.internal.reflect.JavaMethod.invoke(JavaMethod.java:73)
	at org.gradle.api.internal.project.taskfactory.IncrementalTaskAction.doExecute(IncrementalTaskAction.java:46)
	at org.gradle.api.internal.project.taskfactory.StandardTaskAction.execute(StandardTaskAction.java:41)
	at org.gradle.api.internal.project.taskfactory.StandardTaskAction.execute(StandardTaskAction.java:28)
	at org.gradle.api.internal.tasks.execution.ExecuteActionsTaskExecuter$1.run(ExecuteActionsTaskExecuter.java:117)
	at org.gradle.internal.operations.DefaultBuildOperationExecutor$RunnableBuildOperationWorker.execute(DefaultBuildOperationExecutor.java:301)
	at org.gradle.internal.operations.DefaultBuildOperationExecutor$RunnableBuildOperationWorker.execute(DefaultBuildOperationExecutor.java:293)
	at org.gradle.internal.operations.DefaultBuildOperationExecutor.execute(DefaultBuildOperationExecutor.java:175)
	at org.gradle.internal.operations.DefaultBuildOperationExecutor.run(DefaultBuildOperationExecutor.java:91)
	at org.gradle.internal.operations.DelegatingBuildOperationExecutor.run(DelegatingBuildOperationExecutor.java:31)
	at org.gradle.api.internal.tasks.execution.ExecuteActionsTaskExecuter.executeAction(ExecuteActionsTaskExecuter.java:106)
	at org.gradle.api.internal.tasks.execution.ExecuteActionsTaskExecuter.executeActions(ExecuteActionsTaskExecuter.java:85)
	at org.gradle.api.internal.tasks.execution.ExecuteActionsTaskExecuter.execute(ExecuteActionsTaskExecuter.java:65)
	at org.gradle.api.internal.tasks.execution.ActionEventFiringTaskExecuter.execute(ActionEventFiringTaskExecuter.java:44)
	at org.gradle.api.internal.tasks.execution.TimeoutTaskExecuter.execute(TimeoutTaskExecuter.java:53)
	at org.gradle.api.internal.tasks.execution.SnapshotAfterExecutionTaskExecuter.execute(SnapshotAfterExecutionTaskExecuter.java:38)
	at org.gradle.api.internal.tasks.execution.OutputDirectoryCreatingTaskExecuter.execute(OutputDirectoryCreatingTaskExecuter.java:51)
	at org.gradle.api.internal.tasks.execution.SkipUpToDateTaskExecuter.execute(SkipUpToDateTaskExecuter.java:59)
	at org.gradle.api.internal.tasks.execution.ResolveTaskOutputCachingStateExecuter.execute(ResolveTaskOutputCachingStateExecuter.java:49)
	at org.gradle.api.internal.tasks.execution.ValidatingTaskExecuter.execute(ValidatingTaskExecuter.java:61)
	at org.gradle.api.internal.tasks.execution.SkipEmptySourceFilesTaskExecuter.execute(SkipEmptySourceFilesTaskExecuter.java:101)
	at org.gradle.api.internal.tasks.execution.CleanupStaleOutputsExecuter.execute(CleanupStaleOutputsExecuter.java:91)
	at org.gradle.api.internal.tasks.execution.FinalizePropertiesTaskExecuter.execute(FinalizePropertiesTaskExecuter.java:44)
	at org.gradle.api.internal.tasks.execution.ResolveTaskArtifactStateTaskExecuter.execute(ResolveTaskArtifactStateTaskExecuter.java:62)
	at org.gradle.api.internal.tasks.execution.SkipTaskWithNoActionsExecuter.execute(SkipTaskWithNoActionsExecuter.java:55)
	at org.gradle.api.internal.tasks.execution.SkipOnlyIfTaskExecuter.execute(SkipOnlyIfTaskExecuter.java:54)
	at org.gradle.api.internal.tasks.execution.CatchExceptionTaskExecuter.execute(CatchExceptionTaskExecuter.java:35)
	at org.gradle.api.internal.tasks.execution.EventFiringTaskExecuter$1.run(EventFiringTaskExecuter.java:49)
	at org.gradle.internal.operations.DefaultBuildOperationExecutor$RunnableBuildOperationWorker.execute(DefaultBuildOperationExecutor.java:301)
	at org.gradle.internal.operations.DefaultBuildOperationExecutor$RunnableBuildOperationWorker.execute(DefaultBuildOperationExecutor.java:293)
	at org.gradle.internal.operations.DefaultBuildOperationExecutor.execute(DefaultBuildOperationExecutor.java:175)
	at org.gradle.internal.operations.DefaultBuildOperationExecutor.run(DefaultBuildOperationExecutor.java:91)
	at org.gradle.internal.operations.DelegatingBuildOperationExecutor.run(DelegatingBuildOperationExecutor.java:31)
	at org.gradle.api.internal.tasks.execution.EventFiringTaskExecuter.execute(EventFiringTaskExecuter.java:44)
	at org.gradle.execution.plan.LocalTaskNodeExecutor.execute(LocalTaskNodeExecutor.java:43)
	at org.gradle.execution.taskgraph.DefaultTaskExecutionGraph$InvokeNodeExecutorsAction.execute(DefaultTaskExecutionGraph.java:337)
	at org.gradle.execution.taskgraph.DefaultTaskExecutionGraph$InvokeNodeExecutorsAction.execute(DefaultTaskExecutionGraph.java:325)
	at org.gradle.execution.taskgraph.DefaultTaskExecutionGraph$BuildOperationAwareExecutionAction.execute(DefaultTaskExecutionGraph.java:318)
	at org.gradle.execution.taskgraph.DefaultTaskExecutionGraph$BuildOperationAwareExecutionAction.execute(DefaultTaskExecutionGraph.java:304)
	at org.gradle.execution.plan.DefaultPlanExecutor$ExecutorWorker$1.execute(DefaultPlanExecutor.java:134)
	at org.gradle.execution.plan.DefaultPlanExecutor$ExecutorWorker$1.execute(DefaultPlanExecutor.java:129)
	at org.gradle.execution.plan.DefaultPlanExecutor$ExecutorWorker.execute(DefaultPlanExecutor.java:202)
	at org.gradle.execution.plan.DefaultPlanExecutor$ExecutorWorker.executeNextNode(DefaultPlanExecutor.java:193)
	at org.gradle.execution.plan.DefaultPlanExecutor$ExecutorWorker.run(DefaultPlanExecutor.java:129)
	at org.gradle.execution.plan.DefaultPlanExecutor.process(DefaultPlanExecutor.java:74)
	at org.gradle.execution.taskgraph.DefaultTaskExecutionGraph.executeWithServices(DefaultTaskExecutionGraph.java:167)
	at org.gradle.execution.taskgraph.DefaultTaskExecutionGraph.execute(DefaultTaskExecutionGraph.java:150)
	at org.gradle.execution.SelectedTaskExecutionAction.execute(SelectedTaskExecutionAction.java:41)
	at org.gradle.execution.DefaultBuildExecuter.execute(DefaultBuildExecuter.java:40)
	at org.gradle.execution.DefaultBuildExecuter.access$000(DefaultBuildExecuter.java:24)
	at org.gradle.execution.DefaultBuildExecuter$1.proceed(DefaultBuildExecuter.java:46)
	at org.gradle.execution.DryRunBuildExecutionAction.execute(DryRunBuildExecutionAction.java:49)
	at org.gradle.execution.DefaultBuildExecuter.execute(DefaultBuildExecuter.java:40)
	at org.gradle.execution.DefaultBuildExecuter.execute(DefaultBuildExecuter.java:33)
	at org.gradle.initialization.DefaultGradleLauncher$ExecuteTasks.run(DefaultGradleLauncher.java:367)
	at org.gradle.internal.operations.DefaultBuildOperationExecutor$RunnableBuildOperationWorker.execute(DefaultBuildOperationExecutor.java:301)
	at org.gradle.internal.operations.DefaultBuildOperationExecutor$RunnableBuildOperationWorker.execute(DefaultBuildOperationExecutor.java:293)
	at org.gradle.internal.operations.DefaultBuildOperationExecutor.execute(DefaultBuildOperationExecutor.java:175)
	at org.gradle.internal.operations.DefaultBuildOperationExecutor.run(DefaultBuildOperationExecutor.java:91)
	at org.gradle.internal.operations.DelegatingBuildOperationExecutor.run(DelegatingBuildOperationExecutor.java:31)
	at org.gradle.initialization.DefaultGradleLauncher.runTasks(DefaultGradleLauncher.java:231)
	at org.gradle.initialization.DefaultGradleLauncher.doBuildStages(DefaultGradleLauncher.java:158)
	at org.gradle.initialization.DefaultGradleLauncher.executeTasks(DefaultGradleLauncher.java:133)
	at org.gradle.internal.invocation.GradleBuildController$1.execute(GradleBuildController.java:79)
	at org.gradle.internal.invocation.GradleBuildController$1.execute(GradleBuildController.java:76)
	at org.gradle.internal.invocation.GradleBuildController$3.create(GradleBuildController.java:103)
	at org.gradle.internal.invocation.GradleBuildController$3.create(GradleBuildController.java:96)
	at org.gradle.internal.work.DefaultWorkerLeaseService.withLocks(DefaultWorkerLeaseService.java:183)
	at org.gradle.internal.work.StopShieldingWorkerLeaseService.withLocks(StopShieldingWorkerLeaseService.java:40)
	at org.gradle.internal.invocation.GradleBuildController.doBuild(GradleBuildController.java:96)
	at org.gradle.internal.invocation.GradleBuildController.run(GradleBuildController.java:76)
	at org.gradle.tooling.internal.provider.ExecuteBuildActionRunner.run(ExecuteBuildActionRunner.java:28)
	at org.gradle.launcher.exec.ChainingBuildActionRunner.run(ChainingBuildActionRunner.java:35)
	at org.gradle.tooling.internal.provider.ValidatingBuildActionRunner.run(ValidatingBuildActionRunner.java:32)
	at org.gradle.launcher.exec.RunAsBuildOperationBuildActionRunner$3.run(RunAsBuildOperationBuildActionRunner.java:49)
	at org.gradle.internal.operations.DefaultBuildOperationExecutor$RunnableBuildOperationWorker.execute(DefaultBuildOperationExecutor.java:301)
	at org.gradle.internal.operations.DefaultBuildOperationExecutor$RunnableBuildOperationWorker.execute(DefaultBuildOperationExecutor.java:293)
	at org.gradle.internal.operations.DefaultBuildOperationExecutor.execute(DefaultBuildOperationExecutor.java:175)
	at org.gradle.internal.operations.DefaultBuildOperationExecutor.run(DefaultBuildOperationExecutor.java:91)
	at org.gradle.internal.operations.DelegatingBuildOperationExecutor.run(DelegatingBuildOperationExecutor.java:31)
	at org.gradle.launcher.exec.RunAsBuildOperationBuildActionRunner.run(RunAsBuildOperationBuildActionRunner.java:44)
	at org.gradle.tooling.internal.provider.SubscribableBuildActionRunner.run(SubscribableBuildActionRunner.java:51)
	at org.gradle.launcher.exec.InProcessBuildActionExecuter$1.transform(InProcessBuildActionExecuter.java:47)
	at org.gradle.launcher.exec.InProcessBuildActionExecuter$1.transform(InProcessBuildActionExecuter.java:44)
	at org.gradle.composite.internal.DefaultRootBuildState.run(DefaultRootBuildState.java:79)
	at org.gradle.launcher.exec.InProcessBuildActionExecuter.execute(InProcessBuildActionExecuter.java:44)
	at org.gradle.launcher.exec.InProcessBuildActionExecuter.execute(InProcessBuildActionExecuter.java:30)
	at org.gradle.launcher.exec.BuildTreeScopeBuildActionExecuter.execute(BuildTreeScopeBuildActionExecuter.java:39)
	at org.gradle.launcher.exec.BuildTreeScopeBuildActionExecuter.execute(BuildTreeScopeBuildActionExecuter.java:25)
	at org.gradle.tooling.internal.provider.ContinuousBuildActionExecuter.execute(ContinuousBuildActionExecuter.java:78)
	at org.gradle.tooling.internal.provider.ContinuousBuildActionExecuter.execute(ContinuousBuildActionExecuter.java:52)
	at org.gradle.tooling.internal.provider.ServicesSetupBuildActionExecuter.execute(ServicesSetupBuildActionExecuter.java:62)
	at org.gradle.tooling.internal.provider.ServicesSetupBuildActionExecuter.execute(ServicesSetupBuildActionExecuter.java:34)
	at org.gradle.tooling.internal.provider.GradleThreadBuildActionExecuter.execute(GradleThreadBuildActionExecuter.java:36)
	at org.gradle.tooling.internal.provider.GradleThreadBuildActionExecuter.execute(GradleThreadBuildActionExecuter.java:25)
	at org.gradle.tooling.internal.provider.ParallelismConfigurationBuildActionExecuter.execute(ParallelismConfigurationBuildActionExecuter.java:43)
	at org.gradle.tooling.internal.provider.ParallelismConfigurationBuildActionExecuter.execute(ParallelismConfigurationBuildActionExecuter.java:29)
	at org.gradle.tooling.internal.provider.StartParamsValidatingActionExecuter.execute(StartParamsValidatingActionExecuter.java:59)
	at org.gradle.tooling.internal.provider.StartParamsValidatingActionExecuter.execute(StartParamsValidatingActionExecuter.java:31)
	at org.gradle.tooling.internal.provider.SessionFailureReportingActionExecuter.execute(SessionFailureReportingActionExecuter.java:59)
	at org.gradle.tooling.internal.provider.SessionFailureReportingActionExecuter.execute(SessionFailureReportingActionExecuter.java:44)
	at org.gradle.tooling.internal.provider.SetupLoggingActionExecuter.execute(SetupLoggingActionExecuter.java:46)
	at org.gradle.tooling.internal.provider.SetupLoggingActionExecuter.execute(SetupLoggingActionExecuter.java:30)
	at org.gradle.launcher.daemon.server.exec.ExecuteBuild.doBuild(ExecuteBuild.java:67)
	at org.gradle.launcher.daemon.server.exec.BuildCommandOnly.execute(BuildCommandOnly.java:36)
	at org.gradle.launcher.daemon.server.api.DaemonCommandExecution.proceed(DaemonCommandExecution.java:122)
	at org.gradle.launcher.daemon.server.exec.WatchForDisconnection.execute(WatchForDisconnection.java:37)
	at org.gradle.launcher.daemon.server.api.DaemonCommandExecution.proceed(DaemonCommandExecution.java:122)
	at org.gradle.launcher.daemon.server.exec.ResetDeprecationLogger.execute(ResetDeprecationLogger.java:26)
	at org.gradle.launcher.daemon.server.api.DaemonCommandExecution.proceed(DaemonCommandExecution.java:122)
	at org.gradle.launcher.daemon.server.exec.RequestStopIfSingleUsedDaemon.execute(RequestStopIfSingleUsedDaemon.java:34)
	at org.gradle.launcher.daemon.server.api.DaemonCommandExecution.proceed(DaemonCommandExecution.java:122)
	at org.gradle.launcher.daemon.server.exec.ForwardClientInput$2.call(ForwardClientInput.java:74)
	at org.gradle.launcher.daemon.server.exec.ForwardClientInput$2.call(ForwardClientInput.java:72)
	at org.gradle.util.Swapper.swap(Swapper.java:38)
	at org.gradle.launcher.daemon.server.exec.ForwardClientInput.execute(ForwardClientInput.java:72)
	at org.gradle.launcher.daemon.server.api.DaemonCommandExecution.proceed(DaemonCommandExecution.java:122)
	at org.gradle.launcher.daemon.server.exec.LogAndCheckHealth.execute(LogAndCheckHealth.java:55)
	at org.gradle.launcher.daemon.server.api.DaemonCommandExecution.proceed(DaemonCommandExecution.java:122)
	at org.gradle.launcher.daemon.server.exec.LogToClient.doBuild(LogToClient.java:62)
	at org.gradle.launcher.daemon.server.exec.BuildCommandOnly.execute(BuildCommandOnly.java:36)
	at org.gradle.launcher.daemon.server.api.DaemonCommandExecution.proceed(DaemonCommandExecution.java:122)
	at org.gradle.launcher.daemon.server.exec.EstablishBuildEnvironment.doBuild(EstablishBuildEnvironment.java:81)
	at org.gradle.launcher.daemon.server.exec.BuildCommandOnly.execute(BuildCommandOnly.java:36)
	at org.gradle.launcher.daemon.server.api.DaemonCommandExecution.proceed(DaemonCommandExecution.java:122)
	at org.gradle.launcher.daemon.server.exec.StartBuildOrRespondWithBusy$1.run(StartBuildOrRespondWithBusy.java:50)
	at org.gradle.launcher.daemon.server.DaemonStateCoordinator$1.run(DaemonStateCoordinator.java:295)
	at org.gradle.internal.concurrent.ExecutorPolicy$CatchAndRecordFailures.onExecute(ExecutorPolicy.java:63)
	at org.gradle.internal.concurrent.ManagedExecutorImpl$1.run(ManagedExecutorImpl.java:46)
	at java.base/java.util.concurrent.ThreadPoolExecutor.runWorker(ThreadPoolExecutor.java:1128)
	at java.base/java.util.concurrent.ThreadPoolExecutor$Worker.run(ThreadPoolExecutor.java:628)
	at org.gradle.internal.concurrent.ThreadFactoryImpl$ManagedThreadRunnable.run(ThreadFactoryImpl.java:55)
	at java.base/java.lang.Thread.run(Thread.java:829)
Caused by: java.lang.reflect.InaccessibleObjectException: Unable to make field private static final jdk.internal.misc.Unsafe jdk.internal.misc.Unsafe.theUnsafe accessible: module java.base does not "opens jdk.internal.misc" to unnamed module @3d1f4e5d
	at java.base/java.lang.reflect.AccessibleObject.checkCanSetAccessible(AccessibleObject.java:340)
	at java.base/java.lang.reflect.AccessibleObject.checkCanSetAccessible(AccessibleObject.java:280)
	at java.base/java.lang.reflect.Field.checkCanSetAccessible(Field.java:176)
	at java.base/java.lang.reflect.Field.setAccessible(Field.java:170)
	at org.jetbrains.kotlin.com.intellij.util.DebugReflectionUtil.getAllFields(DebugReflectionUtil.java:52)
	at org.jetbrains.kotlin.com.intellij.util.DebugReflectionUtil.processStronglyReferencedValues(DebugReflectionUtil.java:90)
	at org.jetbrains.kotlin.com.intellij.util.CachedValueChecker.findReferencedPsi(CachedValueChecker.java:78)
	at org.jetbrains.kotlin.com.intellij.util.CachedValueChecker.access$000(CachedValueChecker.java:40)
	at org.jetbrains.kotlin.com.intellij.util.CachedValueChecker$1.process(CachedValueChecker.java:81)
	at org.jetbrains.kotlin.com.intellij.util.CachedValueChecker$1.process(CachedValueChecker.java:78)
	at org.jetbrains.kotlin.com.intellij.util.DebugReflectionUtil.processStronglyReferencedValues(DebugReflectionUtil.java:104)
	at org.jetbrains.kotlin.com.intellij.util.CachedValueChecker.findReferencedPsi(CachedValueChecker.java:78)
	at org.jetbrains.kotlin.com.intellij.util.CachedValueChecker.access$000(CachedValueChecker.java:40)
	at org.jetbrains.kotlin.com.intellij.util.CachedValueChecker$1.process(CachedValueChecker.java:81)
	at org.jetbrains.kotlin.com.intellij.util.CachedValueChecker$1.process(CachedValueChecker.java:78)
	at org.jetbrains.kotlin.com.intellij.util.DebugReflectionUtil.processStronglyReferencedValues(DebugReflectionUtil.java:104)
	at org.jetbrains.kotlin.com.intellij.util.CachedValueChecker.findReferencedPsi(CachedValueChecker.java:78)
	at org.jetbrains.kotlin.com.intellij.util.CachedValueChecker.access$000(CachedValueChecker.java:40)
	at org.jetbrains.kotlin.com.intellij.util.CachedValueChecker$1.process(CachedValueChecker.java:81)
	at org.jetbrains.kotlin.com.intellij.util.CachedValueChecker$1.process(CachedValueChecker.java:78)
	at org.jetbrains.kotlin.com.intellij.util.DebugReflectionUtil.processStronglyReferencedValues(DebugReflectionUtil.java:104)
	at org.jetbrains.kotlin.com.intellij.util.CachedValueChecker.findReferencedPsi(CachedValueChecker.java:78)
	at org.jetbrains.kotlin.com.intellij.util.CachedValueChecker.access$000(CachedValueChecker.java:40)
	at org.jetbrains.kotlin.com.intellij.util.CachedValueChecker$1.process(CachedValueChecker.java:81)
	at org.jetbrains.kotlin.com.intellij.util.CachedValueChecker$1.process(CachedValueChecker.java:78)
	at org.jetbrains.kotlin.com.intellij.util.DebugReflectionUtil.processStronglyReferencedValues(DebugReflectionUtil.java:104)
	at org.jetbrains.kotlin.com.intellij.util.CachedValueChecker.findReferencedPsi(CachedValueChecker.java:78)
	at org.jetbrains.kotlin.com.intellij.util.CachedValueChecker.access$000(CachedValueChecker.java:40)
	at org.jetbrains.kotlin.com.intellij.util.CachedValueChecker$1.process(CachedValueChecker.java:81)
	at org.jetbrains.kotlin.com.intellij.util.CachedValueChecker$1.process(CachedValueChecker.java:78)
	at org.jetbrains.kotlin.com.intellij.util.DebugReflectionUtil.processStronglyReferencedValues(DebugReflectionUtil.java:104)
	at org.jetbrains.kotlin.com.intellij.util.CachedValueChecker.findReferencedPsi(CachedValueChecker.java:78)
	at org.jetbrains.kotlin.com.intellij.util.CachedValueChecker.checkProvider(CachedValueChecker.java:52)
	at org.jetbrains.kotlin.com.intellij.util.CachedValuesManagerImpl.getCachedValue(CachedValuesManagerImpl.java:57)
	at org.jetbrains.kotlin.com.intellij.psi.util.CachedValuesManager.getCachedValue(CachedValuesManager.java:133)
	at org.jetbrains.kotlin.com.intellij.psi.impl.source.ClassInnerStuffCache.getConstructors(ClassInnerStuffCache.java:49)
	at org.jetbrains.kotlin.com.intellij.psi.impl.compiled.ClsClassImpl.getConstructors(ClsClassImpl.java:178)
	at org.jetbrains.kotlin.load.java.structure.impl.JavaClassImpl.getConstructors(JavaClassImpl.java:126)
	at org.jetbrains.kotlin.load.java.lazy.descriptors.LazyJavaClassMemberScope$constructors$1.invoke(LazyJavaClassMemberScope.kt:80)
	at org.jetbrains.kotlin.load.java.lazy.descriptors.LazyJavaClassMemberScope$constructors$1.invoke(LazyJavaClassMemberScope.kt:65)
	at org.jetbrains.kotlin.storage.LockBasedStorageManager$LockBasedLazyValue.invoke(LockBasedStorageManager.java:321)
	at org.jetbrains.kotlin.storage.LockBasedStorageManager$LockBasedNotNullLazyValue.invoke(LockBasedStorageManager.java:362)
	at org.jetbrains.kotlin.load.java.lazy.descriptors.LazyJavaClassDescriptor.getConstructors(LazyJavaClassDescriptor.kt:110)
	at org.jetbrains.kotlin.load.java.lazy.descriptors.LazyJavaClassDescriptor.getConstructors(LazyJavaClassDescriptor.kt:48)
	at org.jetbrains.kotlin.resolve.calls.tower.TowerLevelsKt.getContributedFunctionsAndConstructors(TowerLevels.kt:253)
	at org.jetbrains.kotlin.resolve.calls.tower.TowerLevelsKt.access$getContributedFunctionsAndConstructors(TowerLevels.kt:1)
	at org.jetbrains.kotlin.resolve.calls.tower.ScopeBasedTowerLevel.getFunctions(TowerLevels.kt:177)
	at org.jetbrains.kotlin.resolve.calls.tower.ScopeTowerProcessorsKt$createFunctionProcessor$1.invoke(ScopeTowerProcessors.kt:154)
	at org.jetbrains.kotlin.resolve.calls.tower.ScopeTowerProcessorsKt$createFunctionProcessor$1.invoke(ScopeTowerProcessors.kt)
	at org.jetbrains.kotlin.resolve.calls.tower.NoExplicitReceiverScopeTowerProcessor.simpleProcess(ScopeTowerProcessors.kt:100)
	at org.jetbrains.kotlin.resolve.calls.tower.AbstractSimpleScopeTowerProcessor.process(ScopeTowerProcessors.kt:50)
	at org.jetbrains.kotlin.resolve.calls.tower.CompositeScopeTowerProcessor.process(ScopeTowerProcessors.kt:40)
	at org.jetbrains.kotlin.resolve.calls.tower.TowerResolver.processTowerData(TowerResolver.kt:194)
	at org.jetbrains.kotlin.resolve.calls.tower.TowerResolver.access$processTowerData(TowerResolver.kt:76)
	at org.jetbrains.kotlin.resolve.calls.tower.TowerResolver$run$1.invoke(TowerResolver.kt:111)
	at org.jetbrains.kotlin.resolve.calls.tower.TowerResolver.run(TowerResolver.kt:172)
	at org.jetbrains.kotlin.resolve.calls.tower.TowerResolver.runResolve(TowerResolver.kt:81)
	at org.jetbrains.kotlin.resolve.calls.tower.NewResolutionOldInference.runResolution(NewResolutionOldInference.kt:150)
	at org.jetbrains.kotlin.resolve.calls.CallResolver.doResolveCall(CallResolver.java:598)
	at org.jetbrains.kotlin.resolve.calls.CallResolver.doResolveCallOrGetCachedResults(CallResolver.java:515)
	at org.jetbrains.kotlin.resolve.calls.CallResolver.access$100(CallResolver.java:64)
	at org.jetbrains.kotlin.resolve.calls.CallResolver$1.invoke(CallResolver.java:185)
	at org.jetbrains.kotlin.resolve.calls.CallResolver$1.invoke(CallResolver.java:179)
	at org.jetbrains.kotlin.util.PerformanceCounter.time(PerformanceCounter.kt:92)
	at org.jetbrains.kotlin.resolve.calls.CallResolver.computeTasksAndResolveCall(CallResolver.java:179)
	at org.jetbrains.kotlin.resolve.calls.CallResolver.computeTasksAndResolveCall(CallResolver.java:169)
	at org.jetbrains.kotlin.resolve.calls.CallResolver.resolveFunctionCall(CallResolver.java:265)
	at org.jetbrains.kotlin.resolve.calls.CallExpressionResolver.getResolvedCallForFunction(CallExpressionResolver.kt:87)
	at org.jetbrains.kotlin.resolve.calls.CallExpressionResolver.getCallExpressionTypeInfoWithoutFinalTypeCheck(CallExpressionResolver.kt:193)
	at org.jetbrains.kotlin.resolve.calls.CallExpressionResolver.getCallExpressionTypeInfo(CallExpressionResolver.kt:172)
	at org.jetbrains.kotlin.types.expressions.BasicExpressionTypingVisitor.visitCallExpression(BasicExpressionTypingVisitor.java:694)
	at org.jetbrains.kotlin.types.expressions.ExpressionTypingVisitorDispatcher.visitCallExpression(ExpressionTypingVisitorDispatcher.java:389)
	at org.jetbrains.kotlin.types.expressions.ExpressionTypingVisitorDispatcher$ForDeclarations.visitCallExpression(ExpressionTypingVisitorDispatcher.java:55)
	at org.jetbrains.kotlin.psi.KtCallExpression.accept(KtCallExpression.java:35)
	at org.jetbrains.kotlin.types.expressions.ExpressionTypingVisitorDispatcher$1.invoke(ExpressionTypingVisitorDispatcher.java:182)
	... 192 more


FAILURE: Build failed with an exception.

* What went wrong:
Execution failed for task ':compileKotlin'.
> Internal compiler error. See log for more details

* Try:
Run with --stacktrace option to get the stack trace. Run with --info or --debug option to get more log output. Run with --scan to get full insights.

* Get more help at https://help.gradle.org

BUILD FAILED in 3s
