/mnt/batch/tasks/workitems/NONDEX_nondex_r131_1M31d16h48m2s/job-1/Task775/wd/NonDex-plugin-test/github.com/simplesolutiondev/WSDLtoJavaClassUsingGradle/src/main/java/simplesolution/dev/ObjectFactory.java:11: error: package javax.xml.bind.annotation does not exist
import javax.xml.bind.annotation.XmlRegistry;
                                ^
/mnt/batch/tasks/workitems/NONDEX_nondex_r131_1M31d16h48m2s/job-1/Task775/wd/NonDex-plugin-test/github.com/simplesolutiondev/WSDLtoJavaClassUsingGradle/src/main/java/simplesolution/dev/ObjectFactory.java:28: error: cannot find symbol
@XmlRegistry
 ^
  symbol: class XmlRegistry
/mnt/batch/tasks/workitems/NONDEX_nondex_r131_1M31d16h48m2s/job-1/Task775/wd/NonDex-plugin-test/github.com/simplesolutiondev/WSDLtoJavaClassUsingGradle/src/main/java/simplesolution/dev/GetAllEmployees.java:11: error: package javax.xml.bind.annotation does not exist
import javax.xml.bind.annotation.XmlAccessType;
                                ^
/mnt/batch/tasks/workitems/NONDEX_nondex_r131_1M31d16h48m2s/job-1/Task775/wd/NonDex-plugin-test/github.com/simplesolutiondev/WSDLtoJavaClassUsingGradle/src/main/java/simplesolution/dev/GetAllEmployees.java:12: error: package javax.xml.bind.annotation does not exist
import javax.xml.bind.annotation.XmlAccessorType;
                                ^
/mnt/batch/tasks/workitems/NONDEX_nondex_r131_1M31d16h48m2s/job-1/Task775/wd/NonDex-plugin-test/github.com/simplesolutiondev/WSDLtoJavaClassUsingGradle/src/main/java/simplesolution/dev/GetAllEmployees.java:13: error: package javax.xml.bind.annotation does not exist
import javax.xml.bind.annotation.XmlRootElement;
                                ^
/mnt/batch/tasks/workitems/NONDEX_nondex_r131_1M31d16h48m2s/job-1/Task775/wd/NonDex-plugin-test/github.com/simplesolutiondev/WSDLtoJavaClassUsingGradle/src/main/java/simplesolution/dev/GetAllEmployees.java:14: error: package javax.xml.bind.annotation does not exist
import javax.xml.bind.annotation.XmlType;
                                ^
/mnt/batch/tasks/workitems/NONDEX_nondex_r131_1M31d16h48m2s/job-1/Task775/wd/NonDex-plugin-test/github.com/simplesolutiondev/WSDLtoJavaClassUsingGradle/src/main/java/simplesolution/dev/GetAllEmployees.java:33: error: cannot find symbol
@XmlAccessorType(XmlAccessType.FIELD)
 ^
  symbol: class XmlAccessorType
/mnt/batch/tasks/workitems/NONDEX_nondex_r131_1M31d16h48m2s/job-1/Task775/wd/NonDex-plugin-test/github.com/simplesolutiondev/WSDLtoJavaClassUsingGradle/src/main/java/simplesolution/dev/GetAllEmployees.java:34: error: cannot find symbol
@XmlType(name = "")
 ^
  symbol: class XmlType
/mnt/batch/tasks/workitems/NONDEX_nondex_r131_1M31d16h48m2s/job-1/Task775/wd/NonDex-plugin-test/github.com/simplesolutiondev/WSDLtoJavaClassUsingGradle/src/main/java/simplesolution/dev/GetAllEmployees.java:35: error: cannot find symbol
@XmlRootElement(name = "GetAllEmployees")
 ^
  symbol: class XmlRootElement
/mnt/batch/tasks/workitems/NONDEX_nondex_r131_1M31d16h48m2s/job-1/Task775/wd/NonDex-plugin-test/github.com/simplesolutiondev/WSDLtoJavaClassUsingGradle/src/main/java/simplesolution/dev/GetAllEmployeesResponse.java:13: error: package javax.xml.bind.annotation does not exist
import javax.xml.bind.annotation.XmlAccessType;
                                ^
/mnt/batch/tasks/workitems/NONDEX_nondex_r131_1M31d16h48m2s/job-1/Task775/wd/NonDex-plugin-test/github.com/simplesolutiondev/WSDLtoJavaClassUsingGradle/src/main/java/simplesolution/dev/GetAllEmployeesResponse.java:14: error: package javax.xml.bind.annotation does not exist
import javax.xml.bind.annotation.XmlAccessorType;
                                ^
/mnt/batch/tasks/workitems/NONDEX_nondex_r131_1M31d16h48m2s/job-1/Task775/wd/NonDex-plugin-test/github.com/simplesolutiondev/WSDLtoJavaClassUsingGradle/src/main/java/simplesolution/dev/GetAllEmployeesResponse.java:15: error: package javax.xml.bind.annotation does not exist
import javax.xml.bind.annotation.XmlElement;
                                ^
/mnt/batch/tasks/workitems/NONDEX_nondex_r131_1M31d16h48m2s/job-1/Task775/wd/NonDex-plugin-test/github.com/simplesolutiondev/WSDLtoJavaClassUsingGradle/src/main/java/simplesolution/dev/GetAllEmployeesResponse.java:16: error: package javax.xml.bind.annotation does not exist
import javax.xml.bind.annotation.XmlRootElement;
                                ^
/mnt/batch/tasks/workitems/NONDEX_nondex_r131_1M31d16h48m2s/job-1/Task775/wd/NonDex-plugin-test/github.com/simplesolutiondev/WSDLtoJavaClassUsingGradle/src/main/java/simplesolution/dev/GetAllEmployeesResponse.java:17: error: package javax.xml.bind.annotation does not exist
import javax.xml.bind.annotation.XmlType;
                                ^
/mnt/batch/tasks/workitems/NONDEX_nondex_r131_1M31d16h48m2s/job-1/Task775/wd/NonDex-plugin-test/github.com/simplesolutiondev/WSDLtoJavaClassUsingGradle/src/main/java/simplesolution/dev/GetAllEmployeesResponse.java:39: error: cannot find symbol
@XmlAccessorType(XmlAccessType.FIELD)
 ^
  symbol: class XmlAccessorType
/mnt/batch/tasks/workitems/NONDEX_nondex_r131_1M31d16h48m2s/job-1/Task775/wd/NonDex-plugin-test/github.com/simplesolutiondev/WSDLtoJavaClassUsingGradle/src/main/java/simplesolution/dev/GetAllEmployeesResponse.java:40: error: cannot find symbol
@XmlType(name = "", propOrder = {
 ^
  symbol: class XmlType
/mnt/batch/tasks/workitems/NONDEX_nondex_r131_1M31d16h48m2s/job-1/Task775/wd/NonDex-plugin-test/github.com/simplesolutiondev/WSDLtoJavaClassUsingGradle/src/main/java/simplesolution/dev/GetAllEmployeesResponse.java:43: error: cannot find symbol
@XmlRootElement(name = "GetAllEmployeesResponse")
 ^
  symbol: class XmlRootElement
/mnt/batch/tasks/workitems/NONDEX_nondex_r131_1M31d16h48m2s/job-1/Task775/wd/NonDex-plugin-test/github.com/simplesolutiondev/WSDLtoJavaClassUsingGradle/src/main/java/simplesolution/dev/Employee.java:11: error: package javax.xml.bind.annotation does not exist
import javax.xml.bind.annotation.XmlAccessType;
                                ^
/mnt/batch/tasks/workitems/NONDEX_nondex_r131_1M31d16h48m2s/job-1/Task775/wd/NonDex-plugin-test/github.com/simplesolutiondev/WSDLtoJavaClassUsingGradle/src/main/java/simplesolution/dev/Employee.java:12: error: package javax.xml.bind.annotation does not exist
import javax.xml.bind.annotation.XmlAccessorType;
                                ^
/mnt/batch/tasks/workitems/NONDEX_nondex_r131_1M31d16h48m2s/job-1/Task775/wd/NonDex-plugin-test/github.com/simplesolutiondev/WSDLtoJavaClassUsingGradle/src/main/java/simplesolution/dev/Employee.java:13: error: package javax.xml.bind.annotation does not exist
import javax.xml.bind.annotation.XmlElement;
                                ^
/mnt/batch/tasks/workitems/NONDEX_nondex_r131_1M31d16h48m2s/job-1/Task775/wd/NonDex-plugin-test/github.com/simplesolutiondev/WSDLtoJavaClassUsingGradle/src/main/java/simplesolution/dev/Employee.java:14: error: package javax.xml.bind.annotation does not exist
import javax.xml.bind.annotation.XmlType;
                                ^
/mnt/batch/tasks/workitems/NONDEX_nondex_r131_1M31d16h48m2s/job-1/Task775/wd/NonDex-plugin-test/github.com/simplesolutiondev/WSDLtoJavaClassUsingGradle/src/main/java/simplesolution/dev/Employee.java:38: error: cannot find symbol
@XmlAccessorType(XmlAccessType.FIELD)
 ^
  symbol: class XmlAccessorType
/mnt/batch/tasks/workitems/NONDEX_nondex_r131_1M31d16h48m2s/job-1/Task775/wd/NonDex-plugin-test/github.com/simplesolutiondev/WSDLtoJavaClassUsingGradle/src/main/java/simplesolution/dev/Employee.java:39: error: cannot find symbol
@XmlType(name = "Employee", propOrder = {
 ^
  symbol: class XmlType
/mnt/batch/tasks/workitems/NONDEX_nondex_r131_1M31d16h48m2s/job-1/Task775/wd/NonDex-plugin-test/github.com/simplesolutiondev/WSDLtoJavaClassUsingGradle/src/main/java/simplesolution/dev/GetAllEmployees.java:33: error: cannot find symbol
@XmlAccessorType(XmlAccessType.FIELD)
                 ^
  symbol: variable XmlAccessType
/mnt/batch/tasks/workitems/NONDEX_nondex_r131_1M31d16h48m2s/job-1/Task775/wd/NonDex-plugin-test/github.com/simplesolutiondev/WSDLtoJavaClassUsingGradle/src/main/java/simplesolution/dev/GetAllEmployeesResponse.java:39: error: cannot find symbol
@XmlAccessorType(XmlAccessType.FIELD)
                 ^
  symbol: variable XmlAccessType
/mnt/batch/tasks/workitems/NONDEX_nondex_r131_1M31d16h48m2s/job-1/Task775/wd/NonDex-plugin-test/github.com/simplesolutiondev/WSDLtoJavaClassUsingGradle/src/main/java/simplesolution/dev/Employee.java:38: error: cannot find symbol
@XmlAccessorType(XmlAccessType.FIELD)
                 ^
  symbol: variable XmlAccessType
/mnt/batch/tasks/workitems/NONDEX_nondex_r131_1M31d16h48m2s/job-1/Task775/wd/NonDex-plugin-test/github.com/simplesolutiondev/WSDLtoJavaClassUsingGradle/src/main/java/simplesolution/dev/Employee.java:46: error: cannot find symbol
    @XmlElement(name = "ID", required = true)
     ^
  symbol:   class XmlElement
  location: class Employee
/mnt/batch/tasks/workitems/NONDEX_nondex_r131_1M31d16h48m2s/job-1/Task775/wd/NonDex-plugin-test/github.com/simplesolutiondev/WSDLtoJavaClassUsingGradle/src/main/java/simplesolution/dev/Employee.java:48: error: cannot find symbol
    @XmlElement(name = "FirstName", required = true)
     ^
  symbol:   class XmlElement
  location: class Employee
/mnt/batch/tasks/workitems/NONDEX_nondex_r131_1M31d16h48m2s/job-1/Task775/wd/NonDex-plugin-test/github.com/simplesolutiondev/WSDLtoJavaClassUsingGradle/src/main/java/simplesolution/dev/Employee.java:50: error: cannot find symbol
    @XmlElement(name = "LastName", required = true)
     ^
  symbol:   class XmlElement
  location: class Employee
/mnt/batch/tasks/workitems/NONDEX_nondex_r131_1M31d16h48m2s/job-1/Task775/wd/NonDex-plugin-test/github.com/simplesolutiondev/WSDLtoJavaClassUsingGradle/src/main/java/simplesolution/dev/GetAllEmployeesResponse.java:46: error: cannot find symbol
    @XmlElement(name = "Employee")
     ^
  symbol:   class XmlElement
  location: class GetAllEmployeesResponse
/mnt/batch/tasks/workitems/NONDEX_nondex_r131_1M31d16h48m2s/job-1/Task775/wd/NonDex-plugin-test/github.com/simplesolutiondev/WSDLtoJavaClassUsingGradle/src/main/java/simplesolution/dev/package-info.java:8: error: package javax.xml.bind.annotation does not exist
@javax.xml.bind.annotation.XmlSchema(namespace = "https://simplesolution.dev/EmployeeService/")
                          ^
31 errors

FAILURE: Build failed with an exception.

* What went wrong:
Execution failed for task ':compileJava'.
> Compilation failed; see the compiler error output for details.

* Try:
Run with --stacktrace option to get the stack trace. Run with --info or --debug option to get more log output. Run with --scan to get full insights.

* Get more help at https://help.gradle.org

BUILD FAILED in 1s
