WARNING: An illegal reflective access operation has occurred
WARNING: Illegal reflective access by org.modelmapper.internal.PropertyInfoImpl$FieldPropertyInfo (file:/root/.gradle/caches/modules-2/files-2.1/org.modelmapper/modelmapper/2.3.8/9cfa7d9ea8d0ccdd6a91f3331f54c1938ff15ae0/modelmapper-2.3.8.jar) to field java.time.LocalDateTime.date
WARNING: Please consider reporting this to the maintainers of org.modelmapper.internal.PropertyInfoImpl$FieldPropertyInfo
WARNING: Use --illegal-access=warn to enable warnings of further illegal reflective access operations
WARNING: All illegal access operations will be denied in a future release
WARNING: An illegal reflective access operation has occurred
WARNING: Illegal reflective access by org.modelmapper.internal.PropertyInfoImpl$FieldPropertyInfo (file:/root/.gradle/caches/modules-2/files-2.1/org.modelmapper/modelmapper/2.3.8/9cfa7d9ea8d0ccdd6a91f3331f54c1938ff15ae0/modelmapper-2.3.8.jar) to field java.time.LocalDateTime.time
WARNING: Please consider reporting this to the maintainers of org.modelmapper.internal.PropertyInfoImpl$FieldPropertyInfo
WARNING: Use --illegal-access=warn to enable warnings of further illegal reflective access operations
WARNING: All illegal access operations will be denied in a future release
WARNING: An illegal reflective access operation has occurred
WARNING: Illegal reflective access by org.modelmapper.internal.PropertyInfoImpl$FieldPropertyInfo (file:/root/.gradle/caches/modules-2/files-2.1/org.modelmapper/modelmapper/2.3.8/9cfa7d9ea8d0ccdd6a91f3331f54c1938ff15ae0/modelmapper-2.3.8.jar) to field java.time.LocalDateTime.time
WARNING: Please consider reporting this to the maintainers of org.modelmapper.internal.PropertyInfoImpl$FieldPropertyInfo
WARNING: Use --illegal-access=warn to enable warnings of further illegal reflective access operations
WARNING: All illegal access operations will be denied in a future release
WARNING: An illegal reflective access operation has occurred
WARNING: Illegal reflective access by org.modelmapper.internal.PropertyInfoImpl$FieldPropertyInfo (file:/root/.gradle/caches/modules-2/files-2.1/org.modelmapper/modelmapper/2.3.8/9cfa7d9ea8d0ccdd6a91f3331f54c1938ff15ae0/modelmapper-2.3.8.jar) to field java.time.LocalDateTime.date
WARNING: Please consider reporting this to the maintainers of org.modelmapper.internal.PropertyInfoImpl$FieldPropertyInfo
WARNING: Use --illegal-access=warn to enable warnings of further illegal reflective access operations
WARNING: All illegal access operations will be denied in a future release
WARNING: An illegal reflective access operation has occurred
WARNING: Illegal reflective access by org.modelmapper.internal.PropertyInfoImpl$FieldPropertyInfo (file:/root/.gradle/caches/modules-2/files-2.1/org.modelmapper/modelmapper/2.3.8/9cfa7d9ea8d0ccdd6a91f3331f54c1938ff15ae0/modelmapper-2.3.8.jar) to field java.time.LocalDateTime.date
WARNING: Please consider reporting this to the maintainers of org.modelmapper.internal.PropertyInfoImpl$FieldPropertyInfo
WARNING: Use --illegal-access=warn to enable warnings of further illegal reflective access operations
WARNING: All illegal access operations will be denied in a future release
WARNING: An illegal reflective access operation has occurred
WARNING: Illegal reflective access by org.modelmapper.internal.PropertyInfoImpl$FieldPropertyInfo (file:/root/.gradle/caches/modules-2/files-2.1/org.modelmapper/modelmapper/2.3.8/9cfa7d9ea8d0ccdd6a91f3331f54c1938ff15ae0/modelmapper-2.3.8.jar) to field java.time.LocalDateTime.date
WARNING: Please consider reporting this to the maintainers of org.modelmapper.internal.PropertyInfoImpl$FieldPropertyInfo
WARNING: Use --illegal-access=warn to enable warnings of further illegal reflective access operations
WARNING: All illegal access operations will be denied in a future release
WARNING: An illegal reflective access operation has occurred
WARNING: Illegal reflective access by org.modelmapper.internal.PropertyInfoImpl$FieldPropertyInfo (file:/root/.gradle/caches/modules-2/files-2.1/org.modelmapper/modelmapper/2.3.8/9cfa7d9ea8d0ccdd6a91f3331f54c1938ff15ae0/modelmapper-2.3.8.jar) to field java.time.LocalDateTime.time
WARNING: Please consider reporting this to the maintainers of org.modelmapper.internal.PropertyInfoImpl$FieldPropertyInfo
WARNING: Use --illegal-access=warn to enable warnings of further illegal reflective access operations
WARNING: All illegal access operations will be denied in a future release
WARNING: An illegal reflective access operation has occurred
WARNING: Illegal reflective access by org.modelmapper.internal.PropertyInfoImpl$FieldPropertyInfo (file:/root/.gradle/caches/modules-2/files-2.1/org.modelmapper/modelmapper/2.3.8/9cfa7d9ea8d0ccdd6a91f3331f54c1938ff15ae0/modelmapper-2.3.8.jar) to field java.time.LocalDateTime.time
WARNING: Please consider reporting this to the maintainers of org.modelmapper.internal.PropertyInfoImpl$FieldPropertyInfo
WARNING: Use --illegal-access=warn to enable warnings of further illegal reflective access operations
WARNING: All illegal access operations will be denied in a future release
WARNING: An illegal reflective access operation has occurred
WARNING: Illegal reflective access by org.modelmapper.internal.PropertyInfoImpl$FieldPropertyInfo (file:/root/.gradle/caches/modules-2/files-2.1/org.modelmapper/modelmapper/2.3.8/9cfa7d9ea8d0ccdd6a91f3331f54c1938ff15ae0/modelmapper-2.3.8.jar) to field java.time.LocalDateTime.date
WARNING: Please consider reporting this to the maintainers of org.modelmapper.internal.PropertyInfoImpl$FieldPropertyInfo
WARNING: Use --illegal-access=warn to enable warnings of further illegal reflective access operations
WARNING: All illegal access operations will be denied in a future release
WARNING: An illegal reflective access operation has occurred
WARNING: Illegal reflective access by org.modelmapper.internal.PropertyInfoImpl$FieldPropertyInfo (file:/root/.gradle/caches/modules-2/files-2.1/org.modelmapper/modelmapper/2.3.8/9cfa7d9ea8d0ccdd6a91f3331f54c1938ff15ae0/modelmapper-2.3.8.jar) to field java.time.LocalDateTime.date
WARNING: Please consider reporting this to the maintainers of org.modelmapper.internal.PropertyInfoImpl$FieldPropertyInfo
WARNING: Use --illegal-access=warn to enable warnings of further illegal reflective access operations
WARNING: All illegal access operations will be denied in a future release
WARNING: An illegal reflective access operation has occurred
WARNING: Illegal reflective access by org.modelmapper.internal.PropertyInfoImpl$FieldPropertyInfo (file:/root/.gradle/caches/modules-2/files-2.1/org.modelmapper/modelmapper/2.3.8/9cfa7d9ea8d0ccdd6a91f3331f54c1938ff15ae0/modelmapper-2.3.8.jar) to field java.time.LocalDateTime.date
WARNING: Please consider reporting this to the maintainers of org.modelmapper.internal.PropertyInfoImpl$FieldPropertyInfo
WARNING: Use --illegal-access=warn to enable warnings of further illegal reflective access operations
WARNING: All illegal access operations will be denied in a future release

429 tests completed, 10 failed

FAILURE: Build failed with an exception.

* Where:
Build file '/mnt/batch/tasks/workitems/NONDEX_nondex_r131_1M31d16h48m2s/job-1/Task1329/wd/NonDex-plugin-test/github.com/vitech-team-sdlc/sdlc-java-gradle/build.gradle' line: 69

* What went wrong:
Execution failed for task ':nondexTest'.
> Tests execution time [267.138sec] exceeded configured limit [120sec]

* Try:
Run with --stacktrace option to get the stack trace. Run with --info or --debug option to get more log output. Run with --scan to get full insights.

* Get more help at https://help.gradle.org

BUILD FAILED in 5m 37s
