[Fatal Error] memapper-3.0.pom:7:3: The element type "hr" must be terminated by the matching end-tag "</hr>".
[Fatal Error] memapper-3.0.pom:7:3: The element type "hr" must be terminated by the matching end-tag "</hr>".
[Fatal Error] memapper-3.0.pom:7:3: The element type "hr" must be terminated by the matching end-tag "</hr>".
[Fatal Error] memapper-3.0.pom:7:3: The element type "hr" must be terminated by the matching end-tag "</hr>".
[Fatal Error] memapper-3.0.pom:7:3: The element type "hr" must be terminated by the matching end-tag "</hr>".
[Fatal Error] memapper-3.0.pom:7:3: The element type "hr" must be terminated by the matching end-tag "</hr>".

FAILURE: Build failed with an exception.

* What went wrong:
Execution failed for task ':compileJava'.
> Could not resolve all files for configuration ':compileClasspath'.
   > Could not resolve com.teammental:memapper:3.0.
     Required by:
         project :
      > Could not resolve com.teammental:memapper:3.0.
         > Could not parse POM http://dl.bintray.com/mental-soft/meparty/com/teammental/memapper/3.0/memapper-3.0.pom
            > The element type "hr" must be terminated by the matching end-tag "</hr>".
   > Could not resolve com.teammental:memapper:3.0.
     Required by:
         project : > com.teammental:mestarter:1.2.3.6.SNAPSHOT > com.teammental:mecontroller:1.2.3.6.SNAPSHOT > com.teammental:meservice:1.2.3.6.SNAPSHOT > com.teammental:memapper-spring:1.2.3.6.SNAPSHOT
      > Could not resolve com.teammental:memapper:3.0.
         > Could not parse POM http://dl.bintray.com/mental-soft/meparty/com/teammental/memapper/3.0/memapper-3.0.pom
            > The element type "hr" must be terminated by the matching end-tag "</hr>".

* Try:
Run with --stacktrace option to get the stack trace. Run with --info or --debug option to get more log output. Run with --scan to get full insights.

* Get more help at https://help.gradle.org

BUILD FAILED in 11s
