startup failed:
/mnt/batch/tasks/workitems/NONDEX_nondex_r131_1M31d16h48m2s/job-1/Task1205/wd/NonDex-plugin-test/github.com/shamanland/lazy-files-gradle/src/test/groovy/com/shamanland/lazyfiles/LazyFilesExtensionTest.groovy: 5: unable to resolve class org.junit.Before
 @ line 5, column 1.
   import org.junit.Before
   ^

/mnt/batch/tasks/workitems/NONDEX_nondex_r131_1M31d16h48m2s/job-1/Task1205/wd/NonDex-plugin-test/github.com/shamanland/lazy-files-gradle/src/test/groovy/com/shamanland/lazyfiles/LazyFilesExtensionTest.groovy: 6: unable to resolve class org.junit.Test
 @ line 6, column 1.
   import org.junit.Test
   ^

/mnt/batch/tasks/workitems/NONDEX_nondex_r131_1M31d16h48m2s/job-1/Task1205/wd/NonDex-plugin-test/github.com/shamanland/lazy-files-gradle/src/test/groovy/com/shamanland/lazyfiles/LazyFilesExtensionTest.groovy: 8: unable to resolve class org.junit.Assert
 @ line 8, column 1.
   import static org.junit.Assert.*
   ^

/mnt/batch/tasks/workitems/NONDEX_nondex_r131_1M31d16h48m2s/job-1/Task1205/wd/NonDex-plugin-test/github.com/shamanland/lazy-files-gradle/src/test/groovy/com/shamanland/lazyfiles/LazyFilesExtensionTest.groovy: 8: unable to resolve class org.junit.Assert
 @ line 8, column 1.
   import static org.junit.Assert.*
   ^

/mnt/batch/tasks/workitems/NONDEX_nondex_r131_1M31d16h48m2s/job-1/Task1205/wd/NonDex-plugin-test/github.com/shamanland/lazy-files-gradle/src/test/groovy/com/shamanland/lazyfiles/LazyFilesFetchTaskTest.groovy: 7: unable to resolve class org.junit.Before
 @ line 7, column 1.
   import org.junit.Before
   ^

/mnt/batch/tasks/workitems/NONDEX_nondex_r131_1M31d16h48m2s/job-1/Task1205/wd/NonDex-plugin-test/github.com/shamanland/lazy-files-gradle/src/test/groovy/com/shamanland/lazyfiles/LazyFilesFetchTaskTest.groovy: 8: unable to resolve class org.junit.Test
 @ line 8, column 1.
   import org.junit.Test
   ^

/mnt/batch/tasks/workitems/NONDEX_nondex_r131_1M31d16h48m2s/job-1/Task1205/wd/NonDex-plugin-test/github.com/shamanland/lazy-files-gradle/src/test/groovy/com/shamanland/lazyfiles/LazyFilesFetchTaskTest.groovy: 9: unable to resolve class org.junit.runner.RunWith
 @ line 9, column 1.
   import org.junit.runner.RunWith
   ^

/mnt/batch/tasks/workitems/NONDEX_nondex_r131_1M31d16h48m2s/job-1/Task1205/wd/NonDex-plugin-test/github.com/shamanland/lazy-files-gradle/src/test/groovy/com/shamanland/lazyfiles/LazyFilesPluginTest.groovy: 5: unable to resolve class org.junit.Before
 @ line 5, column 1.
   import org.junit.Before
   ^

/mnt/batch/tasks/workitems/NONDEX_nondex_r131_1M31d16h48m2s/job-1/Task1205/wd/NonDex-plugin-test/github.com/shamanland/lazy-files-gradle/src/test/groovy/com/shamanland/lazyfiles/LazyFilesPluginTest.groovy: 6: unable to resolve class org.junit.Test
 @ line 6, column 1.
   import org.junit.Test
   ^

/mnt/batch/tasks/workitems/NONDEX_nondex_r131_1M31d16h48m2s/job-1/Task1205/wd/NonDex-plugin-test/github.com/shamanland/lazy-files-gradle/src/test/groovy/com/shamanland/lazyfiles/LazyFilesPluginTest.groovy: 8: unable to resolve class org.junit.Assert
 @ line 8, column 1.
   import static org.junit.Assert.assertTrue
   ^

/mnt/batch/tasks/workitems/NONDEX_nondex_r131_1M31d16h48m2s/job-1/Task1205/wd/NonDex-plugin-test/github.com/shamanland/lazy-files-gradle/src/test/groovy/com/shamanland/lazyfiles/LazyFilesUploadTaskTest.groovy: 7: unable to resolve class org.junit.Before
 @ line 7, column 1.
   import org.junit.Before
   ^

/mnt/batch/tasks/workitems/NONDEX_nondex_r131_1M31d16h48m2s/job-1/Task1205/wd/NonDex-plugin-test/github.com/shamanland/lazy-files-gradle/src/test/groovy/com/shamanland/lazyfiles/LazyFilesUploadTaskTest.groovy: 8: unable to resolve class org.junit.Test
 @ line 8, column 1.
   import org.junit.Test
   ^

/mnt/batch/tasks/workitems/NONDEX_nondex_r131_1M31d16h48m2s/job-1/Task1205/wd/NonDex-plugin-test/github.com/shamanland/lazy-files-gradle/src/test/groovy/com/shamanland/lazyfiles/LazyFilesUploadTaskTest.groovy: 9: unable to resolve class org.junit.runner.RunWith
 @ line 9, column 1.
   import org.junit.runner.RunWith
   ^

13 errors


FAILURE: Build failed with an exception.

* What went wrong:
Execution failed for task ':compileTestGroovy'.
> Compilation failed; see the compiler error output for details.

* Try:
Run with --stacktrace option to get the stack trace. Run with --info or --debug option to get more log output. Run with --scan to get full insights.

* Get more help at https://help.gradle.org

BUILD FAILED in 17s
