
FAILURE: Build failed with an exception.

* What went wrong:
Execution failed for task ':compileJava'.
> Could not resolve all files for configuration ':compileClasspath'.
   > Could not find org.quiltmc:tiny-remapper:0.3.2.
     Searched in the following locations:
       - https://repo.maven.apache.org/maven2/org/quiltmc/tiny-remapper/0.3.2/tiny-remapper-0.3.2.pom
       - https://maven.quiltmc.org/repository/release/org/quiltmc/tiny-remapper/0.3.2/tiny-remapper-0.3.2.pom
     Required by:
         project :
   > Could not find org.quiltmc:stitch:0.6.1.
     Searched in the following locations:
       - https://repo.maven.apache.org/maven2/org/quiltmc/stitch/0.6.1/stitch-0.6.1.pom
       - https://maven.quiltmc.org/repository/release/org/quiltmc/stitch/0.6.1/stitch-0.6.1.pom
     Required by:
         project :
   > Could not find org.quiltmc:quiltflower:1.3.0.
     Searched in the following locations:
       - https://repo.maven.apache.org/maven2/org/quiltmc/quiltflower/1.3.0/quiltflower-1.3.0.pom
       - https://maven.quiltmc.org/repository/release/org/quiltmc/quiltflower/1.3.0/quiltflower-1.3.0.pom
     Required by:
         project :

* Try:
Run with --stacktrace option to get the stack trace. Run with --info or --debug option to get more log output. Run with --scan to get full insights.

* Get more help at https://help.gradle.org

BUILD FAILED in 4s
