startup failed:
/mnt/batch/tasks/workitems/NONDEX_nondex_r131_1M31d16h48m2s/job-1/Task323/wd/NonDex-plugin-test/github.com/spring-media/gradle-sonarqube-conventions-plugin/src/test/groovy/de/weltn24/gradle/plugins/SonarqubeConventionsPluginTest.groovy: 6: unable to resolve class org.junit.BeforeClass
 @ line 6, column 1.
   import org.junit.BeforeClass
   ^

/mnt/batch/tasks/workitems/NONDEX_nondex_r131_1M31d16h48m2s/job-1/Task323/wd/NonDex-plugin-test/github.com/spring-media/gradle-sonarqube-conventions-plugin/src/test/groovy/de/weltn24/gradle/plugins/SonarqubeConventionsPluginTest.groovy: 7: unable to resolve class org.junit.Test
 @ line 7, column 1.
   import org.junit.Test
   ^

/mnt/batch/tasks/workitems/NONDEX_nondex_r131_1M31d16h48m2s/job-1/Task323/wd/NonDex-plugin-test/github.com/spring-media/gradle-sonarqube-conventions-plugin/src/test/groovy/de/weltn24/gradle/plugins/SonarqubeConventionsPluginTest.groovy: 9: unable to resolve class org.junit.Assert
 @ line 9, column 1.
   import static org.junit.Assert.assertTrue
   ^

3 errors


FAILURE: Build failed with an exception.

* What went wrong:
Execution failed for task ':compileTestGroovy'.
> Compilation failed; see the compiler error output for details.

* Try:
Run with --stacktrace option to get the stack trace. Run with --info or --debug option to get more log output. Run with --scan to get full insights.

* Get more help at https://help.gradle.org

BUILD FAILED in 5s
